-1 1501077015.039326 0.0
-1 1501077015.047352 0.0
-1 1501077015.074638 0.0
-1 1501077015.081691 0.0
-1 1501077015.095092 0.0
-1 1501077015.118036 0.0
-1 1501077015.126578 0.0
-1 1501077015.143818 0.0
-1 1501077015.159336 0.0
-1 1501077015.176418 0.0
-1 1501077015.193978 0.0
-1 1501077015.206905 0.0
-1 1501077015.223132 0.0
-1 1501077015.241865 0.0
-1 1501077015.256585 0.0
-1 1501077015.275925 0.0
-1 1501077015.289922 0.0
-1 1501077015.310427 0.0
-1 1501077015.326733 0.0
-1 1501077015.341719 0.0
-1 1501077015.356748 0.0
-1 1501077015.368433 0.0
-1 1501077015.390766 0.0
-1 1501077015.401104 0.0
-1 1501077015.418846 0.0
-1 1501077015.431952 0.0
-1 1501077015.448278 0.0
-1 1501077015.470072 0.0
-1 1501077015.480497 0.0
-1 1501077015.495875 0.0
-1 1501077015.512938 0.0
-1 1501077015.528555 0.0
-1 1501077015.545390 0.0
-1 1501077015.561172 0.0
-1 1501077015.584060 0.0
-1 1501077015.593706 0.0
-1 1501077015.612447 0.0
-1 1501077015.625502 0.0
-1 1501077015.643949 0.0
-1 1501077015.657574 0.0
-1 1501077015.675497 0.0
-1 1501077015.699239 0.0
-1 1501077015.708447 0.0
-1 1501077015.723062 0.0
-1 1501077015.741184 0.0
-1 1501077015.763928 0.0
-1 1501077015.774133 0.0
-1 1501077015.791521 0.0
-1 1501077015.807988 0.0
-1 1501077015.822557 0.0
-1 1501077015.836502 0.0
-1 1501077015.858718 0.0
-1 1501077015.870757 0.0
-1 1501077015.882584 0.0
-1 1501077015.898359 0.0
-1 1501077015.918803 0.0
-1 1501077015.930314 0.0
-1 1501077015.947244 0.0
-1 1501077015.965979 0.0
-1 1501077015.978915 0.0
-1 1501077015.994975 0.0
-1 1501077016.011326 0.0
-1 1501077016.031552 0.0
-1 1501077016.044490 0.0
-1 1501077016.059370 0.0
-1 1501077016.077492 0.0
-1 1501077016.091601 0.0
-1 1501077016.107980 0.0
-1 1501077016.123010 0.0
-1 1501077016.141522 0.0
-1 1501077016.159875 0.0
-1 1501077016.174427 0.0
-1 1501077016.193832 0.0
-1 1501077016.207251 0.0
-1 1501077016.221164 0.0
-1 1501077016.255808 0.0
-1 1501077016.255823 0.0
-1 1501077016.273637 0.0
-1 1501077016.289208 0.0
-1 1501077016.307543 0.0
-1 1501077016.321786 0.0
-1 1501077016.341967 0.0
-1 1501077016.357797 0.0
-1 1501077016.377396 0.0
-1 1501077016.395065 0.0
-1 1501077016.402556 0.0
-1 1501077016.418833 0.0
-1 1501077016.435233 0.0
-1 1501077016.450670 0.0
-1 1501077016.466685 0.0
-1 1501077016.485045 0.0
-1 1501077016.500549 0.0
-1 1501077016.517506 0.0
-1 1501077016.529411 0.0
-1 1501077016.546015 0.0
-1 1501077016.561385 0.0
-1 1501077016.578398 0.0
-1 1501077016.593908 0.0
-1 1501077016.610008 0.0
-1 1501077016.627383 0.0
-1 1501077016.655146 0.0
-1 1501077016.660301 0.0
-1 1501077016.676038 0.0
-1 1501077016.691344 0.0
-1 1501077016.711583 0.0
-1 1501077016.739841 0.0
-1 1501077016.746549 0.0
-1 1501077016.765410 0.0
-1 1501077016.777532 0.0
-1 1501077016.805186 0.0
-1 1501077016.810299 0.0
-1 1501077016.825936 0.0
-1 1501077016.843797 0.0
-1 1501077016.861240 0.0
-1 1501077016.874314 0.0
-1 1501077016.895506 0.0
-1 1501077016.909647 0.0
-1 1501077016.923243 0.0
-1 1501077016.939687 0.0
-1 1501077016.956464 0.0
-1 1501077016.977689 0.0
-1 1501077016.992984 0.0
-1 1501077017.008813 0.0
-1 1501077017.017831 0.0
-1 1501077017.042219 0.0
-1 1501077017.057496 0.0
-1 1501077017.078133 0.0
-1 1501077017.088895 0.0
-1 1501077017.100972 0.0
-1 1501077017.116883 0.0
-1 1501077017.134312 0.0
-1 1501077017.157648 0.0
-1 1501077017.174482 0.0
-1 1501077017.189582 0.0
-1 1501077017.201650 0.0
-1 1501077017.215496 0.0
-1 1501077017.231423 0.0
-1 1501077017.246417 0.0
-1 1501077017.264080 0.0
-1 1501077017.277947 0.0
-1 1501077017.297894 0.0
-1 1501077017.312051 0.0
-1 1501077017.327255 0.0
-1 1501077017.345319 0.0
-1 1501077017.361229 0.0
-1 1501077017.378660 0.0
-1 1501077017.392985 0.0
-1 1501077017.412746 0.0
-1 1501077017.424055 0.0
-1 1501077017.440338 0.0
-1 1501077017.454343 0.0
-1 1501077017.471715 0.0
-1 1501077017.486428 0.0
-1 1501077017.502568 0.0
-1 1501077017.521771 0.0
-1 1501077017.534991 0.0
-1 1501077017.550218 0.0
-1 1501077017.569599 0.0
-1 1501077017.583008 0.0
-1 1501077017.597623 0.0
-1 1501077017.622677 0.0
-1 1501077017.630670 0.0
-1 1501077017.646474 0.0
-1 1501077017.662036 0.0
-1 1501077017.680926 0.0
-1 1501077017.696334 0.0
-1 1501077017.714549 0.0
-1 1501077017.728335 0.0
-1 1501077017.746280 0.0
-1 1501077017.757735 0.0
-1 1501077017.776716 0.0
-1 1501077017.790426 0.0
-1 1501077017.810078 0.0
-1 1501077017.829618 0.0
-1 1501077017.843083 0.0
-1 1501077017.861963 0.0
-1 1501077017.873744 0.0
-1 1501077017.892229 0.0
-1 1501077017.907965 0.0
-1 1501077017.927509 0.0
-1 1501077017.941184 0.0
-1 1501077017.959746 0.0
-1 1501077017.973472 0.0
-1 1501077017.995204 0.0
-1 1501077018.004878 0.0
-1 1501077018.023973 0.0
-1 1501077018.030317 0.0
-1 1501077018.047730 0.0
-1 1501077018.063355 0.0
-1 1501077018.086010 0.0
-1 1501077018.094304 0.0
-1 1501077018.114824 0.0
-1 1501077018.127356 0.0
-1 1501077018.145395 0.0
-1 1501077018.162023 0.0
-1 1501077018.179176 0.0
-1 1501077018.196112 0.0
-1 1501077018.210276 0.0
-1 1501077018.226635 0.0
-1 1501077018.244234 0.0
-1 1501077018.258017 0.0
-1 1501077018.273642 0.0
-1 1501077018.292139 0.0
-1 1501077018.307185 0.0
-1 1501077018.327354 0.0
-1 1501077018.340781 0.0
-1 1501077018.357535 0.0
-1 1501077018.376328 0.0
-1 1501077018.390372 0.0
-1 1501077018.409152 0.0
-1 1501077018.423446 0.0
-1 1501077018.437976 0.0
-1 1501077018.454729 0.0
-1 1501077018.470327 0.0
-1 1501077018.482576 0.0
-1 1501077018.498602 0.0
-1 1501077018.514852 0.0
-1 1501077018.535267 0.0
-1 1501077018.548263 0.0
-1 1501077018.562891 0.0
-1 1501077018.579690 0.0
-1 1501077018.596636 0.0
-1 1501077018.612567 0.0
-1 1501077018.631584 0.0
-1 1501077018.644385 0.0
-1 1501077018.664354 0.0
-1 1501077018.679496 0.0
-1 1501077018.691682 0.0
-1 1501077018.711545 0.0
-1 1501077018.724130 0.0
-1 1501077018.744688 0.0
-1 1501077018.761868 0.0
-1 1501077018.781659 0.0
-1 1501077018.789967 0.0
-1 1501077018.812050 0.0
-1 1501077018.820538 0.0
-1 1501077018.837077 0.0
-1 1501077018.853566 0.0
-1 1501077018.874610 0.0
-1 1501077018.885491 0.0
-1 1501077018.901389 0.0
-1 1501077018.917517 0.0
-1 1501077018.934133 0.0
-1 1501077018.950661 0.0
-1 1501077018.970134 0.0
-1 1501077018.985664 0.0
-1 1501077019.003127 0.0
-1 1501077019.012886 0.0
-1 1501077019.036657 0.0
-1 1501077019.057662 0.0
-1 1501077019.062459 0.0
-1 1501077019.078408 0.0
-1 1501077019.094037 0.0
-1 1501077019.112594 0.0
-1 1501077019.125331 0.0
-1 1501077019.141937 0.0
-1 1501077019.159887 0.0
-1 1501077019.175809 0.0
-1 1501077019.191112 0.0
-1 1501077019.211078 0.0
-1 1501077019.223825 0.0
-1 1501077019.243298 0.0
-1 1501077019.257376 0.0
-1 1501077019.278400 0.0
-1 1501077019.294297 0.0
-1 1501077019.309753 0.0
-1 1501077019.326833 0.0
-1 1501077019.339873 0.0
-1 1501077019.353857 0.0
-1 1501077019.366936 0.0
-1 1501077019.389509 0.0
-1 1501077019.403993 0.0
-1 1501077019.423870 0.0
-1 1501077019.433523 0.0
-1 1501077019.448050 0.0
-1 1501077019.463542 0.0
-1 1501077019.481005 0.0
-1 1501077019.495345 0.0
-1 1501077019.515542 0.0
-1 1501077019.527620 0.0
-1 1501077019.549177 0.0
-1 1501077019.559908 0.0
-1 1501077019.579214 0.0
-1 1501077019.592353 0.0
-1 1501077019.613455 0.0
-1 1501077019.623933 0.0
-1 1501077019.642996 0.0
-1 1501077019.656724 0.0
-1 1501077019.679013 0.0
-1 1501077019.689659 0.0
-1 1501077019.706106 0.0
-1 1501077019.723354 0.0
-1 1501077019.741090 0.0
-1 1501077019.757668 0.0
-1 1501077019.773374 0.0
-1 1501077019.794407 0.0
-1 1501077019.808759 0.0
-1 1501077019.822654 0.0
-1 1501077019.838647 0.0
-1 1501077019.850688 0.0
-1 1501077019.870571 0.0
-1 1501077019.890142 0.0
-1 1501077019.897746 0.0
-1 1501077019.917600 0.0
-1 1501077019.930339 0.0
-1 1501077019.946493 0.0
-1 1501077019.965754 0.0
-1 1501077019.983032 0.0
-1 1501077019.995212 0.0
-1 1501077020.011132 0.0
-1 1501077020.027185 0.0
-1 1501077020.043473 0.0
-1 1501077020.060232 0.0
-1 1501077020.074246 0.0
-1 1501077020.096178 0.0
-1 1501077020.112641 0.0
-1 1501077020.130498 0.0
-1 1501077020.140536 0.0
-1 1501077020.155251 0.0
-1 1501077020.173049 0.0
-1 1501077020.193002 0.0
-1 1501077020.203594 0.0
-1 1501077020.222263 0.0
-1 1501077020.247446 0.0
-1 1501077020.255003 0.0
-1 1501077020.268264 0.0
-1 1501077020.288061 0.0
-1 1501077020.304204 0.0
-1 1501077020.320711 0.0
-1 1501077020.336579 0.0
-1 1501077020.348107 0.0
-1 1501077020.363672 0.0
-1 1501077020.380128 0.0
-1 1501077020.396133 0.0
-1 1501077020.412207 0.0
-1 1501077020.427744 0.0
-1 1501077020.444339 0.0
-1 1501077020.460377 0.0
-1 1501077020.476379 0.0
-1 1501077020.492291 0.0
-1 1501077020.509134 0.0
-1 1501077020.527369 0.0
-1 1501077020.541414 0.0
-1 1501077020.560076 0.0
-1 1501077020.572681 0.0
-1 1501077020.592629 0.0
-1 1501077020.613349 0.0
-1 1501077020.622944 0.0
-1 1501077020.650558 0.0
-1 1501077020.658444 0.0
-1 1501077020.679459 0.0
-1 1501077020.689857 0.0
-1 1501077020.707825 0.0
-1 1501077020.723374 0.0
-1 1501077020.745541 0.0
-1 1501077020.761939 0.0
-1 1501077020.774991 0.0
-1 1501077020.790134 0.0
-1 1501077020.804938 0.0
-1 1501077020.817067 0.0
-1 1501077020.831669 0.0
-1 1501077020.850192 0.0
-1 1501077020.864140 0.0
-1 1501077020.879847 0.0
-1 1501077020.896365 0.0
-1 1501077020.921438 0.0
-1 1501077020.929013 0.0
-1 1501077020.957391 0.0
-1 1501077020.960792 0.0
-1 1501077020.984792 0.0
-1 1501077020.995217 0.0
-1 1501077021.015950 0.0
-1 1501077021.026093 0.0
-1 1501077021.042716 0.0
-1 1501077021.058292 0.0
-1 1501077021.076862 0.0
-1 1501077021.090290 0.0
-1 1501077021.109715 0.0
-1 1501077021.131535 0.0
-1 1501077021.140942 0.0
-1 1501077021.156243 0.0
-1 1501077021.174365 0.0
-1 1501077021.196494 0.0
-1 1501077021.206668 0.0
-1 1501077021.226892 0.0
-1 1501077021.238572 0.0
-1 1501077021.259184 0.0
-1 1501077021.267273 0.0
-1 1501077021.287774 0.0
-1 1501077021.301056 0.0
-1 1501077021.317938 0.0
-1 1501077021.329913 0.0
-1 1501077021.348497 0.0
-1 1501077021.361963 0.0
-1 1501077021.380687 0.0
-1 1501077021.394262 0.0
-1 1501077021.414757 0.0
-1 1501077021.426595 0.0
-1 1501077021.445410 0.0
-1 1501077021.459274 0.0
-1 1501077021.473807 0.0
-1 1501077021.492756 0.0
-1 1501077021.511592 0.0
-1 1501077021.528106 0.0
-1 1501077021.539808 0.0
-1 1501077021.562927 0.0
-1 1501077021.572814 0.0
-1 1501077021.588739 0.0
-1 1501077021.604350 0.0
-1 1501077021.624591 0.0
-1 1501077021.655313 0.0
-1 1501077021.660569 0.0
-1 1501077021.676397 0.0
-1 1501077021.692775 0.0
-1 1501077021.709903 0.0
-1 1501077021.727946 0.0
-1 1501077021.746356 0.0
-1 1501077021.758139 0.0
-1 1501077021.777605 0.0
-1 1501077021.790483 0.0
-1 1501077021.810484 0.0
-1 1501077021.823157 0.0
-1 1501077021.846357 0.0
-1 1501077021.856740 0.0
-1 1501077021.873490 0.0
-1 1501077021.897602 0.0
-1 1501077021.911195 0.0
-1 1501077021.928273 0.0
-1 1501077021.940462 0.0
-1 1501077021.962486 0.0
-1 1501077021.973207 0.0
-1 1501077021.994781 0.0
-1 1501077022.006514 0.0
-1 1501077022.024235 0.0
-1 1501077022.037903 0.0
-1 1501077022.055617 0.0
-1 1501077022.064128 0.0
-1 1501077022.089002 0.0
-1 1501077022.095660 0.0
-1 1501077022.112204 0.0
-1 1501077022.127878 0.0
-1 1501077022.148008 0.0
-1 1501077022.160599 0.0
-1 1501077022.178070 0.0
-1 1501077022.199221 0.0
-1 1501077022.212011 0.0
-1 1501077022.225776 0.0
-1 1501077022.241653 0.0
-1 1501077022.258365 0.0
-1 1501077022.275080 0.0
-1 1501077022.288692 0.0
-1 1501077022.305768 0.0
-1 1501077022.323080 0.0
-1 1501077022.340111 0.0
-1 1501077022.354913 0.0
-1 1501077022.372793 0.0
-1 1501077022.394997 0.0
-1 1501077022.408871 0.0
-1 1501077022.424645 0.0
-1 1501077022.440255 0.0
-1 1501077022.452977 0.0
-1 1501077022.469752 0.0
-1 1501077022.485448 0.0
-1 1501077022.505400 0.0
-1 1501077022.522866 0.0
-1 1501077022.543387 0.0
-1 1501077022.555756 0.0
-1 1501077022.573919 0.0
-1 1501077022.586710 0.0
-1 1501077022.601226 0.0
-1 1501077022.615133 0.0
-1 1501077022.638283 0.0
-1 1501077022.647676 0.0
-1 1501077022.663187 0.0
-1 1501077022.685275 0.0
-1 1501077022.694719 0.0
-1 1501077022.713484 0.0
-1 1501077022.727080 0.0
-1 1501077022.752291 0.0
-1 1501077022.761806 0.0
-1 1501077022.776460 0.0
-1 1501077022.791904 0.0
-1 1501077022.808078 0.0
-1 1501077022.822730 0.0
-1 1501077022.839539 0.0
-1 1501077022.855711 0.0
-1 1501077022.876233 0.0
-1 1501077022.889816 0.0
-1 1501077022.911514 0.0
-1 1501077022.925971 0.0
-1 1501077022.940219 0.0
-1 1501077022.956702 0.0
-1 1501077022.972712 0.0
-1 1501077022.993936 0.0
-1 1501077023.006391 0.0
-1 1501077023.017722 0.0
-1 1501077023.033098 0.0
-1 1501077023.050337 0.0
-1 1501077023.066551 0.0
-1 1501077023.081220 0.0
-1 1501077023.098238 0.0
-1 1501077023.113077 0.0
-1 1501077023.129003 0.0
-1 1501077023.151375 0.0
-1 1501077023.161776 0.0
-1 1501077023.185106 0.0
-1 1501077023.193597 0.0
-1 1501077023.211953 0.0
-1 1501077023.227171 0.0
-1 1501077023.241603 0.0
-1 1501077023.262028 0.0
-1 1501077023.275520 0.0
-1 1501077023.295961 0.0
-1 1501077023.309050 0.0
-1 1501077023.325404 0.0
-1 1501077023.338654 0.0
-1 1501077023.361841 0.0
-1 1501077023.373316 0.0
-1 1501077023.391552 0.0
-1 1501077023.406135 0.0
-1 1501077023.427831 0.0
-1 1501077023.440226 0.0
-1 1501077023.459758 0.0
-1 1501077023.473971 0.0
-1 1501077023.490926 0.0
-1 1501077023.506405 0.0
-1 1501077023.523734 0.0
-1 1501077023.540289 0.0
-1 1501077023.554304 0.0
-1 1501077023.570201 0.0
-1 1501077023.589634 0.0
-1 1501077023.598359 0.0
-1 1501077023.615203 0.0
-1 1501077023.633528 0.0
-1 1501077023.646838 0.0
-1 1501077023.666142 0.0
-1 1501077023.679700 0.0
-1 1501077023.706826 0.0
-1 1501077023.712280 0.0
-1 1501077023.729792 0.0
-1 1501077023.744569 0.0
-1 1501077023.763709 0.0
-1 1501077023.783214 0.0
-1 1501077023.794115 0.0
-1 1501077023.816004 0.0
-1 1501077023.827334 0.0
-1 1501077023.840264 0.0
-1 1501077023.860674 0.0
-1 1501077023.880706 0.0
-1 1501077023.891490 0.0
-1 1501077023.909895 0.0
-1 1501077023.923839 0.0
-1 1501077023.946653 0.0
-1 1501077023.957769 0.0
-1 1501077023.976542 0.0
-1 1501077023.988540 0.0
-1 1501077024.005441 0.0
-1 1501077024.019109 0.0
-1 1501077024.038142 0.0
-1 1501077024.047303 0.0
-1 1501077024.063647 0.0
-1 1501077024.079686 0.0
-1 1501077024.095625 0.0
-1 1501077024.120676 0.0
-1 1501077024.127409 0.0
-1 1501077024.144099 0.0
-1 1501077024.159622 0.0
-1 1501077024.175380 0.0
-1 1501077024.193027 0.0
-1 1501077024.211738 0.0
-1 1501077024.224898 0.0
-1 1501077024.240690 0.0
-1 1501077024.259113 0.0
-1 1501077024.273493 0.0
-1 1501077024.287154 0.0
-1 1501077024.311287 0.0
-1 1501077024.321271 0.0
-1 1501077024.341068 0.0
-1 1501077024.351367 0.0
-1 1501077024.367601 0.0
-1 1501077024.383881 0.0
-1 1501077024.400096 0.0
-1 1501077024.417166 0.0
-1 1501077024.434334 0.0
-1 1501077024.449568 0.0
-1 1501077024.466089 0.0
-1 1501077024.480365 0.0
-1 1501077024.499370 0.0
-1 1501077024.516220 0.0
-1 1501077024.528644 0.0
-1 1501077024.555064 0.0
-1 1501077024.559573 0.0
-1 1501077024.576071 0.0
-1 1501077024.592911 0.0
-1 1501077024.607648 0.0
-1 1501077024.625818 0.0
-1 1501077024.640572 0.0
-1 1501077024.656130 0.0
-1 1501077024.677737 0.0
-1 1501077024.689186 0.0
-1 1501077024.710716 0.0
-1 1501077024.725660 0.0
-1 1501077024.741634 0.0
-1 1501077024.762075 0.0
-1 1501077024.773870 0.0
-1 1501077024.790514 0.0
-1 1501077024.802412 0.0
-1 1501077024.824803 0.0
-1 1501077024.834520 0.0
-1 1501077024.859075 0.0
-1 1501077024.873094 0.0
-1 1501077024.882748 0.0
-1 1501077024.898290 0.0
-1 1501077024.918024 0.0
-1 1501077024.930136 0.0
-1 1501077024.946574 0.0
-1 1501077024.963242 0.0
-1 1501077024.981546 0.0
-1 1501077024.994236 0.0
-1 1501077025.010330 0.0
-1 1501077025.025794 0.0
-1 1501077025.044980 0.0
-1 1501077025.057271 0.0
-1 1501077025.076754 0.0
-1 1501077025.091542 0.0
-1 1501077025.106257 0.0
-1 1501077025.124895 0.0
-1 1501077025.142447 0.0
-1 1501077025.160309 0.0
-1 1501077025.175674 0.0
-1 1501077025.190604 0.0
-1 1501077025.208533 0.0
-1 1501077025.225160 0.0
-1 1501077025.239255 0.0
-1 1501077025.255239 0.0
-1 1501077025.272670 0.0
-1 1501077025.289490 0.0
-1 1501077025.303102 0.0
-1 1501077025.326174 0.0
-1 1501077025.331357 0.0
-1 1501077025.348162 0.0
-1 1501077025.363327 0.0
-1 1501077025.380126 0.0
-1 1501077025.398465 0.0
-1 1501077025.419664 0.0
-1 1501077025.428415 0.0
-1 1501077025.443921 0.0
-1 1501077025.460281 0.0
-1 1501077025.475935 0.0
-1 1501077025.491805 0.0
-1 1501077025.509427 0.0
-1 1501077025.525180 0.0
-1 1501077025.541039 0.0
-1 1501077025.557055 0.0
-1 1501077025.572513 0.0
-1 1501077025.592195 0.0
-1 1501077025.606130 0.0
-1 1501077025.625858 0.0
-1 1501077025.644219 0.0
-1 1501077025.659378 0.0
-1 1501077025.673021 0.0
-1 1501077025.690307 0.0
-1 1501077025.704625 0.0
-1 1501077025.721166 0.0
-1 1501077025.746056 0.0
-1 1501077025.756062 0.0
-1 1501077025.773441 0.0
-1 1501077025.788702 0.0
-1 1501077025.807295 0.0
-1 1501077025.815322 0.0
-1 1501077025.831424 0.0
-1 1501077025.847952 0.0
-1 1501077025.863396 0.0
-1 1501077025.878424 0.0
-1 1501077025.896814 0.0
-1 1501077025.911354 0.0
-1 1501077025.932815 0.0
-1 1501077025.943634 0.0
-1 1501077025.961408 0.0
-1 1501077025.974940 0.0
-1 1501077025.994467 0.0
-1 1501077026.007106 0.0
-1 1501077026.024957 0.0
-1 1501077026.041622 0.0
-1 1501077026.060264 0.0
-1 1501077026.073802 0.0
-1 1501077026.089830 0.0
-1 1501077026.112739 0.0
-1 1501077026.124469 0.0
-1 1501077026.141998 0.0
-1 1501077026.156013 0.0
-1 1501077026.175631 0.0
-1 1501077026.187724 0.0
-1 1501077026.206843 0.0
-1 1501077026.221657 0.0
-1 1501077026.238382 0.0
-1 1501077026.251795 0.0
-1 1501077026.264382 0.0
-1 1501077026.279899 0.0
-1 1501077026.295566 0.0
-1 1501077026.315706 0.0
-1 1501077026.332257 0.0
-1 1501077026.352592 0.0
-1 1501077026.362933 0.0
-1 1501077026.377625 0.0
-1 1501077026.397661 0.0
-1 1501077026.410485 0.0
-1 1501077026.426161 0.0
-1 1501077026.441937 0.0
-1 1501077026.460114 0.0
-1 1501077026.479418 0.0
-1 1501077026.492876 0.0
-1 1501077026.509595 0.0
-1 1501077026.524690 0.0
-1 1501077026.542240 0.0
-1 1501077026.564649 0.0
-1 1501077026.579190 0.0
-1 1501077026.587880 0.0
-1 1501077026.604543 0.0
-1 1501077026.624038 0.0
-1 1501077026.640044 0.0
-1 1501077026.662902 0.0
-1 1501077026.675502 0.0
-1 1501077026.694545 0.0
-1 1501077026.706025 0.0
-1 1501077026.724918 0.0
-1 1501077026.737901 0.0
-1 1501077026.758075 0.0
-1 1501077026.776179 0.0
-1 1501077026.788798 0.0
-1 1501077026.806648 0.0
-1 1501077026.820117 0.0
-1 1501077026.833432 0.0
-1 1501077026.847281 0.0
-1 1501077026.869661 0.0
-1 1501077026.880469 0.0
-1 1501077026.903188 0.0
-1 1501077026.911108 0.0
-1 1501077026.928656 0.0
-1 1501077026.943801 0.0
-1 1501077026.959947 0.0
-1 1501077026.974710 0.0
-1 1501077026.993503 0.0
-1 1501077027.007026 0.0
-1 1501077027.024900 0.0
-1 1501077027.039418 0.0
-1 1501077027.056215 0.0
-1 1501077027.072777 0.0
-1 1501077027.092890 0.0
-1 1501077027.108067 0.0
-1 1501077027.126195 0.0
-1 1501077027.143840 0.0
-1 1501077027.156138 0.0
-1 1501077027.173716 0.0
-1 1501077027.187950 0.0
-1 1501077027.201460 0.0
-1 1501077027.216475 0.0
-1 1501077027.241008 0.0
-1 1501077027.252281 0.0
-1 1501077027.267828 0.0
-1 1501077027.279355 0.0
-1 1501077027.294771 0.0
-1 1501077027.311321 0.0
-1 1501077027.328217 0.0
-1 1501077027.342552 0.0
-1 1501077027.360265 0.0
-1 1501077027.375019 0.0
-1 1501077027.393722 0.0
-1 1501077027.407652 0.0
-1 1501077027.427462 0.0
-1 1501077027.441450 0.0
-1 1501077027.456418 0.0
-1 1501077027.482895 0.0
-1 1501077027.493472 0.0
-1 1501077027.505405 0.0
-1 1501077027.523066 0.0
-1 1501077027.541441 0.0
-1 1501077027.557065 0.0
-1 1501077027.574260 0.0
-1 1501077027.589241 0.0
-1 1501077027.606077 0.0
-1 1501077027.620923 0.0
-1 1501077027.636341 0.0
-1 1501077027.660262 0.0
-1 1501077027.666643 0.0
-1 1501077027.686442 0.0
-1 1501077027.698212 0.0
-1 1501077027.715680 0.0
-1 1501077027.730347 0.0
-1 1501077027.753828 0.0
-1 1501077027.764492 0.0
-1 1501077027.778385 0.0
-1 1501077027.797124 0.0
-1 1501077027.809792 0.0
-1 1501077027.826315 0.0
-1 1501077027.842219 0.0
-1 1501077027.858206 0.0
-1 1501077027.874268 0.0
-1 1501077027.890147 0.0
-1 1501077027.905654 0.0
-1 1501077027.922275 0.0
-1 1501077027.940276 0.0
-1 1501077027.954598 0.0
-1 1501077027.971109 0.0
-1 1501077027.989433 0.0
-1 1501077028.004673 0.0
-1 1501077028.025443 0.0
-1 1501077028.040504 0.0
-1 1501077028.059270 0.0
-1 1501077028.070652 0.0
-1 1501077028.092222 0.0
-1 1501077028.104858 0.0
-1 1501077028.125591 0.0
-1 1501077028.137588 0.0
-1 1501077028.158088 0.0
-1 1501077028.170116 0.0
-1 1501077028.187965 0.0
-1 1501077028.197706 0.0
-1 1501077028.220555 0.0
-1 1501077028.230080 0.0
-1 1501077028.246637 0.0
-1 1501077028.268171 0.0
-1 1501077028.277824 0.0
-1 1501077028.296609 0.0
-1 1501077028.310894 0.0
-1 1501077028.326743 0.0
-1 1501077028.343087 0.0
-1 1501077028.363791 0.0
-1 1501077028.375358 0.0
-1 1501077028.392223 0.0
-1 1501077028.406746 0.0
-1 1501077028.427457 0.0
-1 1501077028.439028 0.0
-1 1501077028.458696 0.0
-1 1501077028.473124 0.0
-1 1501077028.491570 0.0
-1 1501077028.509889 0.0
-1 1501077028.525970 0.0
-1 1501077028.540940 0.0
-1 1501077028.557556 0.0
-1 1501077028.572741 0.0
-1 1501077028.589830 0.0
-1 1501077028.607151 0.0
-1 1501077028.623214 0.0
-1 1501077028.637297 0.0
-1 1501077028.653895 0.0
-1 1501077028.664517 0.0
-1 1501077028.680877 0.0
-1 1501077028.706360 0.0
-1 1501077028.712788 0.0
-1 1501077028.739501 0.0
-1 1501077028.745205 0.0
-1 1501077028.764356 0.0
-1 1501077028.777219 0.0
-1 1501077028.796913 0.0
-1 1501077028.808429 0.0
-1 1501077028.826743 0.0
-1 1501077028.841290 0.0
-1 1501077028.860284 0.0
-1 1501077028.873762 0.0
-1 1501077028.889621 0.0
-1 1501077028.906584 0.0
-1 1501077028.924184 0.0
-1 1501077028.943619 0.0
-1 1501077028.956405 0.0
-1 1501077028.976628 0.0
-1 1501077028.990469 0.0
-1 1501077029.011727 0.0
-1 1501077029.022003 0.0
-1 1501077029.037409 0.0
-1 1501077029.054481 0.0
-1 1501077029.070345 0.0
-1 1501077029.080706 0.0
-1 1501077029.098146 0.0
-1 1501077029.113238 0.0
-1 1501077029.131085 0.0
-1 1501077029.145477 0.0
-1 1501077029.161118 0.0
-1 1501077029.176854 0.0
-1 1501077029.193577 0.0
-1 1501077029.212799 0.0
-1 1501077029.226692 0.0
-1 1501077029.242161 0.0
-1 1501077029.259627 0.0
-1 1501077029.274158 0.0
-1 1501077029.291707 0.0
-1 1501077029.309184 0.0
-1 1501077029.322193 0.0
-1 1501077029.339816 0.0
-1 1501077029.358965 0.0
-1 1501077029.373447 0.0
-1 1501077029.391664 0.0
-1 1501077029.408649 0.0
-1 1501077029.421266 0.0
-1 1501077029.437209 0.0
-1 1501077029.451104 0.0
-1 1501077029.466162 0.0
-1 1501077029.481730 0.0
-1 1501077029.500307 0.0
-1 1501077029.514129 0.0
-1 1501077029.537368 0.0
-1 1501077029.545829 0.0
-1 1501077029.562348 0.0
-1 1501077029.602367 0.0
-1 1501077029.606710 0.0
-1 1501077029.623261 0.0
-1 1501077029.642332 0.0
-1 1501077029.655607 0.0
-1 1501077029.671566 0.0
-1 1501077029.689682 0.0
-1 1501077029.711808 0.0
-1 1501077029.724352 0.0
-1 1501077029.743343 0.0
-1 1501077029.755683 0.0
-1 1501077029.775745 0.0
-1 1501077029.789400 0.0
-1 1501077029.808607 0.0
-1 1501077029.820810 0.0
-1 1501077029.839178 0.0
-1 1501077029.849980 0.0
-1 1501077029.870217 0.0
-1 1501077029.880791 0.0
-1 1501077029.897515 0.0
-1 1501077029.916784 0.0
-1 1501077029.929453 0.0
-1 1501077029.945768 0.0
-1 1501077029.961331 0.0
-1 1501077029.976945 0.0
-1 1501077029.994400 0.0
-1 1501077030.009119 0.0
-1 1501077030.025994 0.0
-1 1501077030.040581 0.0
-1 1501077030.057876 0.0
-1 1501077030.077228 0.0
-1 1501077030.089458 0.0
-1 1501077030.110240 0.0
-1 1501077030.123004 0.0
-1 1501077030.141890 0.0
-1 1501077030.160200 0.0
-1 1501077030.174959 0.0
-1 1501077030.196075 0.0
-1 1501077030.205948 0.0
-1 1501077030.226346 0.0
-1 1501077030.240989 0.0
-1 1501077030.260410 0.0
-1 1501077030.272812 0.0
-1 1501077030.301427 0.0
-1 1501077030.304476 0.0
-1 1501077030.322684 0.0
-1 1501077030.337483 0.0
-1 1501077030.355357 0.0
-1 1501077030.368801 0.0
-1 1501077030.382942 0.0
-1 1501077030.396992 0.0
-1 1501077030.415635 0.0
-1 1501077030.429166 0.0
-1 1501077030.444563 0.0
-1 1501077030.469882 0.0
-1 1501077030.480676 0.0
-1 1501077030.500608 0.0
-1 1501077030.514885 0.0
-1 1501077030.525559 0.0
-1 1501077030.542152 0.0
-1 1501077030.560149 0.0
-1 1501077030.573346 0.0
-1 1501077030.590481 0.0
-1 1501077030.606750 0.0
-1 1501077030.627769 0.0
-1 1501077030.639060 0.0
-1 1501077030.659197 0.0
-1 1501077030.672970 0.0
-1 1501077030.692049 0.0
-1 1501077030.710684 0.0
-1 1501077030.724019 0.0
-1 1501077030.741048 0.0
-1 1501077030.750621 0.0
-1 1501077030.773794 0.0
-1 1501077030.785254 0.0
-1 1501077030.807469 0.0
-1 1501077030.819210 0.0
-1 1501077030.840448 0.0
-1 1501077030.850931 0.0
-1 1501077030.869758 0.0
-1 1501077030.884580 0.0
-1 1501077030.905470 0.0
-1 1501077030.921885 0.0
-1 1501077030.934381 0.0
-1 1501077030.944123 0.0
-1 1501077030.963641 0.0
-1 1501077030.974483 0.0
-1 1501077030.997191 0.0
-1 1501077031.006772 0.0
-1 1501077031.025099 0.0
-1 1501077031.039527 0.0
-1 1501077031.057125 0.0
-1 1501077031.073504 0.0
-1 1501077031.090088 0.0
-1 1501077031.116790 0.0
-1 1501077031.124805 0.0
-1 1501077031.145985 0.0
-1 1501077031.156735 0.0
-1 1501077031.176088 0.0
-1 1501077031.189701 0.0
-1 1501077031.209197 0.0
-1 1501077031.221318 0.0
-1 1501077031.239515 0.0
-1 1501077031.259202 0.0
-1 1501077031.273206 0.0
-1 1501077031.280528 0.0
-1 1501077031.296976 0.0
-1 1501077031.312503 0.0
-1 1501077031.336963 0.0
-1 1501077031.344629 0.0
-1 1501077031.361140 0.0
-1 1501077031.381441 0.0
-1 1501077031.395220 0.0
-1 1501077031.414312 0.0
-1 1501077031.426911 0.0
-1 1501077031.442451 0.0
-1 1501077031.459056 0.0
-1 1501077031.478815 0.0
-1 1501077031.492028 0.0
-1 1501077031.509241 0.0
-1 1501077031.524547 0.0
-1 1501077031.542676 0.0
-1 1501077031.557404 0.0
-1 1501077031.575854 0.0
-1 1501077031.591681 0.0
-1 1501077031.606025 0.0
-1 1501077031.628106 0.0
-1 1501077031.641397 0.0
-1 1501077031.659439 0.0
-1 1501077031.674560 0.0
-1 1501077031.694263 0.0
-1 1501077031.702604 0.0
-1 1501077031.722076 0.0
-1 1501077031.733308 0.0
-1 1501077031.749751 0.0
-1 1501077031.767153 0.0
-1 1501077031.784954 0.0
-1 1501077031.799934 0.0
-1 1501077031.821116 0.0
-1 1501077031.841750 0.0
-1 1501077031.851041 0.0
-1 1501077031.874265 0.0
-1 1501077031.885525 0.0
-1 1501077031.907944 0.0
-1 1501077031.914375 0.0
-1 1501077031.929604 0.0
-1 1501077031.945129 0.0
-1 1501077031.969147 0.0
-1 1501077031.977009 0.0
-1 1501077032.004928 0.0
-1 1501077032.009875 0.0
-1 1501077032.025854 0.0
-1 1501077032.042401 0.0
-1 1501077032.059280 0.0
-1 1501077032.075260 0.0
-1 1501077032.093226 0.0
-1 1501077032.108053 0.0
-1 1501077032.124613 0.0
-1 1501077032.139417 0.0
-1 1501077032.157000 0.0
-1 1501077032.175017 0.0
-1 1501077032.190303 0.0
-1 1501077032.211961 0.0
-1 1501077032.223991 0.0
-1 1501077032.242373 0.0
-1 1501077032.256218 0.0
-1 1501077032.271598 0.0
-1 1501077032.288017 0.0
-1 1501077032.307286 0.0
-1 1501077032.314734 0.0
-1 1501077032.339114 0.0
-1 1501077032.346766 0.0
-1 1501077032.364779 0.0
-1 1501077032.379837 0.0
-1 1501077032.396054 0.0
-1 1501077032.412724 0.0
-1 1501077032.428556 0.0
-1 1501077032.445563 0.0
-1 1501077032.461276 0.0
-1 1501077032.477140 0.0
-1 1501077032.492950 0.0
-1 1501077032.508785 0.0
-1 1501077032.525408 0.0
-1 1501077032.543488 0.0
-1 1501077032.557331 0.0
-1 1501077032.574198 0.0
-1 1501077032.590661 0.0
-1 1501077032.607520 0.0
-1 1501077032.622800 0.0
-1 1501077032.640942 0.0
-1 1501077032.664086 0.0
-1 1501077032.673142 0.0
-1 1501077032.691436 0.0
-1 1501077032.708347 0.0
-1 1501077032.723038 0.0
-1 1501077032.741198 0.0
-1 1501077032.757935 0.0
-1 1501077032.772086 0.0
-1 1501077032.791057 0.0
-1 1501077032.804216 0.0
-1 1501077032.815318 0.0
-1 1501077032.830786 0.0
-1 1501077032.853329 0.0
-1 1501077032.863217 0.0
-1 1501077032.878893 0.0
-1 1501077032.895429 0.0
-1 1501077032.911817 0.0
-1 1501077032.928746 0.0
-1 1501077032.946669 0.0
-1 1501077032.963177 0.0
-1 1501077032.978540 0.0
-1 1501077032.993661 0.0
-1 1501077033.013676 0.0
-1 1501077033.032890 0.0
-1 1501077033.041250 0.0
-1 1501077033.057416 0.0
-1 1501077033.073488 0.0
-1 1501077033.102311 0.0
-1 1501077033.106453 0.0
-1 1501077033.123298 0.0
-1 1501077033.138933 0.0
-1 1501077033.157657 0.0
-1 1501077033.171329 0.0
-1 1501077033.193742 0.0
-1 1501077033.203318 0.0
-1 1501077033.219321 0.0
-1 1501077033.235180 0.0
-1 1501077033.252514 0.0
-1 1501077033.270647 0.0
-1 1501077033.285000 0.0
-1 1501077033.300164 0.0
-1 1501077033.319037 0.0
-1 1501077033.331264 0.0
-1 1501077033.347151 0.0
-1 1501077033.363098 0.0
-1 1501077033.378483 0.0
-1 1501077033.395060 0.0
-1 1501077033.410380 0.0
-1 1501077033.428559 0.0
-1 1501077033.443238 0.0
-1 1501077033.462051 0.0
-1 1501077033.475162 0.0
-1 1501077033.493799 0.0
-1 1501077033.508645 0.0
-1 1501077033.526414 0.0
-1 1501077033.540093 0.0
-1 1501077033.557824 0.0
-1 1501077033.574566 0.0
-1 1501077033.589940 0.0
-1 1501077033.606122 0.0
-1 1501077033.625643 0.0
-1 1501077033.639864 0.0
-1 1501077033.657494 0.0
-1 1501077033.679413 0.0
-1 1501077033.686078 0.0
-1 1501077033.705709 0.0
-1 1501077033.721081 0.0
-1 1501077033.743414 0.0
-1 1501077033.753671 0.0
-1 1501077033.767588 0.0
-1 1501077033.781349 0.0
-1 1501077033.798915 0.0
-1 1501077033.812607 0.0
-1 1501077033.835189 0.0
-1 1501077033.849211 0.0
-1 1501077033.863984 0.0
-1 1501077033.876759 0.0
-1 1501077033.894419 0.0
-1 1501077033.909562 0.0
-1 1501077033.928863 0.0
-1 1501077033.941578 0.0
-1 1501077033.959326 0.0
-1 1501077033.974741 0.0
-1 1501077033.992250 0.0
-1 1501077034.006530 0.0
-1 1501077034.023051 0.0
-1 1501077034.040884 0.0
-1 1501077034.056773 0.0
-1 1501077034.081908 0.0
-1 1501077034.092347 0.0
-1 1501077034.107616 0.0
-1 1501077034.126404 0.0
-1 1501077034.144348 0.0
-1 1501077034.161436 0.0
-1 1501077034.167320 0.0
-1 1501077034.183169 0.0
-1 1501077034.202726 0.0
-1 1501077034.216508 0.0
-1 1501077034.232661 0.0
-1 1501077034.249070 0.0
-1 1501077034.263135 0.0
-1 1501077034.278977 0.0
-1 1501077034.295360 0.0
-1 1501077034.313946 0.0
-1 1501077034.330259 0.0
-1 1501077034.353872 0.0
-1 1501077034.362544 0.0
-1 1501077034.381226 0.0
-1 1501077034.394811 0.0
-1 1501077034.411274 0.0
-1 1501077034.431459 0.0
-1 1501077034.443643 0.0
-1 1501077034.464397 0.0
-1 1501077034.476577 0.0
-1 1501077034.503429 0.0
-1 1501077034.512976 0.0
-1 1501077034.531399 0.0
-1 1501077034.540834 0.0
-1 1501077034.565146 0.0
-1 1501077034.576701 0.0
-1 1501077034.593457 0.0
-1 1501077034.605913 0.0
-1 1501077034.622541 0.0
-1 1501077034.639168 0.0
-1 1501077034.654779 0.0
-1 1501077034.673643 0.0
-1 1501077034.688236 0.0
-1 1501077034.701771 0.0
-1 1501077034.718283 0.0
-1 1501077034.734830 0.0
-1 1501077034.752538 0.0
-1 1501077034.767323 0.0
-1 1501077034.783004 0.0
-1 1501077034.798935 0.0
-1 1501077034.814887 0.0
-1 1501077034.832649 0.0
-1 1501077034.849448 0.0
-1 1501077034.870397 0.0
-1 1501077034.882263 0.0
-1 1501077034.900403 0.0
-1 1501077034.919213 0.0
-1 1501077034.936164 0.0
-1 1501077034.951406 0.0
-1 1501077034.966280 0.0
-1 1501077034.980378 0.0
-1 1501077034.998805 0.0
-1 1501077035.012503 0.0
-1 1501077035.024049 0.0
-1 1501077035.044269 0.0
-1 1501077035.062277 0.0
-1 1501077035.073462 0.0
-1 1501077035.087643 0.0
-1 1501077035.104361 0.0
-1 1501077035.121217 0.0
-1 1501077035.139565 0.0
-1 1501077035.152070 0.0
-1 1501077035.171529 0.0
-1 1501077035.183860 0.0
-1 1501077035.200599 0.0
-1 1501077035.217438 0.0
-1 1501077035.236737 0.0
-1 1501077035.249381 0.0
-1 1501077035.267263 0.0
-1 1501077035.287918 0.0
-1 1501077035.301709 0.0
-1 1501077035.322427 0.0
-1 1501077035.333834 0.0
-1 1501077035.355630 0.0
-1 1501077035.367094 0.0
-1 1501077035.382736 0.0
-1 1501077035.399963 0.0
-1 1501077035.415330 0.0
-1 1501077035.432240 0.0
-1 1501077035.449039 0.0
-1 1501077035.460871 0.0
-1 1501077035.475139 0.0
-1 1501077035.491274 0.0
-1 1501077035.507833 0.0
-1 1501077035.524963 0.0
-1 1501077035.542944 0.0
-1 1501077035.557426 0.0
-1 1501077035.576265 0.0
-1 1501077035.593635 0.0
-1 1501077035.607860 0.0
-1 1501077035.631093 0.0
-1 1501077035.641089 0.0
-1 1501077035.661779 0.0
-1 1501077035.674109 0.0
-1 1501077035.696241 0.0
-1 1501077035.706267 0.0
-1 1501077035.725449 0.0
-1 1501077035.734472 0.0
-1 1501077035.754550 0.0
-1 1501077035.768040 0.0
-1 1501077035.792524 0.0
-1 1501077035.798585 0.0
-1 1501077035.814260 0.0
-1 1501077035.829895 0.0
-1 1501077035.851949 0.0
-1 1501077035.869787 0.0
-1 1501077035.887343 0.0
-1 1501077035.894628 0.0
-1 1501077035.910126 0.0
-1 1501077035.942330 0.0
-1 1501077035.946537 0.0
-1 1501077035.975146 0.0
-1 1501077035.981317 0.0
-1 1501077036.008018 0.0
-1 1501077036.013200 0.0
-1 1501077036.031077 0.0
-1 1501077036.044935 0.0
-1 1501077036.064343 0.0
-1 1501077036.078170 0.0
-1 1501077036.094695 0.0
-1 1501077036.119426 0.0
-1 1501077036.130739 0.0
-1 1501077036.150772 0.0
-1 1501077036.162974 0.0
-1 1501077036.180601 0.0
-1 1501077036.197473 0.0
-1 1501077036.216160 0.0
-1 1501077036.223527 0.0
-1 1501077036.251739 0.0
-1 1501077036.256034 0.0
-1 1501077036.279204 0.0
-1 1501077036.287562 0.0
-1 1501077036.306565 0.0
-1 1501077036.320170 0.0
-1 1501077036.335945 0.0
-1 1501077036.351360 0.0
-1 1501077036.368117 0.0
-1 1501077036.386299 0.0
-1 1501077036.401547 0.0
-1 1501077036.423629 0.0
-1 1501077036.436275 0.0
-1 1501077036.448070 0.0
-1 1501077036.463966 0.0
-1 1501077036.479844 0.0
-1 1501077036.496469 0.0
-1 1501077036.513461 0.0
-1 1501077036.529995 0.0
-1 1501077036.546316 0.0
-1 1501077036.563907 0.0
-1 1501077036.577399 0.0
-1 1501077036.594522 0.0
-1 1501077036.609798 0.0
-1 1501077036.627506 0.0
-1 1501077036.642567 0.0
-1 1501077036.658970 0.0
-1 1501077036.676121 0.0
-1 1501077036.692469 0.0
-1 1501077036.708282 0.0
-1 1501077036.722926 0.0
-1 1501077036.739163 0.0
-1 1501077036.756089 0.0
-1 1501077036.774516 0.0
-1 1501077036.792014 0.0
-1 1501077036.806179 0.0
-1 1501077036.825127 0.0
-1 1501077036.839261 0.0
-1 1501077036.859077 0.0
-1 1501077036.877270 0.0
-1 1501077036.893226 0.0
-1 1501077036.906822 0.0
-1 1501077036.926294 0.0
-1 1501077036.942998 0.0
-1 1501077036.947918 0.0
-1 1501077036.964715 0.0
-1 1501077036.981238 0.0
-1 1501077037.007280 0.0
-1 1501077037.013161 0.0
-1 1501077037.038500 0.0
-1 1501077037.043842 0.0
-1 1501077037.066522 0.0
-1 1501077037.078278 0.0
-1 1501077037.093469 0.0
-1 1501077037.110667 0.0
-1 1501077037.125230 0.0
-1 1501077037.141850 0.0
-1 1501077037.157811 0.0
-1 1501077037.174176 0.0
-1 1501077037.190729 0.0
-1 1501077037.206463 0.0
-1 1501077037.226444 0.0
-1 1501077037.239322 0.0
-1 1501077037.259977 0.0
-1 1501077037.272878 0.0
-1 1501077037.289238 0.0
-1 1501077037.306160 0.0
-1 1501077037.322310 0.0
-1 1501077037.341880 0.0
-1 1501077037.350031 0.0
-1 1501077037.375201 0.0
-1 1501077037.387509 0.0
-1 1501077037.403122 0.0
-1 1501077037.414172 0.0
-1 1501077037.437321 0.0
-1 1501077037.449388 0.0
-1 1501077037.466800 0.0
-1 1501077037.482023 0.0
-1 1501077037.498205 0.0
-1 1501077037.515337 0.0
-1 1501077037.533435 0.0
-1 1501077037.547498 0.0
-1 1501077037.565194 0.0
-1 1501077037.578964 0.0
-1 1501077037.596759 0.0
-1 1501077037.613562 0.0
-1 1501077037.630141 0.0
-1 1501077037.638569 0.0
-1 1501077037.655226 0.0
-1 1501077037.671503 0.0
-1 1501077037.688994 0.0
-1 1501077037.708751 0.0
-1 1501077037.719445 0.0
-1 1501077037.742784 0.0
-1 1501077037.756809 0.0
-1 1501077037.777611 0.0
-1 1501077037.787651 0.0
-1 1501077037.809111 0.0
-1 1501077037.819188 0.0
-1 1501077037.835222 0.0
-1 1501077037.846848 0.0
-1 1501077037.875213 0.0
-1 1501077037.879595 0.0
-1 1501077037.903754 0.0
-1 1501077037.912045 0.0
-1 1501077037.929155 0.0
-1 1501077037.943922 0.0
-1 1501077037.960197 0.0
-1 1501077037.975842 0.0
-1 1501077037.995157 0.0
-1 1501077038.010928 0.0
-1 1501077038.027728 0.0
-1 1501077038.045408 0.0
-1 1501077038.059186 0.0
-1 1501077038.080844 0.0
-1 1501077038.089436 0.0
-1 1501077038.112031 0.0
-1 1501077038.122306 0.0
-1 1501077038.145809 0.0
-1 1501077038.157415 0.0
-1 1501077038.176024 0.0
-1 1501077038.190134 0.0
-1 1501077038.209007 0.0
-1 1501077038.224311 0.0
-1 1501077038.241498 0.0
-1 1501077038.254149 0.0
-1 1501077038.266521 0.0
-1 1501077038.282171 0.0
-1 1501077038.301770 0.0
-1 1501077038.315247 0.0
-1 1501077038.331293 0.0
-1 1501077038.355793 0.0
-1 1501077038.365260 0.0
-1 1501077038.383949 0.0
-1 1501077038.398474 0.0
-1 1501077038.416382 0.0
-1 1501077038.430592 0.0
-1 1501077038.448403 0.0
-1 1501077038.462896 0.0
-1 1501077038.476329 0.0
-1 1501077038.497697 0.0
-1 1501077038.513996 0.0
-1 1501077038.523990 0.0
-1 1501077038.539384 0.0
-1 1501077038.556234 0.0
-1 1501077038.571776 0.0
-1 1501077038.593409 0.0
-1 1501077038.606518 0.0
-1 1501077038.621729 0.0
-1 1501077038.639509 0.0
-1 1501077038.654794 0.0
-1 1501077038.668631 0.0
-1 1501077038.691057 0.0
-1 1501077038.700895 0.0
-1 1501077038.716448 0.0
-1 1501077038.733200 0.0
-1 1501077038.750268 0.0
-1 1501077038.765145 0.0
-1 1501077038.782238 0.0
-1 1501077038.797702 0.0
-1 1501077038.813803 0.0
-1 1501077038.830056 0.0
-1 1501077038.845082 0.0
-1 1501077038.861622 0.0
-1 1501077038.877023 0.0
-1 1501077038.894137 0.0
-1 1501077038.909682 0.0
-1 1501077038.926585 0.0
-1 1501077038.943876 0.0
-1 1501077038.963089 0.0
-1 1501077038.975012 0.0
-1 1501077038.997817 0.0
-1 1501077039.006480 0.0
-1 1501077039.023079 0.0
-1 1501077039.039251 0.0
-1 1501077039.059102 0.0
-1 1501077039.072823 0.0
-1 1501077039.093638 0.0
-1 1501077039.106102 0.0
-1 1501077039.124924 0.0
-1 1501077039.142120 0.0
-1 1501077039.155266 0.0
-1 1501077039.172519 0.0
-1 1501077039.188406 0.0
-1 1501077039.205408 0.0
-1 1501077039.215501 0.0
-1 1501077039.237991 0.0
-1 1501077039.254083 0.0
-1 1501077039.266115 0.0
-1 1501077039.281947 0.0
-1 1501077039.304066 0.0
-1 1501077039.314502 0.0
-1 1501077039.334657 0.0
-1 1501077039.347897 0.0
-1 1501077039.368746 0.0
-1 1501077039.382125 0.0
-1 1501077039.398057 0.0
-1 1501077039.411861 0.0
-1 1501077039.424639 0.0
-1 1501077039.441310 0.0
-1 1501077039.458376 0.0
-1 1501077039.476187 0.0
-1 1501077039.492406 0.0
-1 1501077039.506260 0.0
-1 1501077039.521873 0.0
-1 1501077039.543777 0.0
-1 1501077039.558358 0.0
-1 1501077039.574728 0.0
-1 1501077039.590275 0.0
-1 1501077039.608529 0.0
-1 1501077039.621549 0.0
-1 1501077039.643253 0.0
-1 1501077039.658528 0.0
-1 1501077039.676078 0.0
-1 1501077039.696376 0.0
-1 1501077039.706489 0.0
-1 1501077039.722789 0.0
-1 1501077039.739675 0.0
-1 1501077039.755183 0.0
-1 1501077039.772832 0.0
-1 1501077039.786761 0.0
-1 1501077039.804982 0.0
-1 1501077039.813844 0.0
-1 1501077039.830966 0.0
-1 1501077039.847405 0.0
-1 1501077039.863621 0.0
-1 1501077039.887946 0.0
-1 1501077039.896312 0.0
-1 1501077039.910740 0.0
-1 1501077039.927157 0.0
-1 1501077039.942776 0.0
-1 1501077039.959328 0.0
-1 1501077039.977836 0.0
-1 1501077039.991353 0.0
-1 1501077040.008292 0.0
-1 1501077040.023100 0.0
-1 1501077040.042847 0.0
-1 1501077040.061575 0.0
-1 1501077040.073765 0.0
-1 1501077040.093673 0.0
-1 1501077040.109486 0.0
-1 1501077040.120083 0.0
-1 1501077040.136160 0.0
-1 1501077040.159788 0.0
-1 1501077040.169597 0.0
-1 1501077040.192615 0.0
-1 1501077040.204860 0.0
-1 1501077040.223477 0.0
-1 1501077040.240167 0.0
-1 1501077040.255087 0.0
-1 1501077040.270126 0.0
-1 1501077040.288772 0.0
-1 1501077040.299628 0.0
-1 1501077040.313080 0.0
-1 1501077040.329758 0.0
-1 1501077040.345563 0.0
-1 1501077040.361526 0.0
-1 1501077040.377464 0.0
-1 1501077040.393955 0.0
-1 1501077040.409600 0.0
-1 1501077040.426069 0.0
-1 1501077040.442285 0.0
-1 1501077040.460226 0.0
-1 1501077040.474295 0.0
-1 1501077040.490486 0.0
-1 1501077040.507422 0.0
-1 1501077040.523654 0.0
-1 1501077040.539436 0.0
-1 1501077040.557973 0.0
-1 1501077040.573922 0.0
-1 1501077040.589017 0.0
-1 1501077040.606545 0.0
-1 1501077040.623125 0.0
-1 1501077040.641446 0.0
-1 1501077040.653203 0.0
-1 1501077040.673452 0.0
-1 1501077040.683519 0.0
-1 1501077040.704328 0.0
-1 1501077040.720209 0.0
-1 1501077040.731302 0.0
-1 1501077040.747059 0.0
-1 1501077040.774156 0.0
-1 1501077040.783472 0.0
-1 1501077040.806245 0.0
-1 1501077040.813852 0.0
-1 1501077040.837627 0.0
-1 1501077040.847073 0.0
-1 1501077040.864873 0.0
-1 1501077040.880813 0.0
-1 1501077040.895035 0.0
-1 1501077040.913372 0.0
-1 1501077040.928330 0.0
-1 1501077040.943333 0.0
-1 1501077040.958811 0.0
-1 1501077040.976127 0.0
-1 1501077040.992283 0.0
-1 1501077041.014443 0.0
-1 1501077041.023037 0.0
-1 1501077041.039252 0.0
-1 1501077041.058293 0.0
-1 1501077041.075356 0.0
-1 1501077041.089102 0.0
-1 1501077041.107587 0.0
-1 1501077041.125493 0.0
-1 1501077041.136941 0.0
-1 1501077041.150702 0.0
-1 1501077041.168737 0.0
-1 1501077041.184084 0.0
-1 1501077041.201775 0.0
-1 1501077041.218291 0.0
-1 1501077041.235025 0.0
-1 1501077041.248023 0.0
-1 1501077041.264806 0.0
-1 1501077041.280552 0.0
-1 1501077041.300640 0.0
-1 1501077041.317928 0.0
-1 1501077041.330779 0.0
-1 1501077041.349500 0.0
-1 1501077041.364478 0.0
-1 1501077041.383969 0.0
-1 1501077041.400700 0.0
-1 1501077041.413519 0.0
-1 1501077041.428467 0.0
-1 1501077041.442558 0.0
-1 1501077041.461679 0.0
-1 1501077041.479553 0.0
-1 1501077041.488161 0.0
-1 1501077041.504383 0.0
-1 1501077041.525854 0.0
-1 1501077041.538801 0.0
-1 1501077041.559571 0.0
-1 1501077041.573332 0.0
-1 1501077041.589409 0.0
-1 1501077041.606726 0.0
-1 1501077041.620991 0.0
-1 1501077041.637182 0.0
-1 1501077041.647683 0.0
-1 1501077041.666263 0.0
-1 1501077041.680495 0.0
-1 1501077041.695816 0.0
-1 1501077041.720984 0.0
-1 1501077041.727591 0.0
-1 1501077041.746635 0.0
-1 1501077041.759888 0.0
-1 1501077041.779439 0.0
-1 1501077041.793450 0.0
-1 1501077041.811266 0.0
-1 1501077041.824858 0.0
-1 1501077041.850705 0.0
-1 1501077041.862696 0.0
-1 1501077041.879541 0.0
-1 1501077041.902813 0.0
-1 1501077041.916708 0.0
-1 1501077041.936430 0.0
-1 1501077041.948253 0.0
-1 1501077041.963831 0.0
-1 1501077041.978213 0.0
-1 1501077041.997120 0.0
-1 1501077042.008994 0.0
-1 1501077042.028012 0.0
-1 1501077042.037482 0.0
-1 1501077042.054916 0.0
-1 1501077042.069645 0.0
-1 1501077042.086555 0.0
-1 1501077042.109657 0.0
-1 1501077042.119037 0.0
-1 1501077042.140467 0.0
-1 1501077042.149945 0.0
-1 1501077042.172714 0.0
-1 1501077042.183217 0.0
-1 1501077042.201922 0.0
-1 1501077042.216725 0.0
-1 1501077042.233472 0.0
-1 1501077042.249147 0.0
-1 1501077042.263314 0.0
-1 1501077042.279990 0.0
-1 1501077042.299472 0.0
-1 1501077042.315869 0.0
-1 1501077042.331844 0.0
-1 1501077042.357519 0.0
-1 1501077042.368773 0.0
-1 1501077042.378286 0.0
-1 1501077042.393800 0.0
-1 1501077042.410915 0.0
-1 1501077042.426530 0.0
-1 1501077042.458860 0.0
-1 1501077042.458971 0.0
-1 1501077042.475183 0.0
-1 1501077042.490896 0.0
-1 1501077042.511369 0.0
-1 1501077042.523933 0.0
-1 1501077042.540312 0.0
-1 1501077042.556268 0.0
-1 1501077042.576185 0.0
-1 1501077042.589240 0.0
-1 1501077042.608254 0.0
-1 1501077042.622993 0.0
-1 1501077042.641413 0.0
-1 1501077042.657648 0.0
-1 1501077042.669863 0.0
-1 1501077042.699807 0.0
-1 1501077042.700318 0.0
-1 1501077042.715649 0.0
-1 1501077042.734046 0.0
-1 1501077042.747710 0.0
-1 1501077042.764755 0.0
-1 1501077042.780527 0.0
-1 1501077042.799774 0.0
-1 1501077042.816458 0.0
-1 1501077042.829314 0.0
-1 1501077042.847423 0.0
-1 1501077042.862828 0.0
-1 1501077042.882966 0.0
-1 1501077042.897655 0.0
-1 1501077042.913547 0.0
-1 1501077042.932708 0.0
-1 1501077042.942687 0.0
-1 1501077042.969806 0.0
-1 1501077042.978137 0.0
-1 1501077042.989906 0.0
-1 1501077043.006442 0.0
-1 1501077043.022720 0.0
-1 1501077043.038588 0.0
-1 1501077043.055198 0.0
-1 1501077043.072501 0.0
-1 1501077043.090834 0.0
-1 1501077043.106095 0.0
-1 1501077043.125499 0.0
-1 1501077043.144892 0.0
-1 1501077043.153136 0.0
-1 1501077043.168668 0.0
-1 1501077043.184278 0.0
-1 1501077043.204043 0.0
-1 1501077043.220261 0.0
-1 1501077043.238967 0.0
-1 1501077043.247679 0.0
-1 1501077043.269086 0.0
-1 1501077043.280072 0.0
-1 1501077043.295571 0.0
-1 1501077043.311973 0.0
-1 1501077043.334005 0.0
-1 1501077043.344691 0.0
-1 1501077043.364168 0.0
-1 1501077043.377839 0.0
-1 1501077043.402050 0.0
-1 1501077043.410491 0.0
-1 1501077043.427042 0.0
-1 1501077043.442685 0.0
-1 1501077043.459784 0.0
-1 1501077043.477340 0.0
-1 1501077043.491615 0.0
-1 1501077043.508853 0.0
-1 1501077043.526892 0.0
-1 1501077043.542548 0.0
-1 1501077043.558843 0.0
-1 1501077043.575518 0.0
-1 1501077043.591922 0.0
-1 1501077043.609713 0.0
-1 1501077043.624361 0.0
-1 1501077043.640363 0.0
-1 1501077043.656078 0.0
-1 1501077043.676233 0.0
-1 1501077043.691500 0.0
-1 1501077043.710075 0.0
-1 1501077043.724229 0.0
-1 1501077043.740753 0.0
-1 1501077043.762591 0.0
-1 1501077043.773282 0.0
-1 1501077043.794292 0.0
-1 1501077043.805007 0.0
-1 1501077043.826250 0.0
-1 1501077043.837953 0.0
-1 1501077043.857639 0.0
-1 1501077043.863734 0.0
-1 1501077043.880665 0.0
-1 1501077043.896057 0.0
-1 1501077043.912095 0.0
-1 1501077043.927726 0.0
-1 1501077043.944430 0.0
-1 1501077043.960141 0.0
-1 1501077043.983172 0.0
-1 1501077043.991873 0.0
-1 1501077044.008806 0.0
-1 1501077044.025537 0.0
-1 1501077044.041416 0.0
-1 1501077044.057696 0.0
-1 1501077044.079411 0.0
-1 1501077044.098964 0.0
-1 1501077044.105907 0.0
-1 1501077044.124806 0.0
-1 1501077044.137283 0.0
-1 1501077044.152987 0.0
-1 1501077044.168830 0.0
-1 1501077044.185164 0.0
-1 1501077044.201217 0.0
-1 1501077044.221115 0.0
-1 1501077044.233464 0.0
-1 1501077044.250866 0.0
-1 1501077044.265756 0.0
-1 1501077044.285129 0.0
-1 1501077044.300300 0.0
-1 1501077044.316165 0.0
-1 1501077044.337262 0.0
-1 1501077044.350830 0.0
-1 1501077044.364507 0.0
-1 1501077044.381969 0.0
-1 1501077044.398199 0.0
-1 1501077044.412360 0.0
-1 1501077044.431918 0.0
-1 1501077044.445767 0.0
-1 1501077044.462731 0.0
-1 1501077044.476110 0.0
-1 1501077044.490312 0.0
-1 1501077044.507943 0.0
-1 1501077044.523552 0.0
-1 1501077044.538806 0.0
-1 1501077044.557052 0.0
-1 1501077044.572568 0.0
-1 1501077044.592344 0.0
-1 1501077044.608099 0.0
-1 1501077044.624710 0.0
-1 1501077044.639757 0.0
-1 1501077044.656558 0.0
-1 1501077044.671826 0.0
-1 1501077044.689016 0.0
-1 1501077044.706317 0.0
-1 1501077044.715117 0.0
-1 1501077044.730699 0.0
-1 1501077044.747403 0.0
-1 1501077044.763564 0.0
-1 1501077044.781603 0.0
-1 1501077044.801983 0.0
-1 1501077044.812049 0.0
-1 1501077044.828919 0.0
-1 1501077044.848283 0.0
-1 1501077044.865235 0.0
-1 1501077044.879192 0.0
-1 1501077044.896624 0.0
-1 1501077044.913993 0.0
-1 1501077044.927485 0.0
-1 1501077044.943261 0.0
-1 1501077044.961088 0.0
-1 1501077044.971119 0.0
-1 1501077044.987501 0.0
-1 1501077045.009449 0.0
-1 1501077045.019530 0.0
-1 1501077045.035042 0.0
-1 1501077045.050718 0.0
-1 1501077045.067862 0.0
-1 1501077045.082090 0.0
-1 1501077045.098198 0.0
-1 1501077045.113961 0.0
-1 1501077045.129698 0.0
-1 1501077045.147857 0.0
-1 1501077045.163239 0.0
-1 1501077045.179408 0.0
-1 1501077045.196176 0.0
-1 1501077045.211702 0.0
-1 1501077045.228331 0.0
-1 1501077045.242710 0.0
-1 1501077045.262175 0.0
-1 1501077045.276174 0.0
-1 1501077045.294547 0.0
-1 1501077045.313618 0.0
-1 1501077045.325806 0.0
-1 1501077045.341082 0.0
-1 1501077045.355604 0.0
-1 1501077045.373054 0.0
-1 1501077045.390688 0.0
-1 1501077045.412939 0.0
-1 1501077045.422435 0.0
-1 1501077045.442223 0.0
-1 1501077045.455934 0.0
-1 1501077045.476128 0.0
-1 1501077045.489033 0.0
-1 1501077045.507055 0.0
-1 1501077045.522389 0.0
-1 1501077045.540240 0.0
-1 1501077045.560156 0.0
-1 1501077045.568123 0.0
-1 1501077045.584667 0.0
-1 1501077045.599839 0.0
-1 1501077045.619646 0.0
-1 1501077045.632004 0.0
-1 1501077045.653613 0.0
-1 1501077045.665991 0.0
-1 1501077045.682884 0.0
-1 1501077045.696923 0.0
-1 1501077045.712220 0.0
-1 1501077045.728955 0.0
-1 1501077045.747895 0.0
-1 1501077045.761592 0.0
-1 1501077045.780060 0.0
-1 1501077045.794879 0.0
-1 1501077045.814886 0.0
-1 1501077045.832400 0.0
-1 1501077045.846842 0.0
-1 1501077045.866599 0.0
-1 1501077045.875156 0.0
-1 1501077045.894750 0.0
-1 1501077045.906054 0.0
-1 1501077045.929629 0.0
-1 1501077045.940197 0.0
-1 1501077045.955987 0.0
-1 1501077045.971773 0.0
-1 1501077045.991685 0.0
-1 1501077046.006527 0.0
-1 1501077046.025420 0.0
-1 1501077046.041075 0.0
-1 1501077046.053101 0.0
-1 1501077046.078163 0.0
-1 1501077046.093318 0.0
-1 1501077046.100594 0.0
-1 1501077046.117268 0.0
-1 1501077046.132742 0.0
-1 1501077046.150646 0.0
-1 1501077046.167452 0.0
-1 1501077046.181977 0.0
-1 1501077046.203929 0.0
-1 1501077046.214644 0.0
-1 1501077046.229643 0.0
-1 1501077046.249328 0.0
-1 1501077046.260898 0.0
-1 1501077046.278948 0.0
-1 1501077046.297735 0.0
-1 1501077046.311854 0.0
-1 1501077046.336841 0.0
-1 1501077046.347158 0.0
-1 1501077046.365534 0.0
-1 1501077046.382422 0.0
-1 1501077046.395476 0.0
-1 1501077046.408155 0.0
-1 1501077046.427451 0.0
-1 1501077046.443809 0.0
-1 1501077046.459682 0.0
-1 1501077046.475043 0.0
-1 1501077046.490703 0.0
-1 1501077046.512882 0.0
-1 1501077046.521014 0.0
-1 1501077046.537462 0.0
-1 1501077046.552422 0.0
-1 1501077046.578399 0.0
-1 1501077046.586622 0.0
-1 1501077046.601135 0.0
-1 1501077046.616972 0.0
-1 1501077046.633335 0.0
-1 1501077046.648856 0.0
-1 1501077046.671088 0.0
-1 1501077046.681737 0.0
-1 1501077046.699894 0.0
-1 1501077046.716652 0.0
-1 1501077046.732802 0.0
-1 1501077046.746543 0.0
-1 1501077046.764494 0.0
-1 1501077046.778563 0.0
-1 1501077046.794554 0.0
-1 1501077046.816822 0.0
-1 1501077046.826170 0.0
-1 1501077046.842326 0.0
-1 1501077046.861846 0.0
-1 1501077046.881032 0.0
-1 1501077046.894631 0.0
-1 1501077046.911951 0.0
-1 1501077046.925332 0.0
-1 1501077046.942897 0.0
-1 1501077046.964117 0.0
-1 1501077046.975507 0.0
-1 1501077046.992351 0.0
-1 1501077047.011012 0.0
-1 1501077047.031761 0.0
-1 1501077047.043376 0.0
-1 1501077047.055195 0.0
-1 1501077047.074508 0.0
-1 1501077047.096481 0.0
-1 1501077047.108608 0.0
-1 1501077047.128869 0.0
-1 1501077047.135548 0.0
-1 1501077047.159037 0.0
-1 1501077047.167805 0.0
-1 1501077047.186083 0.0
-1 1501077047.199579 0.0
-1 1501077047.217407 0.0
-1 1501077047.231817 0.0
-1 1501077047.251190 0.0
-1 1501077047.271558 0.0
-1 1501077047.281505 0.0
-1 1501077047.298252 0.0
-1 1501077047.314588 0.0
-1 1501077047.330452 0.0
-1 1501077047.347423 0.0
-1 1501077047.362049 0.0
-1 1501077047.380486 0.0
-1 1501077047.394330 0.0
-1 1501077047.411628 0.0
-1 1501077047.432577 0.0
-1 1501077047.444606 0.0
-1 1501077047.462756 0.0
-1 1501077047.478742 0.0
-1 1501077047.497060 0.0
-1 1501077047.513065 0.0
-1 1501077047.528238 0.0
-1 1501077047.544336 0.0
-1 1501077047.563340 0.0
-1 1501077047.582096 0.0
-1 1501077047.593763 0.0
-1 1501077047.617414 0.0
-1 1501077047.622269 0.0
-1 1501077047.643829 0.0
-1 1501077047.657071 0.0
-1 1501077047.666808 0.0
-1 1501077047.683386 0.0
-1 1501077047.712164 0.0
-1 1501077047.717213 0.0
-1 1501077047.735829 0.0
-1 1501077047.749182 0.0
-1 1501077047.764767 0.0
-1 1501077047.781373 0.0
-1 1501077047.797598 0.0
-1 1501077047.813030 0.0
-1 1501077047.831226 0.0
-1 1501077047.844800 0.0
-1 1501077047.864368 0.0
-1 1501077047.884266 0.0
-1 1501077047.897569 0.0
-1 1501077047.914503 0.0
-1 1501077047.929310 0.0
-1 1501077047.945366 0.0
-1 1501077047.962493 0.0
-1 1501077047.980545 0.0
-1 1501077047.994296 0.0
-1 1501077048.014281 0.0
-1 1501077048.027033 0.0
-1 1501077048.046954 0.0
-1 1501077048.058946 0.0
-1 1501077048.077398 0.0
-1 1501077048.087533 0.0
-1 1501077048.104455 0.0
-1 1501077048.126879 0.0
-1 1501077048.140536 0.0
-1 1501077048.156615 0.0
-1 1501077048.173717 0.0
-1 1501077048.192439 0.0
-1 1501077048.204476 0.0
-1 1501077048.224477 0.0
-1 1501077048.230681 0.0
-1 1501077048.247667 0.0
-1 1501077048.263332 0.0
-1 1501077048.279612 0.0
-1 1501077048.294961 0.0
-1 1501077048.310907 0.0
-1 1501077048.326587 0.0
-1 1501077048.347444 0.0
-1 1501077048.359178 0.0
-1 1501077048.374851 0.0
-1 1501077048.391298 0.0
-1 1501077048.410470 0.0
-1 1501077048.424044 0.0
-1 1501077048.444413 0.0
-1 1501077048.455028 0.0
-1 1501077048.474298 0.0
-1 1501077048.488990 0.0
-1 1501077048.503861 0.0
-1 1501077048.525088 0.0
-1 1501077048.540461 0.0
-1 1501077048.554725 0.0
-1 1501077048.574065 0.0
-1 1501077048.587014 0.0
-1 1501077048.602273 0.0
-1 1501077048.617511 0.0
-1 1501077048.633085 0.0
-1 1501077048.651835 0.0
-1 1501077048.665422 0.0
-1 1501077048.681907 0.0
-1 1501077048.696418 0.0
-1 1501077048.713115 0.0
-1 1501077048.728921 0.0
-1 1501077048.746543 0.0
-1 1501077048.761058 0.0
-1 1501077048.780633 0.0
-1 1501077048.793851 0.0
-1 1501077048.810693 0.0
-1 1501077048.827282 0.0
-1 1501077048.844524 0.0
-1 1501077048.861116 0.0
-1 1501077048.876610 0.0
-1 1501077048.894253 0.0
-1 1501077048.905497 0.0
-1 1501077048.930878 0.0
-1 1501077048.938594 0.0
-1 1501077048.963354 0.0
-1 1501077048.971122 0.0
-1 1501077048.992895 0.0
-1 1501077049.001391 0.0
-1 1501077049.019930 0.0
-1 1501077049.032726 0.0
-1 1501077049.054102 0.0
-1 1501077049.064862 0.0
-1 1501077049.085592 0.0
-1 1501077049.101454 0.0
-1 1501077049.116205 0.0
-1 1501077049.138648 0.0
-1 1501077049.148518 0.0
-1 1501077049.165457 0.0
-1 1501077049.182779 0.0
-1 1501077049.196492 0.0
-1 1501077049.214128 0.0
-1 1501077049.230780 0.0
-1 1501077049.245383 0.0
-1 1501077049.258409 0.0
-1 1501077049.276129 0.0
-1 1501077049.300166 0.0
-1 1501077049.307063 0.0
-1 1501077049.322191 0.0
-1 1501077049.338274 0.0
-1 1501077049.358147 0.0
-1 1501077049.373117 0.0
-1 1501077049.391880 0.0
-1 1501077049.409654 0.0
-1 1501077049.425408 0.0
-1 1501077049.434761 0.0
-1 1501077049.452252 0.0
-1 1501077049.466823 0.0
-1 1501077049.483504 0.0
-1 1501077049.499458 0.0
-1 1501077049.515049 0.0
-1 1501077049.530806 0.0
-1 1501077049.548289 0.0
-1 1501077049.564077 0.0
-1 1501077049.582972 0.0
-1 1501077049.601825 0.0
-1 1501077049.612543 0.0
-1 1501077049.628269 0.0
-1 1501077049.643934 0.0
-1 1501077049.665275 0.0
-1 1501077049.677679 0.0
-1 1501077049.699232 0.0
-1 1501077049.709987 0.0
-1 1501077049.728126 0.0
-1 1501077049.744137 0.0
-1 1501077049.757653 0.0
-1 1501077049.783461 0.0
-1 1501077049.794823 0.0
-1 1501077049.819592 0.0
-1 1501077049.824624 0.0
-1 1501077049.849126 0.0
-1 1501077049.855810 0.0
-1 1501077049.874885 0.0
-1 1501077049.888711 0.0
-1 1501077049.909062 0.0
-1 1501077049.922194 0.0
-1 1501077049.943601 0.0
-1 1501077049.962928 0.0
-1 1501077049.968419 0.0
-1 1501077049.991251 0.0
-1 1501077050.000798 0.0
-1 1501077050.023612 0.0
-1 1501077050.032032 0.0
-1 1501077050.047882 0.0
-1 1501077050.063310 0.0
-1 1501077050.082490 0.0
-1 1501077050.096373 0.0
-1 1501077050.112155 0.0
-1 1501077050.130111 0.0
-1 1501077050.145142 0.0
-1 1501077050.160472 0.0
-1 1501077050.181955 0.0
-1 1501077050.195805 0.0
-1 1501077050.211739 0.0
-1 1501077050.226705 0.0
-1 1501077050.247383 0.0
-1 1501077050.260344 0.0
-1 1501077050.279129 0.0
-1 1501077050.297721 0.0
-1 1501077050.310387 0.0
-1 1501077050.328348 0.0
-1 1501077050.340808 0.0
-1 1501077050.356461 0.0
-1 1501077050.374433 0.0
-1 1501077050.384466 0.0
-1 1501077050.400142 0.0
-1 1501077050.415842 0.0
-1 1501077050.432275 0.0
-1 1501077050.449270 0.0
-1 1501077050.465080 0.0
-1 1501077050.485503 0.0
-1 1501077050.497160 0.0
-1 1501077050.515843 0.0
-1 1501077050.528820 0.0
-1 1501077050.548061 0.0
-1 1501077050.561754 0.0
-1 1501077050.580797 0.0
-1 1501077050.593538 0.0
-1 1501077050.611853 0.0
-1 1501077050.625951 0.0
-1 1501077050.646124 0.0
-1 1501077050.665409 0.0
-1 1501077050.678281 0.0
-1 1501077050.693531 0.0
-1 1501077050.709733 0.0
-1 1501077050.729596 0.0
-1 1501077050.743623 0.0
-1 1501077050.758117 0.0
-1 1501077050.773804 0.0
-1 1501077050.785327 0.0
-1 1501077050.801516 0.0
-1 1501077050.822631 0.0
-1 1501077050.833138 0.0
-1 1501077050.849384 0.0
-1 1501077050.866554 0.0
-1 1501077050.882322 0.0
-1 1501077050.896966 0.0
-1 1501077050.914314 0.0
-1 1501077050.928903 0.0
-1 1501077050.947065 0.0
-1 1501077050.960729 0.0
-1 1501077050.980195 0.0
-1 1501077050.998200 0.0
-1 1501077051.012997 0.0
-1 1501077051.029691 0.0
-1 1501077051.043976 0.0
-1 1501077051.060925 0.0
-1 1501077051.076952 0.0
-1 1501077051.088801 0.0
-1 1501077051.107601 0.0
-1 1501077051.128933 0.0
-1 1501077051.139496 0.0
-1 1501077051.158727 0.0
-1 1501077051.173272 0.0
-1 1501077051.193390 0.0
-1 1501077051.200729 0.0
-1 1501077051.218214 0.0
-1 1501077051.232725 0.0
-1 1501077051.249504 0.0
-1 1501077051.265300 0.0
-1 1501077051.284179 0.0
-1 1501077051.296530 0.0
-1 1501077051.313182 0.0
-1 1501077051.330493 0.0
-1 1501077051.348429 0.0
-1 1501077051.365478 0.0
-1 1501077051.384174 0.0
-1 1501077051.393611 0.0
-1 1501077051.411575 0.0
-1 1501077051.427438 0.0
-1 1501077051.444186 0.0
-1 1501077051.461947 0.0
-1 1501077051.476831 0.0
-1 1501077051.497264 0.0
-1 1501077051.511389 0.0
-1 1501077051.527455 0.0
-1 1501077051.542928 0.0
-1 1501077051.554660 0.0
-1 1501077051.574797 0.0
-1 1501077051.587416 0.0
-1 1501077051.602410 0.0
-1 1501077051.623521 0.0
-1 1501077051.635252 0.0
-1 1501077051.649911 0.0
-1 1501077051.668560 0.0
-1 1501077051.686765 0.0
-1 1501077051.702859 0.0
-1 1501077051.715053 0.0
-1 1501077051.729842 0.0
-1 1501077051.747355 0.0
-1 1501077051.766198 0.0
-1 1501077051.778969 0.0
-1 1501077051.794962 0.0
-1 1501077051.811831 0.0
-1 1501077051.830297 0.0
-1 1501077051.843471 0.0
-1 1501077051.860823 0.0
-1 1501077051.877127 0.0
-1 1501077051.896653 0.0
-1 1501077051.913296 0.0
-1 1501077051.929423 0.0
-1 1501077051.950284 0.0
-1 1501077051.960764 0.0
-1 1501077051.976185 0.0
-1 1501077051.995528 0.0
-1 1501077052.009886 0.0
-1 1501077052.024456 0.0
-1 1501077052.037416 0.0
-1 1501077052.057887 0.0
-1 1501077052.066595 0.0
-1 1501077052.083577 0.0
-1 1501077052.099575 0.0
-1 1501077052.115064 0.0
-1 1501077052.131057 0.0
-1 1501077052.146834 0.0
-1 1501077052.165281 0.0
-1 1501077052.180126 0.0
-1 1501077052.199122 0.0
-1 1501077052.212106 0.0
-1 1501077052.227881 0.0
-1 1501077052.245221 0.0
-1 1501077052.263633 0.0
-1 1501077052.285419 0.0
-1 1501077052.295549 0.0
-1 1501077052.311866 0.0
-1 1501077052.326162 0.0
-1 1501077052.344288 0.0
-1 1501077052.363654 0.0
-1 1501077052.376423 0.0
-1 1501077052.392427 0.0
-1 1501077052.413981 0.0
-1 1501077052.426082 0.0
-1 1501077052.446590 0.0
-1 1501077052.458497 0.0
-1 1501077052.473872 0.0
-1 1501077052.487249 0.0
-1 1501077052.503928 0.0
-1 1501077052.519846 0.0
-1 1501077052.535217 0.0
-1 1501077052.550418 0.0
-1 1501077052.566597 0.0
-1 1501077052.590810 0.0
-1 1501077052.601437 0.0
-1 1501077052.617401 0.0
-1 1501077052.634593 0.0
-1 1501077052.649637 0.0
-1 1501077052.665096 0.0
-1 1501077052.684689 0.0
-1 1501077052.694555 0.0
-1 1501077052.729462 0.0
-1 1501077052.732513 0.0
-1 1501077052.750624 0.0
-1 1501077052.763097 0.0
-1 1501077052.780465 0.0
-1 1501077052.795089 0.0
-1 1501077052.814941 0.0
-1 1501077052.826861 0.0
-1 1501077052.847360 0.0
-1 1501077052.862764 0.0
-1 1501077052.879539 0.0
-1 1501077052.900517 0.0
-1 1501077052.913936 0.0
-1 1501077052.929452 0.0
-1 1501077052.943568 0.0
-1 1501077052.962453 0.0
-1 1501077052.975276 0.0
-1 1501077052.997714 0.0
-1 1501077053.009229 0.0
