-1 1501080564.408037 0.264524 -0.503819 0.009662 0.420727 0.884525 -0.201508 66.677538
-1 1501080564.427493 0.264524 -0.503819 0.009662 0.420727 0.884525 -0.201508 66.677538
-1 1501080564.455898 0.264524 -0.503819 0.009662 0.420727 0.884525 -0.201508 66.677538
-1 1501080564.479926 0.264329 -0.504125 0.009371 0.419078 0.885374 -0.20121 66.73098
-1 1501080564.501062 0.264329 -0.504125 0.009371 0.419078 0.885374 -0.20121 66.73098
-1 1501080564.517836 0.265076 -0.504125 0.009777 0.419665 0.885122 -0.201096 66.653202
-1 1501080564.541561 0.265076 -0.504125 0.009777 0.419665 0.885122 -0.201096 66.653202
-1 1501080564.561498 0.265076 -0.504125 0.009777 0.419665 0.885122 -0.201096 66.653202
-1 1501080564.581612 0.264319 -0.503394 0.009131 0.420061 0.885075 -0.200479 66.768551
-1 1501080564.601718 0.264319 -0.503394 0.009131 0.420061 0.885075 -0.200479 66.768551
-1 1501080564.621747 0.264319 -0.503394 0.009131 0.420061 0.885075 -0.200479 66.768551
-1 1501080564.641940 0.264319 -0.503394 0.009131 0.420061 0.885075 -0.200479 66.768551
-1 1501080564.663960 0.264319 -0.503394 0.009131 0.420061 0.885075 -0.200479 66.768551
-1 1501080564.681927 0.264319 -0.503394 0.009131 0.420061 0.885075 -0.200479 66.768551
-1 1501080564.702013 0.264267 -0.503817 0.009238 0.420727 0.884511 -0.201565 66.765336
-1 1501080564.723381 0.264267 -0.503817 0.009238 0.420727 0.884511 -0.201565 66.765336
-1 1501080564.743534 0.264267 -0.503817 0.009238 0.420727 0.884511 -0.201565 66.765336
-1 1501080564.763513 0.264319 -0.503394 0.009131 0.420061 0.885075 -0.200479 66.768551
-1 1501080564.787290 0.264319 -0.503394 0.009131 0.420061 0.885075 -0.200479 66.768551
-1 1501080564.803727 0.264319 -0.503394 0.009131 0.420061 0.885075 -0.200479 66.768551
-1 1501080564.823822 0.264319 -0.503394 0.009131 0.420061 0.885075 -0.200479 66.768551
-1 1501080564.846382 0.264319 -0.503394 0.009131 0.420061 0.885075 -0.200479 66.768551
-1 1501080564.865947 0.264319 -0.503394 0.009131 0.420061 0.885075 -0.200479 66.768551
-1 1501080564.886031 0.264319 -0.503394 0.009131 0.420061 0.885075 -0.200479 66.768551
-1 1501080564.906858 0.264319 -0.503394 0.009131 0.420061 0.885075 -0.200479 66.768551
-1 1501080564.926200 0.264319 -0.503394 0.009131 0.420061 0.885075 -0.200479 66.768551
-1 1501080564.946296 0.264267 -0.503817 0.009238 0.420727 0.884511 -0.201565 66.765336
-1 1501080564.966352 0.264267 -0.503817 0.009238 0.420727 0.884511 -0.201565 66.765336
-1 1501080564.986425 0.264267 -0.503817 0.009238 0.420727 0.884511 -0.201565 66.765336
-1 1501080565.006455 0.264267 -0.503817 0.009238 0.420727 0.884511 -0.201565 66.765336
-1 1501080565.026542 0.264267 -0.503817 0.009238 0.420727 0.884511 -0.201565 66.765336
-1 1501080565.046623 0.264267 -0.503817 0.009238 0.420727 0.884511 -0.201565 66.765336
-1 1501080565.066735 0.264585 -0.504125 0.009795 0.419076 0.885389 -0.201151 66.643188
-1 1501080565.087213 0.264585 -0.504125 0.009795 0.419076 0.885389 -0.201151 66.643188
-1 1501080565.107244 0.264585 -0.504125 0.009795 0.419076 0.885389 -0.201151 66.643188
-1 1501080565.127311 0.264319 -0.503394 0.009131 0.420061 0.885075 -0.200479 66.768551
-1 1501080565.147502 0.264319 -0.503394 0.009131 0.420061 0.885075 -0.200479 66.768551
-1 1501080565.167558 0.264319 -0.503394 0.009131 0.420061 0.885075 -0.200479 66.768551
-1 1501080565.187548 0.265076 -0.504125 0.009777 0.419665 0.885122 -0.201096 66.653202
-1 1501080565.208547 0.265076 -0.504125 0.009777 0.419665 0.885122 -0.201096 66.653202
-1 1501080565.227827 0.265076 -0.504125 0.009777 0.419665 0.885122 -0.201096 66.653202
-1 1501080565.247886 0.264329 -0.504125 0.009371 0.419078 0.885374 -0.20121 66.73098
-1 1501080565.267912 0.264329 -0.504125 0.009371 0.419078 0.885374 -0.20121 66.73098
-1 1501080565.287925 0.264329 -0.504125 0.009371 0.419078 0.885374 -0.20121 66.73098
-1 1501080565.308133 0.264267 -0.503817 0.009238 0.420727 0.884511 -0.201565 66.765336
-1 1501080565.328147 0.264267 -0.503817 0.009238 0.420727 0.884511 -0.201565 66.765336
-1 1501080565.348255 0.264267 -0.503817 0.009238 0.420727 0.884511 -0.201565 66.765336
-1 1501080565.368334 0.264329 -0.504125 0.009371 0.419078 0.885374 -0.20121 66.73098
-1 1501080565.391866 0.264329 -0.504125 0.009371 0.419078 0.885374 -0.20121 66.73098
-1 1501080565.408461 0.264329 -0.504125 0.009371 0.419078 0.885374 -0.20121 66.73098
-1 1501080565.428503 0.264585 -0.504125 0.009795 0.419076 0.885389 -0.201151 66.643188
-1 1501080565.448545 0.264585 -0.504125 0.009795 0.419076 0.885389 -0.201151 66.643188
-1 1501080565.468603 0.264585 -0.504125 0.009795 0.419076 0.885389 -0.201151 66.643188
-1 1501080565.488676 0.264267 -0.503817 0.009238 0.420727 0.884511 -0.201565 66.765336
-1 1501080565.508859 0.264267 -0.503817 0.009238 0.420727 0.884511 -0.201565 66.765336
-1 1501080565.528859 0.264267 -0.503817 0.009238 0.420727 0.884511 -0.201565 66.765336
-1 1501080565.548980 0.264319 -0.503394 0.009131 0.420061 0.885075 -0.200479 66.768551
-1 1501080565.569195 0.264319 -0.503394 0.009131 0.420061 0.885075 -0.200479 66.768551
-1 1501080565.589542 0.264319 -0.503394 0.009131 0.420061 0.885075 -0.200479 66.768551
-1 1501080565.610166 0.264319 -0.503394 0.009131 0.420061 0.885075 -0.200479 66.768551
-1 1501080565.630249 0.264319 -0.503394 0.009131 0.420061 0.885075 -0.200479 66.768551
-1 1501080565.650302 0.264319 -0.503394 0.009131 0.420061 0.885075 -0.200479 66.768551
-1 1501080565.670294 0.264585 -0.504125 0.009795 0.419076 0.885389 -0.201151 66.643188
-1 1501080565.690308 0.264585 -0.504125 0.009795 0.419076 0.885389 -0.201151 66.643188
-1 1501080565.710457 0.264585 -0.504125 0.009795 0.419076 0.885389 -0.201151 66.643188
-1 1501080565.730524 0.264267 -0.503817 0.009238 0.420727 0.884511 -0.201565 66.765336
-1 1501080565.750535 0.264267 -0.503817 0.009238 0.420727 0.884511 -0.201565 66.765336
-1 1501080565.770624 0.264267 -0.503817 0.009238 0.420727 0.884511 -0.201565 66.765336
-1 1501080565.790631 0.26527 -0.503819 0.010069 0.421315 0.884271 -0.201393 66.599834
-1 1501080565.810927 0.26527 -0.503819 0.010069 0.421315 0.884271 -0.201393 66.599834
-1 1501080565.830998 0.26527 -0.503819 0.010069 0.421315 0.884271 -0.201393 66.599834
-1 1501080565.855226 0.264585 -0.504125 0.009795 0.419076 0.885389 -0.201151 66.643188
-1 1501080565.871049 0.264585 -0.504125 0.009795 0.419076 0.885389 -0.201151 66.643188
-1 1501080565.891089 0.264585 -0.504125 0.009795 0.419076 0.885389 -0.201151 66.643188
-1 1501080565.911238 0.264319 -0.503394 0.009131 0.420061 0.885075 -0.200479 66.768551
-1 1501080565.931300 0.264319 -0.503394 0.009131 0.420061 0.885075 -0.200479 66.768551
-1 1501080565.951334 0.264319 -0.503394 0.009131 0.420061 0.885075 -0.200479 66.768551
-1 1501080565.971514 0.264319 -0.503394 0.009131 0.420061 0.885075 -0.200479 66.768551
-1 1501080565.991416 0.264319 -0.503394 0.009131 0.420061 0.885075 -0.200479 66.768551
-1 1501080566.011563 0.264319 -0.503394 0.009131 0.420061 0.885075 -0.200479 66.768551
-1 1501080566.031591 0.264576 -0.503396 0.009554 0.42006 0.885088 -0.20042 66.680758
-1 1501080566.053126 0.264576 -0.503396 0.009554 0.42006 0.885088 -0.20042 66.680758
-1 1501080566.071781 0.264576 -0.503396 0.009554 0.42006 0.885088 -0.20042 66.680758
-1 1501080566.091732 0.264319 -0.503394 0.009131 0.420061 0.885075 -0.200479 66.768551
-1 1501080566.111819 0.264319 -0.503394 0.009131 0.420061 0.885075 -0.200479 66.768551
-1 1501080566.131877 0.264319 -0.503394 0.009131 0.420061 0.885075 -0.200479 66.768551
-1 1501080566.151975 0.264319 -0.503394 0.009131 0.420061 0.885075 -0.200479 66.768551
-1 1501080566.171982 0.264319 -0.503394 0.009131 0.420061 0.885075 -0.200479 66.768551
-1 1501080566.192024 0.264319 -0.503394 0.009131 0.420061 0.885075 -0.200479 66.768551
-1 1501080566.212131 0.264329 -0.504125 0.009371 0.419078 0.885374 -0.20121 66.73098
-1 1501080566.232144 0.264329 -0.504125 0.009371 0.419078 0.885374 -0.20121 66.73098
-1 1501080566.252229 0.264329 -0.504125 0.009371 0.419078 0.885374 -0.20121 66.73098
-1 1501080566.272293 0.264534 -0.504548 0.009903 0.419743 0.884825 -0.202239 66.639905
-1 1501080566.292308 0.264534 -0.504548 0.009903 0.419743 0.884825 -0.202239 66.639905
-1 1501080566.312448 0.264534 -0.504548 0.009903 0.419743 0.884825 -0.202239 66.639905
-1 1501080566.332453 0.264585 -0.504125 0.009795 0.419076 0.885389 -0.201151 66.643188
-1 1501080566.352507 0.264585 -0.504125 0.009795 0.419076 0.885389 -0.201151 66.643188
-1 1501080566.372569 0.264585 -0.504125 0.009795 0.419076 0.885389 -0.201151 66.643188
-1 1501080566.392649 0.264585 -0.504125 0.009795 0.419076 0.885389 -0.201151 66.643188
-1 1501080566.412680 0.264585 -0.504125 0.009795 0.419076 0.885389 -0.201151 66.643188
-1 1501080566.432755 0.264585 -0.504125 0.009795 0.419076 0.885389 -0.201151 66.643188
-1 1501080566.452868 0.264576 -0.503396 0.009554 0.42006 0.885088 -0.20042 66.680758
-1 1501080566.472895 0.264576 -0.503396 0.009554 0.42006 0.885088 -0.20042 66.680758
-1 1501080566.492988 0.264576 -0.503396 0.009554 0.42006 0.885088 -0.20042 66.680758
-1 1501080566.513063 0.264319 -0.503394 0.009131 0.420061 0.885075 -0.200479 66.768551
-1 1501080566.533059 0.264319 -0.503394 0.009131 0.420061 0.885075 -0.200479 66.768551
-1 1501080566.557579 0.264319 -0.503394 0.009131 0.420061 0.885075 -0.200479 66.768551
-1 1501080566.577655 0.264576 -0.503396 0.009554 0.42006 0.885088 -0.20042 66.680758
-1 1501080566.597662 0.264576 -0.503396 0.009554 0.42006 0.885088 -0.20042 66.680758
-1 1501080566.618050 0.264576 -0.503396 0.009554 0.42006 0.885088 -0.20042 66.680758
-1 1501080566.638051 0.264319 -0.503394 0.009131 0.420061 0.885075 -0.200479 66.768551
-1 1501080566.658338 0.264319 -0.503394 0.009131 0.420061 0.885075 -0.200479 66.768551
-1 1501080566.678401 0.264319 -0.503394 0.009131 0.420061 0.885075 -0.200479 66.768551
-1 1501080566.698404 0.264319 -0.503394 0.009131 0.420061 0.885075 -0.200479 66.768551
-1 1501080566.718473 0.264319 -0.503394 0.009131 0.420061 0.885075 -0.200479 66.768551
-1 1501080566.741072 0.264576 -0.503396 0.009554 0.42006 0.885088 -0.20042 66.680758
-1 1501080566.765385 0.264576 -0.503396 0.009554 0.42006 0.885088 -0.20042 66.680758
-1 1501080566.781202 0.264576 -0.503396 0.009554 0.42006 0.885088 -0.20042 66.680758
-1 1501080566.801220 0.264319 -0.503394 0.009131 0.420061 0.885075 -0.200479 66.768551
-1 1501080566.821280 0.264319 -0.503394 0.009131 0.420061 0.885075 -0.200479 66.768551
-1 1501080566.841432 0.264319 -0.503394 0.009131 0.420061 0.885075 -0.200479 66.768551
-1 1501080566.861532 0.264319 -0.503394 0.009131 0.420061 0.885075 -0.200479 66.768551
-1 1501080566.881521 0.264576 -0.503396 0.009554 0.42006 0.885088 -0.20042 66.680758
-1 1501080566.901606 0.264576 -0.503396 0.009554 0.42006 0.885088 -0.20042 66.680758
-1 1501080566.921703 0.264319 -0.503394 0.009131 0.420061 0.885075 -0.200479 66.768551
-1 1501080566.941697 0.264319 -0.503394 0.009131 0.420061 0.885075 -0.200479 66.768551
-1 1501080566.961785 0.264319 -0.503394 0.009131 0.420061 0.885075 -0.200479 66.768551
-1 1501080566.989719 0.264319 -0.503394 0.009131 0.420061 0.885075 -0.200479 66.768551
-1 1501080567.011661 0.264319 -0.503394 0.009131 0.420061 0.885075 -0.200479 66.768551
-1 1501080567.031700 0.264319 -0.503394 0.009131 0.420061 0.885075 -0.200479 66.768551
-1 1501080567.052268 0.264319 -0.503394 0.009131 0.420061 0.885075 -0.200479 66.768551
-1 1501080567.072693 0.264319 -0.503394 0.009131 0.420061 0.885075 -0.200479 66.768551
-1 1501080567.092930 0.264319 -0.503394 0.009131 0.420061 0.885075 -0.200479 66.768551
-1 1501080567.113039 0.263571 -0.503394 0.008726 0.419475 0.885326 -0.200595 66.846325
-1 1501080567.133022 0.263571 -0.503394 0.008726 0.419475 0.885326 -0.200595 66.846325
-1 1501080567.153135 0.263571 -0.503394 0.008726 0.419475 0.885326 -0.200595 66.846325
-1 1501080567.173197 0.264319 -0.503394 0.009131 0.420061 0.885075 -0.200479 66.768551
-1 1501080567.193612 0.264319 -0.503394 0.009131 0.420061 0.885075 -0.200479 66.768551
-1 1501080567.213710 0.264319 -0.503394 0.009131 0.420061 0.885075 -0.200479 66.768551
-1 1501080567.235781 0.264319 -0.503394 0.009131 0.420061 0.885075 -0.200479 66.768551
-1 1501080567.255706 0.264319 -0.503394 0.009131 0.420061 0.885075 -0.200479 66.768551
-1 1501080567.275889 0.264319 -0.503394 0.009131 0.420061 0.885075 -0.200479 66.768551
-1 1501080567.296343 0.264267 -0.503817 0.009238 0.420727 0.884511 -0.201565 66.765336
-1 1501080567.316404 0.264267 -0.503817 0.009238 0.420727 0.884511 -0.201565 66.765336
-1 1501080567.336434 0.264267 -0.503817 0.009238 0.420727 0.884511 -0.201565 66.765336
-1 1501080567.356707 0.264524 -0.503819 0.009662 0.420727 0.884525 -0.201508 66.677538
-1 1501080567.376972 0.264524 -0.503819 0.009662 0.420727 0.884525 -0.201508 66.677538
-1 1501080567.396947 0.264524 -0.503819 0.009662 0.420727 0.884525 -0.201508 66.677538
-1 1501080567.417214 0.264524 -0.503819 0.009662 0.420727 0.884525 -0.201508 66.677538
-1 1501080567.441438 0.264524 -0.503819 0.009662 0.420727 0.884525 -0.201508 66.677538
-1 1501080567.457625 0.264524 -0.503819 0.009662 0.420727 0.884525 -0.201508 66.677538
-1 1501080567.477694 0.264524 -0.503819 0.009662 0.420727 0.884525 -0.201508 66.677538
-1 1501080567.497717 0.264524 -0.503819 0.009662 0.420727 0.884525 -0.201508 66.677538
-1 1501080567.517873 0.264524 -0.503819 0.009662 0.420727 0.884525 -0.201508 66.677538
-1 1501080567.537924 0.264576 -0.503396 0.009554 0.42006 0.885088 -0.20042 66.680758
-1 1501080567.559710 0.264576 -0.503396 0.009554 0.42006 0.885088 -0.20042 66.680758
-1 1501080567.579769 0.264576 -0.503396 0.009554 0.42006 0.885088 -0.20042 66.680758
-1 1501080567.599939 0.264576 -0.503396 0.009554 0.42006 0.885088 -0.20042 66.680758
-1 1501080567.620057 0.264576 -0.503396 0.009554 0.42006 0.885088 -0.20042 66.680758
-1 1501080567.639969 0.264576 -0.503396 0.009554 0.42006 0.885088 -0.20042 66.680758
-1 1501080567.660064 0.264576 -0.503396 0.009554 0.42006 0.885088 -0.20042 66.680758
-1 1501080567.685622 0.264576 -0.503396 0.009554 0.42006 0.885088 -0.20042 66.680758
-1 1501080567.705603 0.264576 -0.503396 0.009554 0.42006 0.885088 -0.20042 66.680758
-1 1501080567.725677 0.264576 -0.503396 0.009554 0.42006 0.885088 -0.20042 66.680758
-1 1501080567.745783 0.264576 -0.503396 0.009554 0.42006 0.885088 -0.20042 66.680758
-1 1501080567.765802 0.263828 -0.503396 0.009149 0.419474 0.88534 -0.200536 66.758533
-1 1501080567.785890 0.263828 -0.503396 0.009149 0.419474 0.88534 -0.200536 66.758533
-1 1501080567.805927 0.263828 -0.503396 0.009149 0.419474 0.88534 -0.200536 66.758533
-1 1501080567.826124 0.263828 -0.503396 0.009149 0.419474 0.88534 -0.200536 66.758533
-1 1501080567.846095 0.263828 -0.503396 0.009149 0.419474 0.88534 -0.200536 66.758533
-1 1501080567.866176 0.263828 -0.503396 0.009149 0.419474 0.88534 -0.200536 66.758533
-1 1501080567.886219 0.263828 -0.503396 0.009149 0.419474 0.88534 -0.200536 66.758533
-1 1501080567.906312 0.263828 -0.503396 0.009149 0.419474 0.88534 -0.200536 66.758533
-1 1501080567.926734 0.263828 -0.503396 0.009149 0.419474 0.88534 -0.200536 66.758533
-1 1501080567.946831 0.263828 -0.503396 0.009149 0.419474 0.88534 -0.200536 66.758533
-1 1501080567.966924 0.263828 -0.503396 0.009149 0.419474 0.88534 -0.200536 66.758533
-1 1501080567.987256 0.263828 -0.503396 0.009149 0.419474 0.88534 -0.200536 66.758533
-1 1501080568.006810 0.263352 -0.503106 0.008345 0.418189 0.885775 -0.201296 66.880747
-1 1501080568.026914 0.263352 -0.503106 0.008345 0.418189 0.885775 -0.201296 66.880747
-1 1501080568.046999 0.263352 -0.503106 0.008345 0.418189 0.885775 -0.201296 66.880747
-1 1501080568.067147 0.262603 -0.503106 0.007942 0.417605 0.886025 -0.201409 66.95861
-1 1501080568.089391 0.262603 -0.503106 0.007942 0.417605 0.886025 -0.201409 66.95861
-1 1501080568.107093 0.262603 -0.503106 0.007942 0.417605 0.886025 -0.201409 66.95861
-1 1501080568.127240 0.262603 -0.503106 0.007942 0.417605 0.886025 -0.201409 66.95861
-1 1501080568.147262 0.262603 -0.503106 0.007942 0.417605 0.886025 -0.201409 66.95861
-1 1501080568.167488 0.262603 -0.503106 0.007942 0.417605 0.886025 -0.201409 66.95861
-1 1501080568.187388 0.262592 -0.502374 0.007703 0.418586 0.885727 -0.200682 66.996101
-1 1501080568.207561 0.262592 -0.502374 0.007703 0.418586 0.885727 -0.200682 66.996101
-1 1501080568.227695 0.262592 -0.502374 0.007703 0.418586 0.885727 -0.200682 66.996101
-1 1501080568.247752 0.262592 -0.502374 0.007703 0.418586 0.885727 -0.200682 66.996101
-1 1501080568.267853 0.262592 -0.502374 0.007703 0.418586 0.885727 -0.200682 66.996101
-1 1501080568.288178 0.262592 -0.502374 0.007703 0.418586 0.885727 -0.200682 66.996101
-1 1501080568.308031 0.26254 -0.502797 0.00781 0.419249 0.885167 -0.201767 66.993026
-1 1501080568.328298 0.26254 -0.502797 0.00781 0.419249 0.885167 -0.201767 66.993026
-1 1501080568.348178 0.26254 -0.502797 0.00781 0.419249 0.885167 -0.201767 66.993026
-1 1501080568.368273 0.262581 -0.501643 0.007466 0.419566 0.885428 -0.199956 67.033662
-1 1501080568.389567 0.262581 -0.501643 0.007466 0.419566 0.885428 -0.199956 67.033662
-1 1501080568.408287 0.262581 -0.501643 0.007466 0.419566 0.885428 -0.199956 67.033662
-1 1501080568.428386 0.262166 -0.502282 0.007078 0.419096 0.885231 -0.201804 67.116912
-1 1501080568.448456 0.262166 -0.502282 0.007078 0.419096 0.885231 -0.201804 67.116912
-1 1501080568.469093 0.262166 -0.502282 0.007078 0.419096 0.885231 -0.201804 67.116912
-1 1501080568.488597 0.260934 -0.501116 0.00549 0.418828 0.885717 -0.200221 67.410834
-1 1501080568.508571 0.260934 -0.501116 0.00549 0.418828 0.885717 -0.200221 67.410834
-1 1501080568.534912 0.260934 -0.501116 0.00549 0.418828 0.885717 -0.200221 67.410834
-1 1501080568.550756 0.260387 -0.50182 0.004023 0.418434 0.885704 -0.201099 67.734484
-1 1501080568.571868 0.260387 -0.50182 0.004023 0.418434 0.885704 -0.201099 67.734484
-1 1501080568.590696 0.260387 -0.50182 0.004023 0.418434 0.885704 -0.201099 67.734484
-1 1501080568.610795 0.258529 -0.501764 0.001092 0.418434 0.88562 -0.20147 68.349112
-1 1501080568.630790 0.258529 -0.501764 0.001092 0.418434 0.88562 -0.20147 68.349112
-1 1501080568.650826 0.258529 -0.501764 0.001092 0.418434 0.88562 -0.20147 68.349112
-1 1501080568.671031 0.256273 -0.502226 -0.002436 0.419355 0.88472 -0.2035 69.058778
-1 1501080568.691163 0.256273 -0.502226 -0.002436 0.419355 0.88472 -0.2035 69.058778
-1 1501080568.711163 0.256273 -0.502226 -0.002436 0.419355 0.88472 -0.2035 69.058778
-1 1501080568.731215 0.255401 -0.502319 -0.003982 0.419607 0.884435 -0.204219 69.332283
-1 1501080568.751272 0.255401 -0.502319 -0.003982 0.419607 0.884435 -0.204219 69.332283
-1 1501080568.773539 0.255401 -0.502319 -0.003982 0.419607 0.884435 -0.204219 69.332283
-1 1501080568.791468 0.25529 -0.502303 -0.004998 0.419701 0.884233 -0.204898 69.365247
-1 1501080568.814571 0.25529 -0.502303 -0.004998 0.419701 0.884233 -0.204898 69.365247
-1 1501080568.834029 0.25529 -0.502303 -0.004998 0.419701 0.884233 -0.204898 69.365247
-1 1501080568.854168 0.255789 -0.503142 -0.005582 0.421208 0.882745 -0.208193 69.162867
-1 1501080568.874907 0.255789 -0.503142 -0.005582 0.421208 0.882745 -0.208193 69.162867
-1 1501080568.894216 0.255789 -0.503142 -0.005582 0.421208 0.882745 -0.208193 69.162867
-1 1501080568.916243 0.256531 -0.503926 -0.007092 0.424868 0.879698 -0.213586 68.875947
-1 1501080568.935423 0.256531 -0.503926 -0.007092 0.424868 0.879698 -0.213586 68.875947
-1 1501080568.954716 0.256531 -0.503926 -0.007092 0.424868 0.879698 -0.213586 68.875947
-1 1501080568.974786 0.257459 -0.507628 -0.008281 0.428843 0.874945 -0.224867 68.381384
-1 1501080568.994761 0.257459 -0.507628 -0.008281 0.428843 0.874945 -0.224867 68.381384
-1 1501080569.015502 0.257459 -0.507628 -0.008281 0.428843 0.874945 -0.224867 68.381384
-1 1501080569.034991 0.259738 -0.508851 -0.008115 0.430993 0.872382 -0.230639 67.571014
-1 1501080569.054960 0.259738 -0.508851 -0.008115 0.430993 0.872382 -0.230639 67.571014
-1 1501080569.075046 0.259738 -0.508851 -0.008115 0.430993 0.872382 -0.230639 67.571014
-1 1501080569.099297 0.262493 -0.510052 -0.006784 0.435293 0.868457 -0.237283 66.615601
-1 1501080569.121817 0.262493 -0.510052 -0.006784 0.435293 0.868457 -0.237283 66.615601
-1 1501080569.139499 0.262493 -0.510052 -0.006784 0.435293 0.868457 -0.237283 66.615601
-1 1501080569.159524 0.263125 -0.510504 -0.006411 0.436072 0.867592 -0.239011 66.38678
-1 1501080569.179874 0.263125 -0.510504 -0.006411 0.436072 0.867592 -0.239011 66.38678
-1 1501080569.199702 0.262414 -0.510079 -0.00692 0.434811 0.868497 -0.238017 66.462427
-1 1501080569.219786 0.262414 -0.510079 -0.00692 0.434811 0.868497 -0.238017 66.462427
-1 1501080569.239843 0.262414 -0.510079 -0.00692 0.434811 0.868497 -0.238017 66.462427
-1 1501080569.259858 0.262623 -0.510054 -0.007375 0.435334 0.868245 -0.237982 66.561717
-1 1501080569.279988 0.262623 -0.510054 -0.007375 0.435334 0.868245 -0.237982 66.561717
-1 1501080569.300043 0.262623 -0.510054 -0.007375 0.435334 0.868245 -0.237982 66.561717
-1 1501080569.320058 0.262623 -0.510054 -0.007375 0.435334 0.868245 -0.237982 66.561717
-1 1501080569.340072 0.261774 -0.510013 -0.008659 0.435182 0.868298 -0.238065 66.825087
-1 1501080569.360126 0.261774 -0.510013 -0.008659 0.435182 0.868298 -0.238065 66.825087
-1 1501080569.380184 0.261774 -0.510013 -0.008659 0.435182 0.868298 -0.238065 66.825087
-1 1501080569.400267 0.258994 -0.509905 -0.012039 0.434215 0.868704 -0.238352 67.515939
-1 1501080569.420282 0.258994 -0.509905 -0.012039 0.434215 0.868704 -0.238352 67.515939
-1 1501080569.440338 0.256922 -0.509304 -0.015972 0.4337 0.869199 -0.237481 68.31697
-1 1501080569.469035 0.256922 -0.509304 -0.015972 0.4337 0.869199 -0.237481 68.31697
-1 1501080569.480443 0.256922 -0.509304 -0.015972 0.4337 0.869199 -0.237481 68.31697
-1 1501080569.500500 0.255392 -0.509614 -0.017965 0.434096 0.868679 -0.238658 68.756529
-1 1501080569.520751 0.255392 -0.509614 -0.017965 0.434096 0.868679 -0.238658 68.756529
-1 1501080569.540609 0.255392 -0.509614 -0.017965 0.434096 0.868679 -0.238658 68.756529
-1 1501080569.560688 0.254202 -0.509523 -0.019636 0.433904 0.868746 -0.238762 69.10771
-1 1501080569.581443 0.254202 -0.509523 -0.019636 0.433904 0.868746 -0.238762 69.10771
-1 1501080569.600955 0.254202 -0.509523 -0.019636 0.433904 0.868746 -0.238762 69.10771
-1 1501080569.620997 0.253057 -0.509015 -0.021403 0.433075 0.869412 -0.237844 69.458274
-1 1501080569.643263 0.253057 -0.509015 -0.021403 0.433075 0.869412 -0.237844 69.458274
-1 1501080569.663204 0.253057 -0.509015 -0.021403 0.433075 0.869412 -0.237844 69.458274
-1 1501080569.683345 0.250884 -0.509242 -0.024196 0.433385 0.868927 -0.239045 70.073479
-1 1501080569.705842 0.250884 -0.509242 -0.024196 0.433385 0.868927 -0.239045 70.073479
-1 1501080569.724101 0.250884 -0.509242 -0.024196 0.433385 0.868927 -0.239045 70.073479
-1 1501080569.744148 0.248707 -0.50955 -0.027225 0.431695 0.869632 -0.239539 70.659917
-1 1501080569.765473 0.248707 -0.50955 -0.027225 0.431695 0.869632 -0.239539 70.659917
-1 1501080569.785527 0.248707 -0.50955 -0.027225 0.431695 0.869632 -0.239539 70.659917
-1 1501080569.804371 0.248707 -0.50955 -0.027225 0.431695 0.869632 -0.239539 70.659917
-1 1501080569.827159 0.248707 -0.50955 -0.027225 0.431695 0.869632 -0.239539 70.659917
-1 1501080569.847217 0.248707 -0.50955 -0.027225 0.431695 0.869632 -0.239539 70.659917
-1 1501080569.867275 0.248613 -0.509678 -0.027528 0.431872 0.869384 -0.240122 70.671315
-1 1501080569.887452 0.248613 -0.509678 -0.027528 0.431872 0.869384 -0.240122 70.671315
-1 1501080569.907346 0.248613 -0.509678 -0.027528 0.431872 0.869384 -0.240122 70.671315
-1 1501080569.927546 0.249691 -0.510465 -0.026992 0.432984 0.868052 -0.242919 70.289633
-1 1501080569.947514 0.249691 -0.510465 -0.026992 0.432984 0.868052 -0.242919 70.289633
-1 1501080569.967553 0.249691 -0.510465 -0.026992 0.432984 0.868052 -0.242919 70.289633
-1 1501080569.987623 0.252339 -0.51144 -0.025615 0.436431 0.864769 -0.2484 69.403488
-1 1501080570.008911 0.252339 -0.51144 -0.025615 0.436431 0.864769 -0.2484 69.403488
-1 1501080570.028756 0.252339 -0.51144 -0.025615 0.436431 0.864769 -0.2484 69.403488
-1 1501080570.050176 0.254665 -0.513173 -0.024352 0.438947 0.86164 -0.254758 68.569093
-1 1501080570.073748 0.254665 -0.513173 -0.024352 0.438947 0.86164 -0.254758 68.569093
-1 1501080570.093804 0.254665 -0.513173 -0.024352 0.438947 0.86164 -0.254758 68.569093
-1 1501080570.113908 0.256352 -0.514857 -0.02389 0.441341 0.858465 -0.261258 67.913192
-1 1501080570.134163 0.256352 -0.514857 -0.02389 0.441341 0.858465 -0.261258 67.913192
-1 1501080570.154504 0.256352 -0.514857 -0.02389 0.441341 0.858465 -0.261258 67.913192
-1 1501080570.174537 0.255847 -0.515098 -0.024918 0.441574 0.857974 -0.262475 68.025475
-1 1501080570.194579 0.255847 -0.515098 -0.024918 0.441574 0.857974 -0.262475 68.025475
-1 1501080570.214629 0.255847 -0.515098 -0.024918 0.441574 0.857974 -0.262475 68.025475
-1 1501080570.234703 0.253305 -0.515292 -0.028181 0.441589 0.857629 -0.263574 68.730043
-1 1501080570.254848 0.253305 -0.515292 -0.028181 0.441589 0.857629 -0.263574 68.730043
-1 1501080570.274895 0.253305 -0.515292 -0.028181 0.441589 0.857629 -0.263574 68.730043
-1 1501080570.294968 0.250104 -0.514704 -0.032753 0.440365 0.858364 -0.263229 69.616481
-1 1501080570.316354 0.250104 -0.514704 -0.032753 0.440365 0.858364 -0.263229 69.616481
-1 1501080570.335300 0.250104 -0.514704 -0.032753 0.440365 0.858364 -0.263229 69.616481
-1 1501080570.357994 0.24769 -0.51506 -0.035602 0.439316 0.858429 -0.264765 70.228362
-1 1501080570.375219 0.24769 -0.51506 -0.035602 0.439316 0.858429 -0.264765 70.228362
-1 1501080570.395277 0.24769 -0.51506 -0.035602 0.439316 0.858429 -0.264765 70.228362
-1 1501080570.415386 0.245191 -0.515178 -0.038589 0.436511 0.859558 -0.265741 70.832577
-1 1501080570.435368 0.245191 -0.515178 -0.038589 0.436511 0.859558 -0.265741 70.832577
-1 1501080570.455463 0.245191 -0.515178 -0.038589 0.436511 0.859558 -0.265741 70.832577
-1 1501080570.475513 0.242031 -0.515271 -0.042709 0.432149 0.861274 -0.267308 71.541358
-1 1501080570.497840 0.242031 -0.515271 -0.042709 0.432149 0.861274 -0.267308 71.541358
-1 1501080570.517880 0.242031 -0.515271 -0.042709 0.432149 0.861274 -0.267308 71.541358
-1 1501080570.537923 0.241635 -0.516042 -0.044096 0.43295 0.859792 -0.270763 71.526257
-1 1501080570.558428 0.241635 -0.516042 -0.044096 0.43295 0.859792 -0.270763 71.526257
-1 1501080570.578463 0.241635 -0.516042 -0.044096 0.43295 0.859792 -0.270763 71.526257
-1 1501080570.598567 0.242946 -0.51772 -0.044133 0.434804 0.856809 -0.277171 70.959732
-1 1501080570.618621 0.242946 -0.51772 -0.044133 0.434804 0.856809 -0.277171 70.959732
-1 1501080570.638600 0.242946 -0.51772 -0.044133 0.434804 0.856809 -0.277171 70.959732
-1 1501080570.658697 0.244935 -0.520184 -0.043991 0.437485 0.852314 -0.28665 70.108816
-1 1501080570.678694 0.244935 -0.520184 -0.043991 0.437485 0.852314 -0.28665 70.108816
-1 1501080570.698773 0.244935 -0.520184 -0.043991 0.437485 0.852314 -0.28665 70.108816
-1 1501080570.718862 0.244776 -0.522121 -0.04609 0.439261 0.848554 -0.294967 69.850836
-1 1501080570.738913 0.244776 -0.522121 -0.04609 0.439261 0.848554 -0.294967 69.850836
-1 1501080570.758956 0.244776 -0.522121 -0.04609 0.439261 0.848554 -0.294967 69.850836
-1 1501080570.779952 0.243541 -0.523226 -0.048751 0.440008 0.846308 -0.300259 69.968485
-1 1501080570.799050 0.243541 -0.523226 -0.048751 0.440008 0.846308 -0.300259 69.968485
-1 1501080570.819145 0.243541 -0.523226 -0.048751 0.440008 0.846308 -0.300259 69.968485
-1 1501080570.839554 0.242225 -0.523334 -0.05057 0.43986 0.845998 -0.301348 70.257335
-1 1501080570.859597 0.242225 -0.523334 -0.05057 0.43986 0.845998 -0.301348 70.257335
-1 1501080570.879622 0.242225 -0.523334 -0.05057 0.43986 0.845998 -0.301348 70.257335
-1 1501080570.899735 0.239791 -0.523002 -0.05342 0.439165 0.84643 -0.301148 70.869912
-1 1501080570.919751 0.239791 -0.523002 -0.05342 0.439165 0.84643 -0.301148 70.869912
-1 1501080570.939805 0.239791 -0.523002 -0.05342 0.439165 0.84643 -0.301148 70.869912
-1 1501080570.959905 0.238179 -0.522652 -0.055881 0.439107 0.846554 -0.300886 71.408117
-1 1501080570.979917 0.238179 -0.522652 -0.055881 0.439107 0.846554 -0.300886 71.408117
-1 1501080570.999967 0.238179 -0.522652 -0.055881 0.439107 0.846554 -0.300886 71.408117
-1 1501080571.021190 0.235985 -0.52289 -0.057677 0.436607 0.847935 -0.300633 71.786733
-1 1501080571.040118 0.235985 -0.52289 -0.057677 0.436607 0.847935 -0.300633 71.786733
-1 1501080571.060230 0.235985 -0.52289 -0.057677 0.436607 0.847935 -0.300633 71.786733
-1 1501080571.080305 0.236763 -0.522443 -0.057487 0.438716 0.846796 -0.300774 71.758179
-1 1501080571.100326 0.236763 -0.522443 -0.057487 0.438716 0.846796 -0.300774 71.758179
-1 1501080571.120393 0.236763 -0.522443 -0.057487 0.438716 0.846796 -0.300774 71.758179
-1 1501080571.140637 0.236835 -0.52289 -0.057315 0.43723 0.847637 -0.300568 71.712221
-1 1501080571.160681 0.236835 -0.52289 -0.057315 0.43723 0.847637 -0.300568 71.712221
-1 1501080571.180857 0.236835 -0.52289 -0.057315 0.43723 0.847637 -0.300568 71.712221
-1 1501080571.200922 0.23698 -0.523447 -0.057109 0.438001 0.846684 -0.302129 71.644136
-1 1501080571.220951 0.23698 -0.523447 -0.057109 0.438001 0.846684 -0.302129 71.644136
-1 1501080571.240985 0.237112 -0.523172 -0.057173 0.439648 0.845538 -0.302943 71.616016
-1 1501080571.261071 0.237112 -0.523172 -0.057173 0.439648 0.845538 -0.302943 71.616016
-1 1501080571.281129 0.237112 -0.523172 -0.057173 0.439648 0.845538 -0.302943 71.616016
-1 1501080571.301189 0.237035 -0.523735 -0.057292 0.438228 0.846142 -0.303316 71.582888
-1 1501080571.321273 0.237035 -0.523735 -0.057292 0.438228 0.846142 -0.303316 71.582888
-1 1501080571.341346 0.237035 -0.523735 -0.057292 0.438228 0.846142 -0.303316 71.582888
-1 1501080571.361377 0.237035 -0.523735 -0.057292 0.438228 0.846142 -0.303316 71.582888
-1 1501080571.381576 0.237378 -0.522954 -0.057161 0.439206 0.845892 -0.302597 71.535047
-1 1501080571.401606 0.237378 -0.522954 -0.057161 0.439206 0.845892 -0.302597 71.535047
-1 1501080571.422834 0.236528 -0.522954 -0.057525 0.438579 0.846194 -0.302661 71.609407
-1 1501080571.441712 0.236528 -0.522954 -0.057525 0.438579 0.846194 -0.302661 71.609407
-1 1501080571.462056 0.236528 -0.522954 -0.057525 0.438579 0.846194 -0.302661 71.609407
-1 1501080571.481946 0.237378 -0.522954 -0.057161 0.439206 0.845892 -0.302597 71.535047
-1 1501080571.502012 0.237378 -0.522954 -0.057161 0.439206 0.845892 -0.302597 71.535047
-1 1501080571.522029 0.237378 -0.522954 -0.057161 0.439206 0.845892 -0.302597 71.535047
-1 1501080571.542132 0.237378 -0.522954 -0.057161 0.439206 0.845892 -0.302597 71.535047
-1 1501080571.562149 0.237378 -0.522954 -0.057161 0.439206 0.845892 -0.302597 71.535047
-1 1501080571.582260 0.237378 -0.522954 -0.057161 0.439206 0.845892 -0.302597 71.535047
-1 1501080571.602429 0.237035 -0.523735 -0.057292 0.438228 0.846142 -0.303316 71.582888
-1 1501080571.623136 0.237035 -0.523735 -0.057292 0.438228 0.846142 -0.303316 71.582888
-1 1501080571.642635 0.237035 -0.523735 -0.057292 0.438228 0.846142 -0.303316 71.582888
-1 1501080571.662658 0.237023 -0.522901 -0.057563 0.439107 0.845954 -0.302568 71.622543
-1 1501080571.682777 0.237023 -0.522901 -0.057563 0.439107 0.845954 -0.302568 71.622543
-1 1501080571.702822 0.237023 -0.522901 -0.057563 0.439107 0.845954 -0.302568 71.622543
-1 1501080571.725511 0.237023 -0.522901 -0.057563 0.439107 0.845954 -0.302568 71.622543
-1 1501080571.742965 0.237023 -0.522901 -0.057563 0.439107 0.845954 -0.302568 71.622543
-1 1501080571.762997 0.237023 -0.522901 -0.057563 0.439107 0.845954 -0.302568 71.622543
-1 1501080571.785825 0.237023 -0.522901 -0.057563 0.439107 0.845954 -0.302568 71.622543
-1 1501080571.805853 0.236312 -0.522795 -0.058363 0.43891 0.846077 -0.302509 71.797552
-1 1501080571.825870 0.236312 -0.522795 -0.058363 0.43891 0.846077 -0.302509 71.797552
-1 1501080571.845904 0.236668 -0.522848 -0.057963 0.439009 0.846016 -0.302538 71.710047
-1 1501080571.865949 0.236668 -0.522848 -0.057963 0.439009 0.846016 -0.302538 71.710047
-1 1501080571.886147 0.236668 -0.522848 -0.057963 0.439009 0.846016 -0.302538 71.710047
-1 1501080571.906089 0.236679 -0.523683 -0.057693 0.43813 0.846203 -0.303286 71.670401
-1 1501080571.926181 0.236679 -0.523683 -0.057693 0.43813 0.846203 -0.303286 71.670401
-1 1501080571.946208 0.236679 -0.523683 -0.057693 0.43813 0.846203 -0.303286 71.670401
-1 1501080571.966516 0.236679 -0.523683 -0.057693 0.43813 0.846203 -0.303286 71.670401
-1 1501080571.986339 0.236679 -0.523683 -0.057693 0.43813 0.846203 -0.303286 71.670401
-1 1501080572.006369 0.236679 -0.523683 -0.057693 0.43813 0.846203 -0.303286 71.670401
-1 1501080572.027509 0.236047 -0.523011 -0.058374 0.439354 0.845724 -0.302851 71.878526
-1 1501080572.047537 0.236047 -0.523011 -0.058374 0.439354 0.845724 -0.302851 71.878526
-1 1501080572.067569 0.236047 -0.523011 -0.058374 0.439354 0.845724 -0.302851 71.878526
-1 1501080572.089405 0.236463 -0.522678 -0.058071 0.438846 0.846317 -0.30193 71.784417
-1 1501080572.107745 0.236463 -0.522678 -0.058071 0.438846 0.846317 -0.30193 71.784417
-1 1501080572.127766 0.236463 -0.522678 -0.058071 0.438846 0.846317 -0.30193 71.784417
-1 1501080572.148202 0.236474 -0.523512 -0.057801 0.437969 0.846504 -0.302678 71.744787
-1 1501080572.168243 0.236474 -0.523512 -0.057801 0.437969 0.846504 -0.302678 71.744787
-1 1501080572.188340 0.236474 -0.523512 -0.057801 0.437969 0.846504 -0.302678 71.744787
-1 1501080572.208367 0.236064 -0.523172 -0.058017 0.437647 0.847103 -0.301465 71.893614
-1 1501080572.228421 0.236064 -0.523172 -0.058017 0.437647 0.847103 -0.301465 71.893614
-1 1501080572.248824 0.236064 -0.523172 -0.058017 0.437647 0.847103 -0.301465 71.893614
-1 1501080572.268702 0.235436 -0.521826 -0.058606 0.438037 0.847808 -0.298905 72.156584
-1 1501080572.288790 0.235436 -0.521826 -0.058606 0.438037 0.847808 -0.298905 72.156584
-1 1501080572.308853 0.235436 -0.521826 -0.058606 0.438037 0.847808 -0.298905 72.156584
-1 1501080572.328833 0.233793 -0.521299 -0.059174 0.435882 0.850332 -0.294859 72.713979
-1 1501080572.353150 0.233793 -0.521299 -0.059174 0.435882 0.850332 -0.294859 72.713979
-1 1501080572.368948 0.233793 -0.521299 -0.059174 0.435882 0.850332 -0.294859 72.713979
-1 1501080572.389023 0.231499 -0.519424 -0.060283 0.434127 0.853452 -0.288364 73.537438
-1 1501080572.409042 0.231499 -0.519424 -0.060283 0.434127 0.853452 -0.288364 73.537438
-1 1501080572.429205 0.231499 -0.519424 -0.060283 0.434127 0.853452 -0.288364 73.537438
-1 1501080572.449582 0.23108 -0.519084 -0.06048 0.433809 0.854007 -0.287195 73.687482
-1 1501080572.469535 0.23108 -0.519084 -0.06048 0.433809 0.854007 -0.287195 73.687482
-1 1501080572.490915 0.23108 -0.519084 -0.06048 0.433809 0.854007 -0.287195 73.687482
-1 1501080572.513537 0.23108 -0.519084 -0.06048 0.433809 0.854007 -0.287195 73.687482
-1 1501080572.533578 0.23108 -0.519084 -0.06048 0.433809 0.854007 -0.287195 73.687482
-1 1501080572.553757 0.23108 -0.519084 -0.06048 0.433809 0.854007 -0.287195 73.687482
-1 1501080572.574401 0.231016 -0.518624 -0.060648 0.43528 0.853197 -0.287377 73.731827
-1 1501080572.594476 0.231016 -0.518624 -0.060648 0.43528 0.853197 -0.287377 73.731827
-1 1501080572.614541 0.231016 -0.518624 -0.060648 0.43528 0.853197 -0.287377 73.731827
-1 1501080572.634587 0.230172 -0.519463 -0.060738 0.433829 0.853659 -0.2882 73.76758
-1 1501080572.654721 0.230172 -0.519463 -0.060738 0.433829 0.853659 -0.2882 73.76758
-1 1501080572.674848 0.230172 -0.519463 -0.060738 0.433829 0.853659 -0.2882 73.76758
-1 1501080572.694805 0.23016 -0.518624 -0.061002 0.43468 0.853475 -0.28746 73.806827
-1 1501080572.714861 0.23016 -0.518624 -0.061002 0.43468 0.853475 -0.28746 73.806827
-1 1501080572.734927 0.23016 -0.518624 -0.061002 0.43468 0.853475 -0.28746 73.806827
-1 1501080572.757469 0.231069 -0.518245 -0.060743 0.434661 0.853823 -0.286453 73.726687
-1 1501080572.775034 0.231069 -0.518245 -0.060743 0.434661 0.853823 -0.286453 73.726687
-1 1501080572.795099 0.231069 -0.518245 -0.060743 0.434661 0.853823 -0.286453 73.726687
-1 1501080572.821225 0.230003 -0.518074 -0.061194 0.433903 0.854376 -0.285954 73.876822
-1 1501080572.835287 0.230003 -0.518074 -0.061194 0.433903 0.854376 -0.285954 73.876822
-1 1501080572.855288 0.230003 -0.518074 -0.061194 0.433903 0.854376 -0.285954 73.876822
-1 1501080572.875350 0.230003 -0.518074 -0.061194 0.433903 0.854376 -0.285954 73.876822
-1 1501080572.895487 0.230003 -0.518074 -0.061194 0.433903 0.854376 -0.285954 73.876822
-1 1501080572.915518 0.230003 -0.518074 -0.061194 0.433903 0.854376 -0.285954 73.876822
-1 1501080572.935484 0.230003 -0.518074 -0.061194 0.433903 0.854376 -0.285954 73.876822
-1 1501080572.956987 0.230003 -0.518074 -0.061194 0.433903 0.854376 -0.285954 73.876822
-1 1501080572.975645 0.230003 -0.518074 -0.061194 0.433903 0.854376 -0.285954 73.876822
-1 1501080572.995693 0.229644 -0.518017 -0.061583 0.433824 0.854422 -0.285938 73.964463
-1 1501080573.016748 0.229644 -0.518017 -0.061583 0.433824 0.854422 -0.285938 73.964463
-1 1501080573.037546 0.229644 -0.518017 -0.061583 0.433824 0.854422 -0.285938 73.964463
-1 1501080573.056356 0.22953 -0.518111 -0.061292 0.434205 0.854303 -0.285712 74.031921
-1 1501080573.079460 0.22953 -0.518111 -0.061292 0.434205 0.854303 -0.285712 74.031921
-1 1501080573.096698 0.22953 -0.518111 -0.061292 0.434205 0.854303 -0.285712 74.031921
-1 1501080573.116735 0.228265 -0.517086 -0.061861 0.433258 0.855937 -0.282241 74.482787
-1 1501080573.136766 0.228265 -0.517086 -0.061861 0.433258 0.855937 -0.282241 74.482787
-1 1501080573.159137 0.228265 -0.517086 -0.061861 0.433258 0.855937 -0.282241 74.482787
-1 1501080573.176892 0.227048 -0.515003 -0.062524 0.431639 0.858937 -0.275527 75.156529
-1 1501080573.199403 0.227048 -0.515003 -0.062524 0.431639 0.858937 -0.275527 75.156529
-1 1501080573.221843 0.227048 -0.515003 -0.062524 0.431639 0.858937 -0.275527 75.156529
-1 1501080573.237155 0.223776 -0.512653 -0.063995 0.430788 0.861241 -0.269603 76.106217
-1 1501080573.257113 0.223776 -0.512653 -0.063995 0.430788 0.861241 -0.269603 76.106217
-1 1501080573.279701 0.223776 -0.512653 -0.063995 0.430788 0.861241 -0.269603 76.106217
-1 1501080573.297241 0.222597 -0.511538 -0.064798 0.429469 0.862867 -0.26649 76.493537
-1 1501080573.317519 0.222597 -0.511538 -0.064798 0.429469 0.862867 -0.26649 76.493537
-1 1501080573.337386 0.222597 -0.511538 -0.064798 0.429469 0.862867 -0.26649 76.493537
-1 1501080573.357431 0.222957 -0.5116 -0.064422 0.429529 0.862837 -0.266491 76.405792
-1 1501080573.377435 0.222957 -0.5116 -0.064422 0.429529 0.862837 -0.266491 76.405792
-1 1501080573.397551 0.222957 -0.5116 -0.064422 0.429529 0.862837 -0.266491 76.405792
-1 1501080573.417645 0.222914 -0.511969 -0.064331 0.430162 0.862247 -0.267378 76.409121
-1 1501080573.438482 0.222914 -0.511969 -0.064331 0.430162 0.862247 -0.267378 76.409121
-1 1501080573.459548 0.222914 -0.511969 -0.064331 0.430162 0.862247 -0.267378 76.409121
-1 1501080573.477736 0.222741 -0.51143 -0.064505 0.429373 0.863085 -0.265938 76.481612
-1 1501080573.497905 0.222741 -0.51143 -0.064505 0.429373 0.863085 -0.265938 76.481612
-1 1501080573.518400 0.222741 -0.51143 -0.064505 0.429373 0.863085 -0.265938 76.481612
-1 1501080573.538416 0.222698 -0.511798 -0.064414 0.430006 0.862496 -0.266824 76.484889
-1 1501080573.559391 0.222698 -0.511798 -0.064414 0.430006 0.862496 -0.266824 76.484889
-1 1501080573.578509 0.222698 -0.511798 -0.064414 0.430006 0.862496 -0.266824 76.484889
-1 1501080573.598617 0.222698 -0.511798 -0.064414 0.430006 0.862496 -0.266824 76.484889
-1 1501080573.618641 0.222698 -0.511798 -0.064414 0.430006 0.862496 -0.266824 76.484889
-1 1501080573.638671 0.222698 -0.511798 -0.064414 0.430006 0.862496 -0.266824 76.484889
-1 1501080573.658759 0.222741 -0.51143 -0.064505 0.429373 0.863085 -0.265938 76.481612
-1 1501080573.678803 0.222741 -0.51143 -0.064505 0.429373 0.863085 -0.265938 76.481612
-1 1501080573.698920 0.222741 -0.51143 -0.064505 0.429373 0.863085 -0.265938 76.481612
-1 1501080573.718935 0.222741 -0.51143 -0.064505 0.429373 0.863085 -0.265938 76.481612
-1 1501080573.738959 0.222741 -0.51143 -0.064505 0.429373 0.863085 -0.265938 76.481612
-1 1501080573.759119 0.222741 -0.51143 -0.064505 0.429373 0.863085 -0.265938 76.481612
-1 1501080573.779110 0.222741 -0.51143 -0.064505 0.429373 0.863085 -0.265938 76.481612
-1 1501080573.799944 0.222741 -0.51143 -0.064505 0.429373 0.863085 -0.265938 76.481612
-1 1501080573.819165 0.222741 -0.51143 -0.064505 0.429373 0.863085 -0.265938 76.481612
-1 1501080573.839258 0.222698 -0.511798 -0.064414 0.430006 0.862496 -0.266824 76.484889
-1 1501080573.859569 0.222698 -0.511798 -0.064414 0.430006 0.862496 -0.266824 76.484889
-1 1501080573.879321 0.222698 -0.511798 -0.064414 0.430006 0.862496 -0.266824 76.484889
-1 1501080573.899459 0.222741 -0.51143 -0.064505 0.429373 0.863085 -0.265938 76.481612
-1 1501080573.921085 0.222741 -0.51143 -0.064505 0.429373 0.863085 -0.265938 76.481612
-1 1501080573.941424 0.222741 -0.51143 -0.064505 0.429373 0.863085 -0.265938 76.481612
-1 1501080573.961276 0.222698 -0.511798 -0.064414 0.430006 0.862496 -0.266824 76.484889
-1 1501080573.983295 0.222698 -0.511798 -0.064414 0.430006 0.862496 -0.266824 76.484889
-1 1501080574.004295 0.222741 -0.51143 -0.064505 0.429373 0.863085 -0.265938 76.481612
-1 1501080574.023340 0.222741 -0.51143 -0.064505 0.429373 0.863085 -0.265938 76.481612
-1 1501080574.043427 0.222741 -0.51143 -0.064505 0.429373 0.863085 -0.265938 76.481612
-1 1501080574.070458 0.222687 -0.510954 -0.064666 0.430822 0.862315 -0.266092 76.523703
-1 1501080574.088063 0.222687 -0.510954 -0.064666 0.430822 0.862315 -0.266092 76.523703
-1 1501080574.108110 0.222687 -0.510954 -0.064666 0.430822 0.862315 -0.266092 76.523703
-1 1501080574.128192 0.222935 -0.50991 -0.064924 0.431163 0.862473 -0.265027 76.483415
-1 1501080574.148314 0.222935 -0.50991 -0.064924 0.431163 0.862473 -0.265027 76.483415
-1 1501080574.169782 0.222935 -0.50991 -0.064924 0.431163 0.862473 -0.265027 76.483415
-1 1501080574.188394 0.222725 -0.508695 -0.065626 0.433517 0.8613 -0.265001 76.576914
-1 1501080574.208506 0.222725 -0.508695 -0.065626 0.433517 0.8613 -0.265001 76.576914
-1 1501080574.228594 0.222725 -0.508695 -0.065626 0.433517 0.8613 -0.265001 76.576914
-1 1501080574.248621 0.223731 -0.509274 -0.065 0.434063 0.860509 -0.266672 76.262229
-1 1501080574.268599 0.223731 -0.509274 -0.065 0.434063 0.860509 -0.266672 76.262229
-1 1501080574.288707 0.223731 -0.509274 -0.065 0.434063 0.860509 -0.266672 76.262229
-1 1501080574.308746 0.22372 -0.508429 -0.065248 0.434879 0.860324 -0.26594 76.301398
-1 1501080574.328800 0.22372 -0.508429 -0.065248 0.434879 0.860324 -0.26594 76.301398
-1 1501080574.348881 0.22372 -0.508429 -0.065248 0.434879 0.860324 -0.26594 76.301398
-1 1501080574.369214 0.22372 -0.508429 -0.065248 0.434879 0.860324 -0.26594 76.301398
-1 1501080574.389080 0.22372 -0.508429 -0.065248 0.434879 0.860324 -0.26594 76.301398
-1 1501080574.409005 0.22372 -0.508429 -0.065248 0.434879 0.860324 -0.26594 76.301398
-1 1501080574.429038 0.224561 -0.506736 -0.065397 0.437075 0.859696 -0.264364 76.304384
-1 1501080574.449107 0.224561 -0.506736 -0.065397 0.437075 0.859696 -0.264364 76.304384
-1 1501080574.473207 0.224561 -0.506736 -0.065397 0.437075 0.859696 -0.264364 76.304384
-1 1501080574.492948 0.224117 -0.506234 -0.065818 0.437646 0.859253 -0.26486 76.26827
-1 1501080574.517223 0.224117 -0.506234 -0.065818 0.437646 0.859253 -0.26486 76.26827
-1 1501080574.533658 0.224117 -0.506234 -0.065818 0.437646 0.859253 -0.26486 76.26827
-1 1501080574.553702 0.224321 -0.505559 -0.065978 0.438624 0.858807 -0.264687 76.232293
-1 1501080574.573719 0.224321 -0.505559 -0.065978 0.438624 0.858807 -0.264687 76.232293
-1 1501080574.596053 0.224321 -0.505559 -0.065978 0.438624 0.858807 -0.264687 76.232293
-1 1501080574.613827 0.224321 -0.505559 -0.065978 0.438624 0.858807 -0.264687 76.232293
-1 1501080574.633898 0.224321 -0.505559 -0.065978 0.438624 0.858807 -0.264687 76.232293
-1 1501080574.654520 0.224321 -0.505559 -0.065978 0.438624 0.858807 -0.264687 76.232293
-1 1501080574.676824 0.224321 -0.505559 -0.065978 0.438624 0.858807 -0.264687 76.232293
-1 1501080574.694738 0.224321 -0.505559 -0.065978 0.438624 0.858807 -0.264687 76.232293
-1 1501080574.714843 0.224321 -0.505559 -0.065978 0.438624 0.858807 -0.264687 76.232293
-1 1501080574.734759 0.225229 -0.505187 -0.06572 0.43857 0.859145 -0.263679 76.152551
-1 1501080574.755885 0.225229 -0.505187 -0.06572 0.43857 0.859145 -0.263679 76.152551
-1 1501080574.777584 0.225229 -0.505187 -0.06572 0.43857 0.859145 -0.263679 76.152551
-1 1501080574.795923 0.224321 -0.505559 -0.065978 0.438624 0.858807 -0.264687 76.232293
-1 1501080574.815982 0.224321 -0.505559 -0.065978 0.438624 0.858807 -0.264687 76.232293
-1 1501080574.836430 0.224321 -0.505559 -0.065978 0.438624 0.858807 -0.264687 76.232293
-1 1501080574.856434 0.224535 -0.505731 -0.065894 0.438789 0.858551 -0.265246 76.156849
-1 1501080574.876438 0.224535 -0.505731 -0.065894 0.438789 0.858551 -0.265246 76.156849
-1 1501080574.897539 0.224535 -0.505731 -0.065894 0.438789 0.858551 -0.265246 76.156849
-1 1501080574.916657 0.224668 -0.504749 -0.066548 0.440019 0.858185 -0.264389 76.296307
-1 1501080574.936666 0.224668 -0.504749 -0.066548 0.440019 0.858185 -0.264389 76.296307
-1 1501080574.956739 0.224668 -0.504749 -0.066548 0.440019 0.858185 -0.264389 76.296307
-1 1501080574.976795 0.223082 -0.504612 -0.067646 0.439295 0.858523 -0.264495 76.547056
-1 1501080575.001028 0.223082 -0.504612 -0.067646 0.439295 0.858523 -0.264495 76.547056
-1 1501080575.016983 0.223082 -0.504612 -0.067646 0.439295 0.858523 -0.264495 76.547056
-1 1501080575.036961 0.221994 -0.504404 -0.068772 0.439067 0.858645 -0.26448 76.81003
-1 1501080575.057079 0.221994 -0.504404 -0.068772 0.439067 0.858645 -0.26448 76.81003
-1 1501080575.077894 0.221994 -0.504404 -0.068772 0.439067 0.858645 -0.26448 76.81003
-1 1501080575.097892 0.220397 -0.505078 -0.070317 0.438048 0.858776 -0.26574 77.133346
-1 1501080575.120354 0.220397 -0.505078 -0.070317 0.438048 0.858776 -0.26574 77.133346
-1 1501080575.138290 0.220397 -0.505078 -0.070317 0.438048 0.858776 -0.26574 77.133346
-1 1501080575.158127 0.22049 -0.504949 -0.071314 0.438159 0.858517 -0.266392 77.17775
-1 1501080575.178160 0.22049 -0.504949 -0.071314 0.438159 0.858517 -0.266392 77.17775
-1 1501080575.199510 0.22049 -0.504949 -0.071314 0.438159 0.858517 -0.266392 77.17775
-1 1501080575.218435 0.219386 -0.504733 -0.072427 0.437929 0.858639 -0.266376 77.440709
-1 1501080575.238392 0.219386 -0.504733 -0.072427 0.437929 0.858639 -0.266376 77.440709
-1 1501080575.258409 0.219386 -0.504733 -0.072427 0.437929 0.858639 -0.266376 77.440709
-1 1501080575.278463 0.21912 -0.504573 -0.073094 0.43746 0.858808 -0.266603 77.460612
-1 1501080575.304431 0.21912 -0.504573 -0.073094 0.43746 0.858808 -0.266603 77.460612
-1 1501080575.318736 0.21912 -0.504573 -0.073094 0.43746 0.858808 -0.266603 77.460612
-1 1501080575.338894 0.219179 -0.504849 -0.073307 0.437691 0.858346 -0.267708 77.397364
-1 1501080575.358765 0.219179 -0.504849 -0.073307 0.437691 0.858346 -0.267708 77.397364
-1 1501080575.378815 0.219179 -0.504849 -0.073307 0.437691 0.858346 -0.267708 77.397364
-1 1501080575.398898 0.219351 -0.505388 -0.073143 0.43847 0.857502 -0.269137 77.326648
-1 1501080575.419332 0.219351 -0.505388 -0.073143 0.43847 0.857502 -0.269137 77.326648
-1 1501080575.439180 0.219351 -0.505388 -0.073143 0.43847 0.857502 -0.269137 77.326648
-1 1501080575.460571 0.219351 -0.505388 -0.073143 0.43847 0.857502 -0.269137 77.326648
-1 1501080575.482174 0.219351 -0.505388 -0.073143 0.43847 0.857502 -0.269137 77.326648
-1 1501080575.501775 0.219351 -0.505388 -0.073143 0.43847 0.857502 -0.269137 77.326648
-1 1501080575.519505 0.219351 -0.505388 -0.073143 0.43847 0.857502 -0.269137 77.326648
-1 1501080575.539452 0.219351 -0.505388 -0.073143 0.43847 0.857502 -0.269137 77.326648
-1 1501080575.559558 0.219351 -0.505388 -0.073143 0.43847 0.857502 -0.269137 77.326648
-1 1501080575.579803 0.219351 -0.505388 -0.073143 0.43847 0.857502 -0.269137 77.326648
-1 1501080575.599705 0.219351 -0.505388 -0.073143 0.43847 0.857502 -0.269137 77.326648
-1 1501080575.619735 0.219351 -0.505388 -0.073143 0.43847 0.857502 -0.269137 77.326648
-1 1501080575.639821 0.219721 -0.505461 -0.072772 0.438549 0.857459 -0.269144 77.239009
-1 1501080575.662456 0.219721 -0.505461 -0.072772 0.438549 0.857459 -0.269144 77.239009
-1 1501080575.682523 0.219721 -0.505461 -0.072772 0.438549 0.857459 -0.269144 77.239009
-1 1501080575.702600 0.219721 -0.505461 -0.072772 0.438549 0.857459 -0.269144 77.239009
-1 1501080575.722680 0.219721 -0.505461 -0.072772 0.438549 0.857459 -0.269144 77.239009
-1 1501080575.746464 0.219721 -0.505461 -0.072772 0.438549 0.857459 -0.269144 77.239009
-1 1501080575.762848 0.219597 -0.505638 -0.072827 0.437461 0.857906 -0.269491 77.233071
-1 1501080575.782870 0.219597 -0.505638 -0.072827 0.437461 0.857906 -0.269491 77.233071
-1 1501080575.802924 0.219597 -0.505638 -0.072827 0.437461 0.857906 -0.269491 77.233071
-1 1501080575.825636 0.219597 -0.505638 -0.072827 0.437461 0.857906 -0.269491 77.233071
-1 1501080575.845899 0.219597 -0.505638 -0.072827 0.437461 0.857906 -0.269491 77.233071
-1 1501080575.865764 0.219227 -0.505565 -0.073198 0.437383 0.857948 -0.269483 77.320713
-1 1501080575.885842 0.219227 -0.505565 -0.073198 0.437383 0.857948 -0.269483 77.320713
-1 1501080575.905975 0.219227 -0.505565 -0.073198 0.437383 0.857948 -0.269483 77.320713
-1 1501080575.925953 0.219227 -0.505565 -0.073198 0.437383 0.857948 -0.269483 77.320713
-1 1501080575.946059 0.219227 -0.505565 -0.073198 0.437383 0.857948 -0.269483 77.320713
-1 1501080575.966135 0.219227 -0.505565 -0.073198 0.437383 0.857948 -0.269483 77.320713
-1 1501080575.986848 0.219184 -0.505929 -0.073114 0.438007 0.857355 -0.270355 77.32551
-1 1501080576.006608 0.219184 -0.505929 -0.073114 0.438007 0.857355 -0.270355 77.32551
-1 1501080576.026675 0.219184 -0.505929 -0.073114 0.438007 0.857355 -0.270355 77.32551
-1 1501080576.046773 0.219227 -0.505565 -0.073198 0.437383 0.857948 -0.269483 77.320713
-1 1501080576.066793 0.219227 -0.505565 -0.073198 0.437383 0.857948 -0.269483 77.320713
-1 1501080576.086857 0.219227 -0.505565 -0.073198 0.437383 0.857948 -0.269483 77.320713
-1 1501080576.106901 0.218857 -0.505492 -0.073568 0.437305 0.857991 -0.269474 77.408349
-1 1501080576.133051 0.218857 -0.505492 -0.073568 0.437305 0.857991 -0.269474 77.408349
-1 1501080576.147056 0.218857 -0.505492 -0.073568 0.437305 0.857991 -0.269474 77.408349
-1 1501080576.167068 0.219441 -0.50574 -0.073119 0.437536 0.857695 -0.27004 77.245319
-1 1501080576.187182 0.219441 -0.50574 -0.073119 0.437536 0.857695 -0.27004 77.245319
-1 1501080576.208892 0.219441 -0.50574 -0.073119 0.437536 0.857695 -0.27004 77.245319
-1 1501080576.228600 0.219071 -0.505667 -0.073489 0.437458 0.857738 -0.270031 77.332951
-1 1501080576.248749 0.219071 -0.505667 -0.073489 0.437458 0.857738 -0.270031 77.332951
-1 1501080576.268782 0.219071 -0.505667 -0.073489 0.437458 0.857738 -0.270031 77.332951
-1 1501080576.288841 0.219071 -0.505667 -0.073489 0.437458 0.857738 -0.270031 77.332951
-1 1501080576.308918 0.219071 -0.505667 -0.073489 0.437458 0.857738 -0.270031 77.332951
-1 1501080576.329619 0.219071 -0.505667 -0.073489 0.437458 0.857738 -0.270031 77.332951
-1 1501080576.349667 0.219114 -0.505303 -0.073574 0.436834 0.85833 -0.269159 77.328187
-1 1501080576.369777 0.219114 -0.505303 -0.073574 0.436834 0.85833 -0.269159 77.328187
-1 1501080576.395557 0.219114 -0.505303 -0.073574 0.436834 0.85833 -0.269159 77.328187
-1 1501080576.409858 0.219071 -0.505667 -0.073489 0.437458 0.857738 -0.270031 77.332951
-1 1501080576.429926 0.219071 -0.505667 -0.073489 0.437458 0.857738 -0.270031 77.332951
-1 1501080576.449977 0.219071 -0.505667 -0.073489 0.437458 0.857738 -0.270031 77.332951
-1 1501080576.470055 0.219441 -0.50574 -0.073119 0.437536 0.857695 -0.27004 77.245319
-1 1501080576.493438 0.219441 -0.50574 -0.073119 0.437536 0.857695 -0.27004 77.245319
-1 1501080576.513337 0.219441 -0.50574 -0.073119 0.437536 0.857695 -0.27004 77.245319
-1 1501080576.533532 0.219227 -0.505565 -0.073198 0.437383 0.857948 -0.269483 77.320713
-1 1501080576.555432 0.219227 -0.505565 -0.073198 0.437383 0.857948 -0.269483 77.320713
-1 1501080576.576011 0.219227 -0.505565 -0.073198 0.437383 0.857948 -0.269483 77.320713
-1 1501080576.596038 0.218857 -0.505492 -0.073568 0.437305 0.857991 -0.269474 77.408349
-1 1501080576.616148 0.218857 -0.505492 -0.073568 0.437305 0.857991 -0.269474 77.408349
-1 1501080576.638950 0.218857 -0.505492 -0.073568 0.437305 0.857991 -0.269474 77.408349
-1 1501080576.659071 0.218824 -0.506714 -0.07324 0.437133 0.857573 -0.271078 77.37371
-1 1501080576.682625 0.218824 -0.506714 -0.07324 0.437133 0.857573 -0.271078 77.37371
-1 1501080576.699113 0.218824 -0.506714 -0.07324 0.437133 0.857573 -0.271078 77.37371
-1 1501080576.719175 0.218824 -0.506714 -0.07324 0.437133 0.857573 -0.271078 77.37371
-1 1501080576.739252 0.218824 -0.506714 -0.07324 0.437133 0.857573 -0.271078 77.37371
-1 1501080576.759291 0.218824 -0.506714 -0.07324 0.437133 0.857573 -0.271078 77.37371
-1 1501080576.779306 0.218824 -0.506714 -0.07324 0.437133 0.857573 -0.271078 77.37371
-1 1501080576.801728 0.218824 -0.506714 -0.07324 0.437133 0.857573 -0.271078 77.37371
-1 1501080576.823679 0.218824 -0.506714 -0.07324 0.437133 0.857573 -0.271078 77.37371
-1 1501080576.841731 0.219238 -0.506424 -0.072954 0.436585 0.858124 -0.270215 77.28133
-1 1501080576.861777 0.219238 -0.506424 -0.072954 0.436585 0.858124 -0.270215 77.28133
-1 1501080576.881903 0.219238 -0.506424 -0.072954 0.436585 0.858124 -0.270215 77.28133
-1 1501080576.901954 0.218824 -0.506714 -0.07324 0.437133 0.857573 -0.271078 77.37371
-1 1501080576.923178 0.218824 -0.506714 -0.07324 0.437133 0.857573 -0.271078 77.37371
-1 1501080576.943138 0.218824 -0.506714 -0.07324 0.437133 0.857573 -0.271078 77.37371
-1 1501080576.963177 0.219238 -0.506424 -0.072954 0.436585 0.858124 -0.270215 77.28133
-1 1501080576.983327 0.219238 -0.506424 -0.072954 0.436585 0.858124 -0.270215 77.28133
-1 1501080577.003749 0.219238 -0.506424 -0.072954 0.436585 0.858124 -0.270215 77.28133
-1 1501080577.023480 0.219194 -0.506788 -0.072869 0.437209 0.857531 -0.271088 77.286069
-1 1501080577.043506 0.219194 -0.506788 -0.072869 0.437209 0.857531 -0.271088 77.286069
-1 1501080577.064350 0.219194 -0.506788 -0.072869 0.437209 0.857531 -0.271088 77.286069
-1 1501080577.084338 0.219194 -0.506788 -0.072869 0.437209 0.857531 -0.271088 77.286069
-1 1501080577.104454 0.219194 -0.506788 -0.072869 0.437209 0.857531 -0.271088 77.286069
-1 1501080577.124531 0.219194 -0.506788 -0.072869 0.437209 0.857531 -0.271088 77.286069
-1 1501080577.144518 0.219227 -0.505565 -0.073198 0.437383 0.857948 -0.269483 77.320713
-1 1501080577.164614 0.219227 -0.505565 -0.073198 0.437383 0.857948 -0.269483 77.320713
-1 1501080577.184811 0.219227 -0.505565 -0.073198 0.437383 0.857948 -0.269483 77.320713
-1 1501080577.204726 0.219227 -0.505565 -0.073198 0.437383 0.857948 -0.269483 77.320713
-1 1501080577.224851 0.219227 -0.505565 -0.073198 0.437383 0.857948 -0.269483 77.320713
-1 1501080577.244884 0.219184 -0.505929 -0.073114 0.438007 0.857355 -0.270355 77.32551
-1 1501080577.264968 0.219184 -0.505929 -0.073114 0.438007 0.857355 -0.270355 77.32551
-1 1501080577.285033 0.219184 -0.505929 -0.073114 0.438007 0.857355 -0.270355 77.32551
-1 1501080577.305022 0.219184 -0.505929 -0.073114 0.438007 0.857355 -0.270355 77.32551
-1 1501080577.325108 0.219194 -0.506788 -0.072869 0.437209 0.857531 -0.271088 77.286069
-1 1501080577.345177 0.219194 -0.506788 -0.072869 0.437209 0.857531 -0.271088 77.286069
-1 1501080577.365956 0.219897 -0.506249 -0.072697 0.436999 0.858124 -0.269545 77.28133
-1 1501080577.386438 0.219897 -0.506249 -0.072697 0.436999 0.858124 -0.269545 77.28133
-1 1501080577.407670 0.219897 -0.506249 -0.072697 0.436999 0.858124 -0.269545 77.28133
-1 1501080577.426557 0.219853 -0.506613 -0.072612 0.437625 0.857531 -0.270417 77.286069
-1 1501080577.447237 0.219853 -0.506613 -0.072612 0.437625 0.857531 -0.270417 77.286069
-1 1501080577.468202 0.219853 -0.506613 -0.072612 0.437625 0.857531 -0.270417 77.286069
-1 1501080577.486834 0.219853 -0.506613 -0.072612 0.437625 0.857531 -0.270417 77.286069
-1 1501080577.506916 0.219853 -0.506613 -0.072612 0.437625 0.857531 -0.270417 77.286069
-1 1501080577.527140 0.219853 -0.506613 -0.072612 0.437625 0.857531 -0.270417 77.286069
-1 1501080577.546981 0.219897 -0.506249 -0.072697 0.436999 0.858124 -0.269545 77.28133
-1 1501080577.568079 0.219897 -0.506249 -0.072697 0.436999 0.858124 -0.269545 77.28133
-1 1501080577.587132 0.219897 -0.506249 -0.072697 0.436999 0.858124 -0.269545 77.28133
-1 1501080577.607236 0.21898 -0.506613 -0.072949 0.437058 0.857784 -0.27053 77.361423
-1 1501080577.627324 0.21898 -0.506613 -0.072949 0.437058 0.857784 -0.27053 77.361423
-1 1501080577.647560 0.21898 -0.506613 -0.072949 0.437058 0.857784 -0.27053 77.361423
-1 1501080577.667316 0.219939 -0.505886 -0.072782 0.436372 0.858717 -0.268673 77.276676
-1 1501080577.691218 0.219939 -0.505886 -0.072782 0.436372 0.858717 -0.268673 77.276676
-1 1501080577.710986 0.219939 -0.505886 -0.072782 0.436372 0.858717 -0.268673 77.276676
-1 1501080577.731041 0.221642 -0.506249 -0.07202 0.438133 0.857617 -0.269318 77.130559
-1 1501080577.751109 0.221642 -0.506249 -0.07202 0.438133 0.857617 -0.269318 77.130559
-1 1501080577.771149 0.221642 -0.506249 -0.07202 0.438133 0.857617 -0.269318 77.130559
-1 1501080577.791247 0.223342 -0.506613 -0.071253 0.4399 0.85651 -0.269962 76.984824
-1 1501080577.811298 0.223342 -0.506613 -0.071253 0.4399 0.85651 -0.269962 76.984824
-1 1501080577.831390 0.223342 -0.506613 -0.071253 0.4399 0.85651 -0.269962 76.984824
-1 1501080577.851417 0.225675 -0.508792 -0.069712 0.445392 0.852109 -0.27484 76.791553
-1 1501080577.871458 0.225675 -0.508792 -0.069712 0.445392 0.852109 -0.27484 76.791553
-1 1501080577.892442 0.225675 -0.508792 -0.069712 0.445392 0.852109 -0.27484 76.791553
-1 1501080577.912535 0.227008 -0.511693 -0.068341 0.451558 0.846658 -0.281543 76.690661
-1 1501080577.932692 0.227008 -0.511693 -0.068341 0.451558 0.846658 -0.281543 76.690661
-1 1501080577.952596 0.227008 -0.511693 -0.068341 0.451558 0.846658 -0.281543 76.690661
-1 1501080577.972671 0.230025 -0.514588 -0.066265 0.458896 0.840525 -0.287979 76.449258
-1 1501080577.992939 0.230025 -0.514588 -0.066265 0.458896 0.840525 -0.287979 76.449258
-1 1501080578.012915 0.230025 -0.514588 -0.066265 0.458896 0.840525 -0.287979 76.449258
-1 1501080578.032915 0.233974 -0.516756 -0.063983 0.465617 0.835235 -0.292545 76.127536
-1 1501080578.052964 0.233974 -0.516756 -0.063983 0.465617 0.835235 -0.292545 76.127536
-1 1501080578.073134 0.233974 -0.516756 -0.063983 0.465617 0.835235 -0.292545 76.127536
-1 1501080578.093166 0.236807 -0.51811 -0.062591 0.470442 0.831508 -0.29543 75.955688
-1 1501080578.116915 0.236807 -0.51811 -0.062591 0.470442 0.831508 -0.29543 75.955688
-1 1501080578.141574 0.236807 -0.51811 -0.062591 0.470442 0.831508 -0.29543 75.955688
-1 1501080578.161646 0.238779 -0.520083 -0.06109 0.475835 0.826947 -0.299567 75.864009
-1 1501080578.181799 0.238779 -0.520083 -0.06109 0.475835 0.826947 -0.299567 75.864009
-1 1501080578.201727 0.238779 -0.520083 -0.06109 0.475835 0.826947 -0.299567 75.864009
-1 1501080578.221984 0.241447 -0.520536 -0.059587 0.478272 0.825328 -0.300148 75.582859
-1 1501080578.242717 0.241447 -0.520536 -0.059587 0.478272 0.825328 -0.300148 75.582859
-1 1501080578.262745 0.241447 -0.520536 -0.059587 0.478272 0.825328 -0.300148 75.582859
-1 1501080578.282839 0.243152 -0.520536 -0.058844 0.479515 0.824696 -0.299904 75.437865
-1 1501080578.302851 0.243152 -0.520536 -0.058844 0.479515 0.824696 -0.299904 75.437865
-1 1501080578.325393 0.243152 -0.520536 -0.058844 0.479515 0.824696 -0.299904 75.437865
-1 1501080578.342976 0.245703 -0.521389 -0.057453 0.480624 0.823899 -0.300318 75.178568
-1 1501080578.363046 0.245703 -0.521389 -0.057453 0.480624 0.823899 -0.300318 75.178568
-1 1501080578.383323 0.245703 -0.521389 -0.057453 0.480624 0.823899 -0.300318 75.178568
-1 1501080578.403169 0.249655 -0.523679 -0.054955 0.485499 0.819723 -0.303884 74.815861
-1 1501080578.423240 0.249655 -0.523679 -0.054955 0.485499 0.819723 -0.303884 74.815861
-1 1501080578.444374 0.249655 -0.523679 -0.054955 0.485499 0.819723 -0.303884 74.815861
-1 1501080578.464457 0.254498 -0.524755 -0.05239 0.491187 0.815658 -0.305676 74.416908
-1 1501080578.484458 0.254498 -0.524755 -0.05239 0.491187 0.815658 -0.305676 74.416908
-1 1501080578.508729 0.254498 -0.524755 -0.05239 0.491187 0.815658 -0.305676 74.416908
-1 1501080578.526392 0.258625 -0.525114 -0.050342 0.49502 0.813257 -0.30589 74.070293
-1 1501080578.549150 0.258625 -0.525114 -0.050342 0.49502 0.813257 -0.30589 74.070293
-1 1501080578.565695 0.262477 -0.528249 -0.047469 0.499273 0.808995 -0.310247 73.67546
-1 1501080578.585860 0.262477 -0.528249 -0.047469 0.499273 0.808995 -0.310247 73.67546
-1 1501080578.605846 0.262477 -0.528249 -0.047469 0.499273 0.808995 -0.310247 73.67546
-1 1501080578.625906 0.262477 -0.528249 -0.047469 0.499273 0.808995 -0.310247 73.67546
-1 1501080578.645960 0.266753 -0.532751 -0.043804 0.504573 0.80333 -0.316335 73.266866
-1 1501080578.668581 0.266753 -0.532751 -0.043804 0.504573 0.80333 -0.316335 73.266866
-1 1501080578.686108 0.266753 -0.532751 -0.043804 0.504573 0.80333 -0.316335 73.266866
-1 1501080578.706138 0.267771 -0.535163 -0.042067 0.502987 0.804624 -0.315568 73.391006
-1 1501080578.729991 0.267771 -0.535163 -0.042067 0.502987 0.804624 -0.315568 73.391006
-1 1501080578.746847 0.267552 -0.53545 -0.041478 0.499687 0.808621 -0.310554 73.81884
-1 1501080578.766912 0.267552 -0.53545 -0.041478 0.499687 0.808621 -0.310554 73.81884
-1 1501080578.786971 0.267552 -0.53545 -0.041478 0.499687 0.808621 -0.310554 73.81884
-1 1501080578.807052 0.267669 -0.535715 -0.040564 0.497331 0.812168 -0.305033 74.333514
-1 1501080578.827258 0.267669 -0.535715 -0.040564 0.497331 0.812168 -0.305033 74.333514
-1 1501080578.847278 0.267669 -0.535715 -0.040564 0.497331 0.812168 -0.305033 74.333514
-1 1501080578.867338 0.266646 -0.536987 -0.039742 0.494109 0.81573 -0.300734 74.963672
-1 1501080578.887498 0.266646 -0.536987 -0.039742 0.494109 0.81573 -0.300734 74.963672
-1 1501080578.907461 0.266646 -0.536987 -0.039742 0.494109 0.81573 -0.300734 74.963672
-1 1501080578.927478 0.264101 -0.539952 -0.039044 0.482591 0.823953 -0.296998 75.658079
-1 1501080578.947558 0.264101 -0.539952 -0.039044 0.482591 0.823953 -0.296998 75.658079
-1 1501080578.967586 0.264101 -0.539952 -0.039044 0.482591 0.823953 -0.296998 75.658079
-1 1501080578.987661 0.264617 -0.54555 -0.03616 0.477277 0.825958 -0.300002 75.832903
-1 1501080579.007688 0.264617 -0.54555 -0.03616 0.477277 0.825958 -0.300002 75.832903
-1 1501080579.027831 0.264617 -0.54555 -0.03616 0.477277 0.825958 -0.300002 75.832903
-1 1501080579.047843 0.265952 -0.55309 -0.032363 0.466917 0.829733 -0.305829 75.705732
-1 1501080579.067966 0.265952 -0.55309 -0.032363 0.466917 0.829733 -0.305829 75.705732
-1 1501080579.090649 0.265952 -0.55309 -0.032363 0.466917 0.829733 -0.305829 75.705732
-1 1501080579.109687 0.266129 -0.558354 -0.030104 0.454204 0.835176 -0.310128 75.784092
-1 1501080579.131460 0.266129 -0.558354 -0.030104 0.454204 0.835176 -0.310128 75.784092
-1 1501080579.153723 0.266129 -0.558354 -0.030104 0.454204 0.835176 -0.310128 75.784092
-1 1501080579.173687 0.262731 -0.560575 -0.030272 0.439689 0.843387 -0.308823 76.616961
-1 1501080579.193779 0.262731 -0.560575 -0.030272 0.439689 0.843387 -0.308823 76.616961
-1 1501080579.213803 0.262731 -0.560575 -0.030272 0.439689 0.843387 -0.308823 76.616961
-1 1501080579.233997 0.261611 -0.562172 -0.03005 0.425108 0.850434 -0.309911 77.167686
-1 1501080579.254034 0.261611 -0.562172 -0.03005 0.425108 0.850434 -0.309911 77.167686
-1 1501080579.274070 0.261611 -0.562172 -0.03005 0.425108 0.850434 -0.309911 77.167686
-1 1501080579.294188 0.262323 -0.564829 -0.029234 0.409456 0.855943 -0.315763 77.196405
-1 1501080579.314306 0.262323 -0.564829 -0.029234 0.409456 0.855943 -0.315763 77.196405
-1 1501080579.336522 0.262323 -0.564829 -0.029234 0.409456 0.855943 -0.315763 77.196405
-1 1501080579.354710 0.266287 -0.568228 -0.02676 0.395792 0.85933 -0.323883 76.719279
-1 1501080579.374868 0.266287 -0.568228 -0.02676 0.395792 0.85933 -0.323883 76.719279
-1 1501080579.396673 0.266287 -0.568228 -0.02676 0.395792 0.85933 -0.323883 76.719279
-1 1501080579.414970 0.273562 -0.572779 -0.021778 0.389133 0.858629 -0.333665 75.927089
-1 1501080579.435039 0.273562 -0.572779 -0.021778 0.389133 0.858629 -0.333665 75.927089
-1 1501080579.455048 0.273562 -0.572779 -0.021778 0.389133 0.858629 -0.333665 75.927089
-1 1501080579.475179 0.283286 -0.576473 -0.015257 0.393606 0.853095 -0.342496 75.025881
-1 1501080579.495253 0.283286 -0.576473 -0.015257 0.393606 0.853095 -0.342496 75.025881
-1 1501080579.515277 0.283286 -0.576473 -0.015257 0.393606 0.853095 -0.342496 75.025881
-1 1501080579.537386 0.291114 -0.576643 -0.010827 0.399207 0.849941 -0.343853 74.357583
-1 1501080579.555411 0.291114 -0.576643 -0.010827 0.399207 0.849941 -0.343853 74.357583
-1 1501080579.576395 0.291114 -0.576643 -0.010827 0.399207 0.849941 -0.343853 74.357583
-1 1501080579.595513 0.296546 -0.576643 -0.007673 0.403475 0.847955 -0.343774 73.835381
-1 1501080579.615604 0.296546 -0.576643 -0.007673 0.403475 0.847955 -0.343774 73.835381
-1 1501080579.635744 0.296546 -0.576643 -0.007673 0.403475 0.847955 -0.343774 73.835381
-1 1501080579.655677 0.302712 -0.576643 -0.003996 0.408406 0.845632 -0.343673 73.240092
-1 1501080579.675756 0.302712 -0.576643 -0.003996 0.408406 0.845632 -0.343673 73.240092
-1 1501080579.695812 0.302712 -0.576643 -0.003996 0.408406 0.845632 -0.343673 73.240092
-1 1501080579.718609 0.307307 -0.576643 -0.00119 0.412142 0.843852 -0.34359 72.794709
-1 1501080579.735919 0.307307 -0.576643 -0.00119 0.412142 0.843852 -0.34359 72.794709
-1 1501080579.755964 0.307307 -0.576643 -0.00119 0.412142 0.843852 -0.34359 72.794709
-1 1501080579.776124 0.312634 -0.576643 0.002138 0.41654 0.841732 -0.343484 72.276293
-1 1501080579.796540 0.312634 -0.576643 0.002138 0.41654 0.841732 -0.343484 72.276293
-1 1501080579.817480 0.312634 -0.576643 0.002138 0.41654 0.841732 -0.343484 72.276293
-1 1501080579.836659 0.318678 -0.576643 0.006011 0.421623 0.839252 -0.343351 71.685434
-1 1501080579.859462 0.318678 -0.576643 0.006011 0.421623 0.839252 -0.343351 71.685434
-1 1501080579.879185 0.318678 -0.576643 0.006011 0.421623 0.839252 -0.343351 71.685434
-1 1501080579.899341 0.324591 -0.577487 0.010301 0.426026 0.836674 -0.344207 71.067159
-1 1501080579.919924 0.324591 -0.577487 0.010301 0.426026 0.836674 -0.344207 71.067159
-1 1501080579.939927 0.324591 -0.577487 0.010301 0.426026 0.836674 -0.344207 71.067159
-1 1501080579.960147 0.329706 -0.57833 0.014156 0.42984 0.834356 -0.345092 70.524133
-1 1501080579.980040 0.329706 -0.57833 0.014156 0.42984 0.834356 -0.345092 70.524133
-1 1501080580.000096 0.329706 -0.57833 0.014156 0.42984 0.834356 -0.345092 70.524133
-1 1501080580.020202 0.333763 -0.581696 0.018592 0.430827 0.832185 -0.349078 69.969376
-1 1501080580.041235 0.333763 -0.581696 0.018592 0.430827 0.832185 -0.349078 69.969376
-1 1501080580.060279 0.333763 -0.581696 0.018592 0.430827 0.832185 -0.349078 69.969376
-1 1501080580.080327 0.334559 -0.58572 0.021249 0.428316 0.831598 -0.353539 69.753997
-1 1501080580.100459 0.334559 -0.58572 0.021249 0.428316 0.831598 -0.353539 69.753997
-1 1501080580.120551 0.334559 -0.58572 0.021249 0.428316 0.831598 -0.353539 69.753997
-1 1501080580.140553 0.334114 -0.587836 0.02241 0.427139 0.831714 -0.354689 69.902954
-1 1501080580.160611 0.334114 -0.587836 0.02241 0.427139 0.831714 -0.354689 69.902954
-1 1501080580.180661 0.334114 -0.587836 0.02241 0.427139 0.831714 -0.354689 69.902954
-1 1501080580.200780 0.332744 -0.590872 0.023517 0.421984 0.833825 -0.355901 70.11612
-1 1501080580.220915 0.332744 -0.590872 0.023517 0.421984 0.833825 -0.355901 70.11612
-1 1501080580.240950 0.332744 -0.590872 0.023517 0.421984 0.833825 -0.355901 70.11612
-1 1501080580.261008 0.331428 -0.594034 0.02434 0.418243 0.834231 -0.359349 70.153049
-1 1501080580.281048 0.331428 -0.594034 0.02434 0.418243 0.834231 -0.359349 70.153049
-1 1501080580.301191 0.331428 -0.594034 0.02434 0.418243 0.834231 -0.359349 70.153049
-1 1501080580.321268 0.33113 -0.596527 0.025443 0.416 0.834023 -0.362421 70.071701
-1 1501080580.343994 0.33113 -0.596527 0.025443 0.416 0.834023 -0.362421 70.071701
-1 1501080580.361322 0.33113 -0.596527 0.025443 0.416 0.834023 -0.362421 70.071701
-1 1501080580.381490 0.33103 -0.597903 0.026104 0.41362 0.834606 -0.363801 70.005309
-1 1501080580.403550 0.33103 -0.597903 0.026104 0.41362 0.834606 -0.363801 70.005309
-1 1501080580.423516 0.33103 -0.597903 0.026104 0.41362 0.834606 -0.363801 70.005309
-1 1501080580.443573 0.330828 -0.59956 0.026849 0.412113 0.834456 -0.365851 69.951976
-1 1501080580.463638 0.330828 -0.59956 0.026849 0.412113 0.834456 -0.365851 69.951976
-1 1501080580.483819 0.330828 -0.59956 0.026849 0.412113 0.834456 -0.365851 69.951976
-1 1501080580.503729 0.330625 -0.601215 0.0276 0.410601 0.8343 -0.367901 69.898993
-1 1501080580.523833 0.330625 -0.601215 0.0276 0.410601 0.8343 -0.367901 69.898993
-1 1501080580.543871 0.330625 -0.601215 0.0276 0.410601 0.8343 -0.367901 69.898993
-1 1501080580.564011 0.330421 -0.602868 0.028356 0.409084 0.834138 -0.369951 69.846361
-1 1501080580.583978 0.330421 -0.602868 0.028356 0.409084 0.834138 -0.369951 69.846361
-1 1501080580.604063 0.330421 -0.602868 0.028356 0.409084 0.834138 -0.369951 69.846361
-1 1501080580.624140 0.330319 -0.603693 0.028735 0.408324 0.834055 -0.370976 69.820181
-1 1501080580.644221 0.330319 -0.603693 0.028735 0.408324 0.834055 -0.370976 69.820181
-1 1501080580.664264 0.330319 -0.603693 0.028735 0.408324 0.834055 -0.370976 69.820181
-1 1501080580.684397 0.331283 -0.603777 0.029674 0.408921 0.833608 -0.371324 69.662
-1 1501080580.704517 0.331283 -0.603777 0.029674 0.408921 0.833608 -0.371324 69.662
-1 1501080580.724528 0.331283 -0.603777 0.029674 0.408921 0.833608 -0.371324 69.662
-1 1501080580.744615 0.331551 -0.60411 0.030896 0.408007 0.833493 -0.372584 69.39568
-1 1501080580.767017 0.331551 -0.60411 0.030896 0.408007 0.833493 -0.372584 69.39568
-1 1501080580.786884 0.331551 -0.60411 0.030896 0.408007 0.833493 -0.372584 69.39568
-1 1501080580.808241 0.331795 -0.604193 0.03133 0.407943 0.83338 -0.372908 69.310798
-1 1501080580.828477 0.331795 -0.604193 0.03133 0.407943 0.83338 -0.372908 69.310798
-1 1501080580.848619 0.33204 -0.604274 0.031763 0.407878 0.833266 -0.373232 69.225923
-1 1501080580.868651 0.33204 -0.604274 0.031763 0.407878 0.833266 -0.373232 69.225923
-1 1501080580.893147 0.33204 -0.604274 0.031763 0.407878 0.833266 -0.373232 69.225923
-1 1501080580.908615 0.331844 -0.604107 0.031636 0.407787 0.833606 -0.372574 69.299148
-1 1501080580.929579 0.331844 -0.604107 0.031636 0.407787 0.833606 -0.372574 69.299148
-1 1501080580.949981 0.331844 -0.604107 0.031636 0.407787 0.833606 -0.372574 69.299148
-1 1501080580.969647 0.332096 -0.60345 0.031772 0.405856 0.835299 -0.370885 69.263273
-1 1501080580.989745 0.332096 -0.60345 0.031772 0.405856 0.835299 -0.370885 69.263273
-1 1501080581.011519 0.332096 -0.60345 0.031772 0.405856 0.835299 -0.370885 69.263273
-1 1501080581.029853 0.331946 -0.602055 0.031007 0.406246 0.836979 -0.366649 69.447222
-1 1501080581.049943 0.331946 -0.602055 0.031007 0.406246 0.836979 -0.366649 69.447222
-1 1501080581.070022 0.331946 -0.602055 0.031007 0.406246 0.836979 -0.366649 69.447222
-1 1501080581.090138 0.333228 -0.599756 0.03111 0.407705 0.839094 -0.360135 69.427896
-1 1501080581.110092 0.333228 -0.599756 0.03111 0.407705 0.839094 -0.360135 69.427896
-1 1501080581.130172 0.333228 -0.599756 0.03111 0.407705 0.839094 -0.360135 69.427896
-1 1501080581.150217 0.333602 -0.597576 0.030489 0.409176 0.840898 -0.354211 69.401347
-1 1501080581.171262 0.333602 -0.597576 0.030489 0.409176 0.840898 -0.354211 69.401347
-1 1501080581.191318 0.333602 -0.597576 0.030489 0.409176 0.840898 -0.354211 69.401347
-1 1501080581.211328 0.334352 -0.595345 0.030294 0.416642 0.839536 -0.348697 69.43745
-1 1501080581.232649 0.334352 -0.595345 0.030294 0.416642 0.839536 -0.348697 69.43745
-1 1501080581.252714 0.334352 -0.595345 0.030294 0.416642 0.839536 -0.348697 69.43745
-1 1501080581.272741 0.335483 -0.593694 0.030716 0.425701 0.837117 -0.34353 69.356874
-1 1501080581.293178 0.335483 -0.593694 0.030716 0.425701 0.837117 -0.34353 69.356874
-1 1501080581.313128 0.335483 -0.593694 0.030716 0.425701 0.837117 -0.34353 69.356874
-1 1501080581.333108 0.337653 -0.591542 0.032102 0.437464 0.833868 -0.336586 69.178711
-1 1501080581.354104 0.337653 -0.591542 0.032102 0.437464 0.833868 -0.336586 69.178711
-1 1501080581.374115 0.337653 -0.591542 0.032102 0.437464 0.833868 -0.336586 69.178711
-1 1501080581.394208 0.338855 -0.588216 0.031856 0.450399 0.830646 -0.327364 69.278301
-1 1501080581.414294 0.338855 -0.588216 0.031856 0.450399 0.830646 -0.327364 69.278301
-1 1501080581.434400 0.338855 -0.588216 0.031856 0.450399 0.830646 -0.327364 69.278301
-1 1501080581.454454 0.339836 -0.586786 0.032306 0.458195 0.828212 -0.322681 69.227624
-1 1501080581.474541 0.339836 -0.586786 0.032306 0.458195 0.828212 -0.322681 69.227624
-1 1501080581.495838 0.339836 -0.586786 0.032306 0.458195 0.828212 -0.322681 69.227624
-1 1501080581.514711 0.340116 -0.586377 0.032437 0.460416 0.827502 -0.321336 69.214018
-1 1501080581.534761 0.340116 -0.586377 0.032437 0.460416 0.827502 -0.321336 69.214018
-1 1501080581.554835 0.340116 -0.586377 0.032437 0.460416 0.827502 -0.321336 69.214018
-1 1501080581.574875 0.339463 -0.58647 0.032076 0.46173 0.826743 -0.321405 69.28983
-1 1501080581.595010 0.339463 -0.58647 0.032076 0.46173 0.826743 -0.321405 69.28983
-1 1501080581.614978 0.339463 -0.58647 0.032076 0.46173 0.826743 -0.321405 69.28983
-1 1501080581.637957 0.339382 -0.586767 0.03217 0.462603 0.825989 -0.322088 69.299697
-1 1501080581.659961 0.339382 -0.586767 0.03217 0.462603 0.825989 -0.322088 69.299697
-1 1501080581.675156 0.339382 -0.586767 0.03217 0.462603 0.825989 -0.322088 69.299697
-1 1501080581.695391 0.339463 -0.58647 0.032076 0.46173 0.826743 -0.321405 69.28983
-1 1501080581.718271 0.339463 -0.58647 0.032076 0.46173 0.826743 -0.321405 69.28983
-1 1501080581.737806 0.339463 -0.58647 0.032076 0.46173 0.826743 -0.321405 69.28983
-1 1501080581.757851 0.340175 -0.58647 0.032598 0.462401 0.826391 -0.321346 69.217197
-1 1501080581.781196 0.340175 -0.58647 0.032598 0.462401 0.826391 -0.321346 69.217197
-1 1501080581.800994 0.340175 -0.58647 0.032598 0.462401 0.826391 -0.321346 69.217197
-1 1501080581.821074 0.339657 -0.586644 0.032197 0.461907 0.826391 -0.322055 69.217183
-1 1501080581.841137 0.339657 -0.586644 0.032197 0.461907 0.826391 -0.322055 69.217183
-1 1501080581.863364 0.339657 -0.586644 0.032197 0.461907 0.826391 -0.322055 69.217183
-1 1501080581.881277 0.339657 -0.586644 0.032197 0.461907 0.826391 -0.322055 69.217183
-1 1501080581.901325 0.339657 -0.586644 0.032197 0.461907 0.826391 -0.322055 69.217183
-1 1501080581.921418 0.339657 -0.586644 0.032197 0.461907 0.826391 -0.322055 69.217183
-1 1501080581.941454 0.340369 -0.586644 0.032719 0.462579 0.826038 -0.321996 69.14458
-1 1501080581.963912 0.340369 -0.586644 0.032719 0.462579 0.826038 -0.321996 69.14458
-1 1501080581.981566 0.340369 -0.586644 0.032719 0.462579 0.826038 -0.321996 69.14458
-1 1501080582.001707 0.340369 -0.586644 0.032719 0.462579 0.826038 -0.321996 69.14458
-1 1501080582.025052 0.340369 -0.586644 0.032719 0.462579 0.826038 -0.321996 69.14458
-1 1501080582.043873 0.340369 -0.586644 0.032719 0.462579 0.826038 -0.321996 69.14458
-1 1501080582.068566 0.339576 -0.58694 0.032291 0.46278 0.825636 -0.322739 69.227115
-1 1501080582.084004 0.339576 -0.58694 0.032291 0.46278 0.825636 -0.322739 69.227115
-1 1501080582.104283 0.339576 -0.58694 0.032291 0.46278 0.825636 -0.322739 69.227115
-1 1501080582.124451 0.340369 -0.586644 0.032719 0.462579 0.826038 -0.321996 69.14458
-1 1501080582.145402 0.340369 -0.586644 0.032719 0.462579 0.826038 -0.321996 69.14458
-1 1501080582.164500 0.340369 -0.586644 0.032719 0.462579 0.826038 -0.321996 69.14458
-1 1501080582.186009 0.339657 -0.586644 0.032197 0.461907 0.826391 -0.322055 69.217183
-1 1501080582.207116 0.339657 -0.586644 0.032197 0.461907 0.826391 -0.322055 69.217183
-1 1501080582.227107 0.339657 -0.586644 0.032197 0.461907 0.826391 -0.322055 69.217183
-1 1501080582.246407 0.340369 -0.586644 0.032719 0.462579 0.826038 -0.321996 69.14458
-1 1501080582.267779 0.340369 -0.586644 0.032719 0.462579 0.826038 -0.321996 69.14458
-1 1501080582.287240 0.340369 -0.586644 0.032719 0.462579 0.826038 -0.321996 69.14458
-1 1501080582.307829 0.339657 -0.586644 0.032197 0.461907 0.826391 -0.322055 69.217183
-1 1501080582.330304 0.339657 -0.586644 0.032197 0.461907 0.826391 -0.322055 69.217183
-1 1501080582.350344 0.339576 -0.58694 0.032291 0.46278 0.825636 -0.322739 69.227115
-1 1501080582.370444 0.339576 -0.58694 0.032291 0.46278 0.825636 -0.322739 69.227115
-1 1501080582.393778 0.339576 -0.58694 0.032291 0.46278 0.825636 -0.322739 69.227115
-1 1501080582.412529 0.340369 -0.586644 0.032719 0.462579 0.826038 -0.321996 69.14458
-1 1501080582.433097 0.340369 -0.586644 0.032719 0.462579 0.826038 -0.321996 69.14458
-1 1501080582.453603 0.340369 -0.586644 0.032719 0.462579 0.826038 -0.321996 69.14458
-1 1501080582.473529 0.339576 -0.58694 0.032291 0.46278 0.825636 -0.322739 69.227115
-1 1501080582.493780 0.339576 -0.58694 0.032291 0.46278 0.825636 -0.322739 69.227115
-1 1501080582.515067 0.339576 -0.58694 0.032291 0.46278 0.825636 -0.322739 69.227115
-1 1501080582.534547 0.340531 -0.58605 0.032531 0.460829 0.827547 -0.320627 69.124872
-1 1501080582.554636 0.340531 -0.58605 0.032531 0.460829 0.827547 -0.320627 69.124872
-1 1501080582.574630 0.340531 -0.58605 0.032531 0.460829 0.827547 -0.320627 69.124872
-1 1501080582.595241 0.339657 -0.586644 0.032197 0.461907 0.826391 -0.322055 69.217183
-1 1501080582.615511 0.339657 -0.586644 0.032197 0.461907 0.826391 -0.322055 69.217183
-1 1501080582.635956 0.339657 -0.586644 0.032197 0.461907 0.826391 -0.322055 69.217183
-1 1501080582.656136 0.340369 -0.586644 0.032719 0.462579 0.826038 -0.321996 69.14458
-1 1501080582.676575 0.340369 -0.586644 0.032719 0.462579 0.826038 -0.321996 69.14458
-1 1501080582.697107 0.340369 -0.586644 0.032719 0.462579 0.826038 -0.321996 69.14458
-1 1501080582.717121 0.340369 -0.586644 0.032719 0.462579 0.826038 -0.321996 69.14458
-1 1501080582.737172 0.340369 -0.586644 0.032719 0.462579 0.826038 -0.321996 69.14458
-1 1501080582.757212 0.340369 -0.586644 0.032719 0.462579 0.826038 -0.321996 69.14458
-1 1501080582.777267 0.339576 -0.58694 0.032291 0.46278 0.825636 -0.322739 69.227115
-1 1501080582.797319 0.339576 -0.58694 0.032291 0.46278 0.825636 -0.322739 69.227115
-1 1501080582.817576 0.339576 -0.58694 0.032291 0.46278 0.825636 -0.322739 69.227115
-1 1501080582.837500 0.339657 -0.586644 0.032197 0.461907 0.826391 -0.322055 69.217183
-1 1501080582.857724 0.339657 -0.586644 0.032197 0.461907 0.826391 -0.322055 69.217183
-1 1501080582.877674 0.339657 -0.586644 0.032197 0.461907 0.826391 -0.322055 69.217183
-1 1501080582.897948 0.339576 -0.58694 0.032291 0.46278 0.825636 -0.322739 69.227115
-1 1501080582.917688 0.339576 -0.58694 0.032291 0.46278 0.825636 -0.322739 69.227115
-1 1501080582.938081 0.339576 -0.58694 0.032291 0.46278 0.825636 -0.322739 69.227115
-1 1501080582.960134 0.340369 -0.586644 0.032719 0.462579 0.826038 -0.321996 69.14458
-1 1501080582.978086 0.340369 -0.586644 0.032719 0.462579 0.826038 -0.321996 69.14458
-1 1501080582.998249 0.340369 -0.586644 0.032719 0.462579 0.826038 -0.321996 69.14458
-1 1501080583.018179 0.34045 -0.586347 0.032625 0.461705 0.826793 -0.321312 69.134678
-1 1501080583.038289 0.34045 -0.586347 0.032625 0.461705 0.826793 -0.321312 69.134678
-1 1501080583.058391 0.34045 -0.586347 0.032625 0.461705 0.826793 -0.321312 69.134678
-1 1501080583.080498 0.339576 -0.58694 0.032291 0.46278 0.825636 -0.322739 69.227115
-1 1501080583.105457 0.339576 -0.58694 0.032291 0.46278 0.825636 -0.322739 69.227115
-1 1501080583.120631 0.339576 -0.58694 0.032291 0.46278 0.825636 -0.322739 69.227115
-1 1501080583.138600 0.339657 -0.586644 0.032197 0.461907 0.826391 -0.322055 69.217183
-1 1501080583.160394 0.339657 -0.586644 0.032197 0.461907 0.826391 -0.322055 69.217183
-1 1501080583.178701 0.339657 -0.586644 0.032197 0.461907 0.826391 -0.322055 69.217183
-1 1501080583.201434 0.339576 -0.58694 0.032291 0.46278 0.825636 -0.322739 69.227115
-1 1501080583.221633 0.339576 -0.58694 0.032291 0.46278 0.825636 -0.322739 69.227115
-1 1501080583.241628 0.339576 -0.58694 0.032291 0.46278 0.825636 -0.322739 69.227115
-1 1501080583.261667 0.340369 -0.586644 0.032719 0.462579 0.826038 -0.321996 69.14458
-1 1501080583.281756 0.340369 -0.586644 0.032719 0.462579 0.826038 -0.321996 69.14458
-1 1501080583.301867 0.340369 -0.586644 0.032719 0.462579 0.826038 -0.321996 69.14458
-1 1501080583.321908 0.340369 -0.586644 0.032719 0.462579 0.826038 -0.321996 69.14458
-1 1501080583.341967 0.340369 -0.586644 0.032719 0.462579 0.826038 -0.321996 69.14458
-1 1501080583.362364 0.340369 -0.586644 0.032719 0.462579 0.826038 -0.321996 69.14458
-1 1501080583.382050 0.340692 -0.58642 0.033055 0.461692 0.826714 -0.321535 69.048166
-1 1501080583.402174 0.340692 -0.58642 0.033055 0.461692 0.826714 -0.321535 69.048166
-1 1501080583.422204 0.340692 -0.58642 0.033055 0.461692 0.826714 -0.321535 69.048166
-1 1501080583.442309 0.340288 -0.58694 0.032813 0.463452 0.825282 -0.32268 69.15458
-1 1501080583.462386 0.340288 -0.58694 0.032813 0.463452 0.825282 -0.32268 69.15458
-1 1501080583.482462 0.340288 -0.58694 0.032813 0.463452 0.825282 -0.32268 69.15458
-1 1501080583.505431 0.340288 -0.58694 0.032813 0.463452 0.825282 -0.32268 69.15458
-1 1501080583.522586 0.340288 -0.58694 0.032813 0.463452 0.825282 -0.32268 69.15458
-1 1501080583.542599 0.340288 -0.58694 0.032813 0.463452 0.825282 -0.32268 69.15458
-1 1501080583.563313 0.339657 -0.586644 0.032197 0.461907 0.826391 -0.322055 69.217183
-1 1501080583.592828 0.339657 -0.586644 0.032197 0.461907 0.826391 -0.322055 69.217183
-1 1501080583.603364 0.339657 -0.586644 0.032197 0.461907 0.826391 -0.322055 69.217183
-1 1501080583.623404 0.339657 -0.586644 0.032197 0.461907 0.826391 -0.322055 69.217183
-1 1501080583.644347 0.339657 -0.586644 0.032197 0.461907 0.826391 -0.322055 69.217183
-1 1501080583.664394 0.339657 -0.586644 0.032197 0.461907 0.826391 -0.322055 69.217183
-1 1501080583.684440 0.339657 -0.586644 0.032197 0.461907 0.826391 -0.322055 69.217183
-1 1501080583.706532 0.339657 -0.586644 0.032197 0.461907 0.826391 -0.322055 69.217183
-1 1501080583.725534 0.339657 -0.586644 0.032197 0.461907 0.826391 -0.322055 69.217183
-1 1501080583.749589 0.339657 -0.586644 0.032197 0.461907 0.826391 -0.322055 69.217183
-1 1501080583.765635 0.339657 -0.586644 0.032197 0.461907 0.826391 -0.322055 69.217183
-1 1501080583.785780 0.339657 -0.586644 0.032197 0.461907 0.826391 -0.322055 69.217183
-1 1501080583.806308 0.340288 -0.58694 0.032813 0.463452 0.825282 -0.32268 69.15458
