-1 1501082404.545922 0.0
-1 1501082404.552544 0.0
-1 1501082404.569432 0.0
-1 1501082404.583523 0.0
-1 1501082404.604125 0.0
-1 1501082404.616594 0.0
-1 1501082404.634881 0.0
-1 1501082404.652649 0.0
-1 1501082404.664844 0.0
-1 1501082404.682106 0.0
-1 1501082404.697428 0.0
-1 1501082404.717602 0.0
-1 1501082404.727083 0.0
-1 1501082404.743063 0.0
-1 1501082404.759218 0.0
-1 1501082404.776394 0.0
-1 1501082404.790492 0.0
-1 1501082404.807398 0.0
-1 1501082404.824558 0.0
-1 1501082404.843584 0.0
-1 1501082404.857937 0.0
-1 1501082404.877344 0.0
-1 1501082404.893399 0.0
-1 1501082404.908700 0.0
-1 1501082404.923961 0.0
-1 1501082404.936523 0.0
-1 1501082404.952461 0.0
-1 1501082404.968932 0.0
-1 1501082404.983526 0.0
-1 1501082404.998508 0.0
-1 1501082405.017294 0.0
-1 1501082405.031030 0.0
-1 1501082405.048404 0.0
-1 1501082405.067683 0.0
-1 1501082405.084540 0.0
-1 1501082405.098759 0.0
-1 1501082405.116832 0.0
-1 1501082405.131363 0.0
-1 1501082405.152345 0.0
-1 1501082405.166466 0.0
-1 1501082405.183158 0.0
-1 1501082405.196827 0.0
-1 1501082405.208622 0.0
-1 1501082405.232573 0.0
-1 1501082405.242038 0.0
-1 1501082405.263908 0.0
-1 1501082405.273099 0.0
-1 1501082405.297486 0.0
-1 1501082405.307882 0.0
-1 1501082405.325628 0.0
-1 1501082405.338806 0.0
-1 1501082405.353318 0.0
-1 1501082405.370919 0.0
-1 1501082405.385483 0.0
-1 1501082405.402914 0.0
-1 1501082405.417575 0.0
-1 1501082405.435027 0.0
-1 1501082405.451295 0.0
-1 1501082405.465821 0.0
-1 1501082405.481567 0.0
-1 1501082405.507092 0.0
-1 1501082405.514619 0.0
-1 1501082405.530238 0.0
-1 1501082405.548460 0.0
-1 1501082405.563533 0.0
-1 1501082405.577948 0.0
-1 1501082405.593330 0.0
-1 1501082405.609901 0.0
-1 1501082405.629675 0.0
-1 1501082405.643269 0.0
-1 1501082405.661289 0.0
-1 1501082405.674350 0.0
-1 1501082405.692438 0.0
-1 1501082405.707821 0.0
-1 1501082405.725278 0.0
-1 1501082405.742016 0.0
-1 1501082405.760586 0.0
-1 1501082405.774239 0.0
-1 1501082405.791187 0.0
-1 1501082405.805681 0.0
-1 1501082405.822669 0.0
-1 1501082405.840536 0.0
-1 1501082405.852705 0.0
-1 1501082405.867051 0.0
-1 1501082405.882446 0.0
-1 1501082405.899244 0.0
-1 1501082405.914714 0.0
-1 1501082405.931506 0.0
-1 1501082405.948189 0.0
-1 1501082405.974307 0.0
-1 1501082405.979450 0.0
-1 1501082406.000899 0.0
-1 1501082406.011974 0.0
-1 1501082406.031228 0.0
-1 1501082406.044243 0.0
-1 1501082406.062785 0.0
-1 1501082406.075739 0.0
-1 1501082406.094005 0.0
-1 1501082406.110471 0.0
-1 1501082406.127664 0.0
-1 1501082406.141903 0.0
-1 1501082406.159734 0.0
-1 1501082406.173792 0.0
-1 1501082406.192392 0.0
-1 1501082406.208278 0.0
-1 1501082406.223815 0.0
-1 1501082406.244233 0.0
-1 1501082406.257721 0.0
-1 1501082406.277626 0.0
-1 1501082406.292701 0.0
-1 1501082406.309210 0.0
-1 1501082406.322971 0.0
-1 1501082406.339257 0.0
-1 1501082406.355151 0.0
-1 1501082406.371966 0.0
-1 1501082406.384675 0.0
-1 1501082406.400008 0.0
-1 1501082406.416103 0.0
-1 1501082406.433346 0.0
-1 1501082406.448840 0.0
-1 1501082406.465212 0.0
-1 1501082406.481803 0.0
-1 1501082406.498302 0.0
-1 1501082406.516081 0.0
-1 1501082406.530648 0.0
-1 1501082406.548844 0.0
-1 1501082406.562792 0.0
-1 1501082406.577748 0.0
-1 1501082406.590893 0.0
-1 1501082406.607125 0.0
-1 1501082406.624118 0.0
-1 1501082406.641546 0.0
-1 1501082406.657143 0.0
-1 1501082406.675958 0.0
-1 1501082406.690726 0.0
-1 1501082406.709025 0.0
-1 1501082406.723934 0.0
-1 1501082406.739686 0.0
-1 1501082406.758882 0.0
-1 1501082406.774020 0.0
-1 1501082406.791577 0.0
-1 1501082406.804741 0.0
-1 1501082406.825224 0.0
-1 1501082406.841446 0.0
-1 1501082406.857519 0.0
-1 1501082406.866586 0.0
-1 1501082406.882489 0.0
-1 1501082406.903089 0.0
-1 1501082406.916550 0.0
-1 1501082406.932259 0.0
-1 1501082406.948338 0.0
-1 1501082406.969882 0.0
-1 1501082406.985350 0.0
-1 1501082407.005622 0.0
-1 1501082407.015423 0.0
-1 1501082407.031125 0.0
-1 1501082407.048166 0.0
-1 1501082407.066221 0.0
-1 1501082407.078862 0.0
-1 1501082407.090226 0.0
-1 1501082407.106885 0.0
-1 1501082407.122464 0.0
-1 1501082407.139576 0.0
-1 1501082407.155032 0.0
-1 1501082407.171352 0.0
-1 1501082407.187270 0.0
-1 1501082407.215246 0.0
-1 1501082407.221025 0.0
-1 1501082407.235554 0.0
-1 1501082407.252751 0.0
-1 1501082407.268910 0.0
-1 1501082407.285056 0.0
-1 1501082407.304147 0.0
-1 1501082407.318208 0.0
-1 1501082407.332917 0.0
-1 1501082407.351558 0.0
-1 1501082407.365354 0.0
-1 1501082407.382368 0.0
-1 1501082407.398894 0.0
-1 1501082407.415272 0.0
-1 1501082407.433419 0.0
-1 1501082407.448573 0.0
-1 1501082407.466401 0.0
-1 1501082407.481499 0.0
-1 1501082407.499119 0.0
-1 1501082407.512701 0.0
-1 1501082407.531197 0.0
-1 1501082407.549906 0.0
-1 1501082407.562995 0.0
-1 1501082407.573596 0.0
-1 1501082407.590010 0.0
-1 1501082407.606708 0.0
-1 1501082407.623428 0.0
-1 1501082407.637926 0.0
-1 1501082407.653623 0.0
-1 1501082407.683440 0.0
-1 1501082407.688743 0.0
-1 1501082407.711374 0.0
-1 1501082407.721942 0.0
-1 1501082407.739134 0.0
-1 1501082407.753868 0.0
-1 1501082407.774548 0.0
-1 1501082407.786438 0.0
-1 1501082407.802441 0.0
-1 1501082407.820434 0.0
-1 1501082407.839145 0.0
-1 1501082407.854356 0.0
-1 1501082407.870388 0.0
-1 1501082407.882051 0.0
-1 1501082407.897342 0.0
-1 1501082407.914373 0.0
-1 1501082407.930049 0.0
-1 1501082407.946218 0.0
-1 1501082407.961936 0.0
-1 1501082407.977637 0.0
-1 1501082407.994167 0.0
-1 1501082408.014981 0.0
-1 1501082408.026054 0.0
-1 1501082408.046527 0.0
-1 1501082408.058180 0.0
-1 1501082408.074898 0.0
-1 1501082408.089817 0.0
-1 1501082408.109422 0.0
-1 1501082408.123819 0.0
-1 1501082408.140605 0.0
-1 1501082408.157408 0.0
-1 1501082408.174820 0.0
-1 1501082408.192948 0.0
-1 1501082408.207059 0.0
-1 1501082408.221322 0.0
-1 1501082408.237949 0.0
-1 1501082408.260536 0.0
-1 1501082408.270222 0.0
-1 1501082408.281493 0.0
-1 1501082408.298170 0.0
-1 1501082408.314139 0.0
-1 1501082408.329455 0.0
-1 1501082408.354795 0.0
-1 1501082408.361136 0.0
-1 1501082408.378406 0.0
-1 1501082408.394449 0.0
-1 1501082408.410935 0.0
-1 1501082408.425387 0.0
-1 1501082408.445040 0.0
-1 1501082408.460769 0.0
-1 1501082408.476780 0.0
-1 1501082408.491788 0.0
-1 1501082408.508178 0.0
-1 1501082408.522870 0.0
-1 1501082408.540421 0.0
-1 1501082408.559995 0.0
-1 1501082408.575274 0.0
-1 1501082408.593173 0.0
-1 1501082408.607229 0.0
-1 1501082408.627726 0.0
-1 1501082408.635332 0.0
-1 1501082408.651135 0.0
-1 1501082408.666756 0.0
-1 1501082408.684839 0.0
-1 1501082408.700388 0.0
-1 1501082408.718847 0.0
-1 1501082408.733338 0.0
-1 1501082408.752346 0.0
-1 1501082408.764125 0.0
-1 1501082408.781590 0.0
-1 1501082408.803912 0.0
-1 1501082408.815202 0.0
-1 1501082408.831799 0.0
-1 1501082408.849064 0.0
-1 1501082408.866168 0.0
-1 1501082408.879809 0.0
-1 1501082408.895485 0.0
-1 1501082408.913867 0.0
-1 1501082408.931803 0.0
-1 1501082408.940151 0.0
-1 1501082408.962591 0.0
-1 1501082408.972742 0.0
-1 1501082408.988645 0.0
-1 1501082409.014112 0.0
-1 1501082409.028548 0.0
-1 1501082409.039769 0.0
-1 1501082409.052669 0.0
-1 1501082409.072684 0.0
-1 1501082409.086008 0.0
-1 1501082409.108850 0.0
-1 1501082409.119777 0.0
-1 1501082409.133465 0.0
-1 1501082409.150117 0.0
-1 1501082409.165852 0.0
-1 1501082409.183824 0.0
-1 1501082409.198836 0.0
-1 1501082409.213582 0.0
-1 1501082409.230087 0.0
-1 1501082409.246030 0.0
-1 1501082409.264445 0.0
-1 1501082409.277445 0.0
-1 1501082409.296941 0.0
-1 1501082409.310214 0.0
-1 1501082409.327077 0.0
-1 1501082409.342248 0.0
-1 1501082409.359892 0.0
-1 1501082409.377564 0.0
-1 1501082409.393846 0.0
-1 1501082409.408017 0.0
-1 1501082409.424855 0.0
-1 1501082409.445415 0.0
-1 1501082409.458738 0.0
-1 1501082409.477076 0.0
-1 1501082409.492109 0.0
-1 1501082409.509463 0.0
-1 1501082409.523431 0.0
-1 1501082409.543082 0.0
-1 1501082409.555359 0.0
-1 1501082409.573086 0.0
-1 1501082409.586761 0.0
-1 1501082409.598948 0.0
-1 1501082409.614608 0.0
-1 1501082409.632329 0.0
-1 1501082409.646820 0.0
-1 1501082409.662871 0.0
-1 1501082409.678661 0.0
-1 1501082409.694999 0.0
-1 1501082409.712658 0.0
-1 1501082409.728314 0.0
-1 1501082409.750480 0.0
-1 1501082409.760683 0.0
-1 1501082409.779985 0.0
-1 1501082409.792172 0.0
-1 1501082409.811801 0.0
-1 1501082409.823966 0.0
-1 1501082409.839180 0.0
-1 1501082409.856025 0.0
-1 1501082409.876316 0.0
-1 1501082409.889661 0.0
-1 1501082409.909890 0.0
-1 1501082409.926204 0.0
-1 1501082409.941372 0.0
-1 1501082409.955724 0.0
-1 1501082409.967361 0.0
-1 1501082409.990142 0.0
-1 1501082410.002582 0.0
-1 1501082410.016972 0.0
-1 1501082410.029511 0.0
-1 1501082410.046489 0.0
-1 1501082410.062140 0.0
-1 1501082410.084955 0.0
-1 1501082410.097169 0.0
-1 1501082410.117424 0.0
-1 1501082410.131288 0.0
-1 1501082410.149652 0.0
-1 1501082410.162906 0.0
-1 1501082410.181213 0.0
-1 1501082410.195301 0.0
-1 1501082410.213974 0.0
-1 1501082410.223314 0.0
-1 1501082410.246433 0.0
-1 1501082410.255898 0.0
-1 1501082410.272195 0.0
-1 1501082410.288109 0.0
-1 1501082410.305842 0.0
-1 1501082410.319533 0.0
-1 1501082410.339899 0.0
-1 1501082410.362689 0.0
-1 1501082410.374773 0.0
-1 1501082410.387488 0.0
-1 1501082410.400595 0.0
-1 1501082410.424385 0.0
-1 1501082410.437007 0.0
-1 1501082410.447449 0.0
-1 1501082410.463801 0.0
-1 1501082410.479748 0.0
-1 1501082410.496315 0.0
-1 1501082410.513734 0.0
-1 1501082410.528902 0.0
-1 1501082410.545710 0.0
-1 1501082410.561241 0.0
-1 1501082410.588367 0.0
-1 1501082410.593758 0.0
-1 1501082410.612545 0.0
-1 1501082410.627381 0.0
-1 1501082410.643601 0.0
-1 1501082410.659180 0.0
-1 1501082410.677575 0.0
-1 1501082410.691194 0.0
-1 1501082410.707833 0.0
-1 1501082410.723863 0.0
-1 1501082410.740146 0.0
-1 1501082410.757138 0.0
-1 1501082410.774046 0.0
-1 1501082410.793200 0.0
-1 1501082410.807340 0.0
-1 1501082410.821929 0.0
-1 1501082410.835548 0.0
-1 1501082410.855327 0.0
-1 1501082410.866939 0.0
-1 1501082410.882559 0.0
-1 1501082410.900246 0.0
-1 1501082410.920350 0.0
-1 1501082410.931672 0.0
-1 1501082410.952604 0.0
-1 1501082410.969417 0.0
-1 1501082410.983005 0.0
-1 1501082411.008523 0.0
-1 1501082411.018719 0.0
-1 1501082411.037550 0.0
-1 1501082411.048209 0.0
-1 1501082411.065044 0.0
-1 1501082411.085442 0.0
-1 1501082411.092813 0.0
-1 1501082411.109167 0.0
-1 1501082411.125077 0.0
-1 1501082411.141508 0.0
-1 1501082411.157651 0.0
-1 1501082411.173065 0.0
-1 1501082411.189842 0.0
-1 1501082411.204971 0.0
-1 1501082411.225537 0.0
-1 1501082411.241980 0.0
-1 1501082411.258689 0.0
-1 1501082411.272773 0.0
-1 1501082411.285293 0.0
-1 1501082411.301755 0.0
-1 1501082411.318683 0.0
-1 1501082411.333285 0.0
-1 1501082411.350395 0.0
-1 1501082411.365048 0.0
-1 1501082411.380843 0.0
-1 1501082411.399991 0.0
-1 1501082411.415003 0.0
-1 1501082411.433417 0.0
-1 1501082411.448639 0.0
-1 1501082411.466061 0.0
-1 1501082411.481175 0.0
-1 1501082411.495243 0.0
-1 1501082411.510169 0.0
-1 1501082411.526827 0.0
-1 1501082411.541376 0.0
-1 1501082411.557662 0.0
-1 1501082411.573067 0.0
-1 1501082411.592012 0.0
-1 1501082411.605452 0.0
-1 1501082411.623223 0.0
-1 1501082411.640160 0.0
-1 1501082411.656264 0.0
-1 1501082411.672585 0.0
-1 1501082411.689873 0.0
-1 1501082411.708991 0.0
-1 1501082411.722531 0.0
-1 1501082411.739103 0.0
-1 1501082411.750665 0.0
-1 1501082411.771736 0.0
-1 1501082411.782680 0.0
-1 1501082411.802201 0.0
-1 1501082411.816112 0.0
-1 1501082411.835587 0.0
-1 1501082411.848553 0.0
-1 1501082411.865868 0.0
-1 1501082411.881631 0.0
-1 1501082411.898056 0.0
-1 1501082411.919524 0.0
-1 1501082411.931551 0.0
-1 1501082411.951560 0.0
-1 1501082411.964765 0.0
-1 1501082411.984264 0.0
-1 1501082411.993830 0.0
-1 1501082412.008189 0.0
-1 1501082412.025438 0.0
-1 1501082412.044496 0.0
-1 1501082412.058136 0.0
-1 1501082412.078443 0.0
-1 1501082412.090354 0.0
-1 1501082412.110205 0.0
-1 1501082412.121894 0.0
-1 1501082412.143069 0.0
-1 1501082412.155452 0.0
-1 1501082412.176119 0.0
-1 1501082412.190259 0.0
-1 1501082412.207277 0.0
-1 1501082412.225218 0.0
-1 1501082412.239809 0.0
-1 1501082412.254904 0.0
-1 1501082412.270198 0.0
-1 1501082412.292647 0.0
-1 1501082412.302318 0.0
-1 1501082412.319763 0.0
-1 1501082412.330687 0.0
-1 1501082412.351757 0.0
-1 1501082412.364797 0.0
-1 1501082412.384768 0.0
-1 1501082412.399462 0.0
-1 1501082412.412808 0.0
-1 1501082412.426169 0.0
-1 1501082412.444249 0.0
-1 1501082412.460285 0.0
-1 1501082412.479011 0.0
-1 1501082412.495501 0.0
-1 1501082412.508679 0.0
-1 1501082412.525397 0.0
-1 1501082412.538897 0.0
-1 1501082412.555727 0.0
-1 1501082412.571782 0.0
-1 1501082412.594052 0.0
-1 1501082412.606402 0.0
-1 1501082412.629674 0.0
-1 1501082412.640288 0.0
-1 1501082412.654567 0.0
-1 1501082412.671532 0.0
-1 1501082412.687555 0.0
-1 1501082412.704026 0.0
-1 1501082412.719099 0.0
-1 1501082412.730445 0.0
-1 1501082412.758817 0.0
-1 1501082412.763334 0.0
-1 1501082412.786652 0.0
-1 1501082412.796036 0.0
-1 1501082412.812326 0.0
-1 1501082412.827649 0.0
-1 1501082412.844926 0.0
-1 1501082412.859426 0.0
-1 1501082412.875810 0.0
-1 1501082412.894767 0.0
-1 1501082412.911355 0.0
-1 1501082412.924150 0.0
-1 1501082412.940222 0.0
-1 1501082412.957643 0.0
-1 1501082412.971416 0.0
-1 1501082412.988183 0.0
-1 1501082413.004417 0.0
-1 1501082413.024602 0.0
-1 1501082413.038659 0.0
-1 1501082413.058030 0.0
-1 1501082413.070624 0.0
-1 1501082413.091821 0.0
-1 1501082413.098553 0.0
-1 1501082413.116537 0.0
-1 1501082413.144460 0.0
-1 1501082413.152660 0.0
-1 1501082413.169126 0.0
-1 1501082413.182984 0.0
-1 1501082413.202361 0.0
-1 1501082413.214821 0.0
-1 1501082413.231781 0.0
-1 1501082413.247884 0.0
-1 1501082413.271546 0.0
-1 1501082413.284213 0.0
-1 1501082413.297894 0.0
-1 1501082413.314563 0.0
-1 1501082413.333417 0.0
-1 1501082413.347230 0.0
-1 1501082413.362445 0.0
-1 1501082413.377237 0.0
-1 1501082413.390048 0.0
-1 1501082413.405587 0.0
-1 1501082413.432409 0.0
-1 1501082413.437897 0.0
-1 1501082413.454235 0.0
-1 1501082413.469959 0.0
-1 1501082413.487423 0.0
-1 1501082413.502462 0.0
-1 1501082413.521056 0.0
-1 1501082413.534213 0.0
-1 1501082413.553681 0.0
-1 1501082413.572592 0.0
-1 1501082413.584727 0.0
-1 1501082413.603715 0.0
-1 1501082413.614791 0.0
-1 1501082413.632580 0.0
-1 1501082413.647917 0.0
-1 1501082413.665235 0.0
-1 1501082413.681029 0.0
-1 1501082413.698544 0.0
-1 1501082413.716474 0.0
-1 1501082413.734455 0.0
-1 1501082413.748155 0.0
-1 1501082413.767947 0.0
-1 1501082413.780805 0.0
-1 1501082413.799580 0.0
-1 1501082413.815451 0.0
-1 1501082413.830603 0.0
-1 1501082413.851225 0.0
-1 1501082413.861655 0.0
-1 1501082413.873551 0.0
-1 1501082413.888907 0.0
-1 1501082413.905962 0.0
-1 1501082413.920390 0.0
-1 1501082413.937243 0.0
-1 1501082413.952588 0.0
-1 1501082413.971010 0.0
-1 1501082413.986086 0.0
-1 1501082414.002166 0.0
-1 1501082414.019383 0.0
-1 1501082414.033405 0.0
-1 1501082414.049256 0.0
-1 1501082414.068224 0.0
-1 1501082414.081121 0.0
-1 1501082414.102356 0.0
-1 1501082414.114909 0.0
-1 1501082414.135126 0.0
-1 1501082414.150452 0.0
-1 1501082414.166993 0.0
-1 1501082414.185546 0.0
-1 1501082414.196507 0.0
-1 1501082414.210539 0.0
-1 1501082414.226889 0.0
-1 1501082414.243228 0.0
-1 1501082414.258134 0.0
-1 1501082414.278621 0.0
-1 1501082414.290272 0.0
-1 1501082414.306120 0.0
-1 1501082414.322660 0.0
-1 1501082414.338927 0.0
-1 1501082414.354499 0.0
-1 1501082414.371184 0.0
-1 1501082414.387419 0.0
-1 1501082414.406221 0.0
-1 1501082414.420957 0.0
-1 1501082414.439802 0.0
-1 1501082414.461696 0.0
-1 1501082414.474728 0.0
-1 1501082414.484404 0.0
-1 1501082414.500708 0.0
-1 1501082414.517811 0.0
-1 1501082414.534064 0.0
-1 1501082414.548766 0.0
-1 1501082414.565549 0.0
-1 1501082414.585411 0.0
-1 1501082414.598024 0.0
-1 1501082414.615342 0.0
-1 1501082414.631939 0.0
-1 1501082414.648275 0.0
-1 1501082414.663664 0.0
-1 1501082414.679946 0.0
-1 1501082414.691556 0.0
-1 1501082414.708238 0.0
-1 1501082414.724306 0.0
-1 1501082414.741596 0.0
-1 1501082414.756589 0.0
-1 1501082414.774378 0.0
-1 1501082414.790406 0.0
-1 1501082414.806296 0.0
-1 1501082414.826079 0.0
-1 1501082414.837630 0.0
-1 1501082414.856767 0.0
-1 1501082414.872291 0.0
-1 1501082414.893003 0.0
-1 1501082414.904320 0.0
-1 1501082414.925048 0.0
-1 1501082414.935748 0.0
-1 1501082414.958206 0.0
-1 1501082414.968628 0.0
-1 1501082414.988020 0.0
-1 1501082415.011683 0.0
-1 1501082415.022675 0.0
-1 1501082415.036962 0.0
-1 1501082415.055154 0.0
-1 1501082415.067696 0.0
-1 1501082415.085261 0.0
-1 1501082415.105749 0.0
-1 1501082415.118456 0.0
-1 1501082415.137189 0.0
-1 1501082415.150289 0.0
-1 1501082415.170007 0.0
-1 1501082415.178977 0.0
-1 1501082415.204952 0.0
-1 1501082415.210667 0.0
-1 1501082415.229285 0.0
-1 1501082415.241938 0.0
-1 1501082415.258772 0.0
-1 1501082415.274299 0.0
-1 1501082415.290681 0.0
-1 1501082415.307249 0.0
-1 1501082415.323043 0.0
-1 1501082415.338383 0.0
-1 1501082415.354862 0.0
-1 1501082415.377404 0.0
-1 1501082415.390759 0.0
-1 1501082415.407433 0.0
-1 1501082415.420762 0.0
-1 1501082415.437309 0.0
-1 1501082415.453994 0.0
-1 1501082415.472843 0.0
-1 1501082415.487875 0.0
-1 1501082415.505116 0.0
-1 1501082415.525408 0.0
-1 1501082415.539894 0.0
-1 1501082415.548105 0.0
-1 1501082415.571348 0.0
-1 1501082415.580735 0.0
-1 1501082415.615869 0.0
-1 1501082415.620380 0.0
-1 1501082415.636942 0.0
-1 1501082415.652702 0.0
-1 1501082415.669213 0.0
-1 1501082415.687708 0.0
-1 1501082415.700482 0.0
-1 1501082415.718615 0.0
-1 1501082415.733475 0.0
-1 1501082415.752710 0.0
-1 1501082415.767444 0.0
-1 1501082415.783252 0.0
-1 1501082415.804499 0.0
-1 1501082415.816669 0.0
-1 1501082415.834184 0.0
-1 1501082415.849031 0.0
-1 1501082415.868476 0.0
-1 1501082415.882557 0.0
-1 1501082415.901397 0.0
-1 1501082415.914339 0.0
-1 1501082415.933217 0.0
-1 1501082415.947792 0.0
-1 1501082415.967907 0.0
-1 1501082415.973204 0.0
-1 1501082415.994688 0.0
-1 1501082416.006634 0.0
-1 1501082416.024339 0.0
-1 1501082416.037985 0.0
-1 1501082416.057767 0.0
-1 1501082416.074554 0.0
-1 1501082416.090893 0.0
-1 1501082416.104347 0.0
-1 1501082416.120846 0.0
-1 1501082416.143931 0.0
-1 1501082416.155762 0.0
-1 1501082416.176912 0.0
-1 1501082416.187835 0.0
-1 1501082416.208221 0.0
-1 1501082416.221305 0.0
-1 1501082416.237402 0.0
-1 1501082416.251431 0.0
-1 1501082416.267734 0.0
-1 1501082416.284566 0.0
-1 1501082416.300227 0.0
-1 1501082416.311142 0.0
-1 1501082416.332701 0.0
-1 1501082416.343117 0.0
-1 1501082416.359769 0.0
-1 1501082416.376264 0.0
-1 1501082416.393108 0.0
-1 1501082416.409576 0.0
-1 1501082416.424783 0.0
-1 1501082416.444104 0.0
-1 1501082416.456673 0.0
-1 1501082416.477403 0.0
-1 1501082416.491613 0.0
-1 1501082416.505419 0.0
-1 1501082416.522181 0.0
-1 1501082416.541457 0.0
-1 1501082416.555584 0.0
-1 1501082416.571213 0.0
-1 1501082416.589268 0.0
-1 1501082416.604847 0.0
-1 1501082416.616672 0.0
-1 1501082416.637453 0.0
-1 1501082416.649429 0.0
-1 1501082416.670081 0.0
-1 1501082416.681464 0.0
-1 1501082416.699609 0.0
-1 1501082416.717793 0.0
-1 1501082416.733771 0.0
-1 1501082416.748822 0.0
-1 1501082416.766147 0.0
-1 1501082416.785541 0.0
-1 1501082416.801240 0.0
-1 1501082416.809557 0.0
-1 1501082416.825945 0.0
-1 1501082416.847957 0.0
-1 1501082416.859554 0.0
-1 1501082416.876866 0.0
-1 1501082416.894637 0.0
-1 1501082416.906367 0.0
-1 1501082416.922068 0.0
-1 1501082416.937813 0.0
-1 1501082416.954982 0.0
-1 1501082416.969468 0.0
-1 1501082416.986381 0.0
-1 1501082417.004141 0.0
-1 1501082417.020450 0.0
-1 1501082417.037528 0.0
-1 1501082417.053856 0.0
-1 1501082417.068483 0.0
-1 1501082417.086187 0.0
-1 1501082417.097250 0.0
-1 1501082417.116823 0.0
-1 1501082417.137182 0.0
-1 1501082417.145534 0.0
-1 1501082417.163643 0.0
-1 1501082417.185332 0.0
-1 1501082417.194475 0.0
-1 1501082417.211406 0.0
-1 1501082417.229247 0.0
-1 1501082417.248881 0.0
-1 1501082417.262774 0.0
-1 1501082417.280202 0.0
-1 1501082417.291626 0.0
-1 1501082417.307435 0.0
-1 1501082417.323633 0.0
-1 1501082417.339346 0.0
-1 1501082417.355463 0.0
-1 1501082417.378021 0.0
-1 1501082417.386717 0.0
-1 1501082417.403978 0.0
-1 1501082417.419806 0.0
-1 1501082417.440606 0.0
-1 1501082417.453556 0.0
-1 1501082417.474022 0.0
-1 1501082417.486908 0.0
-1 1501082417.505157 0.0
-1 1501082417.521273 0.0
-1 1501082417.533018 0.0
-1 1501082417.557444 0.0
-1 1501082417.569091 0.0
-1 1501082417.587624 0.0
-1 1501082417.596145 0.0
-1 1501082417.612502 0.0
-1 1501082417.628266 0.0
-1 1501082417.656332 0.0
-1 1501082417.664432 0.0
-1 1501082417.687350 0.0
-1 1501082417.694001 0.0
-1 1501082417.714142 0.0
-1 1501082417.725657 0.0
-1 1501082417.746250 0.0
-1 1501082417.759275 0.0
-1 1501082417.777932 0.0
-1 1501082417.790493 0.0
-1 1501082417.811255 0.0
-1 1501082417.823172 0.0
-1 1501082417.844842 0.0
-1 1501082417.855431 0.0
-1 1501082417.870941 0.0
-1 1501082417.887258 0.0
-1 1501082417.907960 0.0
-1 1501082417.929332 0.0
-1 1501082417.938638 0.0
-1 1501082417.953533 0.0
-1 1501082417.969805 0.0
-1 1501082417.994410 0.0
-1 1501082417.999683 0.0
-1 1501082418.026379 0.0
-1 1501082418.031366 0.0
-1 1501082418.056158 0.0
-1 1501082418.067188 0.0
-1 1501082418.089290 0.0
-1 1501082418.095089 0.0
-1 1501082418.113212 0.0
-1 1501082418.127536 0.0
-1 1501082418.148713 0.0
-1 1501082418.160195 0.0
-1 1501082418.176434 0.0
-1 1501082418.195520 0.0
-1 1501082418.214038 0.0
-1 1501082418.227505 0.0
-1 1501082418.240548 0.0
-1 1501082418.259686 0.0
-1 1501082418.272658 0.0
-1 1501082418.293632 0.0
-1 1501082418.304381 0.0
-1 1501082418.320701 0.0
-1 1501082418.338333 0.0
-1 1501082418.355053 0.0
-1 1501082418.370322 0.0
-1 1501082418.388554 0.0
-1 1501082418.406089 0.0
-1 1501082418.421665 0.0
-1 1501082418.439384 0.0
-1 1501082418.454551 0.0
-1 1501082418.469409 0.0
-1 1501082418.482090 0.0
-1 1501082418.500549 0.0
-1 1501082418.518553 0.0
-1 1501082418.533710 0.0
-1 1501082418.545155 0.0
-1 1501082418.565451 0.0
-1 1501082418.577348 0.0
-1 1501082418.595040 0.0
-1 1501082418.609495 0.0
-1 1501082418.628329 0.0
-1 1501082418.642299 0.0
-1 1501082418.661454 0.0
-1 1501082418.673450 0.0
-1 1501082418.690557 0.0
-1 1501082418.706124 0.0
-1 1501082418.726094 0.0
-1 1501082418.738161 0.0
-1 1501082418.756355 0.0
-1 1501082418.770177 0.0
-1 1501082418.789162 0.0
-1 1501082418.804272 0.0
-1 1501082418.821226 0.0
-1 1501082418.837749 0.0
-1 1501082418.855943 0.0
-1 1501082418.869405 0.0
-1 1501082418.887784 0.0
-1 1501082418.907713 0.0
-1 1501082418.930892 0.0
-1 1501082418.936620 0.0
-1 1501082418.954267 0.0
-1 1501082418.983767 0.0
