32150 1501081795.919038 -3.382935 -2.335144 9.158936 -0.4599 4.284668 0.757568
32151 1501081795.939101 -3.382935 -2.335144 9.158936 -0.4599 4.284668 0.757568
32152 1501081795.959146 -3.382935 -2.335144 9.158936 -0.4599 4.284668 0.757568
32153 1501081795.979183 -3.382935 -2.335144 9.158936 -0.4599 4.284668 0.757568
32154 1501081795.999251 -3.382935 -2.335144 9.158936 -0.4599 4.284668 0.757568
32155 1501081796.019298 -3.382935 -2.335144 9.158936 -0.4599 4.284668 0.757568
32156 1501081796.039325 -3.376404 -2.335144 9.170105 -0.4599 4.284668 0.757568
32157 1501081796.059380 -3.376404 -2.335144 9.170105 -0.4599 4.284668 0.757568
32158 1501081796.079439 -3.376404 -2.335144 9.170105 -0.4599 4.284668 0.757568
32159 1501081796.099475 -3.376404 -2.335144 9.170105 -0.4599 4.284668 0.757568
32160 1501081796.119522 -3.376404 -2.335144 9.170105 -0.4599 4.284668 0.757568
32161 1501081796.139576 -3.376404 -2.335144 9.170105 -0.4599 4.284668 0.757568
32162 1501081796.159626 -3.376404 -2.335144 9.170105 -0.4599 4.284668 0.757568
32163 1501081796.179688 -3.376404 -2.335144 9.170105 -0.4599 4.284668 0.757568
32164 1501081796.199740 -3.376404 -2.335144 9.170105 -0.4599 4.284668 0.757568
32165 1501081796.219778 -3.376404 -2.335144 9.170105 -0.4599 4.284668 0.757568
32166 1501081796.239810 -3.376404 -2.335144 9.170105 -0.4599 4.284668 0.757568
32167 1501081796.259826 -3.376404 -2.335144 9.170105 -0.4599 4.284668 0.757568
32168 1501081796.279856 -3.376404 -2.335144 9.170105 -0.4599 4.284668 0.757568
32169 1501081796.299894 -3.376404 -2.335144 9.170105 -0.4599 4.284668 0.757568
32170 1501081796.319950 -3.376404 -2.335144 9.170105 -0.4599 4.284668 0.757568
32171 1501081796.340002 -3.376404 -2.335144 9.170105 -0.4599 4.284668 0.757568
32172 1501081796.360081 -3.376404 -2.335144 9.170105 -0.4599 4.284668 0.757568
32173 1501081796.380114 -3.376404 -2.335144 9.170105 -0.4599 4.284668 0.757568
32174 1501081796.400172 -3.376404 -2.335144 9.170105 -0.4599 4.284668 0.757568
32175 1501081796.420204 -3.369873 -2.341797 9.170105 -0.4599 4.284668 0.757568
32176 1501081796.440266 -3.369873 -2.341797 9.170105 -0.4599 4.284668 0.757568
32177 1501081796.460309 -3.369873 -2.341797 9.170105 -0.4599 4.284668 0.757568
32178 1501081796.480364 -3.369873 -2.341797 9.170105 -0.4599 4.284668 0.757568
32179 1501081796.500415 -3.369873 -2.341797 9.170105 -0.4599 4.284668 0.757568
32180 1501081796.520466 -3.369873 -2.341797 9.170105 -0.4599 4.284668 0.757568
32181 1501081796.540543 -3.369873 -2.341797 9.170105 -0.4599 4.284668 0.757568
32182 1501081796.560597 -3.369873 -2.341797 9.170105 -0.4599 4.284668 0.757568
32183 1501081796.580621 -3.369873 -2.341797 9.170105 -0.4599 4.284668 0.757568
32184 1501081796.600670 -3.369873 -2.341797 9.170105 -0.4599 4.284668 0.757568
32185 1501081796.620750 -3.369873 -2.341797 9.170105 -0.4599 4.284668 0.757568
32186 1501081796.640795 -3.369873 -2.341797 9.170105 -0.4599 4.284668 0.757568
32187 1501081796.660851 -3.369873 -2.341797 9.170105 -0.463257 4.284668 0.757568
32188 1501081796.680892 -3.369873 -2.341797 9.170105 -0.463257 4.284668 0.757568
32189 1501081796.700943 -3.369873 -2.341797 9.170105 -0.463257 4.284668 0.757568
32190 1501081796.720991 -3.369873 -2.341797 9.170105 -0.463257 4.284668 0.757568
32191 1501081796.741023 -3.369873 -2.341797 9.170105 -0.463257 4.284668 0.757568
32192 1501081796.761082 -3.369873 -2.341797 9.170105 -0.463257 4.284668 0.757568
32193 1501081796.781142 -3.376404 -2.341797 9.158936 -0.463257 4.284668 0.757568
32194 1501081796.801186 -3.376404 -2.341797 9.158936 -0.463257 4.284668 0.757568
32195 1501081796.821242 -3.376404 -2.341797 9.158936 -0.463257 4.284668 0.757568
32196 1501081796.841289 -3.376404 -2.341797 9.158936 -0.463257 4.284668 0.757568
32197 1501081796.861312 -3.376404 -2.341797 9.158936 -0.463257 4.284668 0.757568
32198 1501081796.881373 -3.376404 -2.341797 9.158936 -0.463257 4.284668 0.757568
32199 1501081796.901440 -3.376404 -2.341797 9.158936 -0.463257 4.284668 0.757568
32200 1501081796.921467 -3.376404 -2.341797 9.147766 -0.463257 4.284668 0.757568
32201 1501081796.941541 -3.376404 -2.341797 9.147766 -0.463257 4.284668 0.757568
32202 1501081796.961604 -3.376404 -2.341797 9.147766 -0.463257 4.284668 0.757568
32203 1501081796.981632 -3.376404 -2.341797 9.147766 -0.463257 4.284668 0.757568
32204 1501081797.001707 -3.376404 -2.341797 9.147766 -0.463257 4.284668 0.757568
32205 1501081797.021763 -3.376404 -2.341797 9.147766 -0.463257 4.284668 0.757568
32206 1501081797.041797 -3.382935 -2.34845 9.147766 -0.463257 4.284668 0.757568
32207 1501081797.061848 -3.382935 -2.34845 9.147766 -0.463257 4.284668 0.757568
32208 1501081797.081924 -3.382935 -2.34845 9.147766 -0.463257 4.284668 0.757568
32209 1501081797.101974 -3.382935 -2.34845 9.147766 -0.463257 4.284668 0.757568
32210 1501081797.122017 -3.382935 -2.34845 9.147766 -0.463257 4.284668 0.757568
32211 1501081797.142070 -3.382935 -2.34845 9.147766 -0.463257 4.284668 0.757568
32212 1501081797.162132 -3.382935 -2.34845 9.136597 -0.463257 4.284668 0.757568
32213 1501081797.182196 -3.382935 -2.34845 9.136597 -0.463257 4.284668 0.757568
32214 1501081797.202219 -3.382935 -2.34845 9.136597 -0.463257 4.284668 0.757568
32215 1501081797.222271 -3.382935 -2.34845 9.136597 -0.463257 4.284668 0.757568
32216 1501081797.242358 -3.382935 -2.34845 9.136597 -0.463257 4.284668 0.757568
32217 1501081797.262397 -3.382935 -2.34845 9.136597 -0.463257 4.284668 0.757568
32218 1501081797.282450 -3.382935 -2.34845 9.136597 -0.463257 4.284668 0.757568
32219 1501081797.302542 -3.389465 -2.341797 9.125427 -0.463257 4.284668 0.757568
32220 1501081797.322586 -3.389465 -2.341797 9.125427 -0.463257 4.284668 0.757568
32221 1501081797.342639 -3.389465 -2.341797 9.125427 -0.463257 4.284668 0.757568
32222 1501081797.362686 -3.389465 -2.341797 9.125427 -0.463257 4.284668 0.757568
32223 1501081797.382747 -3.389465 -2.341797 9.125427 -0.463257 4.284668 0.757568
32224 1501081797.402784 -3.389465 -2.341797 9.125427 -0.463257 4.284668 0.757568
32225 1501081797.422844 -3.389465 -2.341797 9.125427 -0.463257 4.284668 0.757568
32226 1501081797.442887 -3.389465 -2.341797 9.125427 -0.463257 4.284668 0.757568
32227 1501081797.462955 -3.389465 -2.341797 9.125427 -0.463257 4.284668 0.757568
32228 1501081797.483006 -3.389465 -2.341797 9.125427 -0.463257 4.284668 0.757568
32229 1501081797.503034 -3.389465 -2.341797 9.125427 -0.463257 4.284668 0.757568
32230 1501081797.523076 -3.389465 -2.341797 9.125427 -0.463257 4.284668 0.757568
32231 1501081797.543151 -3.389465 -2.341797 9.114258 -0.4599 4.284668 0.757568
32232 1501081797.563185 -3.389465 -2.341797 9.114258 -0.4599 4.284668 0.757568
32233 1501081797.583236 -3.389465 -2.341797 9.114258 -0.4599 4.284668 0.757568
32234 1501081797.603308 -3.389465 -2.341797 9.114258 -0.4599 4.284668 0.757568
32235 1501081797.623336 -3.389465 -2.341797 9.114258 -0.4599 4.284668 0.757568
32236 1501081797.643390 -3.389465 -2.341797 9.114258 -0.4599 4.284668 0.757568
32237 1501081797.663438 -3.389465 -2.341797 9.114258 -0.4599 4.284668 0.757568
32238 1501081797.683473 -3.389465 -2.341797 9.114258 -0.4599 4.284668 0.757568
32239 1501081797.703529 -3.389465 -2.341797 9.114258 -0.4599 4.284668 0.757568
32240 1501081797.723585 -3.389465 -2.341797 9.114258 -0.4599 4.284668 0.757568
32241 1501081797.743630 -3.389465 -2.341797 9.114258 -0.4599 4.284668 0.757568
32242 1501081797.763681 -3.389465 -2.341797 9.114258 -0.4599 4.284668 0.757568
32243 1501081797.783728 -3.389465 -2.341797 9.114258 -0.4599 4.284668 0.757568
32244 1501081797.803806 -3.389465 -2.341797 9.114258 -0.4599 4.284668 0.757568
32245 1501081797.823829 -3.389465 -2.341797 9.114258 -0.4599 4.284668 0.757568
32246 1501081797.843877 -3.389465 -2.341797 9.114258 -0.4599 4.284668 0.757568
32247 1501081797.863905 -3.389465 -2.341797 9.114258 -0.4599 4.284668 0.757568
32248 1501081797.883956 -3.389465 -2.341797 9.114258 -0.4599 4.284668 0.757568
32249 1501081797.904020 -3.389465 -2.341797 9.114258 -0.4599 4.284668 0.757568
32250 1501081797.924052 -3.389465 -2.341797 9.114258 -0.456543 4.284668 0.757568
32251 1501081797.944087 -3.389465 -2.341797 9.114258 -0.456543 4.284668 0.757568
32252 1501081797.964143 -3.389465 -2.341797 9.114258 -0.456543 4.284668 0.757568
32253 1501081797.984184 -3.389465 -2.341797 9.114258 -0.456543 4.284668 0.757568
32254 1501081798.004240 -3.389465 -2.341797 9.114258 -0.456543 4.284668 0.757568
32255 1501081798.024295 -3.389465 -2.341797 9.114258 -0.456543 4.284668 0.757568
32256 1501081798.044362 -3.382935 -2.341797 9.114258 -0.456543 4.284668 0.757568
32257 1501081798.064382 -3.382935 -2.341797 9.114258 -0.456543 4.284668 0.757568
32258 1501081798.084452 -3.382935 -2.341797 9.114258 -0.456543 4.284668 0.757568
32259 1501081798.104505 -3.382935 -2.341797 9.114258 -0.456543 4.284668 0.757568
32260 1501081798.124556 -3.382935 -2.341797 9.114258 -0.456543 4.284668 0.757568
32261 1501081798.144616 -3.382935 -2.341797 9.114258 -0.456543 4.284668 0.757568
32262 1501081798.164641 -3.382935 -2.341797 9.114258 -0.456543 4.284668 0.757568
32263 1501081798.184691 -3.382935 -2.341797 9.114258 -0.456543 4.284668 0.757568
32264 1501081798.204728 -3.382935 -2.341797 9.114258 -0.456543 4.284668 0.757568
32265 1501081798.224772 -3.382935 -2.341797 9.114258 -0.456543 4.284668 0.757568
32266 1501081798.244832 -3.382935 -2.341797 9.114258 -0.456543 4.284668 0.757568
32267 1501081798.264880 -3.382935 -2.341797 9.114258 -0.456543 4.284668 0.757568
32268 1501081798.284923 -3.382935 -2.341797 9.114258 -0.456543 4.284668 0.757568
32269 1501081798.304953 -3.376404 -2.341797 9.125427 -0.4599 4.284668 0.757568
32270 1501081798.325005 -3.376404 -2.341797 9.125427 -0.4599 4.284668 0.757568
32271 1501081798.345051 -3.376404 -2.341797 9.125427 -0.4599 4.284668 0.757568
32272 1501081798.365108 -3.376404 -2.341797 9.125427 -0.4599 4.284668 0.757568
32273 1501081798.385160 -3.376404 -2.341797 9.125427 -0.4599 4.284668 0.757568
32274 1501081798.405230 -3.376404 -2.341797 9.125427 -0.4599 4.284668 0.757568
32275 1501081798.425266 -3.376404 -2.341797 9.136597 -0.463257 4.281494 0.757568
32276 1501081798.445333 -3.376404 -2.341797 9.136597 -0.463257 4.281494 0.757568
32277 1501081798.465359 -3.376404 -2.341797 9.136597 -0.463257 4.281494 0.757568
32278 1501081798.485419 -3.376404 -2.341797 9.136597 -0.463257 4.281494 0.757568
32279 1501081798.505484 -3.376404 -2.341797 9.136597 -0.463257 4.281494 0.757568
32280 1501081798.525539 -3.376404 -2.341797 9.136597 -0.463257 4.281494 0.757568
32281 1501081798.545583 -3.376404 -2.341797 9.136597 -0.466614 4.281494 0.757568
32282 1501081798.565643 -3.376404 -2.341797 9.136597 -0.466614 4.281494 0.757568
32283 1501081798.585695 -3.376404 -2.341797 9.136597 -0.466614 4.281494 0.757568
32284 1501081798.605765 -3.376404 -2.341797 9.136597 -0.466614 4.281494 0.757568
32285 1501081798.625809 -3.376404 -2.341797 9.136597 -0.466614 4.281494 0.757568
32286 1501081798.645850 -3.376404 -2.341797 9.136597 -0.466614 4.281494 0.757568
32287 1501081798.665902 -3.376404 -2.341797 9.136597 -0.466614 4.281494 0.757568
32288 1501081798.685959 -3.382935 -2.34845 9.147766 -0.473328 4.281494 0.757568
32289 1501081798.706011 -3.382935 -2.34845 9.147766 -0.473328 4.281494 0.757568
32290 1501081798.726062 -3.382935 -2.34845 9.147766 -0.473328 4.281494 0.757568
32291 1501081798.746123 -3.382935 -2.34845 9.147766 -0.473328 4.281494 0.757568
32292 1501081798.766177 -3.382935 -2.34845 9.147766 -0.473328 4.281494 0.757568
32293 1501081798.786242 -3.382935 -2.34845 9.147766 -0.473328 4.281494 0.757568
32294 1501081798.806294 -3.382935 -2.355103 9.158936 -0.480042 4.281494 0.754028
32295 1501081798.826339 -3.382935 -2.355103 9.158936 -0.480042 4.281494 0.754028
32296 1501081798.846396 -3.382935 -2.355103 9.158936 -0.480042 4.281494 0.754028
32297 1501081798.866436 -3.382935 -2.355103 9.158936 -0.480042 4.281494 0.754028
32298 1501081798.886488 -3.382935 -2.355103 9.158936 -0.480042 4.281494 0.754028
32299 1501081798.906539 -3.382935 -2.355103 9.158936 -0.480042 4.281494 0.754028
32300 1501081798.926597 -3.389465 -2.361755 9.181274 -0.490112 4.281494 0.754028
32301 1501081798.946632 -3.389465 -2.361755 9.181274 -0.490112 4.281494 0.754028
32302 1501081798.966682 -3.389465 -2.361755 9.181274 -0.490112 4.281494 0.754028
32303 1501081798.986727 -3.389465 -2.361755 9.181274 -0.490112 4.281494 0.754028
32304 1501081799.006799 -3.389465 -2.361755 9.181274 -0.490112 4.281494 0.754028
32305 1501081799.026842 -3.389465 -2.361755 9.181274 -0.490112 4.281494 0.754028
32306 1501081799.046883 -3.389465 -2.361755 9.181274 -0.490112 4.281494 0.754028
32307 1501081799.066920 -3.389465 -2.368408 9.192444 -0.500183 4.284668 0.754028
32308 1501081799.086957 -3.389465 -2.368408 9.192444 -0.500183 4.284668 0.754028
32309 1501081799.107004 -3.389465 -2.368408 9.192444 -0.500183 4.284668 0.754028
32310 1501081799.127046 -3.389465 -2.368408 9.192444 -0.500183 4.284668 0.754028
32311 1501081799.147084 -3.389465 -2.368408 9.192444 -0.500183 4.284668 0.754028
32312 1501081799.167139 -3.389465 -2.368408 9.192444 -0.500183 4.284668 0.754028
32313 1501081799.187199 -3.395996 -2.375061 9.214783 -0.506897 4.291016 0.754028
32314 1501081799.207276 -3.395996 -2.375061 9.214783 -0.506897 4.291016 0.754028
32315 1501081799.227319 -3.395996 -2.375061 9.214783 -0.506897 4.291016 0.754028
32316 1501081799.247358 -3.395996 -2.375061 9.214783 -0.506897 4.291016 0.754028
32317 1501081799.267409 -3.395996 -2.375061 9.214783 -0.506897 4.291016 0.754028
32318 1501081799.287457 -3.395996 -2.375061 9.214783 -0.506897 4.291016 0.754028
32319 1501081799.307530 -3.395996 -2.381714 9.237122 -0.513611 4.300537 0.754028
32320 1501081799.327561 -3.395996 -2.381714 9.237122 -0.513611 4.300537 0.754028
32321 1501081799.347594 -3.395996 -2.381714 9.237122 -0.513611 4.300537 0.754028
32322 1501081799.367646 -3.395996 -2.381714 9.237122 -0.513611 4.300537 0.754028
32323 1501081799.387697 -3.395996 -2.381714 9.237122 -0.513611 4.300537 0.754028
32324 1501081799.407763 -3.395996 -2.381714 9.237122 -0.513611 4.300537 0.754028
32325 1501081799.427795 -3.395996 -2.388367 9.248291 -0.516968 4.316406 0.757568
32326 1501081799.447836 -3.395996 -2.388367 9.248291 -0.516968 4.316406 0.757568
32327 1501081799.467885 -3.395996 -2.388367 9.248291 -0.516968 4.316406 0.757568
32328 1501081799.487936 -3.395996 -2.388367 9.248291 -0.516968 4.316406 0.757568
32329 1501081799.508004 -3.395996 -2.388367 9.248291 -0.516968 4.316406 0.757568
32330 1501081799.528001 -3.395996 -2.388367 9.248291 -0.516968 4.316406 0.757568
32331 1501081799.548053 -3.395996 -2.388367 9.248291 -0.516968 4.316406 0.757568
32332 1501081799.568091 -3.402527 -2.39502 9.27063 -0.513611 4.338623 0.761108
32333 1501081799.588142 -3.402527 -2.39502 9.27063 -0.513611 4.338623 0.761108
32334 1501081799.608214 -3.402527 -2.39502 9.27063 -0.513611 4.338623 0.761108
32335 1501081799.628225 -3.402527 -2.39502 9.27063 -0.513611 4.338623 0.761108
32336 1501081799.648271 -3.402527 -2.39502 9.27063 -0.513611 4.338623 0.761108
32337 1501081799.668341 -3.402527 -2.39502 9.27063 -0.513611 4.338623 0.761108
32338 1501081799.688389 -3.402527 -2.39502 9.281799 -0.50354 4.364014 0.764648
32339 1501081799.708411 -3.402527 -2.39502 9.281799 -0.50354 4.364014 0.764648
32340 1501081799.728462 -3.402527 -2.39502 9.281799 -0.50354 4.364014 0.764648
32341 1501081799.748510 -3.402527 -2.39502 9.281799 -0.50354 4.364014 0.764648
32342 1501081799.768562 -3.402527 -2.39502 9.281799 -0.50354 4.364014 0.764648
32343 1501081799.788609 -3.402527 -2.39502 9.281799 -0.50354 4.364014 0.764648
32344 1501081799.808652 -3.402527 -2.39502 9.281799 -0.483398 4.398926 0.771729
32345 1501081799.828724 -3.402527 -2.39502 9.281799 -0.483398 4.398926 0.771729
32346 1501081799.848755 -3.402527 -2.39502 9.281799 -0.483398 4.398926 0.771729
32347 1501081799.868817 -3.402527 -2.39502 9.281799 -0.483398 4.398926 0.771729
32348 1501081799.888882 -3.402527 -2.39502 9.281799 -0.483398 4.398926 0.771729
32349 1501081799.908919 -3.402527 -2.39502 9.281799 -0.483398 4.398926 0.771729
32350 1501081799.928980 -3.402527 -2.39502 9.281799 -0.483398 4.398926 0.771729
32351 1501081799.949029 -3.402527 -2.39502 9.27063 -0.456543 4.437012 0.775269
32352 1501081799.969083 -3.402527 -2.39502 9.27063 -0.456543 4.437012 0.775269
32353 1501081799.989143 -3.402527 -2.39502 9.27063 -0.456543 4.437012 0.775269
32354 1501081800.009190 -3.402527 -2.39502 9.27063 -0.456543 4.437012 0.775269
32355 1501081800.029247 -3.402527 -2.39502 9.27063 -0.456543 4.437012 0.775269
32356 1501081800.049294 -3.402527 -2.39502 9.27063 -0.456543 4.437012 0.775269
32357 1501081800.069362 -3.402527 -2.388367 9.248291 -0.419617 4.481445 0.785889
32358 1501081800.089415 -3.402527 -2.388367 9.248291 -0.419617 4.481445 0.785889
32359 1501081800.109437 -3.402527 -2.388367 9.248291 -0.419617 4.481445 0.785889
32360 1501081800.129504 -3.402527 -2.388367 9.248291 -0.419617 4.481445 0.785889
32361 1501081800.149563 -3.402527 -2.388367 9.248291 -0.419617 4.481445 0.785889
32362 1501081800.169634 -3.402527 -2.388367 9.248291 -0.419617 4.481445 0.785889
32363 1501081800.189693 -3.402527 -2.375061 9.192444 -0.375977 4.532227 0.792969
32364 1501081800.209722 -3.402527 -2.375061 9.192444 -0.375977 4.532227 0.792969
32365 1501081800.229784 -3.402527 -2.375061 9.192444 -0.375977 4.532227 0.792969
32366 1501081800.249829 -3.402527 -2.375061 9.192444 -0.375977 4.532227 0.792969
32367 1501081800.269896 -3.402527 -2.375061 9.192444 -0.375977 4.532227 0.792969
32368 1501081800.289951 -3.402527 -2.375061 9.192444 -0.375977 4.532227 0.792969
32369 1501081800.310001 -3.402527 -2.355103 9.125427 -0.322266 4.579834 0.800049
32370 1501081800.330041 -3.402527 -2.355103 9.125427 -0.322266 4.579834 0.800049
32371 1501081800.350104 -3.402527 -2.355103 9.125427 -0.322266 4.579834 0.800049
32372 1501081800.370139 -3.402527 -2.355103 9.125427 -0.322266 4.579834 0.800049
32373 1501081800.390219 -3.402527 -2.355103 9.125427 -0.322266 4.579834 0.800049
32374 1501081800.410247 -3.402527 -2.355103 9.125427 -0.322266 4.579834 0.800049
32375 1501081800.430292 -3.402527 -2.355103 9.125427 -0.322266 4.579834 0.800049
32376 1501081800.450376 -3.402527 -2.328491 9.047241 -0.261841 4.630615 0.810669
32377 1501081800.470414 -3.402527 -2.328491 9.047241 -0.261841 4.630615 0.810669
32378 1501081800.490448 -3.402527 -2.328491 9.047241 -0.261841 4.630615 0.810669
32379 1501081800.510516 -3.402527 -2.328491 9.047241 -0.261841 4.630615 0.810669
32380 1501081800.530588 -3.402527 -2.328491 9.047241 -0.261841 4.630615 0.810669
32381 1501081800.550632 -3.402527 -2.328491 9.047241 -0.261841 4.630615 0.810669
32382 1501081800.570649 -3.395996 -2.295227 8.935547 -0.201416 4.675049 0.817749
32383 1501081800.590715 -3.395996 -2.295227 8.935547 -0.201416 4.675049 0.817749
32384 1501081800.610757 -3.395996 -2.295227 8.935547 -0.201416 4.675049 0.817749
32385 1501081800.630840 -3.395996 -2.295227 8.935547 -0.201416 4.675049 0.817749
32386 1501081800.650854 -3.395996 -2.295227 8.935547 -0.201416 4.675049 0.817749
32387 1501081800.670906 -3.395996 -2.295227 8.935547 -0.201416 4.675049 0.817749
32388 1501081800.690969 -3.389465 -2.261963 8.823853 -0.140991 4.709961 0.824829
32389 1501081800.711008 -3.389465 -2.261963 8.823853 -0.140991 4.709961 0.824829
32390 1501081800.731057 -3.389465 -2.261963 8.823853 -0.140991 4.709961 0.824829
32391 1501081800.751082 -3.389465 -2.261963 8.823853 -0.140991 4.709961 0.824829
32392 1501081800.771145 -3.389465 -2.261963 8.823853 -0.140991 4.709961 0.824829
32393 1501081800.791205 -3.389465 -2.261963 8.823853 -0.140991 4.709961 0.824829
32394 1501081800.811243 -3.369873 -2.20874 8.689819 -0.083923 4.738525 0.828369
32395 1501081800.831295 -3.369873 -2.20874 8.689819 -0.083923 4.738525 0.828369
32396 1501081800.851359 -3.369873 -2.20874 8.689819 -0.083923 4.738525 0.828369
32397 1501081800.871393 -3.369873 -2.20874 8.689819 -0.083923 4.738525 0.828369
32398 1501081800.891471 -3.369873 -2.20874 8.689819 -0.083923 4.738525 0.828369
32399 1501081800.911498 -3.369873 -2.20874 8.689819 -0.083923 4.738525 0.828369
32400 1501081800.931543 -3.369873 -2.20874 8.689819 -0.083923 4.738525 0.828369
32401 1501081800.951586 -3.337219 -2.142212 8.533447 -0.036926 4.751221 0.831909
32402 1501081800.971644 -3.337219 -2.142212 8.533447 -0.036926 4.751221 0.831909
32403 1501081800.991696 -3.337219 -2.142212 8.533447 -0.036926 4.751221 0.831909
32404 1501081801.011742 -3.337219 -2.142212 8.533447 -0.036926 4.751221 0.831909
32405 1501081801.031798 -3.337219 -2.142212 8.533447 -0.036926 4.751221 0.831909
32406 1501081801.051888 -3.337219 -2.142212 8.533447 -0.036926 4.751221 0.831909
32407 1501081801.071908 -3.265381 -2.049072 8.343567 -0.010071 4.751221 0.828369
32408 1501081801.091968 -3.265381 -2.049072 8.343567 -0.010071 4.751221 0.828369
32409 1501081801.112010 -3.265381 -2.049072 8.343567 -0.010071 4.751221 0.828369
32410 1501081801.132027 -3.265381 -2.049072 8.343567 -0.010071 4.751221 0.828369
32411 1501081801.152100 -3.265381 -2.049072 8.343567 -0.010071 4.751221 0.828369
32412 1501081801.172148 -3.265381 -2.049072 8.343567 -0.010071 4.751221 0.828369
32413 1501081801.192181 -3.154358 -1.916016 8.08667 -0.006714 4.738525 0.821289
32414 1501081801.212245 -3.154358 -1.916016 8.08667 -0.006714 4.738525 0.821289
32415 1501081801.232279 -3.154358 -1.916016 8.08667 -0.006714 4.738525 0.821289
32416 1501081801.252332 -3.154358 -1.916016 8.08667 -0.006714 4.738525 0.821289
32417 1501081801.272381 -3.154358 -1.916016 8.08667 -0.006714 4.738525 0.821289
32418 1501081801.292430 -3.154358 -1.916016 8.08667 -0.006714 4.738525 0.821289
32419 1501081801.312477 -3.154358 -1.916016 8.08667 -0.006714 4.738525 0.821289
32420 1501081801.332552 -2.991089 -1.729736 7.729248 -0.046997 4.716309 0.803589
32421 1501081801.352585 -2.991089 -1.729736 7.729248 -0.046997 4.716309 0.803589
32422 1501081801.372656 -2.991089 -1.729736 7.729248 -0.046997 4.716309 0.803589
32423 1501081801.392679 -2.991089 -1.729736 7.729248 -0.046997 4.716309 0.803589
32424 1501081801.412730 -2.991089 -1.729736 7.729248 -0.046997 4.716309 0.803589
32425 1501081801.432795 -2.991089 -1.729736 7.729248 -0.046997 4.716309 0.803589
32426 1501081801.452819 -2.755981 -1.476929 7.237793 -0.137634 4.687744 0.771729
32427 1501081801.472870 -2.755981 -1.476929 7.237793 -0.137634 4.687744 0.771729
32428 1501081801.492925 -2.755981 -1.476929 7.237793 -0.137634 4.687744 0.771729
32429 1501081801.512947 -2.755981 -1.476929 7.237793 -0.137634 4.687744 0.771729
32430 1501081801.532982 -2.755981 -1.476929 7.237793 -0.137634 4.687744 0.771729
32431 1501081801.553034 -2.755981 -1.476929 7.237793 -0.137634 4.687744 0.771729
32432 1501081801.573103 -2.435974 -1.157593 6.567627 -0.302124 4.65918 0.725708
32433 1501081801.593140 -2.435974 -1.157593 6.567627 -0.302124 4.65918 0.725708
32434 1501081801.613185 -2.435974 -1.157593 6.567627 -0.302124 4.65918 0.725708
32435 1501081801.633246 -2.435974 -1.157593 6.567627 -0.302124 4.65918 0.725708
32436 1501081801.653293 -2.435974 -1.157593 6.567627 -0.302124 4.65918 0.725708
32437 1501081801.673344 -2.435974 -1.157593 6.567627 -0.302124 4.65918 0.725708
32438 1501081801.693396 -2.044128 -0.765076 5.707581 -0.550537 4.640137 0.661987
32439 1501081801.713465 -2.044128 -0.765076 5.707581 -0.550537 4.640137 0.661987
32440 1501081801.733502 -2.044128 -0.765076 5.707581 -0.550537 4.640137 0.661987
32441 1501081801.753574 -2.044128 -0.765076 5.707581 -0.550537 4.640137 0.661987
32442 1501081801.773608 -2.044128 -0.765076 5.707581 -0.550537 4.640137 0.661987
32443 1501081801.793657 -2.044128 -0.765076 5.707581 -0.550537 4.640137 0.661987
32444 1501081801.813714 -2.044128 -0.765076 5.707581 -0.550537 4.640137 0.661987
32445 1501081801.833722 -1.573914 -0.299377 4.612976 -0.903015 4.640137 0.573486
32446 1501081801.853779 -1.573914 -0.299377 4.612976 -0.903015 4.640137 0.573486
32447 1501081801.873839 -1.573914 -0.299377 4.612976 -0.903015 4.640137 0.573486
32448 1501081801.893883 -1.573914 -0.299377 4.612976 -0.903015 4.640137 0.573486
32449 1501081801.913929 -1.573914 -0.299377 4.612976 -0.903015 4.640137 0.573486
32450 1501081801.933998 -1.573914 -0.299377 4.612976 -0.903015 4.640137 0.573486
32451 1501081801.954056 -1.051453 0.219543 3.283813 -1.372986 4.662354 0.463745
32452 1501081801.974082 -1.051453 0.219543 3.283813 -1.372986 4.662354 0.463745
32453 1501081801.994135 -1.051453 0.219543 3.283813 -1.372986 4.662354 0.463745
32454 1501081802.014190 -1.051453 0.219543 3.283813 -1.372986 4.662354 0.463745
32455 1501081802.034264 -1.051453 0.219543 3.283813 -1.372986 4.662354 0.463745
32456 1501081802.054307 -1.051453 0.219543 3.283813 -1.372986 4.662354 0.463745
32457 1501081802.074349 -0.476746 0.791687 1.731262 -1.97052 4.713135 0.329224
32458 1501081802.094406 -0.476746 0.791687 1.731262 -1.97052 4.713135 0.329224
32459 1501081802.114462 -0.476746 0.791687 1.731262 -1.97052 4.713135 0.329224
32460 1501081802.134543 -0.476746 0.791687 1.731262 -1.97052 4.713135 0.329224
32461 1501081802.154587 -0.476746 0.791687 1.731262 -1.97052 4.713135 0.329224
32462 1501081802.174621 -0.476746 0.791687 1.731262 -1.97052 4.713135 0.329224
32463 1501081802.194675 -0.476746 0.791687 1.731262 -1.97052 4.713135 0.329224
32464 1501081802.214710 0.111023 1.390442 -0.044678 -2.702332 4.798828 0.169922
32465 1501081802.234756 0.111023 1.390442 -0.044678 -2.702332 4.798828 0.169922
32466 1501081802.254835 0.111023 1.390442 -0.044678 -2.702332 4.798828 0.169922
32467 1501081802.274854 0.111023 1.390442 -0.044678 -2.702332 4.798828 0.169922
32468 1501081802.294913 0.111023 1.390442 -0.044678 -2.702332 4.798828 0.169922
32469 1501081802.314966 0.111023 1.390442 -0.044678 -2.702332 4.798828 0.169922
32470 1501081802.335041 0.711853 2.015808 -2.032837 -3.571777 4.922607 -0.0177
32471 1501081802.355064 0.711853 2.015808 -2.032837 -3.571777 4.922607 -0.0177
32472 1501081802.375139 0.711853 2.015808 -2.032837 -3.571777 4.922607 -0.0177
32473 1501081802.395195 0.711853 2.015808 -2.032837 -3.571777 4.922607 -0.0177
32474 1501081802.415221 0.711853 2.015808 -2.032837 -3.571777 4.922607 -0.0177
32475 1501081802.435251 0.711853 2.015808 -2.032837 -3.571777 4.922607 -0.0177
32476 1501081802.455310 1.306152 2.667786 -4.233215 -4.588928 5.078125 -0.237183
32477 1501081802.475377 1.306152 2.667786 -4.233215 -4.588928 5.078125 -0.237183
32478 1501081802.495439 1.306152 2.667786 -4.233215 -4.588928 5.078125 -0.237183
32479 1501081802.515462 1.306152 2.667786 -4.233215 -4.588928 5.078125 -0.237183
32480 1501081802.535519 1.306152 2.667786 -4.233215 -4.588928 5.078125 -0.237183
32481 1501081802.555566 1.306152 2.667786 -4.233215 -4.588928 5.078125 -0.237183
32482 1501081802.575617 1.906982 3.35968 -6.679321 -5.750427 5.259033 -0.492065
32483 1501081802.595668 1.906982 3.35968 -6.679321 -5.750427 5.259033 -0.492065
32484 1501081802.615728 1.906982 3.35968 -6.679321 -5.750427 5.259033 -0.492065
32485 1501081802.635776 1.906982 3.35968 -6.679321 -5.750427 5.259033 -0.492065
32486 1501081802.655824 1.906982 3.35968 -6.679321 -5.750427 5.259033 -0.492065
32487 1501081802.675896 1.906982 3.35968 -6.679321 -5.750427 5.259033 -0.492065
32488 1501081802.695924 1.906982 3.35968 -6.679321 -5.750427 5.259033 -0.492065
32489 1501081802.715976 2.520874 4.118103 -9.404663 -7.062988 5.458984 -0.789429
32490 1501081802.736028 2.520874 4.118103 -9.404663 -7.062988 5.458984 -0.789429
32491 1501081802.756078 2.520874 4.118103 -9.404663 -7.062988 5.458984 -0.789429
32492 1501081802.776146 2.520874 4.118103 -9.404663 -7.062988 5.458984 -0.789429
32493 1501081802.796197 2.520874 4.118103 -9.404663 -7.062988 5.458984 -0.789429
32494 1501081802.816230 2.520874 4.118103 -9.404663 -7.062988 5.458984 -0.789429
32495 1501081802.836313 3.17395 4.963013 -12.476257 -8.529968 5.665283 -1.132812
32496 1501081802.856334 3.17395 4.963013 -12.476257 -8.529968 5.665283 -1.132812
32497 1501081802.876377 3.17395 4.963013 -12.476257 -8.529968 5.665283 -1.132812
32498 1501081802.896432 3.17395 4.963013 -12.476257 -8.529968 5.665283 -1.132812
32499 1501081802.916496 3.17395 4.963013 -12.476257 -8.529968 5.665283 -1.132812
32500 1501081802.936526 3.17395 4.963013 -12.476257 -8.529968 5.665283 -1.132812
32501 1501081802.956591 3.892334 5.934326 -15.949951 -10.154724 5.865234 -1.536377
32502 1501081802.976651 3.892334 5.934326 -15.949951 -10.154724 5.865234 -1.536377
32503 1501081802.996676 3.892334 5.934326 -15.949951 -10.154724 5.865234 -1.536377
32504 1501081803.016728 3.892334 5.934326 -15.949951 -10.154724 5.865234 -1.536377
32505 1501081803.036771 3.892334 5.934326 -15.949951 -10.154724 5.865234 -1.536377
32506 1501081803.056827 3.892334 5.934326 -15.949951 -10.154724 5.865234 -1.536377
32507 1501081803.076878 4.71521 7.065308 -19.881592 -11.933899 6.049316 -2.000122
32508 1501081803.096935 4.71521 7.065308 -19.881592 -11.933899 6.049316 -2.000122
32509 1501081803.116989 4.71521 7.065308 -19.881592 -11.933899 6.049316 -2.000122
32510 1501081803.137027 4.71521 7.065308 -19.881592 -11.933899 6.049316 -2.000122
32511 1501081803.157083 4.71521 7.065308 -19.881592 -11.933899 6.049316 -2.000122
32512 1501081803.177155 4.71521 7.065308 -19.881592 -11.933899 6.049316 -2.000122
32513 1501081803.197190 4.71521 7.065308 -19.881592 -11.933899 6.049316 -2.000122
32514 1501081803.217270 5.66217 8.375916 -24.315857 -13.860779 6.214355 -2.527588
32515 1501081803.237299 5.66217 8.375916 -24.315857 -13.860779 6.214355 -2.527588
32516 1501081803.257371 5.66217 8.375916 -24.315857 -13.860779 6.214355 -2.527588
32517 1501081803.277402 5.66217 8.375916 -24.315857 -13.860779 6.214355 -2.527588
32518 1501081803.297454 5.66217 8.375916 -24.315857 -13.860779 6.214355 -2.527588
32519 1501081803.317500 5.66217 8.375916 -24.315857 -13.860779 6.214355 -2.527588
32520 1501081803.337571 6.733215 9.852844 -29.252747 -15.911865 6.360352 -3.111694
32521 1501081803.357623 6.733215 9.852844 -29.252747 -15.911865 6.360352 -3.111694
32522 1501081803.377675 6.733215 9.852844 -29.252747 -15.911865 6.360352 -3.111694
32523 1501081803.397727 6.733215 9.852844 -29.252747 -15.911865 6.360352 -3.111694
32524 1501081803.417762 6.733215 9.852844 -29.252747 -15.911865 6.360352 -3.111694
32525 1501081803.437818 6.733215 9.852844 -29.252747 -15.911865 6.360352 -3.111694
32526 1501081803.457888 7.915283 11.496094 -34.625244 -18.056946 6.487305 -3.738281
32527 1501081803.477919 7.915283 11.496094 -34.625244 -18.056946 6.487305 -3.738281
32528 1501081803.497963 7.915283 11.496094 -34.625244 -18.056946 6.487305 -3.738281
32529 1501081803.518019 7.915283 11.496094 -34.625244 -18.056946 6.487305 -3.738281
32530 1501081803.538089 7.915283 11.496094 -34.625244 -18.056946 6.487305 -3.738281
32531 1501081803.558133 7.915283 11.496094 -34.625244 -18.056946 6.487305 -3.738281
32532 1501081803.578175 7.915283 11.496094 -34.625244 -18.056946 6.487305 -3.738281
32533 1501081803.598224 9.188782 13.245789 -40.321655 -20.24231 6.604736 -4.389648
32534 1501081803.618266 9.188782 13.245789 -40.321655 -20.24231 6.604736 -4.389648
32535 1501081803.638313 9.188782 13.245789 -40.321655 -20.24231 6.604736 -4.389648
32536 1501081803.658389 9.188782 13.245789 -40.321655 -20.24231 6.604736 -4.389648
32537 1501081803.678436 9.188782 13.245789 -40.321655 -20.24231 6.604736 -4.389648
32538 1501081803.698470 9.188782 13.245789 -40.321655 -20.24231 6.604736 -4.389648
32539 1501081803.718522 10.488403 15.048706 -46.185608 -22.407532 6.725342 -5.033936
32540 1501081803.738566 10.488403 15.048706 -46.185608 -22.407532 6.725342 -5.033936
32541 1501081803.758611 10.488403 15.048706 -46.185608 -22.407532 6.725342 -5.033936
32542 1501081803.778672 10.488403 15.048706 -46.185608 -22.407532 6.725342 -5.033936
32543 1501081803.798756 10.488403 15.048706 -46.185608 -22.407532 6.725342 -5.033936
32544 1501081803.818820 10.488403 15.048706 -46.185608 -22.407532 6.725342 -5.033936
32545 1501081803.838864 11.755371 16.838318 -52.004883 -24.485474 6.858643 -5.642822
32546 1501081803.858922 11.755371 16.838318 -52.004883 -24.485474 6.858643 -5.642822
32547 1501081803.878968 11.755371 16.838318 -52.004883 -24.485474 6.858643 -5.642822
32548 1501081803.899015 11.755371 16.838318 -52.004883 -24.485474 6.858643 -5.642822
32549 1501081803.919156 11.755371 16.838318 -52.004883 -24.485474 6.858643 -5.642822
32550 1501081803.939217 11.755371 16.838318 -52.004883 -24.485474 6.858643 -5.642822
32551 1501081803.959249 12.924377 18.514832 -57.556091 -26.395569 7.020508 -6.177368
32552 1501081803.979323 12.924377 18.514832 -57.556091 -26.395569 7.020508 -6.177368
32553 1501081803.999369 12.924377 18.514832 -57.556091 -26.395569 7.020508 -6.177368
32554 1501081804.019418 12.924377 18.514832 -57.556091 -26.395569 7.020508 -6.177368
32555 1501081804.039473 12.924377 18.514832 -57.556091 -26.395569 7.020508 -6.177368
32556 1501081804.059509 12.924377 18.514832 -57.556091 -26.395569 7.020508 -6.177368
32557 1501081804.079573 12.924377 18.514832 -57.556091 -26.395569 7.020508 -6.177368
32558 1501081804.099609 13.923584 20.018372 -62.582336 -28.070679 7.220459 -6.609253
32559 1501081804.119672 13.923584 20.018372 -62.582336 -28.070679 7.220459 -6.609253
32560 1501081804.139760 13.923584 20.018372 -62.582336 -28.070679 7.220459 -6.609253
32561 1501081804.159778 13.923584 20.018372 -62.582336 -28.070679 7.220459 -6.609253
32562 1501081804.179851 13.923584 20.018372 -62.582336 -28.070679 7.220459 -6.609253
32563 1501081804.199890 13.923584 20.018372 -62.582336 -28.070679 7.220459 -6.609253
32564 1501081804.219951 14.694214 21.255798 -66.860229 -29.436951 7.455322 -6.913696
32565 1501081804.239984 14.694214 21.255798 -66.860229 -29.436951 7.455322 -6.913696
32566 1501081804.260062 14.694214 21.255798 -66.860229 -29.436951 7.455322 -6.913696
32567 1501081804.280090 14.694214 21.255798 -66.860229 -29.436951 7.455322 -6.913696
32568 1501081804.300152 14.694214 21.255798 -66.860229 -29.436951 7.455322 -6.913696
32569 1501081804.320210 14.694214 21.255798 -66.860229 -29.436951 7.455322 -6.913696
32570 1501081804.340247 15.184021 22.173889 -70.177551 -30.437317 7.725098 -7.072998
32571 1501081804.360303 15.184021 22.173889 -70.177551 -30.437317 7.725098 -7.072998
32572 1501081804.380355 15.184021 22.173889 -70.177551 -30.437317 7.725098 -7.072998
32573 1501081804.400410 15.184021 22.173889 -70.177551 -30.437317 7.725098 -7.072998
32574 1501081804.420466 15.184021 22.173889 -70.177551 -30.437317 7.725098 -7.072998
32575 1501081804.440537 15.184021 22.173889 -70.177551 -30.437317 7.725098 -7.072998
32576 1501081804.460569 15.184021 22.173889 -70.177551 -30.437317 7.725098 -7.072998
32577 1501081804.480628 15.360352 22.712769 -72.333252 -31.02478 8.013916 -7.083618
32578 1501081804.500672 15.360352 22.712769 -72.333252 -31.02478 8.013916 -7.083618
32579 1501081804.520724 15.360352 22.712769 -72.333252 -31.02478 8.013916 -7.083618
32580 1501081804.540777 15.360352 22.712769 -72.333252 -31.02478 8.013916 -7.083618
32581 1501081804.560840 15.360352 22.712769 -72.333252 -31.02478 8.013916 -7.083618
32582 1501081804.580872 15.360352 22.712769 -72.333252 -31.02478 8.013916 -7.083618
32583 1501081804.600946 15.210144 22.839172 -73.182129 -31.155701 8.302734 -6.938477
32584 1501081804.620981 15.210144 22.839172 -73.182129 -31.155701 8.302734 -6.938477
32585 1501081804.641028 15.210144 22.839172 -73.182129 -31.155701 8.302734 -6.938477
32586 1501081804.661078 15.210144 22.839172 -73.182129 -31.155701 8.302734 -6.938477
32587 1501081804.681137 15.210144 22.839172 -73.182129 -31.155701 8.302734 -6.938477
32588 1501081804.701185 15.210144 22.839172 -73.182129 -31.155701 8.302734 -6.938477
32589 1501081804.721213 14.733398 22.533142 -72.601318 -30.80658 8.562988 -6.655273
32590 1501081804.741279 14.733398 22.533142 -72.601318 -30.80658 8.562988 -6.655273
32591 1501081804.761355 14.733398 22.533142 -72.601318 -30.80658 8.562988 -6.655273
32592 1501081804.781387 14.733398 22.533142 -72.601318 -30.80658 8.562988 -6.655273
32593 1501081804.801459 14.733398 22.533142 -72.601318 -30.80658 8.562988 -6.655273
32594 1501081804.821482 14.733398 22.533142 -72.601318 -30.80658 8.562988 -6.655273
32595 1501081804.841534 13.943176 21.768066 -70.523804 -29.957275 8.762939 -6.244629
32596 1501081804.861602 13.943176 21.768066 -70.523804 -29.957275 8.762939 -6.244629
32597 1501081804.881651 13.943176 21.768066 -70.523804 -29.957275 8.762939 -6.244629
32598 1501081804.901696 13.943176 21.768066 -70.523804 -29.957275 8.762939 -6.244629
32599 1501081804.921760 13.943176 21.768066 -70.523804 -29.957275 8.762939 -6.244629
32600 1501081804.941796 13.943176 21.768066 -70.523804 -29.957275 8.762939 -6.244629
32601 1501081804.961867 13.943176 21.768066 -70.523804 -29.957275 8.762939 -6.244629
32602 1501081804.981904 12.85907 20.557251 -66.904907 -28.604431 8.880371 -5.720703
32603 1501081805.001955 12.85907 20.557251 -66.904907 -28.604431 8.880371 -5.720703
32604 1501081805.022007 12.85907 20.557251 -66.904907 -28.604431 8.880371 -5.720703
32605 1501081805.042059 12.85907 20.557251 -66.904907 -28.604431 8.880371 -5.720703
32606 1501081805.062118 12.85907 20.557251 -66.904907 -28.604431 8.880371 -5.720703
32607 1501081805.082172 12.85907 20.557251 -66.904907 -28.604431 8.880371 -5.720703
32608 1501081805.102231 11.513733 18.914001 -61.822815 -26.764832 8.889893 -5.108276
32609 1501081805.122286 11.513733 18.914001 -61.822815 -26.764832 8.889893 -5.108276
32610 1501081805.142321 11.513733 18.914001 -61.822815 -26.764832 8.889893 -5.108276
32611 1501081805.162385 11.513733 18.914001 -61.822815 -26.764832 8.889893 -5.108276
32612 1501081805.182421 11.513733 18.914001 -61.822815 -26.764832 8.889893 -5.108276
32613 1501081805.202482 11.513733 18.914001 -61.822815 -26.764832 8.889893 -5.108276
32614 1501081805.222514 9.94635 16.884888 -55.366882 -24.475403 8.775635 -4.425049
32615 1501081805.242560 9.94635 16.884888 -55.366882 -24.475403 8.775635 -4.425049
32616 1501081805.262614 9.94635 16.884888 -55.366882 -24.475403 8.775635 -4.425049
32617 1501081805.282684 9.94635 16.884888 -55.366882 -24.475403 8.775635 -4.425049
32618 1501081805.302740 9.94635 16.884888 -55.366882 -24.475403 8.775635 -4.425049
32619 1501081805.322781 9.94635 16.884888 -55.366882 -24.475403 8.775635 -4.425049
32620 1501081805.342786 9.94635 16.884888 -55.366882 -24.475403 8.775635 -4.425049
32621 1501081805.362817 8.202637 14.529785 -47.771667 -21.803284 8.543945 -3.692261
32622 1501081805.382869 8.202637 14.529785 -47.771667 -21.803284 8.543945 -3.692261
32623 1501081805.402925 8.202637 14.529785 -47.771667 -21.803284 8.543945 -3.692261
32624 1501081805.423004 8.202637 14.529785 -47.771667 -21.803284 8.543945 -3.692261
32625 1501081805.443060 8.202637 14.529785 -47.771667 -21.803284 8.543945 -3.692261
32626 1501081805.463087 8.202637 14.529785 -47.771667 -21.803284 8.543945 -3.692261
32627 1501081805.483164 6.334839 11.928528 -39.338745 -18.832397 8.20752 -2.931152
32628 1501081805.503191 6.334839 11.928528 -39.338745 -18.832397 8.20752 -2.931152
32629 1501081805.523275 6.334839 11.928528 -39.338745 -18.832397 8.20752 -2.931152
32630 1501081805.543312 6.334839 11.928528 -39.338745 -18.832397 8.20752 -2.931152
32631 1501081805.563366 6.334839 11.928528 -39.338745 -18.832397 8.20752 -2.931152
32632 1501081805.583415 6.334839 11.928528 -39.338745 -18.832397 8.20752 -2.931152
32633 1501081805.603469 4.414795 9.187561 -30.459045 -15.686951 7.791748 -2.159424
32634 1501081805.623501 4.414795 9.187561 -30.459045 -15.686951 7.791748 -2.159424
32635 1501081805.643565 4.414795 9.187561 -30.459045 -15.686951 7.791748 -2.159424
32636 1501081805.663593 4.414795 9.187561 -30.459045 -15.686951 7.791748 -2.159424
32637 1501081805.683644 4.414795 9.187561 -30.459045 -15.686951 7.791748 -2.159424
32638 1501081805.703723 4.414795 9.187561 -30.459045 -15.686951 7.791748 -2.159424
32639 1501081805.723773 2.501282 6.419983 -21.601685 -12.501221 7.347412 -1.394775
32640 1501081805.743792 2.501282 6.419983 -21.601685 -12.501221 7.347412 -1.394775
32641 1501081805.763859 2.501282 6.419983 -21.601685 -12.501221 7.347412 -1.394775
32642 1501081805.783895 2.501282 6.419983 -21.601685 -12.501221 7.347412 -1.394775
32643 1501081805.803974 2.501282 6.419983 -21.601685 -12.501221 7.347412 -1.394775
32644 1501081805.824006 2.501282 6.419983 -21.601685 -12.501221 7.347412 -1.394775
32645 1501081805.844058 2.501282 6.419983 -21.601685 -12.501221 7.347412 -1.394775
32646 1501081805.864122 0.672668 3.75885 -13.246948 -9.429626 6.915771 -0.661987
32647 1501081805.884187 0.672668 3.75885 -13.246948 -9.429626 6.915771 -0.661987
32648 1501081805.904210 0.672668 3.75885 -13.246948 -9.429626 6.915771 -0.661987
32649 1501081805.924273 0.672668 3.75885 -13.246948 -9.429626 6.915771 -0.661987
32650 1501081805.944302 0.672668 3.75885 -13.246948 -9.429626 6.915771 -0.661987
32651 1501081805.964374 0.672668 3.75885 -13.246948 -9.429626 6.915771 -0.661987
32652 1501081805.984419 -1.005737 1.323914 -5.886292 -6.616516 6.560303 0.02124
32653 1501081806.004464 -1.005737 1.323914 -5.886292 -6.616516 6.560303 0.02124
32654 1501081806.024508 -1.005737 1.323914 -5.886292 -6.616516 6.560303 0.02124
32655 1501081806.044564 -1.005737 1.323914 -5.886292 -6.616516 6.560303 0.02124
32656 1501081806.064616 -1.005737 1.323914 -5.886292 -6.616516 6.560303 0.02124
32657 1501081806.084689 -1.005737 1.323914 -5.886292 -6.616516 6.560303 0.02124
32658 1501081806.104721 -2.475159 -0.785034 0.033508 -4.202881 6.325439 0.637207
32659 1501081806.124773 -2.475159 -0.785034 0.033508 -4.202881 6.325439 0.637207
32660 1501081806.144826 -2.475159 -0.785034 0.033508 -4.202881 6.325439 0.637207
32661 1501081806.164877 -2.475159 -0.785034 0.033508 -4.202881 6.325439 0.637207
32662 1501081806.184928 -2.475159 -0.785034 0.033508 -4.202881 6.325439 0.637207
32663 1501081806.204998 -2.475159 -0.785034 0.033508 -4.202881 6.325439 0.637207
32664 1501081806.225040 -2.475159 -0.785034 0.033508 -4.202881 6.325439 0.637207
32665 1501081806.245101 -3.663757 -2.488159 4.177368 -2.286072 6.268311 1.161133
32666 1501081806.265158 -3.663757 -2.488159 4.177368 -2.286072 6.268311 1.161133
32667 1501081806.285214 -3.663757 -2.488159 4.177368 -2.286072 6.268311 1.161133
32668 1501081806.305269 -3.663757 -2.488159 4.177368 -2.286072 6.268311 1.161133
32669 1501081806.325329 -3.663757 -2.488159 4.177368 -2.286072 6.268311 1.161133
32670 1501081806.345373 -3.663757 -2.488159 4.177368 -2.286072 6.268311 1.161133
32671 1501081806.365438 -4.551941 -3.745544 6.344238 -0.943298 6.414307 1.568237
32672 1501081806.385476 -4.551941 -3.745544 6.344238 -0.943298 6.414307 1.568237
32673 1501081806.405531 -4.551941 -3.745544 6.344238 -0.943298 6.414307 1.568237
32674 1501081806.425588 -4.551941 -3.745544 6.344238 -0.943298 6.414307 1.568237
32675 1501081806.445640 -4.551941 -3.745544 6.344238 -0.943298 6.414307 1.568237
32676 1501081806.465707 -4.551941 -3.745544 6.344238 -0.943298 6.414307 1.568237
32677 1501081806.485777 -5.120117 -4.543884 6.50061 -0.191345 6.791992 1.83374
32678 1501081806.505792 -5.120117 -4.543884 6.50061 -0.191345 6.791992 1.83374
32679 1501081806.525857 -5.120117 -4.543884 6.50061 -0.191345 6.791992 1.83374
32680 1501081806.545927 -5.120117 -4.543884 6.50061 -0.191345 6.791992 1.83374
32681 1501081806.565967 -5.120117 -4.543884 6.50061 -0.191345 6.791992 1.83374
32682 1501081806.586026 -5.120117 -4.543884 6.50061 -0.191345 6.791992 1.83374
32683 1501081806.606080 -5.368286 -4.936401 4.747009 -0.013428 7.404541 1.925781
32684 1501081806.626097 -5.368286 -4.936401 4.747009 -0.013428 7.404541 1.925781
32685 1501081806.646160 -5.368286 -4.936401 4.747009 -0.013428 7.404541 1.925781
32686 1501081806.666232 -5.368286 -4.936401 4.747009 -0.013428 7.404541 1.925781
32687 1501081806.686252 -5.368286 -4.936401 4.747009 -0.013428 7.404541 1.925781
32688 1501081806.706297 -5.368286 -4.936401 4.747009 -0.013428 7.404541 1.925781
32689 1501081806.726365 -5.368286 -4.936401 4.747009 -0.013428 7.404541 1.925781
32690 1501081806.746399 -5.329102 -4.989624 1.362671 -0.349121 8.236084 1.81604
32691 1501081806.766446 -5.329102 -4.989624 1.362671 -0.349121 8.236084 1.81604
32692 1501081806.786523 -5.329102 -4.989624 1.362671 -0.349121 8.236084 1.81604
32693 1501081806.806579 -5.329102 -4.989624 1.362671 -0.349121 8.236084 1.81604
32694 1501081806.826616 -5.329102 -4.989624 1.362671 -0.349121 8.236084 1.81604
32695 1501081806.846661 -5.329102 -4.989624 1.362671 -0.349121 8.236084 1.81604
32696 1501081806.866719 -5.05481 -4.796692 -3.250305 -1.097717 9.270752 1.472656
32697 1501081806.886765 -5.05481 -4.796692 -3.250305 -1.097717 9.270752 1.472656
32698 1501081806.906829 -5.05481 -4.796692 -3.250305 -1.097717 9.270752 1.472656
32699 1501081806.926860 -5.05481 -4.796692 -3.250305 -1.097717 9.270752 1.472656
32700 1501081806.946931 -5.05481 -4.796692 -3.250305 -1.097717 9.270752 1.472656
32701 1501081806.966963 -5.05481 -4.796692 -3.250305 -1.097717 9.270752 1.472656
32702 1501081806.987026 -4.617249 -4.470703 -8.611633 -2.145081 10.470459 0.87793
32703 1501081807.007063 -4.617249 -4.470703 -8.611633 -2.145081 10.470459 0.87793
32704 1501081807.027111 -4.617249 -4.470703 -8.611633 -2.145081 10.470459 0.87793
32705 1501081807.047166 -4.617249 -4.470703 -8.611633 -2.145081 10.470459 0.87793
32706 1501081807.067217 -4.617249 -4.470703 -8.611633 -2.145081 10.470459 0.87793
32707 1501081807.087310 -4.617249 -4.470703 -8.611633 -2.145081 10.470459 0.87793
32708 1501081807.107365 -4.617249 -4.470703 -8.611633 -2.145081 10.470459 0.87793
32709 1501081807.127396 -4.088257 -4.124756 -14.218689 -3.356934 11.793945 0.02124
32710 1501081807.147457 -4.088257 -4.124756 -14.218689 -3.356934 11.793945 0.02124
32711 1501081807.167495 -4.088257 -4.124756 -14.218689 -3.356934 11.793945 0.02124
32712 1501081807.187552 -4.088257 -4.124756 -14.218689 -3.356934 11.793945 0.02124
32713 1501081807.207597 -4.088257 -4.124756 -14.218689 -3.356934 11.793945 0.02124
32714 1501081807.227629 -4.088257 -4.124756 -14.218689 -3.356934 11.793945 0.02124
32715 1501081807.247687 -3.559265 -3.858643 -19.568848 -4.602356 13.203125 -1.086792
32716 1501081807.267745 -3.559265 -3.858643 -19.568848 -4.602356 13.203125 -1.086792
32717 1501081807.287801 -3.559265 -3.858643 -19.568848 -4.602356 13.203125 -1.086792
32718 1501081807.307857 -3.559265 -3.858643 -19.568848 -4.602356 13.203125 -1.086792
32719 1501081807.327908 -3.559265 -3.858643 -19.568848 -4.602356 13.203125 -1.086792
32720 1501081807.347947 -3.559265 -3.858643 -19.568848 -4.602356 13.203125 -1.086792
32721 1501081807.367994 -3.121704 -3.738892 -24.26001 -5.757141 14.644043 -2.414307
32722 1501081807.388065 -3.121704 -3.738892 -24.26001 -5.757141 14.644043 -2.414307
32723 1501081807.408112 -3.121704 -3.738892 -24.26001 -5.757141 14.644043 -2.414307
32724 1501081807.428178 -3.121704 -3.738892 -24.26001 -5.757141 14.644043 -2.414307
32725 1501081807.448231 -3.121704 -3.738892 -24.26001 -5.757141 14.644043 -2.414307
32726 1501081807.468265 -3.121704 -3.738892 -24.26001 -5.757141 14.644043 -2.414307
32727 1501081807.488312 -2.840881 -3.798767 -27.990601 -6.713867 16.078613 -3.908203
32728 1501081807.508372 -2.840881 -3.798767 -27.990601 -6.713867 16.078613 -3.908203
32729 1501081807.528442 -2.840881 -3.798767 -27.990601 -6.713867 16.078613 -3.908203
32730 1501081807.548471 -2.840881 -3.798767 -27.990601 -6.713867 16.078613 -3.908203
32731 1501081807.568550 -2.840881 -3.798767 -27.990601 -6.713867 16.078613 -3.908203
32732 1501081807.588588 -2.840881 -3.798767 -27.990601 -6.713867 16.078613 -3.908203
32733 1501081807.608624 -2.840881 -3.798767 -27.990601 -6.713867 16.078613 -3.908203
32734 1501081807.628686 -2.782104 -4.044922 -30.57074 -7.398682 17.459229 -5.483521
32735 1501081807.648740 -2.782104 -4.044922 -30.57074 -7.398682 17.459229 -5.483521
32736 1501081807.668788 -2.782104 -4.044922 -30.57074 -7.398682 17.459229 -5.483521
32737 1501081807.688845 -2.782104 -4.044922 -30.57074 -7.398682 17.459229 -5.483521
32738 1501081807.708881 -2.782104 -4.044922 -30.57074 -7.398682 17.459229 -5.483521
32739 1501081807.728934 -2.782104 -4.044922 -30.57074 -7.398682 17.459229 -5.483521
32740 1501081807.748992 -2.971497 -4.444092 -31.978088 -7.76123 18.741455 -7.058838
32741 1501081807.769025 -2.971497 -4.444092 -31.978088 -7.76123 18.741455 -7.058838
32742 1501081807.789069 -2.971497 -4.444092 -31.978088 -7.76123 18.741455 -7.058838
32743 1501081807.809153 -2.971497 -4.444092 -31.978088 -7.76123 18.741455 -7.058838
32744 1501081807.829162 -2.971497 -4.444092 -31.978088 -7.76123 18.741455 -7.058838
32745 1501081807.849217 -2.971497 -4.444092 -31.978088 -7.76123 18.741455 -7.058838
32746 1501081807.869287 -3.409058 -4.943054 -32.313171 -7.781372 19.880859 -8.524414
32747 1501081807.889331 -3.409058 -4.943054 -32.313171 -7.781372 19.880859 -8.524414
32748 1501081807.909383 -3.409058 -4.943054 -32.313171 -7.781372 19.880859 -8.524414
32749 1501081807.929452 -3.409058 -4.943054 -32.313171 -7.781372 19.880859 -8.524414
32750 1501081807.949509 -3.409058 -4.943054 -32.313171 -7.781372 19.880859 -8.524414
32751 1501081807.969588 -3.409058 -4.943054 -32.313171 -7.781372 19.880859 -8.524414
32752 1501081807.989604 -3.409058 -4.943054 -32.313171 -7.781372 19.880859 -8.524414
32753 1501081808.009631 -4.068665 -5.461975 -31.777039 -7.472534 20.836182 -9.788208
32754 1501081808.029714 -4.068665 -5.461975 -31.777039 -7.472534 20.836182 -9.788208
32755 1501081808.049753 -4.068665 -5.461975 -31.777039 -7.472534 20.836182 -9.788208
32756 1501081808.069806 -4.068665 -5.461975 -31.777039 -7.472534 20.836182 -9.788208
32757 1501081808.089885 -4.068665 -5.461975 -31.777039 -7.472534 20.836182 -9.788208
32758 1501081808.109938 -4.068665 -5.461975 -31.777039 -7.472534 20.836182 -9.788208
32759 1501081808.129975 -4.898071 -5.927673 -30.648926 -6.871643 21.575684 -10.775879
32760 1501081808.150047 -4.898071 -5.927673 -30.648926 -6.871643 21.575684 -10.775879
32761 1501081808.170079 -4.898071 -5.927673 -30.648926 -6.871643 21.575684 -10.775879
32762 1501081808.190158 -4.898071 -5.927673 -30.648926 -6.871643 21.575684 -10.775879
32763 1501081808.210213 -4.898071 -5.927673 -30.648926 -6.871643 21.575684 -10.775879
32764 1501081808.230239 -4.898071 -5.927673 -30.648926 -6.871643 21.575684 -10.775879
32765 1501081808.250309 -5.812378 -6.273621 -29.230408 -6.035767 22.067627 -11.430786
32766 1501081808.270338 -5.812378 -6.273621 -29.230408 -6.035767 22.067627 -11.430786
32767 1501081808.290411 -5.812378 -6.273621 -29.230408 -6.035767 22.067627 -11.430786
0 1501081808.310439 -5.812378 -6.273621 -29.230408 -6.035767 22.067627 -11.430786
1 1501081808.330502 -5.812378 -6.273621 -29.230408 -6.035767 22.067627 -11.430786
2 1501081808.350510 -5.812378 -6.273621 -29.230408 -6.035767 22.067627 -11.430786
3 1501081808.370575 -6.726685 -6.439941 -27.789551 -5.042114 22.299316 -11.721069
4 1501081808.390613 -6.726685 -6.439941 -27.789551 -5.042114 22.299316 -11.721069
5 1501081808.410668 -6.726685 -6.439941 -27.789551 -5.042114 22.299316 -11.721069
6 1501081808.430720 -6.726685 -6.439941 -27.789551 -5.042114 22.299316 -11.721069
7 1501081808.450821 -6.726685 -6.439941 -27.789551 -5.042114 22.299316 -11.721069
8 1501081808.470796 -6.726685 -6.439941 -27.789551 -5.042114 22.299316 -11.721069
9 1501081808.490850 -6.726685 -6.439941 -27.789551 -5.042114 22.299316 -11.721069
10 1501081808.510904 -7.536499 -6.400024 -26.549744 -3.971252 22.254883 -11.653809
11 1501081808.530975 -7.536499 -6.400024 -26.549744 -3.971252 22.254883 -11.653809
12 1501081808.551016 -7.536499 -6.400024 -26.549744 -3.971252 22.254883 -11.653809
13 1501081808.571069 -7.536499 -6.400024 -26.549744 -3.971252 22.254883 -11.653809
14 1501081808.591106 -7.536499 -6.400024 -26.549744 -3.971252 22.254883 -11.653809
15 1501081808.611157 -7.536499 -6.400024 -26.549744 -3.971252 22.254883 -11.653809
16 1501081808.631230 -8.150391 -6.15387 -25.64502 -2.897034 21.940674 -11.257324
17 1501081808.651270 -8.150391 -6.15387 -25.64502 -2.897034 21.940674 -11.257324
18 1501081808.671320 -8.150391 -6.15387 -25.64502 -2.897034 21.940674 -11.257324
19 1501081808.691376 -8.150391 -6.15387 -25.64502 -2.897034 21.940674 -11.257324
20 1501081808.711423 -8.150391 -6.15387 -25.64502 -2.897034 21.940674 -11.257324
21 1501081808.731479 -8.150391 -6.15387 -25.64502 -2.897034 21.940674 -11.257324
22 1501081808.751510 -8.503052 -5.714783 -25.075378 -1.896667 21.359863 -10.581177
23 1501081808.771562 -8.503052 -5.714783 -25.075378 -1.896667 21.359863 -10.581177
24 1501081808.791637 -8.503052 -5.714783 -25.075378 -1.896667 21.359863 -10.581177
25 1501081808.811669 -8.503052 -5.714783 -25.075378 -1.896667 21.359863 -10.581177
26 1501081808.831704 -8.503052 -5.714783 -25.075378 -1.896667 21.359863 -10.581177
27 1501081808.851780 -8.503052 -5.714783 -25.075378 -1.896667 21.359863 -10.581177
28 1501081808.871839 -8.503052 -5.714783 -25.075378 -1.896667 21.359863 -10.581177
29 1501081808.891858 -8.548767 -5.135986 -24.740295 -1.020508 20.52832 -9.689087
30 1501081808.911914 -8.548767 -5.135986 -24.740295 -1.020508 20.52832 -9.689087
31 1501081808.931961 -8.548767 -5.135986 -24.740295 -1.020508 20.52832 -9.689087
32 1501081808.952017 -8.548767 -5.135986 -24.740295 -1.020508 20.52832 -9.689087
33 1501081808.972094 -8.548767 -5.135986 -24.740295 -1.020508 20.52832 -9.689087
34 1501081808.992122 -8.548767 -5.135986 -24.740295 -1.020508 20.52832 -9.689087
35 1501081809.012177 -8.267944 -4.457397 -24.46106 -0.312195 19.455566 -8.644775
36 1501081809.032251 -8.267944 -4.457397 -24.46106 -0.312195 19.455566 -8.644775
37 1501081809.052287 -8.267944 -4.457397 -24.46106 -0.312195 19.455566 -8.644775
38 1501081809.072334 -8.267944 -4.457397 -24.46106 -0.312195 19.455566 -8.644775
39 1501081809.092390 -8.267944 -4.457397 -24.46106 -0.312195 19.455566 -8.644775
40 1501081809.112439 -8.267944 -4.457397 -24.46106 -0.312195 19.455566 -8.644775
41 1501081809.132506 -7.686707 -3.75885 -23.980774 0.218201 18.163818 -7.511963
42 1501081809.152541 -7.686707 -3.75885 -23.980774 0.218201 18.163818 -7.511963
43 1501081809.172588 -7.686707 -3.75885 -23.980774 0.218201 18.163818 -7.511963
44 1501081809.192664 -7.686707 -3.75885 -23.980774 0.218201 18.163818 -7.511963
45 1501081809.212704 -7.686707 -3.75885 -23.980774 0.218201 18.163818 -7.511963
46 1501081809.232753 -7.686707 -3.75885 -23.980774 0.218201 18.163818 -7.511963
47 1501081809.252806 -6.850769 -3.080261 -23.020203 0.560608 16.672119 -6.34729
48 1501081809.272878 -6.850769 -3.080261 -23.020203 0.560608 16.672119 -6.34729
49 1501081809.292905 -6.850769 -3.080261 -23.020203 0.560608 16.672119 -6.34729
50 1501081809.312950 -6.850769 -3.080261 -23.020203 0.560608 16.672119 -6.34729
51 1501081809.333035 -6.850769 -3.080261 -23.020203 0.560608 16.672119 -6.34729
52 1501081809.353069 -6.850769 -3.080261 -23.020203 0.560608 16.672119 -6.34729
53 1501081809.373112 -6.850769 -3.080261 -23.020203 0.560608 16.672119 -6.34729
54 1501081809.393161 -5.838501 -2.488159 -21.367126 0.738525 15.015381 -5.189697
55 1501081809.413212 -5.838501 -2.488159 -21.367126 0.738525 15.015381 -5.189697
56 1501081809.433269 -5.838501 -2.488159 -21.367126 0.738525 15.015381 -5.189697
57 1501081809.453305 -5.838501 -2.488159 -21.367126 0.738525 15.015381 -5.189697
58 1501081809.473381 -5.838501 -2.488159 -21.367126 0.738525 15.015381 -5.189697
59 1501081809.493435 -5.838501 -2.488159 -21.367126 0.738525 15.015381 -5.189697
60 1501081809.513498 -4.741333 -2.009155 -18.854004 0.782166 13.228516 -4.071045
61 1501081809.533555 -4.741333 -2.009155 -18.854004 0.782166 13.228516 -4.071045
62 1501081809.553627 -4.741333 -2.009155 -18.854004 0.782166 13.228516 -4.071045
63 1501081809.573668 -4.741333 -2.009155 -18.854004 0.782166 13.228516 -4.071045
64 1501081809.593714 -4.741333 -2.009155 -18.854004 0.782166 13.228516 -4.071045
65 1501081809.613774 -4.741333 -2.009155 -18.854004 0.782166 13.228516 -4.071045
66 1501081809.633826 -3.657227 -1.663208 -15.424988 0.725098 11.359131 -3.012573
67 1501081809.653895 -3.657227 -1.663208 -15.424988 0.725098 11.359131 -3.012573
68 1501081809.673940 -3.657227 -1.663208 -15.424988 0.725098 11.359131 -3.012573
69 1501081809.694000 -3.657227 -1.663208 -15.424988 0.725098 11.359131 -3.012573
70 1501081809.714051 -3.657227 -1.663208 -15.424988 0.725098 11.359131 -3.012573
71 1501081809.734108 -3.657227 -1.663208 -15.424988 0.725098 11.359131 -3.012573
72 1501081809.754163 -2.677612 -1.45697 -11.169434 0.604248 9.473877 -2.028442
73 1501081809.774215 -2.677612 -1.45697 -11.169434 0.604248 9.473877 -2.028442
74 1501081809.794267 -2.677612 -1.45697 -11.169434 0.604248 9.473877 -2.028442
75 1501081809.814318 -2.677612 -1.45697 -11.169434 0.604248 9.473877 -2.028442
76 1501081809.834392 -2.677612 -1.45697 -11.169434 0.604248 9.473877 -2.028442
77 1501081809.854421 -2.677612 -1.45697 -11.169434 0.604248 9.473877 -2.028442
78 1501081809.874499 -2.677612 -1.45697 -11.169434 0.604248 9.473877 -2.028442
79 1501081809.894520 -1.893921 -1.383789 -6.288391 0.4599 7.642578 -1.136353
80 1501081809.914578 -1.893921 -1.383789 -6.288391 0.4599 7.642578 -1.136353
81 1501081809.934619 -1.893921 -1.383789 -6.288391 0.4599 7.642578 -1.136353
82 1501081809.954674 -1.893921 -1.383789 -6.288391 0.4599 7.642578 -1.136353
83 1501081809.974717 -1.893921 -1.383789 -6.288391 0.4599 7.642578 -1.136353
84 1501081809.994791 -1.893921 -1.383789 -6.288391 0.4599 7.642578 -1.136353
85 1501081810.014812 -1.351868 -1.4104 -1.083435 0.315552 5.950928 -0.336304
86 1501081810.034836 -1.351868 -1.4104 -1.083435 0.315552 5.950928 -0.336304
87 1501081810.054891 -1.351868 -1.4104 -1.083435 0.315552 5.950928 -0.336304
88 1501081810.074952 -1.351868 -1.4104 -1.083435 0.315552 5.950928 -0.336304
89 1501081810.095007 -1.351868 -1.4104 -1.083435 0.315552 5.950928 -0.336304
90 1501081810.115037 -1.351868 -1.4104 -1.083435 0.315552 5.950928 -0.336304
91 1501081810.135075 -1.084106 -1.516846 4.076843 0.201416 4.46875 0.357544
92 1501081810.155157 -1.084106 -1.516846 4.076843 0.201416 4.46875 0.357544
93 1501081810.175183 -1.084106 -1.516846 4.076843 0.201416 4.46875 0.357544
94 1501081810.195241 -1.084106 -1.516846 4.076843 0.201416 4.46875 0.357544
95 1501081810.215310 -1.084106 -1.516846 4.076843 0.201416 4.46875 0.357544
96 1501081810.235359 -1.084106 -1.516846 4.076843 0.201416 4.46875 0.357544
97 1501081810.255384 -1.084106 -1.516846 4.076843 0.201416 4.46875 0.357544
98 1501081810.275458 -1.090637 -1.656555 8.823853 0.124207 3.265869 0.93457
99 1501081810.295482 -1.090637 -1.656555 8.823853 0.124207 3.265869 0.93457
100 1501081810.315543 -1.090637 -1.656555 8.823853 0.124207 3.265869 0.93457
101 1501081810.335598 -1.090637 -1.656555 8.823853 0.124207 3.265869 0.93457
102 1501081810.355629 -1.090637 -1.656555 8.823853 0.124207 3.265869 0.93457
103 1501081810.375701 -1.090637 -1.656555 8.823853 0.124207 3.265869 0.93457
