-1 1501082404.470295 0.265335 -0.439281 -0.005644 0.498222 0.856065 -0.13758 69.76908
-1 1501082404.488973 0.265335 -0.439281 -0.005644 0.498222 0.856065 -0.13758 69.76908
-1 1501082404.509255 0.265282 -0.439716 -0.005592 0.49883 0.855537 -0.138652 69.770731
-1 1501082404.529241 0.265282 -0.439716 -0.005592 0.49883 0.855537 -0.138652 69.770731
-1 1501082404.549342 0.265282 -0.439716 -0.005592 0.49883 0.855537 -0.138652 69.770731
-1 1501082404.569404 0.265282 -0.439716 -0.005592 0.49883 0.855537 -0.138652 69.770731
-1 1501082404.589434 0.265282 -0.439716 -0.005592 0.49883 0.855537 -0.138652 69.770731
-1 1501082404.609504 0.265282 -0.439716 -0.005592 0.49883 0.855537 -0.138652 69.770731
-1 1501082404.629597 0.265282 -0.439716 -0.005592 0.49883 0.855537 -0.138652 69.770731
-1 1501082404.652454 0.265282 -0.439716 -0.005592 0.49883 0.855537 -0.138652 69.770731
-1 1501082404.672444 0.265282 -0.439716 -0.005592 0.49883 0.855537 -0.138652 69.770731
-1 1501082404.692496 0.265288 -0.440469 -0.005449 0.49798 0.855921 -0.139339 69.726476
-1 1501082404.712572 0.265288 -0.440469 -0.005449 0.49798 0.855921 -0.139339 69.726476
-1 1501082404.732699 0.265229 -0.440152 -0.005539 0.499438 0.855008 -0.139723 69.772478
-1 1501082404.752615 0.265229 -0.440152 -0.005539 0.499438 0.855008 -0.139723 69.772478
-1 1501082404.772819 0.265229 -0.440152 -0.005539 0.499438 0.855008 -0.139723 69.772478
-1 1501082404.792795 0.265288 -0.440469 -0.005449 0.49798 0.855921 -0.139339 69.726476
-1 1501082404.812911 0.265288 -0.440469 -0.005449 0.49798 0.855921 -0.139339 69.726476
-1 1501082404.832964 0.265288 -0.440469 -0.005449 0.49798 0.855921 -0.139339 69.726476
-1 1501082404.853005 0.265288 -0.440469 -0.005449 0.49798 0.855921 -0.139339 69.726476
-1 1501082404.873130 0.265282 -0.439716 -0.005592 0.49883 0.855537 -0.138652 69.770731
-1 1501082404.893095 0.265282 -0.439716 -0.005592 0.49883 0.855537 -0.138652 69.770731
-1 1501082404.913170 0.265282 -0.439716 -0.005592 0.49883 0.855537 -0.138652 69.770731
-1 1501082404.933281 0.265282 -0.439716 -0.005592 0.49883 0.855537 -0.138652 69.770731
-1 1501082404.953323 0.265282 -0.439716 -0.005592 0.49883 0.855537 -0.138652 69.770731
-1 1501082404.973334 0.265282 -0.439716 -0.005592 0.49883 0.855537 -0.138652 69.770731
-1 1501082404.993411 0.265282 -0.439716 -0.005592 0.49883 0.855537 -0.138652 69.770731
-1 1501082405.013602 0.265282 -0.439716 -0.005592 0.49883 0.855537 -0.138652 69.770731
-1 1501082405.033527 0.265282 -0.439716 -0.005592 0.49883 0.855537 -0.138652 69.770731
-1 1501082405.053628 0.265282 -0.439716 -0.005592 0.49883 0.855537 -0.138652 69.770731
-1 1501082405.073700 0.265282 -0.439716 -0.005592 0.49883 0.855537 -0.138652 69.770731
-1 1501082405.093804 0.265335 -0.439281 -0.005644 0.498222 0.856065 -0.13758 69.76908
-1 1501082405.113789 0.265335 -0.439281 -0.005644 0.498222 0.856065 -0.13758 69.76908
-1 1501082405.133798 0.265335 -0.439281 -0.005644 0.498222 0.856065 -0.13758 69.76908
-1 1501082405.153869 0.265288 -0.440469 -0.005449 0.49798 0.855921 -0.139339 69.726476
-1 1501082405.173941 0.265288 -0.440469 -0.005449 0.49798 0.855921 -0.139339 69.726476
-1 1501082405.193964 0.265288 -0.440469 -0.005449 0.49798 0.855921 -0.139339 69.726476
-1 1501082405.214046 0.265288 -0.440469 -0.005449 0.49798 0.855921 -0.139339 69.726476
-1 1501082405.234136 0.265288 -0.440469 -0.005449 0.49798 0.855921 -0.139339 69.726476
-1 1501082405.254183 0.265288 -0.440469 -0.005449 0.49798 0.855921 -0.139339 69.726476
-1 1501082405.274228 0.265341 -0.440034 -0.005502 0.497371 0.856448 -0.138267 69.724883
-1 1501082405.294276 0.265341 -0.440034 -0.005502 0.497371 0.856448 -0.138267 69.724883
-1 1501082405.314352 0.265341 -0.440034 -0.005502 0.497371 0.856448 -0.138267 69.724883
-1 1501082405.334481 0.265229 -0.440152 -0.005539 0.499438 0.855008 -0.139723 69.772478
-1 1501082405.354462 0.265229 -0.440152 -0.005539 0.499438 0.855008 -0.139723 69.772478
-1 1501082405.374538 0.265229 -0.440152 -0.005539 0.499438 0.855008 -0.139723 69.772478
-1 1501082405.394572 0.265288 -0.440469 -0.005449 0.49798 0.855921 -0.139339 69.726476
-1 1501082405.414631 0.265288 -0.440469 -0.005449 0.49798 0.855921 -0.139339 69.726476
-1 1501082405.434704 0.265288 -0.440469 -0.005449 0.49798 0.855921 -0.139339 69.726476
-1 1501082405.454738 0.265282 -0.439716 -0.005592 0.49883 0.855537 -0.138652 69.770731
-1 1501082405.474914 0.265282 -0.439716 -0.005592 0.49883 0.855537 -0.138652 69.770731
-1 1501082405.494966 0.265282 -0.439716 -0.005592 0.49883 0.855537 -0.138652 69.770731
-1 1501082405.514988 0.265288 -0.440469 -0.005449 0.49798 0.855921 -0.139339 69.726476
-1 1501082405.535768 0.265288 -0.440469 -0.005449 0.49798 0.855921 -0.139339 69.726476
-1 1501082405.555308 0.265288 -0.440469 -0.005449 0.49798 0.855921 -0.139339 69.726476
-1 1501082405.575431 0.265235 -0.440904 -0.005396 0.498589 0.855391 -0.140411 69.728166
-1 1501082405.595374 0.265235 -0.440904 -0.005396 0.498589 0.855391 -0.140411 69.728166
-1 1501082405.615435 0.265235 -0.440904 -0.005396 0.498589 0.855391 -0.140411 69.728166
-1 1501082405.635486 0.265282 -0.439716 -0.005592 0.49883 0.855537 -0.138652 69.770731
-1 1501082405.655670 0.265282 -0.439716 -0.005592 0.49883 0.855537 -0.138652 69.770731
-1 1501082405.675624 0.265282 -0.439716 -0.005592 0.49883 0.855537 -0.138652 69.770731
-1 1501082405.695673 0.265282 -0.439716 -0.005592 0.49883 0.855537 -0.138652 69.770731
-1 1501082405.715761 0.265282 -0.439716 -0.005592 0.49883 0.855537 -0.138652 69.770731
-1 1501082405.735811 0.265282 -0.439716 -0.005592 0.49883 0.855537 -0.138652 69.770731
-1 1501082405.755942 0.265282 -0.439716 -0.005592 0.49883 0.855537 -0.138652 69.770731
-1 1501082405.776269 0.265282 -0.439716 -0.005592 0.49883 0.855537 -0.138652 69.770731
-1 1501082405.796134 0.265282 -0.439716 -0.005592 0.49883 0.855537 -0.138652 69.770731
-1 1501082405.816243 0.265282 -0.439716 -0.005592 0.49883 0.855537 -0.138652 69.770731
-1 1501082405.836833 0.265282 -0.439716 -0.005592 0.49883 0.855537 -0.138652 69.770731
-1 1501082405.856727 0.265282 -0.439716 -0.005592 0.49883 0.855537 -0.138652 69.770731
-1 1501082405.876861 0.265282 -0.439716 -0.005592 0.49883 0.855537 -0.138652 69.770731
-1 1501082405.897542 0.265282 -0.439716 -0.005592 0.49883 0.855537 -0.138652 69.770731
-1 1501082405.917600 0.265282 -0.439716 -0.005592 0.49883 0.855537 -0.138652 69.770731
-1 1501082405.937651 0.265235 -0.440904 -0.005396 0.498589 0.855391 -0.140411 69.728166
-1 1501082405.957702 0.265235 -0.440904 -0.005396 0.498589 0.855391 -0.140411 69.728166
-1 1501082405.979477 0.265235 -0.440904 -0.005396 0.498589 0.855391 -0.140411 69.728166
-1 1501082405.999497 0.265288 -0.440469 -0.005449 0.49798 0.855921 -0.139339 69.726476
-1 1501082406.019537 0.265288 -0.440469 -0.005449 0.49798 0.855921 -0.139339 69.726476
-1 1501082406.039617 0.265288 -0.440469 -0.005449 0.49798 0.855921 -0.139339 69.726476
-1 1501082406.059721 0.265288 -0.440469 -0.005449 0.49798 0.855921 -0.139339 69.726476
-1 1501082406.079719 0.265288 -0.440469 -0.005449 0.49798 0.855921 -0.139339 69.726476
-1 1501082406.099755 0.265288 -0.440469 -0.005449 0.49798 0.855921 -0.139339 69.726476
-1 1501082406.119864 0.265288 -0.440469 -0.005449 0.49798 0.855921 -0.139339 69.726476
-1 1501082406.139905 0.265288 -0.440469 -0.005449 0.49798 0.855921 -0.139339 69.726476
-1 1501082406.159950 0.265288 -0.440469 -0.005449 0.49798 0.855921 -0.139339 69.726476
-1 1501082406.180007 0.265282 -0.439716 -0.005592 0.49883 0.855537 -0.138652 69.770731
-1 1501082406.200796 0.265282 -0.439716 -0.005592 0.49883 0.855537 -0.138652 69.770731
-1 1501082406.220529 0.265282 -0.439716 -0.005592 0.49883 0.855537 -0.138652 69.770731
-1 1501082406.240561 0.265229 -0.440152 -0.005539 0.499438 0.855008 -0.139723 69.772478
-1 1501082406.260500 0.265229 -0.440152 -0.005539 0.499438 0.855008 -0.139723 69.772478
-1 1501082406.280587 0.265229 -0.440152 -0.005539 0.499438 0.855008 -0.139723 69.772478
-1 1501082406.300834 0.265288 -0.440469 -0.005449 0.49798 0.855921 -0.139339 69.726476
-1 1501082406.326120 0.265288 -0.440469 -0.005449 0.49798 0.855921 -0.139339 69.726476
-1 1501082406.340901 0.265288 -0.440469 -0.005449 0.49798 0.855921 -0.139339 69.726476
-1 1501082406.360979 0.265288 -0.440469 -0.005449 0.49798 0.855921 -0.139339 69.726476
-1 1501082406.381103 0.265288 -0.440469 -0.005449 0.49798 0.855921 -0.139339 69.726476
-1 1501082406.401088 0.265288 -0.440469 -0.005449 0.49798 0.855921 -0.139339 69.726476
-1 1501082406.422016 0.265282 -0.439716 -0.005592 0.49883 0.855537 -0.138652 69.770731
-1 1501082406.441591 0.265282 -0.439716 -0.005592 0.49883 0.855537 -0.138652 69.770731
-1 1501082406.461704 0.265282 -0.439716 -0.005592 0.49883 0.855537 -0.138652 69.770731
-1 1501082406.485474 0.265282 -0.439716 -0.005592 0.49883 0.855537 -0.138652 69.770731
-1 1501082406.508076 0.265282 -0.439716 -0.005592 0.49883 0.855537 -0.138652 69.770731
-1 1501082406.525510 0.265282 -0.439716 -0.005592 0.49883 0.855537 -0.138652 69.770731
-1 1501082406.545558 0.265282 -0.439716 -0.005592 0.49883 0.855537 -0.138652 69.770731
-1 1501082406.565563 0.265282 -0.439716 -0.005592 0.49883 0.855537 -0.138652 69.770731
-1 1501082406.585635 0.265282 -0.439716 -0.005592 0.49883 0.855537 -0.138652 69.770731
-1 1501082406.605732 0.265229 -0.440152 -0.005539 0.499438 0.855008 -0.139723 69.772478
-1 1501082406.626365 0.265229 -0.440152 -0.005539 0.499438 0.855008 -0.139723 69.772478
-1 1501082406.645843 0.265229 -0.440152 -0.005539 0.499438 0.855008 -0.139723 69.772478
-1 1501082406.665946 0.265229 -0.440152 -0.005539 0.499438 0.855008 -0.139723 69.772478
-1 1501082406.686824 0.265229 -0.440152 -0.005539 0.499438 0.855008 -0.139723 69.772478
-1 1501082406.706117 0.265229 -0.440152 -0.005539 0.499438 0.855008 -0.139723 69.772478
-1 1501082406.726071 0.265181 -0.441339 -0.005343 0.499196 0.85486 -0.141482 69.729952
-1 1501082406.746141 0.265181 -0.441339 -0.005343 0.499196 0.85486 -0.141482 69.729952
-1 1501082406.766233 0.265181 -0.441339 -0.005343 0.499196 0.85486 -0.141482 69.729952
-1 1501082406.786285 0.265071 -0.442209 -0.005237 0.500407 0.853794 -0.143625 69.733815
-1 1501082406.806349 0.265071 -0.442209 -0.005237 0.500407 0.853794 -0.143625 69.733815
-1 1501082406.826405 0.265071 -0.442209 -0.005237 0.500407 0.853794 -0.143625 69.733815
-1 1501082406.846518 0.264958 -0.443079 -0.00513 0.501615 0.852722 -0.145766 69.738064
-1 1501082406.866554 0.264958 -0.443079 -0.00513 0.501615 0.852722 -0.145766 69.738064
-1 1501082406.886559 0.264958 -0.443079 -0.00513 0.501615 0.852722 -0.145766 69.738064
-1 1501082406.906670 0.264756 -0.44628 -0.004654 0.506169 0.848613 -0.15378 69.681382
-1 1501082406.926743 0.264756 -0.44628 -0.004654 0.506169 0.848613 -0.15378 69.681382
-1 1501082406.946799 0.264756 -0.44628 -0.004654 0.506169 0.848613 -0.15378 69.681382
-1 1501082406.966928 0.264666 -0.451546 -0.00375 0.513712 0.84152 -0.167163 69.497671
-1 1501082406.986876 0.264666 -0.451546 -0.00375 0.513712 0.84152 -0.167163 69.497671
-1 1501082407.006940 0.264666 -0.451546 -0.00375 0.513712 0.84152 -0.167163 69.497671
-1 1501082407.026985 0.263915 -0.460657 -0.002396 0.524923 0.829584 -0.190382 69.294896
-1 1501082407.047052 0.263915 -0.460657 -0.002396 0.524923 0.829584 -0.190382 69.294896
-1 1501082407.067128 0.263915 -0.460657 -0.002396 0.524923 0.829584 -0.190382 69.294896
-1 1501082407.087220 0.26382 -0.467285 -0.001281 0.531466 0.821128 -0.208071 68.930078
-1 1501082407.107244 0.26382 -0.467285 -0.001281 0.531466 0.821128 -0.208071 68.930078
-1 1501082407.127288 0.26382 -0.467285 -0.001281 0.531466 0.821128 -0.208071 68.930078
-1 1501082407.147355 0.264153 -0.474457 0.000204 0.538684 0.811142 -0.227747 68.376433
-1 1501082407.167448 0.264153 -0.474457 0.000204 0.538684 0.811142 -0.227747 68.376433
-1 1501082407.187456 0.264153 -0.474457 0.000204 0.538684 0.811142 -0.227747 68.376433
-1 1501082407.207776 0.265195 -0.479716 0.001819 0.545975 0.801896 -0.24264 67.750415
-1 1501082407.227819 0.265195 -0.479716 0.001819 0.545975 0.801896 -0.24264 67.750415
-1 1501082407.247886 0.265195 -0.479716 0.001819 0.545975 0.801896 -0.24264 67.750415
-1 1501082407.269896 0.267048 -0.483295 0.003127 0.551417 0.794549 -0.254225 66.960153
-1 1501082407.289724 0.267048 -0.483295 0.003127 0.551417 0.794549 -0.254225 66.960153
-1 1501082407.309898 0.267048 -0.483295 0.003127 0.551417 0.794549 -0.254225 66.960153
-1 1501082407.333458 0.269751 -0.48612 0.004705 0.556299 0.787676 -0.264763 65.934589
-1 1501082407.352869 0.269751 -0.48612 0.004705 0.556299 0.787676 -0.264763 65.934589
-1 1501082407.372947 0.269751 -0.48612 0.004705 0.556299 0.787676 -0.264763 65.934589
-1 1501082407.393562 0.271372 -0.489401 0.005746 0.557366 0.782827 -0.276632 65.114534
-1 1501082407.414816 0.271372 -0.489401 0.005746 0.557366 0.782827 -0.276632 65.114534
-1 1501082407.433108 0.271372 -0.489401 0.005746 0.557366 0.782827 -0.276632 65.114534
-1 1501082407.453163 0.273276 -0.490769 0.007044 0.560039 0.778836 -0.282437 64.413975
-1 1501082407.473300 0.273276 -0.490769 0.007044 0.560039 0.778836 -0.282437 64.413975
-1 1501082407.493327 0.273276 -0.490769 0.007044 0.560039 0.778836 -0.282437 64.413975
-1 1501082407.515510 0.273513 -0.491347 0.006678 0.56096 0.777247 -0.284975 64.313144
-1 1501082407.535578 0.273513 -0.491347 0.006678 0.56096 0.777247 -0.284975 64.313144
-1 1501082407.555711 0.273513 -0.491347 0.006678 0.56096 0.777247 -0.284975 64.313144
-1 1501082407.575648 0.272809 -0.491123 0.005305 0.560457 0.777752 -0.284589 64.572072
-1 1501082407.595710 0.272809 -0.491123 0.005305 0.560457 0.777752 -0.284589 64.572072
-1 1501082407.615792 0.271386 -0.490664 0.002569 0.559459 0.778749 -0.283824 65.090015
-1 1501082407.638407 0.271386 -0.490664 0.002569 0.559459 0.778749 -0.283824 65.090015
-1 1501082407.658186 0.271386 -0.490664 0.002569 0.559459 0.778749 -0.283824 65.090015
-1 1501082407.678267 0.268477 -0.489704 -0.002863 0.557501 0.780695 -0.282324 66.126301
-1 1501082407.702116 0.268477 -0.489704 -0.002863 0.557501 0.780695 -0.282324 66.126301
-1 1501082407.722108 0.268477 -0.489704 -0.002863 0.557501 0.780695 -0.282324 66.126301
-1 1501082407.742185 0.265989 -0.488861 -0.007347 0.555907 0.782271 -0.281104 66.990262
-1 1501082407.762255 0.265989 -0.488861 -0.007347 0.555907 0.782271 -0.281104 66.990262
-1 1501082407.782479 0.265989 -0.488861 -0.007347 0.555907 0.782271 -0.281104 66.990262
-1 1501082407.802963 0.263958 -0.488158 -0.010906 0.554655 0.783502 -0.280146 67.681669
-1 1501082407.822546 0.263958 -0.488158 -0.010906 0.554655 0.783502 -0.280146 67.681669
-1 1501082407.842595 0.263958 -0.488158 -0.010906 0.554655 0.783502 -0.280146 67.681669
-1 1501082407.862735 0.261913 -0.487807 -0.014958 0.553943 0.783705 -0.280987 68.339429
-1 1501082407.882720 0.261913 -0.487807 -0.014958 0.553943 0.783705 -0.280987 68.339429
-1 1501082407.902761 0.261913 -0.487807 -0.014958 0.553943 0.783705 -0.280987 68.339429
-1 1501082407.922861 0.262572 -0.489034 -0.015311 0.555666 0.780651 -0.28604 68.048722
-1 1501082407.942996 0.262572 -0.489034 -0.015311 0.555666 0.780651 -0.28604 68.048722
-1 1501082407.962951 0.262572 -0.489034 -0.015311 0.555666 0.780651 -0.28604 68.048722
-1 1501082407.986597 0.263662 -0.490925 -0.015601 0.55828 0.775907 -0.293755 67.573057
-1 1501082408.003051 0.263662 -0.490925 -0.015601 0.55828 0.775907 -0.293755 67.573057
-1 1501082408.023203 0.263662 -0.490925 -0.015601 0.55828 0.775907 -0.293755 67.573057
-1 1501082408.043959 0.264714 -0.492541 -0.016806 0.561043 0.771124 -0.300995 67.292054
-1 1501082408.063288 0.264714 -0.492541 -0.016806 0.561043 0.771124 -0.300995 67.292054
-1 1501082408.083338 0.264714 -0.492541 -0.016806 0.561043 0.771124 -0.300995 67.292054
-1 1501082408.103497 0.263866 -0.493774 -0.020197 0.562259 0.767504 -0.3079 67.426093
-1 1501082408.125400 0.263866 -0.493774 -0.020197 0.562259 0.767504 -0.3079 67.426093
-1 1501082408.143679 0.263866 -0.493774 -0.020197 0.562259 0.767504 -0.3079 67.426093
-1 1501082408.163715 0.263172 -0.495103 -0.022008 0.563006 0.764369 -0.314269 67.335132
-1 1501082408.184623 0.263172 -0.495103 -0.022008 0.563006 0.764369 -0.314269 67.335132
-1 1501082408.204743 0.263172 -0.495103 -0.022008 0.563006 0.764369 -0.314269 67.335132
-1 1501082408.224953 0.262019 -0.494782 -0.025241 0.56284 0.76421 -0.314951 67.838037
-1 1501082408.244983 0.262019 -0.494782 -0.025241 0.56284 0.76421 -0.314951 67.838037
-1 1501082408.265129 0.262019 -0.494782 -0.025241 0.56284 0.76421 -0.314951 67.838037
-1 1501082408.285096 0.258949 -0.493642 -0.030112 0.56084 0.766315 -0.313401 68.78117
-1 1501082408.305127 0.258949 -0.493642 -0.030112 0.56084 0.766315 -0.313401 68.78117
-1 1501082408.325242 0.258949 -0.493642 -0.030112 0.56084 0.766315 -0.313401 68.78117
-1 1501082408.345344 0.256674 -0.492783 -0.03362 0.559411 0.767809 -0.312296 69.467442
-1 1501082408.365317 0.256674 -0.492783 -0.03362 0.559411 0.767809 -0.312296 69.467442
-1 1501082408.385398 0.256674 -0.492783 -0.03362 0.559411 0.767809 -0.312296 69.467442
-1 1501082408.405553 0.252668 -0.491561 -0.038784 0.556778 0.770257 -0.310971 70.479199
-1 1501082408.425523 0.252668 -0.491561 -0.038784 0.556778 0.770257 -0.310971 70.479199
-1 1501082408.445619 0.252668 -0.491561 -0.038784 0.556778 0.770257 -0.310971 70.479199
-1 1501082408.465702 0.250728 -0.492561 -0.041763 0.554875 0.771191 -0.312053 71.101896
-1 1501082408.485724 0.250728 -0.492561 -0.041763 0.554875 0.771191 -0.312053 71.101896
-1 1501082408.505790 0.250728 -0.492561 -0.041763 0.554875 0.771191 -0.312053 71.101896
-1 1501082408.525849 0.249886 -0.491448 -0.043992 0.554104 0.772524 -0.310122 71.532401
-1 1501082408.545953 0.249886 -0.491448 -0.043992 0.554104 0.772524 -0.310122 71.532401
-1 1501082408.565979 0.249886 -0.491448 -0.043992 0.554104 0.772524 -0.310122 71.532401
-1 1501082408.586145 0.246859 -0.490252 -0.04822 0.552441 0.774233 -0.308822 72.391897
-1 1501082408.606075 0.246859 -0.490252 -0.04822 0.552441 0.774233 -0.308822 72.391897
-1 1501082408.626233 0.246859 -0.490252 -0.04822 0.552441 0.774233 -0.308822 72.391897
-1 1501082408.646243 0.244939 -0.489969 -0.051389 0.550913 0.775556 -0.308233 73.048241
-1 1501082408.666344 0.244939 -0.489969 -0.051389 0.550913 0.775556 -0.308233 73.048241
-1 1501082408.686392 0.244939 -0.489969 -0.051389 0.550913 0.775556 -0.308233 73.048241
-1 1501082408.706360 0.244229 -0.489343 -0.053091 0.550781 0.775971 -0.307424 73.410097
-1 1501082408.726434 0.244229 -0.489343 -0.053091 0.550781 0.775971 -0.307424 73.410097
-1 1501082408.746503 0.244229 -0.489343 -0.053091 0.550781 0.775971 -0.307424 73.410097
-1 1501082408.771478 0.241729 -0.489155 -0.056173 0.548775 0.777497 -0.307156 74.049133
-1 1501082408.791076 0.241729 -0.489155 -0.056173 0.548775 0.777497 -0.307156 74.049133
-1 1501082408.813697 0.241729 -0.489155 -0.056173 0.548775 0.777497 -0.307156 74.049133
-1 1501082408.833697 0.239526 -0.489139 -0.059505 0.545949 0.779819 -0.306304 74.726939
-1 1501082408.854594 0.239526 -0.489139 -0.059505 0.545949 0.779819 -0.306304 74.726939
-1 1501082408.878213 0.240709 -0.490688 -0.059533 0.546372 0.778991 -0.307654 74.784888
-1 1501082408.898588 0.240709 -0.490688 -0.059533 0.546372 0.778991 -0.307654 74.784888
-1 1501082408.918013 0.240709 -0.490688 -0.059533 0.546372 0.778991 -0.307654 74.784888
-1 1501082408.938049 0.241751 -0.490189 -0.059734 0.545857 0.779786 -0.306552 74.792171
-1 1501082408.958947 0.241751 -0.490189 -0.059734 0.545857 0.779786 -0.306552 74.792171
-1 1501082408.979068 0.241751 -0.490189 -0.059734 0.545857 0.779786 -0.306552 74.792171
-1 1501082408.999193 0.240437 -0.489932 -0.061815 0.545052 0.780205 -0.306917 75.245686
-1 1501082409.019253 0.240437 -0.489932 -0.061815 0.545052 0.780205 -0.306917 75.245686
-1 1501082409.039415 0.240437 -0.489932 -0.061815 0.545052 0.780205 -0.306917 75.245686
-1 1501082409.059513 0.240719 -0.488751 -0.06365 0.54442 0.781395 -0.305006 75.614406
-1 1501082409.079591 0.240719 -0.488751 -0.06365 0.54442 0.781395 -0.305006 75.614406
-1 1501082409.101319 0.240719 -0.488751 -0.06365 0.54442 0.781395 -0.305006 75.614406
-1 1501082409.121343 0.242937 -0.488076 -0.064275 0.545736 0.780976 -0.303725 75.776185
-1 1501082409.141639 0.242937 -0.488076 -0.064275 0.545736 0.780976 -0.303725 75.776185
-1 1501082409.162591 0.242937 -0.488076 -0.064275 0.545736 0.780976 -0.303725 75.776185
-1 1501082409.183641 0.247126 -0.488456 -0.062346 0.549518 0.778341 -0.303668 75.450929
-1 1501082409.202656 0.247126 -0.488456 -0.062346 0.549518 0.778341 -0.303668 75.450929
-1 1501082409.223141 0.247126 -0.488456 -0.062346 0.549518 0.778341 -0.303668 75.450929
-1 1501082409.244294 0.249525 -0.488456 -0.061279 0.55136 0.777243 -0.303142 75.259543
-1 1501082409.263247 0.249525 -0.488456 -0.061279 0.55136 0.777243 -0.303142 75.259543
-1 1501082409.284431 0.249525 -0.488456 -0.061279 0.55136 0.777243 -0.303142 75.259543
-1 1501082409.303388 0.250486 -0.488076 -0.060945 0.551508 0.777551 -0.302081 75.173576
-1 1501082409.323559 0.250486 -0.488076 -0.060945 0.551508 0.777551 -0.302081 75.173576
-1 1501082409.343521 0.250486 -0.488076 -0.060945 0.551508 0.777551 -0.302081 75.173576
-1 1501082409.363536 0.250591 -0.487697 -0.060994 0.550995 0.778253 -0.301208 75.155976
-1 1501082409.383634 0.250591 -0.487697 -0.060994 0.550995 0.778253 -0.301208 75.155976
-1 1501082409.403835 0.250591 -0.487697 -0.060994 0.550995 0.778253 -0.301208 75.155976
-1 1501082409.423963 0.249554 -0.487493 -0.06147 0.550142 0.779037 -0.300742 75.29281
-1 1501082409.444012 0.249554 -0.487493 -0.06147 0.550142 0.779037 -0.300742 75.29281
-1 1501082409.463977 0.249554 -0.487493 -0.06147 0.550142 0.779037 -0.300742 75.29281
-1 1501082409.484048 0.249554 -0.487493 -0.06147 0.550142 0.779037 -0.300742 75.29281
-1 1501082409.504749 0.249554 -0.487493 -0.06147 0.550142 0.779037 -0.300742 75.29281
-1 1501082409.524433 0.249554 -0.487493 -0.06147 0.550142 0.779037 -0.300742 75.29281
-1 1501082409.544538 0.250305 -0.487873 -0.061038 0.551312 0.777945 -0.301425 75.24191
-1 1501082409.564624 0.250305 -0.487873 -0.061038 0.551312 0.777945 -0.301425 75.24191
-1 1501082409.584666 0.250305 -0.487873 -0.061038 0.551312 0.777945 -0.301425 75.24191
-1 1501082409.604726 0.25041 -0.487493 -0.061087 0.550799 0.778646 -0.300553 75.224371
-1 1501082409.625443 0.25041 -0.487493 -0.061087 0.550799 0.778646 -0.300553 75.224371
-1 1501082409.645415 0.25041 -0.487493 -0.061087 0.550799 0.778646 -0.300553 75.224371
-1 1501082409.664917 0.25041 -0.487493 -0.061087 0.550799 0.778646 -0.300553 75.224371
-1 1501082409.685415 0.25041 -0.487493 -0.061087 0.550799 0.778646 -0.300553 75.224371
-1 1501082409.705439 0.25041 -0.487493 -0.061087 0.550799 0.778646 -0.300553 75.224371
-1 1501082409.725526 0.251085 -0.486434 -0.061009 0.55195 0.77845 -0.298944 75.272744
-1 1501082409.746132 0.251085 -0.486434 -0.061009 0.55195 0.77845 -0.298944 75.272744
-1 1501082409.765781 0.251085 -0.486434 -0.061009 0.55195 0.77845 -0.298944 75.272744
-1 1501082409.785879 0.250765 -0.486294 -0.061413 0.551788 0.778613 -0.298818 75.358679
-1 1501082409.805938 0.250765 -0.486294 -0.061413 0.551788 0.778613 -0.298818 75.358679
-1 1501082409.825972 0.250765 -0.486294 -0.061413 0.551788 0.778613 -0.298818 75.358679
-1 1501082409.846411 0.250765 -0.486294 -0.061413 0.551788 0.778613 -0.298818 75.358679
-1 1501082409.866438 0.250765 -0.486294 -0.061413 0.551788 0.778613 -0.298818 75.358679
-1 1501082409.887158 0.250765 -0.486294 -0.061413 0.551788 0.778613 -0.298818 75.358679
-1 1501082409.907306 0.249691 -0.485776 -0.062248 0.550456 0.779863 -0.298014 75.495655
-1 1501082409.927215 0.249691 -0.485776 -0.062248 0.550456 0.779863 -0.298014 75.495655
-1 1501082409.947372 0.249691 -0.485776 -0.062248 0.550456 0.779863 -0.298014 75.495655
-1 1501082409.967402 0.250125 -0.486014 -0.062219 0.551465 0.778939 -0.298566 75.53056
-1 1501082409.987442 0.250125 -0.486014 -0.062219 0.551465 0.778939 -0.298566 75.53056
-1 1501082410.007511 0.250125 -0.486014 -0.062219 0.551465 0.778939 -0.298566 75.53056
-1 1501082410.027663 0.250019 -0.485591 -0.063041 0.551634 0.779037 -0.297996 75.719929
-1 1501082410.047687 0.250019 -0.485591 -0.063041 0.551634 0.779037 -0.297996 75.719929
-1 1501082410.067730 0.250019 -0.485591 -0.063041 0.551634 0.779037 -0.297996 75.719929
-1 1501082410.087809 0.24818 -0.485225 -0.065274 0.549471 0.780884 -0.297155 76.170036
-1 1501082410.107886 0.24818 -0.485225 -0.065274 0.549471 0.780884 -0.297155 76.170036
-1 1501082410.127897 0.24818 -0.485225 -0.065274 0.549471 0.780884 -0.297155 76.170036
-1 1501082410.147951 0.2472 -0.484441 -0.06764 0.550016 0.7807 -0.296631 76.738052
-1 1501082410.168044 0.2472 -0.484441 -0.06764 0.550016 0.7807 -0.296631 76.738052
-1 1501082410.188140 0.2472 -0.484441 -0.06764 0.550016 0.7807 -0.296631 76.738052
-1 1501082410.208154 0.249335 -0.483044 -0.068542 0.551583 0.780614 -0.293937 76.979303
-1 1501082410.228152 0.249335 -0.483044 -0.068542 0.551583 0.780614 -0.293937 76.979303
-1 1501082410.248384 0.249335 -0.483044 -0.068542 0.551583 0.780614 -0.293937 76.979303
-1 1501082410.268622 0.254644 -0.483112 -0.066582 0.556286 0.777585 -0.2931 76.689649
-1 1501082410.288447 0.254644 -0.483112 -0.066582 0.556286 0.777585 -0.2931 76.689649
-1 1501082410.308520 0.254644 -0.483112 -0.066582 0.556286 0.777585 -0.2931 76.689649
-1 1501082410.328564 0.255093 -0.482452 -0.066751 0.557955 0.776493 -0.292823 76.77356
-1 1501082410.348622 0.255093 -0.482452 -0.066751 0.557955 0.776493 -0.292823 76.77356
-1 1501082410.368644 0.255093 -0.482452 -0.066751 0.557955 0.776493 -0.292823 76.77356
-1 1501082410.390925 0.254721 -0.481993 -0.067501 0.557283 0.777138 -0.292391 76.858729
-1 1501082410.410912 0.254721 -0.481993 -0.067501 0.557283 0.777138 -0.292391 76.858729
-1 1501082410.431036 0.254721 -0.481993 -0.067501 0.557283 0.777138 -0.292391 76.858729
-1 1501082410.451021 0.253083 -0.482112 -0.069263 0.555804 0.778137 -0.292549 77.239688
-1 1501082410.471109 0.253083 -0.482112 -0.069263 0.555804 0.778137 -0.292549 77.239688
-1 1501082410.491181 0.253083 -0.482112 -0.069263 0.555804 0.778137 -0.292549 77.239688
-1 1501082410.511301 0.251979 -0.481193 -0.071223 0.555459 0.778738 -0.291604 77.686369
-1 1501082410.531215 0.251979 -0.481193 -0.071223 0.555459 0.778738 -0.291604 77.686369
-1 1501082410.551329 0.251979 -0.481193 -0.071223 0.555459 0.778738 -0.291604 77.686369
-1 1501082410.573143 0.250864 -0.480261 -0.073168 0.555114 0.779335 -0.290662 78.133048
-1 1501082410.591403 0.250864 -0.480261 -0.073168 0.555114 0.779335 -0.290662 78.133048
-1 1501082410.611540 0.250864 -0.480261 -0.073168 0.555114 0.779335 -0.290662 78.133048
-1 1501082410.631872 0.253152 -0.480105 -0.072396 0.556847 0.778381 -0.289903 78.013567
-1 1501082410.651623 0.253152 -0.480105 -0.072396 0.556847 0.778381 -0.289903 78.013567
-1 1501082410.672139 0.253152 -0.480105 -0.072396 0.556847 0.778381 -0.289903 78.013567
-1 1501082410.691694 0.255768 -0.480105 -0.071225 0.558748 0.777257 -0.289261 77.808518
-1 1501082410.711741 0.255768 -0.480105 -0.071225 0.558748 0.777257 -0.289261 77.808518
-1 1501082410.731811 0.255768 -0.480105 -0.071225 0.558748 0.777257 -0.289261 77.808518
-1 1501082410.753153 0.255438 -0.479948 -0.071614 0.558581 0.777423 -0.289138 77.894296
-1 1501082410.771921 0.255438 -0.479948 -0.071614 0.558581 0.777423 -0.289138 77.894296
-1 1501082410.792008 0.255438 -0.479948 -0.071614 0.558581 0.777423 -0.289138 77.894296
-1 1501082410.812011 0.255018 -0.480144 -0.071961 0.558961 0.776896 -0.289819 77.998471
-1 1501082410.832121 0.255018 -0.480144 -0.071961 0.558961 0.776896 -0.289819 77.998471
-1 1501082410.852249 0.255018 -0.480144 -0.071961 0.558961 0.776896 -0.289819 77.998471
-1 1501082410.877888 0.255108 -0.479791 -0.072003 0.558415 0.777588 -0.289016 77.980082
-1 1501082410.892226 0.255108 -0.479791 -0.072003 0.558415 0.777588 -0.289016 77.980082
-1 1501082410.912401 0.255108 -0.479791 -0.072003 0.558415 0.777588 -0.289016 77.980082
-1 1501082410.932622 0.25598 -0.479791 -0.071611 0.559048 0.777213 -0.288801 77.911769
-1 1501082410.952632 0.25598 -0.479791 -0.071611 0.559048 0.777213 -0.288801 77.911769
-1 1501082410.972743 0.25598 -0.479791 -0.071611 0.559048 0.777213 -0.288801 77.911769
-1 1501082410.992743 0.25598 -0.479791 -0.071611 0.559048 0.777213 -0.288801 77.911769
-1 1501082411.012809 0.25598 -0.479791 -0.071611 0.559048 0.777213 -0.288801 77.911769
-1 1501082411.032927 0.25598 -0.479791 -0.071611 0.559048 0.777213 -0.288801 77.911769
-1 1501082411.052958 0.255989 -0.478904 -0.071814 0.559681 0.777048 -0.288016 77.959824
-1 1501082411.073030 0.255989 -0.478904 -0.071814 0.559681 0.777048 -0.288016 77.959824
-1 1501082411.093071 0.255989 -0.478904 -0.071814 0.559681 0.777048 -0.288016 77.959824
-1 1501082411.113131 0.255108 -0.479791 -0.072003 0.558415 0.777588 -0.289016 77.980082
-1 1501082411.133187 0.255108 -0.479791 -0.072003 0.558415 0.777588 -0.289016 77.980082
-1 1501082411.153937 0.255108 -0.479791 -0.072003 0.558415 0.777588 -0.289016 77.980082
-1 1501082411.174070 0.255108 -0.479791 -0.072003 0.558415 0.777588 -0.289016 77.980082
-1 1501082411.194045 0.255108 -0.479791 -0.072003 0.558415 0.777588 -0.289016 77.980082
-1 1501082411.214139 0.255108 -0.479791 -0.072003 0.558415 0.777588 -0.289016 77.980082
-1 1501082411.234207 0.255108 -0.479791 -0.072003 0.558415 0.777588 -0.289016 77.980082
-1 1501082411.254285 0.255108 -0.479791 -0.072003 0.558415 0.777588 -0.289016 77.980082
-1 1501082411.274337 0.255108 -0.479791 -0.072003 0.558415 0.777588 -0.289016 77.980082
-1 1501082411.294363 0.255108 -0.479791 -0.072003 0.558415 0.777588 -0.289016 77.980082
-1 1501082411.314492 0.255108 -0.479791 -0.072003 0.558415 0.777588 -0.289016 77.980082
-1 1501082411.334506 0.255108 -0.479791 -0.072003 0.558415 0.777588 -0.289016 77.980082
-1 1501082411.354573 0.25598 -0.479791 -0.071611 0.559048 0.777213 -0.288801 77.911769
-1 1501082411.374621 0.25598 -0.479791 -0.071611 0.559048 0.777213 -0.288801 77.911769
-1 1501082411.397537 0.25598 -0.479791 -0.071611 0.559048 0.777213 -0.288801 77.911769
-1 1501082411.414974 0.255108 -0.479791 -0.072003 0.558415 0.777588 -0.289016 77.980082
-1 1501082411.434837 0.255108 -0.479791 -0.072003 0.558415 0.777588 -0.289016 77.980082
-1 1501082411.454900 0.255108 -0.479791 -0.072003 0.558415 0.777588 -0.289016 77.980082
-1 1501082411.474959 0.255108 -0.479791 -0.072003 0.558415 0.777588 -0.289016 77.980082
-1 1501082411.495822 0.255108 -0.479791 -0.072003 0.558415 0.777588 -0.289016 77.980082
-1 1501082411.516568 0.255108 -0.479791 -0.072003 0.558415 0.777588 -0.289016 77.980082
-1 1501082411.535133 0.255989 -0.478904 -0.071814 0.559681 0.777048 -0.288016 77.959824
-1 1501082411.555286 0.255989 -0.478904 -0.071814 0.559681 0.777048 -0.288016 77.959824
-1 1501082411.577154 0.255989 -0.478904 -0.071814 0.559681 0.777048 -0.288016 77.959824
-1 1501082411.595317 0.255116 -0.478904 -0.072205 0.559048 0.777423 -0.288233 78.028122
-1 1501082411.615360 0.255116 -0.478904 -0.072205 0.559048 0.777423 -0.288233 78.028122
-1 1501082411.640116 0.255116 -0.478904 -0.072205 0.559048 0.777423 -0.288233 78.028122
-1 1501082411.659413 0.255018 -0.480144 -0.071961 0.558961 0.776896 -0.289819 77.998471
-1 1501082411.679518 0.255018 -0.480144 -0.071961 0.558961 0.776896 -0.289819 77.998471
-1 1501082411.699539 0.254778 -0.479633 -0.072391 0.558249 0.777752 -0.288894 78.065868
-1 1501082411.719629 0.254778 -0.479633 -0.072391 0.558249 0.777752 -0.288894 78.065868
-1 1501082411.740150 0.254778 -0.479633 -0.072391 0.558249 0.777752 -0.288894 78.065868
-1 1501082411.760441 0.254778 -0.479633 -0.072391 0.558249 0.777752 -0.288894 78.065868
-1 1501082411.780743 0.254786 -0.478745 -0.072593 0.558881 0.777589 -0.288111 78.113894
-1 1501082411.800816 0.254786 -0.478745 -0.072593 0.558881 0.777589 -0.288111 78.113894
-1 1501082411.821482 0.254455 -0.478587 -0.072981 0.558714 0.777753 -0.28799 78.199673
-1 1501082411.841493 0.254455 -0.478587 -0.072981 0.558714 0.777753 -0.28799 78.199673
-1 1501082411.861599 0.254455 -0.478587 -0.072981 0.558714 0.777753 -0.28799 78.199673
-1 1501082411.881559 0.254455 -0.478587 -0.072981 0.558714 0.777753 -0.28799 78.199673
-1 1501082411.901582 0.255328 -0.478587 -0.07259 0.559345 0.77738 -0.287773 78.131346
-1 1501082411.922430 0.255328 -0.478587 -0.07259 0.559345 0.77738 -0.287773 78.131346
-1 1501082411.943336 0.25565 -0.479633 -0.071999 0.558881 0.777378 -0.288678 77.99754
-1 1501082411.961799 0.25565 -0.479633 -0.071999 0.558881 0.777378 -0.288678 77.99754
-1 1501082411.981814 0.25565 -0.479633 -0.071999 0.558881 0.777378 -0.288678 77.99754
-1 1501082412.001867 0.255659 -0.478745 -0.072202 0.559513 0.777214 -0.287894 78.045581
-1 1501082412.021971 0.255659 -0.478745 -0.072202 0.559513 0.777214 -0.287894 78.045581
-1 1501082412.042085 0.255659 -0.478745 -0.072202 0.559513 0.777214 -0.287894 78.045581
-1 1501082412.062003 0.255659 -0.478745 -0.072202 0.559513 0.777214 -0.287894 78.045581
-1 1501082412.082077 0.255659 -0.478745 -0.072202 0.559513 0.777214 -0.287894 78.045581
-1 1501082412.102119 0.255659 -0.478745 -0.072202 0.559513 0.777214 -0.287894 78.045581
-1 1501082412.122189 0.25565 -0.479633 -0.071999 0.558881 0.777378 -0.288678 77.99754
-1 1501082412.142290 0.25565 -0.479633 -0.071999 0.558881 0.777378 -0.288678 77.99754
-1 1501082412.162341 0.25565 -0.479633 -0.071999 0.558881 0.777378 -0.288678 77.99754
-1 1501082412.182347 0.25532 -0.479475 -0.072387 0.558715 0.777543 -0.288556 78.083319
-1 1501082412.202446 0.25532 -0.479475 -0.072387 0.558715 0.777543 -0.288556 78.083319
-1 1501082412.222487 0.25532 -0.479475 -0.072387 0.558715 0.777543 -0.288556 78.083319
-1 1501082412.242560 0.25574 -0.47928 -0.072041 0.558334 0.778069 -0.287876 77.979183
-1 1501082412.262698 0.25574 -0.47928 -0.072041 0.558334 0.778069 -0.287876 77.979183
-1 1501082412.282662 0.25574 -0.47928 -0.072041 0.558334 0.778069 -0.287876 77.979183
-1 1501082412.302715 0.256192 -0.479475 -0.071995 0.559347 0.777169 -0.28834 78.01501
-1 1501082412.322759 0.256192 -0.479475 -0.071995 0.559347 0.777169 -0.28834 78.01501
-1 1501082412.342904 0.256192 -0.479475 -0.071995 0.559347 0.777169 -0.28834 78.01501
-1 1501082412.362914 0.257394 -0.479633 -0.071212 0.560148 0.776627 -0.288245 77.860984
-1 1501082412.383571 0.257394 -0.479633 -0.071212 0.560148 0.776627 -0.288245 77.860984
-1 1501082412.403616 0.257394 -0.479633 -0.071212 0.560148 0.776627 -0.288245 77.860984
-1 1501082412.423703 0.258073 -0.480312 -0.070693 0.559959 0.776789 -0.288174 77.812963
-1 1501082412.443797 0.258073 -0.480312 -0.070693 0.559959 0.776789 -0.288174 77.812963
-1 1501082412.463803 0.258073 -0.480312 -0.070693 0.559959 0.776789 -0.288174 77.812963
-1 1501082412.483870 0.258163 -0.47996 -0.070735 0.559408 0.777483 -0.287373 77.794529
-1 1501082412.503957 0.258163 -0.47996 -0.070735 0.559408 0.777483 -0.287373 77.794529
-1 1501082412.523973 0.258163 -0.47996 -0.070735 0.559408 0.777483 -0.287373 77.794529
-1 1501082412.544025 0.258073 -0.480312 -0.070693 0.559959 0.776789 -0.288174 77.812963
-1 1501082412.564083 0.258073 -0.480312 -0.070693 0.559959 0.776789 -0.288174 77.812963
-1 1501082412.584114 0.258073 -0.480312 -0.070693 0.559959 0.776789 -0.288174 77.812963
-1 1501082412.604240 0.258073 -0.480312 -0.070693 0.559959 0.776789 -0.288174 77.812963
-1 1501082412.624571 0.258073 -0.480312 -0.070693 0.559959 0.776789 -0.288174 77.812963
-1 1501082412.644607 0.258073 -0.480312 -0.070693 0.559959 0.776789 -0.288174 77.812963
-1 1501082412.664645 0.257745 -0.480155 -0.071082 0.559791 0.776956 -0.288051 77.898727
-1 1501082412.684705 0.257745 -0.480155 -0.071082 0.559791 0.776956 -0.288051 77.898727
-1 1501082412.704838 0.257745 -0.480155 -0.071082 0.559791 0.776956 -0.288051 77.898727
-1 1501082412.724868 0.258163 -0.47996 -0.070735 0.559408 0.777483 -0.287373 77.794529
-1 1501082412.744926 0.258163 -0.47996 -0.070735 0.559408 0.777483 -0.287373 77.794529
-1 1501082412.764961 0.258163 -0.47996 -0.070735 0.559408 0.777483 -0.287373 77.794529
-1 1501082412.785035 0.258073 -0.480312 -0.070693 0.559959 0.776789 -0.288174 77.812963
-1 1501082412.805097 0.258073 -0.480312 -0.070693 0.559959 0.776789 -0.288174 77.812963
-1 1501082412.825210 0.258073 -0.480312 -0.070693 0.559959 0.776789 -0.288174 77.812963
-1 1501082412.845206 0.258163 -0.47996 -0.070735 0.559408 0.777483 -0.287373 77.794529
-1 1501082412.865639 0.258163 -0.47996 -0.070735 0.559408 0.777483 -0.287373 77.794529
-1 1501082412.885280 0.258163 -0.47996 -0.070735 0.559408 0.777483 -0.287373 77.794529
-1 1501082412.905381 0.258163 -0.47996 -0.070735 0.559408 0.777483 -0.287373 77.794529
-1 1501082412.927989 0.258163 -0.47996 -0.070735 0.559408 0.777483 -0.287373 77.794529
-1 1501082412.945607 0.258163 -0.47996 -0.070735 0.559408 0.777483 -0.287373 77.794529
-1 1501082412.965591 0.258163 -0.47996 -0.070735 0.559408 0.777483 -0.287373 77.794529
-1 1501082412.985667 0.258163 -0.47996 -0.070735 0.559408 0.777483 -0.287373 77.794529
-1 1501082413.005718 0.258163 -0.47996 -0.070735 0.559408 0.777483 -0.287373 77.794529
-1 1501082413.026241 0.258073 -0.480312 -0.070693 0.559959 0.776789 -0.288174 77.812963
-1 1501082413.046279 0.258073 -0.480312 -0.070693 0.559959 0.776789 -0.288174 77.812963
-1 1501082413.066322 0.258073 -0.480312 -0.070693 0.559959 0.776789 -0.288174 77.812963
-1 1501082413.086401 0.258073 -0.480312 -0.070693 0.559959 0.776789 -0.288174 77.812963
-1 1501082413.106455 0.258073 -0.480312 -0.070693 0.559959 0.776789 -0.288174 77.812963
-1 1501082413.126508 0.258073 -0.480312 -0.070693 0.559959 0.776789 -0.288174 77.812963
-1 1501082413.146628 0.257834 -0.479803 -0.071124 0.55924 0.777648 -0.287251 77.880307
-1 1501082413.166630 0.257834 -0.479803 -0.071124 0.55924 0.777648 -0.287251 77.880307
-1 1501082413.186659 0.257834 -0.479803 -0.071124 0.55924 0.777648 -0.287251 77.880307
-1 1501082413.206733 0.257292 -0.47996 -0.07113 0.558775 0.777858 -0.287589 77.862866
-1 1501082413.226844 0.257292 -0.47996 -0.07113 0.558775 0.777858 -0.287589 77.862866
-1 1501082413.246904 0.257292 -0.47996 -0.07113 0.558775 0.777858 -0.287589 77.862866
-1 1501082413.266942 0.257891 -0.480104 -0.070772 0.559767 0.777166 -0.287532 77.881252
-1 1501082413.286979 0.257891 -0.480104 -0.070772 0.559767 0.777166 -0.287532 77.881252
-1 1501082413.307025 0.257891 -0.480104 -0.070772 0.559767 0.777166 -0.287532 77.881252
-1 1501082413.327084 0.257981 -0.479752 -0.070814 0.559215 0.777858 -0.286732 77.862879
-1 1501082413.347366 0.257981 -0.479752 -0.070814 0.559215 0.777858 -0.286732 77.862879
-1 1501082413.367744 0.257981 -0.479752 -0.070814 0.559215 0.777858 -0.286732 77.862879
-1 1501082413.388864 0.257971 -0.48064 -0.07061 0.558583 0.778021 -0.28752 77.81497
-1 1501082413.408962 0.257971 -0.48064 -0.07061 0.558583 0.778021 -0.28752 77.81497
-1 1501082413.429059 0.257971 -0.48064 -0.07061 0.558583 0.778021 -0.28752 77.81497
-1 1501082413.455776 0.257882 -0.480992 -0.070567 0.559135 0.777328 -0.28832 77.833298
-1 1501082413.469201 0.257882 -0.480992 -0.070567 0.559135 0.777328 -0.28832 77.833298
-1 1501082413.489245 0.257882 -0.480992 -0.070567 0.559135 0.777328 -0.28832 77.833298
-1 1501082413.509348 0.257621 -0.48116 -0.070646 0.561415 0.775084 -0.289928 77.93685
-1 1501082413.529379 0.257621 -0.48116 -0.070646 0.561415 0.775084 -0.289928 77.93685
-1 1501082413.549472 0.257621 -0.48116 -0.070646 0.561415 0.775084 -0.289928 77.93685
-1 1501082413.569507 0.257165 -0.482004 -0.0706 0.562865 0.773375 -0.291673 78.061096
-1 1501082413.589521 0.257165 -0.482004 -0.0706 0.562865 0.773375 -0.291673 78.061096
-1 1501082413.609790 0.257165 -0.482004 -0.0706 0.562865 0.773375 -0.291673 78.061096
-1 1501082413.631344 0.257932 -0.483242 -0.069955 0.563422 0.772454 -0.293038 77.963815
-1 1501082413.651227 0.257932 -0.483242 -0.069955 0.563422 0.772454 -0.293038 77.963815
-1 1501082413.671378 0.257932 -0.483242 -0.069955 0.563422 0.772454 -0.293038 77.963815
-1 1501082413.691905 0.257326 -0.484132 -0.070219 0.564891 0.770523 -0.295282 78.106602
-1 1501082413.712019 0.257326 -0.484132 -0.070219 0.564891 0.770523 -0.295282 78.106602
-1 1501082413.731971 0.257326 -0.484132 -0.070219 0.564891 0.770523 -0.295282 78.106602
-1 1501082413.753432 0.257073 -0.486394 -0.069579 0.568292 0.766128 -0.300153 78.137349
-1 1501082413.777534 0.257073 -0.486394 -0.069579 0.568292 0.766128 -0.300153 78.137349
-1 1501082413.797714 0.257073 -0.486394 -0.069579 0.568292 0.766128 -0.300153 78.137349
-1 1501082413.817701 0.256385 -0.487951 -0.069505 0.572635 0.76102 -0.304857 78.32571
-1 1501082413.837791 0.256385 -0.487951 -0.069505 0.572635 0.76102 -0.304857 78.32571
-1 1501082413.857828 0.256385 -0.487951 -0.069505 0.572635 0.76102 -0.304857 78.32571
-1 1501082413.879704 0.25565 -0.491272 -0.069 0.575702 0.756164 -0.311099 78.419973
-1 1501082413.899683 0.25565 -0.491272 -0.069 0.575702 0.756164 -0.311099 78.419973
-1 1501082413.919796 0.255019 -0.492468 -0.068978 0.579419 0.751715 -0.314957 78.595311
-1 1501082413.939833 0.255019 -0.492468 -0.068978 0.579419 0.751715 -0.314957 78.595311
-1 1501082413.959926 0.255019 -0.492468 -0.068978 0.579419 0.751715 -0.314957 78.595311
-1 1501082413.979939 0.255866 -0.495235 -0.067876 0.584814 0.745098 -0.320658 78.636719
-1 1501082414.001548 0.255866 -0.495235 -0.067876 0.584814 0.745098 -0.320658 78.636719
-1 1501082414.020057 0.255866 -0.495235 -0.067876 0.584814 0.745098 -0.320658 78.636719
-1 1501082414.040100 0.258506 -0.498531 -0.065794 0.590384 0.738409 -0.325881 78.482524
-1 1501082414.064240 0.258506 -0.498531 -0.065794 0.590384 0.738409 -0.325881 78.482524
-1 1501082414.080396 0.258506 -0.498531 -0.065794 0.590384 0.738409 -0.325881 78.482524
-1 1501082414.100396 0.258506 -0.498531 -0.065794 0.590384 0.738409 -0.325881 78.482524
-1 1501082414.120334 0.262354 -0.499022 -0.063877 0.596277 0.733176 -0.326966 78.301883
-1 1501082414.140385 0.262354 -0.499022 -0.063877 0.596277 0.733176 -0.326966 78.301883
-1 1501082414.160433 0.262354 -0.499022 -0.063877 0.596277 0.733176 -0.326966 78.301883
-1 1501082414.185517 0.266405 -0.499708 -0.061776 0.600596 0.729489 -0.327308 78.027876
-1 1501082414.202055 0.266405 -0.499708 -0.061776 0.600596 0.729489 -0.327308 78.027876
-1 1501082414.222202 0.270221 -0.502819 -0.059022 0.603043 0.726535 -0.329371 77.668456
-1 1501082414.243385 0.270221 -0.502819 -0.059022 0.603043 0.726535 -0.329371 77.668456
-1 1501082414.263427 0.270221 -0.502819 -0.059022 0.603043 0.726535 -0.329371 77.668456
-1 1501082414.283456 0.273275 -0.50791 -0.056069 0.60386 0.723733 -0.334011 77.21004
-1 1501082414.303625 0.273275 -0.50791 -0.056069 0.60386 0.723733 -0.334011 77.21004
-1 1501082414.323600 0.273275 -0.50791 -0.056069 0.60386 0.723733 -0.334011 77.21004
-1 1501082414.343679 0.274013 -0.512309 -0.054403 0.601639 0.723783 -0.337889 76.895382
-1 1501082414.365420 0.274013 -0.512309 -0.054403 0.601639 0.723783 -0.337889 76.895382
-1 1501082414.383818 0.274013 -0.512309 -0.054403 0.601639 0.723783 -0.337889 76.895382
-1 1501082414.403891 0.273857 -0.517372 -0.052991 0.596628 0.725756 -0.342511 76.560502
-1 1501082414.423893 0.273857 -0.517372 -0.052991 0.596628 0.725756 -0.342511 76.560502
-1 1501082414.444005 0.273857 -0.517372 -0.052991 0.596628 0.725756 -0.342511 76.560502
-1 1501082414.464374 0.273489 -0.525023 -0.050689 0.591094 0.727059 -0.349275 76.180333
-1 1501082414.484334 0.273489 -0.525023 -0.050689 0.591094 0.727059 -0.349275 76.180333
-1 1501082414.504140 0.273489 -0.525023 -0.050689 0.591094 0.727059 -0.349275 76.180333
-1 1501082414.524287 0.273295 -0.531993 -0.04847 0.586229 0.727763 -0.355945 75.789737
-1 1501082414.548019 0.273295 -0.531993 -0.04847 0.586229 0.727763 -0.355945 75.789737
-1 1501082414.564454 0.273295 -0.531993 -0.04847 0.586229 0.727763 -0.355945 75.789737
-1 1501082414.585565 0.272811 -0.539054 -0.046209 0.581672 0.728094 -0.36268 75.489923
-1 1501082414.604450 0.272811 -0.539054 -0.046209 0.581672 0.728094 -0.36268 75.489923
-1 1501082414.625448 0.272811 -0.539054 -0.046209 0.581672 0.728094 -0.36268 75.489923
-1 1501082414.648249 0.272726 -0.545631 -0.043879 0.57611 0.729504 -0.368675 75.084226
-1 1501082414.664656 0.272726 -0.545631 -0.043879 0.57611 0.729504 -0.368675 75.084226
-1 1501082414.684724 0.272726 -0.545631 -0.043879 0.57611 0.729504 -0.368675 75.084226
-1 1501082414.704855 0.272564 -0.550797 -0.042034 0.572283 0.729936 -0.373746 74.799722
-1 1501082414.724840 0.272564 -0.550797 -0.042034 0.572283 0.729936 -0.373746 74.799722
-1 1501082414.744921 0.272564 -0.550797 -0.042034 0.572283 0.729936 -0.373746 74.799722
-1 1501082414.766784 0.27237 -0.556802 -0.039821 0.567757 0.730405 -0.379684 74.470662
-1 1501082414.785037 0.27237 -0.556802 -0.039821 0.567757 0.730405 -0.379684 74.470662
-1 1501082414.805213 0.27237 -0.556802 -0.039821 0.567757 0.730405 -0.379684 74.470662
-1 1501082414.825122 0.272228 -0.561077 -0.038202 0.564484 0.730717 -0.38394 74.237525
-1 1501082414.845188 0.272228 -0.561077 -0.038202 0.564484 0.730717 -0.38394 74.237525
-1 1501082414.865242 0.272228 -0.561077 -0.038202 0.564484 0.730717 -0.38394 74.237525
-1 1501082414.885409 0.27212 -0.567556 -0.035617 0.558613 0.731997 -0.39004 73.84645
-1 1501082414.905486 0.27212 -0.567556 -0.035617 0.558613 0.731997 -0.39004 73.84645
-1 1501082414.925614 0.27212 -0.567556 -0.035617 0.558613 0.731997 -0.39004 73.84645
-1 1501082414.945681 0.272879 -0.572312 -0.033231 0.554721 0.732663 -0.394322 73.486753
-1 1501082414.965714 0.272879 -0.572312 -0.033231 0.554721 0.732663 -0.394322 73.486753
-1 1501082414.985867 0.272879 -0.572312 -0.033231 0.554721 0.732663 -0.394322 73.486753
-1 1501082415.006342 0.272348 -0.579189 -0.03047 0.549717 0.732685 -0.401227 73.210185
-1 1501082415.026385 0.272348 -0.579189 -0.03047 0.549717 0.732685 -0.401227 73.210185
-1 1501082415.046432 0.272348 -0.579189 -0.03047 0.549717 0.732685 -0.401227 73.210185
-1 1501082415.066514 0.271339 -0.58402 -0.028541 0.544353 0.735353 -0.403652 73.219519
-1 1501082415.086554 0.271339 -0.58402 -0.028541 0.544353 0.735353 -0.403652 73.219519
-1 1501082415.108037 0.271339 -0.58402 -0.028541 0.544353 0.735353 -0.403652 73.219519
-1 1501082415.127645 0.269376 -0.584548 -0.02863 0.541734 0.739791 -0.399042 73.818904
-1 1501082415.147667 0.269376 -0.584548 -0.02863 0.541734 0.739791 -0.399042 73.818904
-1 1501082415.167722 0.269376 -0.584548 -0.02863 0.541734 0.739791 -0.399042 73.818904
-1 1501082415.188757 0.265504 -0.581683 -0.03025 0.536567 0.751469 -0.383915 75.240931
-1 1501082415.207896 0.265504 -0.581683 -0.03025 0.536567 0.751469 -0.383915 75.240931
-1 1501082415.227961 0.265504 -0.581683 -0.03025 0.536567 0.751469 -0.383915 75.240931
-1 1501082415.249398 0.258892 -0.57428 -0.033695 0.531613 0.767562 -0.358101 77.800449
-1 1501082415.268012 0.258892 -0.57428 -0.033695 0.531613 0.767562 -0.358101 77.800449
-1 1501082415.289464 0.258892 -0.57428 -0.033695 0.531613 0.767562 -0.358101 77.800449
-1 1501082415.310853 0.252014 -0.568264 -0.035969 0.524584 0.782931 -0.334409 80.314017
-1 1501082415.328171 0.252014 -0.568264 -0.035969 0.524584 0.782931 -0.334409 80.314017
-1 1501082415.348249 0.252014 -0.568264 -0.035969 0.524584 0.782931 -0.334409 80.314017
-1 1501082415.368360 0.249497 -0.56786 -0.03509 0.520199 0.790089 -0.324272 81.480815
-1 1501082415.388411 0.249497 -0.56786 -0.03509 0.520199 0.790089 -0.324272 81.480815
-1 1501082415.410207 0.249497 -0.56786 -0.03509 0.520199 0.790089 -0.324272 81.480815
-1 1501082415.433050 0.252214 -0.573306 -0.031399 0.52027 0.787993 -0.329219 81.036602
-1 1501082415.453605 0.252214 -0.573306 -0.031399 0.52027 0.787993 -0.329219 81.036602
-1 1501082415.470025 0.252214 -0.573306 -0.031399 0.52027 0.787993 -0.329219 81.036602
-1 1501082415.490063 0.25454 -0.577229 -0.028579 0.518408 0.787939 -0.332272 80.606254
-1 1501082415.512026 0.25454 -0.577229 -0.028579 0.518408 0.787939 -0.332272 80.606254
-1 1501082415.530181 0.25454 -0.577229 -0.028579 0.518408 0.787939 -0.332272 80.606254
-1 1501082415.550251 0.255921 -0.580879 -0.02629 0.517895 0.786717 -0.335949 80.309052
-1 1501082415.570317 0.255921 -0.580879 -0.02629 0.517895 0.786717 -0.335949 80.309052
-1 1501082415.590475 0.255921 -0.580879 -0.02629 0.517895 0.786717 -0.335949 80.309052
-1 1501082415.610506 0.256568 -0.584231 -0.02446 0.516058 0.786542 -0.339169 80.071864
-1 1501082415.630537 0.256568 -0.584231 -0.02446 0.516058 0.786542 -0.339169 80.071864
-1 1501082415.653445 0.256568 -0.584231 -0.02446 0.516058 0.786542 -0.339169 80.071864
-1 1501082415.670773 0.25776 -0.589818 -0.021288 0.514988 0.784611 -0.345215 79.703031
-1 1501082415.690829 0.25776 -0.589818 -0.021288 0.514988 0.784611 -0.345215 79.703031
-1 1501082415.710907 0.25776 -0.589818 -0.021288 0.514988 0.784611 -0.345215 79.703031
-1 1501082415.730964 0.260714 -0.593976 -0.017831 0.514419 0.783351 -0.348905 79.220049
-1 1501082415.752402 0.260714 -0.593976 -0.017831 0.514419 0.783351 -0.348905 79.220049
-1 1501082415.771697 0.260714 -0.593976 -0.017831 0.514419 0.783351 -0.348905 79.220049
-1 1501082415.791140 0.264201 -0.599519 -0.013342 0.51528 0.78021 -0.354625 78.649245
-1 1501082415.811186 0.264201 -0.599519 -0.013342 0.51528 0.78021 -0.354625 78.649245
-1 1501082415.833581 0.264201 -0.599519 -0.013342 0.51528 0.78021 -0.354625 78.649245
-1 1501082415.853589 0.268399 -0.605036 -0.008364 0.516826 0.776588 -0.360282 78.013511
-1 1501082415.879995 0.268399 -0.605036 -0.008364 0.516826 0.776588 -0.360282 78.013511
-1 1501082415.893639 0.268399 -0.605036 -0.008364 0.516826 0.776588 -0.360282 78.013511
-1 1501082415.913777 0.270752 -0.605573 -0.006831 0.517453 0.776232 -0.360147 77.757803
-1 1501082415.933782 0.270752 -0.605573 -0.006831 0.517453 0.776232 -0.360147 77.757803
-1 1501082415.953840 0.270752 -0.605573 -0.006831 0.517453 0.776232 -0.360147 77.757803
-1 1501082415.973900 0.272152 -0.606679 -0.005505 0.518854 0.774721 -0.361382 77.591236
-1 1501082415.993970 0.272152 -0.606679 -0.005505 0.518854 0.774721 -0.361382 77.591236
-1 1501082416.016841 0.272152 -0.606679 -0.005505 0.518854 0.774721 -0.361382 77.591236
-1 1501082416.036941 0.272482 -0.605769 -0.005459 0.518476 0.776245 -0.358644 77.717137
-1 1501082416.056888 0.272482 -0.605769 -0.005459 0.518476 0.776245 -0.358644 77.717137
-1 1501082416.077499 0.272482 -0.605769 -0.005459 0.518476 0.776245 -0.358644 77.717137
-1 1501082416.097214 0.272666 -0.605965 -0.004918 0.51818 0.777013 -0.357408 77.813042
-1 1501082416.117329 0.272666 -0.605965 -0.004918 0.51818 0.777013 -0.357408 77.813042
-1 1501082416.137450 0.272666 -0.605965 -0.004918 0.51818 0.777013 -0.357408 77.813042
-1 1501082416.157416 0.273463 -0.606503 -0.004205 0.517488 0.777409 -0.357547 77.694213
-1 1501082416.177660 0.273463 -0.606503 -0.004205 0.517488 0.777409 -0.357547 77.694213
-1 1501082416.197629 0.273463 -0.606503 -0.004205 0.517488 0.777409 -0.357547 77.694213
-1 1501082416.217727 0.276234 -0.607936 -0.001821 0.518756 0.776295 -0.358132 77.408699
-1 1501082416.237778 0.276234 -0.607936 -0.001821 0.518756 0.776295 -0.358132 77.408699
-1 1501082416.259190 0.276234 -0.607936 -0.001821 0.518756 0.776295 -0.358132 77.408699
-1 1501082416.277933 0.279619 -0.611772 0.002106 0.521012 0.772856 -0.362271 76.927969
-1 1501082416.298077 0.279619 -0.611772 0.002106 0.521012 0.772856 -0.362271 76.927969
-1 1501082416.320850 0.279619 -0.611772 0.002106 0.521012 0.772856 -0.362271 76.927969
-1 1501082416.341076 0.283336 -0.612589 0.004666 0.523726 0.7709 -0.362524 76.548709
-1 1501082416.361141 0.283336 -0.612589 0.004666 0.523726 0.7709 -0.362524 76.548709
-1 1501082416.383774 0.283336 -0.612589 0.004666 0.523726 0.7709 -0.362524 76.548709
-1 1501082416.401212 0.285017 -0.612797 0.005634 0.525184 0.769712 -0.362939 76.345627
-1 1501082416.421379 0.285017 -0.612797 0.005634 0.525184 0.769712 -0.362939 76.345627
-1 1501082416.444631 0.285017 -0.612797 0.005634 0.525184 0.769712 -0.362939 76.345627
-1 1501082416.461489 0.285854 -0.613287 0.006269 0.526707 0.768128 -0.364086 76.221497
-1 1501082416.481533 0.285854 -0.613287 0.006269 0.526707 0.768128 -0.364086 76.221497
-1 1501082416.505137 0.285854 -0.613287 0.006269 0.526707 0.768128 -0.364086 76.221497
-1 1501082416.525071 0.286032 -0.612724 0.006068 0.52524 0.769701 -0.362881 76.199454
-1 1501082416.545349 0.286032 -0.612724 0.006068 0.52524 0.769701 -0.362881 76.199454
-1 1501082416.566067 0.285943 -0.613005 0.006169 0.525974 0.768915 -0.363484 76.210433
-1 1501082416.586180 0.285943 -0.613005 0.006169 0.525974 0.768915 -0.363484 76.210433
-1 1501082416.606203 0.285943 -0.613005 0.006169 0.525974 0.768915 -0.363484 76.210433
-1 1501082416.630208 0.286135 -0.613748 0.006568 0.524727 0.769301 -0.364469 76.091837
-1 1501082416.649341 0.286135 -0.613748 0.006568 0.524727 0.769301 -0.364469 76.091837
-1 1501082416.666427 0.286135 -0.613748 0.006568 0.524727 0.769301 -0.364469 76.091837
-1 1501082416.690370 0.288469 -0.614237 0.00809 0.527609 0.766901 -0.365366 75.832997
-1 1501082416.706422 0.288469 -0.614237 0.00809 0.527609 0.766901 -0.365366 75.832997
-1 1501082416.726476 0.288469 -0.614237 0.00809 0.527609 0.766901 -0.365366 75.832997
-1 1501082416.752603 0.29004 -0.613422 0.008574 0.529595 0.766091 -0.36419 75.738325
-1 1501082416.766615 0.29004 -0.613422 0.008574 0.529595 0.766091 -0.36419 75.738325
-1 1501082416.786694 0.29004 -0.613422 0.008574 0.529595 0.766091 -0.36419 75.738325
-1 1501082416.813597 0.29004 -0.613422 0.008574 0.529595 0.766091 -0.36419 75.738325
-1 1501082416.826794 0.29004 -0.613422 0.008574 0.529595 0.766091 -0.36419 75.738325
-1 1501082416.846873 0.29004 -0.613422 0.008574 0.529595 0.766091 -0.36419 75.738325
-1 1501082416.866883 0.29013 -0.61314 0.008474 0.52886 0.766884 -0.363587 75.72686
-1 1501082416.887927 0.29013 -0.61314 0.008474 0.52886 0.766884 -0.363587 75.72686
-1 1501082416.908211 0.29013 -0.61314 0.008474 0.52886 0.766884 -0.363587 75.72686
-1 1501082416.927543 0.289949 -0.613703 0.008674 0.53033 0.765296 -0.364791 75.749876
-1 1501082416.947604 0.289949 -0.613703 0.008674 0.53033 0.765296 -0.364791 75.749876
-1 1501082416.967787 0.289949 -0.613703 0.008674 0.53033 0.765296 -0.364791 75.749876
-1 1501082416.987697 0.289949 -0.613703 0.008674 0.53033 0.765296 -0.364791 75.749876
-1 1501082417.007806 0.289949 -0.613703 0.008674 0.53033 0.765296 -0.364791 75.749876
-1 1501082417.029015 0.289949 -0.613703 0.008674 0.53033 0.765296 -0.364791 75.749876
-1 1501082417.047893 0.29004 -0.613422 0.008574 0.529595 0.766091 -0.36419 75.738325
-1 1501082417.067982 0.29004 -0.613422 0.008574 0.529595 0.766091 -0.36419 75.738325
-1 1501082417.089927 0.29004 -0.613422 0.008574 0.529595 0.766091 -0.36419 75.738325
-1 1501082417.108057 0.289949 -0.613703 0.008674 0.53033 0.765296 -0.364791 75.749876
-1 1501082417.128118 0.289949 -0.613703 0.008674 0.53033 0.765296 -0.364791 75.749876
-1 1501082417.148192 0.289949 -0.613703 0.008674 0.53033 0.765296 -0.364791 75.749876
-1 1501082417.168209 0.289949 -0.613703 0.008674 0.53033 0.765296 -0.364791 75.749876
-1 1501082417.188278 0.289949 -0.613703 0.008674 0.53033 0.765296 -0.364791 75.749876
-1 1501082417.208404 0.289949 -0.613703 0.008674 0.53033 0.765296 -0.364791 75.749876
-1 1501082417.228470 0.29004 -0.613422 0.008574 0.529595 0.766091 -0.36419 75.738325
-1 1501082417.248850 0.29004 -0.613422 0.008574 0.529595 0.766091 -0.36419 75.738325
-1 1501082417.268488 0.29004 -0.613422 0.008574 0.529595 0.766091 -0.36419 75.738325
-1 1501082417.288626 0.290297 -0.613536 0.008983 0.529573 0.765995 -0.364423 75.652282
-1 1501082417.309409 0.290297 -0.613536 0.008983 0.529573 0.765995 -0.364423 75.652282
-1 1501082417.328698 0.290297 -0.613536 0.008983 0.529573 0.765995 -0.364423 75.652282
-1 1501082417.348747 0.29004 -0.613422 0.008574 0.529595 0.766091 -0.36419 75.738325
-1 1501082417.368808 0.29004 -0.613422 0.008574 0.529595 0.766091 -0.36419 75.738325
-1 1501082417.388864 0.29004 -0.613422 0.008574 0.529595 0.766091 -0.36419 75.738325
-1 1501082417.408920 0.29004 -0.613422 0.008574 0.529595 0.766091 -0.36419 75.738325
-1 1501082417.428955 0.29004 -0.613422 0.008574 0.529595 0.766091 -0.36419 75.738325
-1 1501082417.449060 0.29004 -0.613422 0.008574 0.529595 0.766091 -0.36419 75.738325
-1 1501082417.473415 0.29013 -0.61314 0.008474 0.52886 0.766884 -0.363587 75.72686
-1 1501082417.489503 0.29013 -0.61314 0.008474 0.52886 0.766884 -0.363587 75.72686
-1 1501082417.509531 0.29013 -0.61314 0.008474 0.52886 0.766884 -0.363587 75.72686
-1 1501082417.533027 0.29004 -0.613422 0.008574 0.529595 0.766091 -0.36419 75.738325
-1 1501082417.556643 0.29004 -0.613422 0.008574 0.529595 0.766091 -0.36419 75.738325
-1 1501082417.576794 0.29004 -0.613422 0.008574 0.529595 0.766091 -0.36419 75.738325
-1 1501082417.596827 0.29004 -0.613422 0.008574 0.529595 0.766091 -0.36419 75.738325
-1 1501082417.617213 0.29004 -0.613422 0.008574 0.529595 0.766091 -0.36419 75.738325
-1 1501082417.637223 0.29004 -0.613422 0.008574 0.529595 0.766091 -0.36419 75.738325
-1 1501082417.657667 0.29004 -0.613422 0.008574 0.529595 0.766091 -0.36419 75.738325
-1 1501082417.677395 0.29004 -0.613422 0.008574 0.529595 0.766091 -0.36419 75.738325
-1 1501082417.697500 0.29004 -0.613422 0.008574 0.529595 0.766091 -0.36419 75.738325
-1 1501082417.717587 0.289949 -0.613703 0.008674 0.53033 0.765296 -0.364791 75.749876
-1 1501082417.737890 0.289949 -0.613703 0.008674 0.53033 0.765296 -0.364791 75.749876
-1 1501082417.757845 0.289949 -0.613703 0.008674 0.53033 0.765296 -0.364791 75.749876
-1 1501082417.777966 0.289949 -0.613703 0.008674 0.53033 0.765296 -0.364791 75.749876
-1 1501082417.797870 0.289949 -0.613703 0.008674 0.53033 0.765296 -0.364791 75.749876
-1 1501082417.817832 0.289949 -0.613703 0.008674 0.53033 0.765296 -0.364791 75.749876
-1 1501082417.837951 0.29004 -0.613422 0.008574 0.529595 0.766091 -0.36419 75.738325
-1 1501082417.860264 0.29004 -0.613422 0.008574 0.529595 0.766091 -0.36419 75.738325
-1 1501082417.878201 0.29004 -0.613422 0.008574 0.529595 0.766091 -0.36419 75.738325
-1 1501082417.901157 0.29004 -0.613422 0.008574 0.529595 0.766091 -0.36419 75.738325
-1 1501082417.918403 0.29004 -0.613422 0.008574 0.529595 0.766091 -0.36419 75.738325
-1 1501082417.938667 0.29004 -0.613422 0.008574 0.529595 0.766091 -0.36419 75.738325
-1 1501082417.958759 0.289949 -0.613703 0.008674 0.53033 0.765296 -0.364791 75.749876
-1 1501082417.980797 0.289949 -0.613703 0.008674 0.53033 0.765296 -0.364791 75.749876
-1 1501082417.999904 0.289949 -0.613703 0.008674 0.53033 0.765296 -0.364791 75.749876
-1 1501082418.023271 0.289949 -0.613703 0.008674 0.53033 0.765296 -0.364791 75.749876
-1 1501082418.043331 0.289949 -0.613703 0.008674 0.53033 0.765296 -0.364791 75.749876
-1 1501082418.063371 0.289949 -0.613703 0.008674 0.53033 0.765296 -0.364791 75.749876
-1 1501082418.083467 0.29004 -0.613422 0.008574 0.529595 0.766091 -0.36419 75.738325
-1 1501082418.103473 0.29004 -0.613422 0.008574 0.529595 0.766091 -0.36419 75.738325
-1 1501082418.123621 0.289876 -0.614519 0.009077 0.529703 0.765292 -0.365709 75.709784
-1 1501082418.145538 0.289876 -0.614519 0.009077 0.529703 0.765292 -0.365709 75.709784
-1 1501082418.166988 0.289876 -0.614519 0.009077 0.529703 0.765292 -0.365709 75.709784
-1 1501082418.183727 0.29004 -0.613422 0.008574 0.529595 0.766091 -0.36419 75.738325
-1 1501082418.203837 0.29004 -0.613422 0.008574 0.529595 0.766091 -0.36419 75.738325
-1 1501082418.227463 0.29004 -0.613422 0.008574 0.529595 0.766091 -0.36419 75.738325
-1 1501082418.243947 0.29004 -0.613422 0.008574 0.529595 0.766091 -0.36419 75.738325
-1 1501082418.263935 0.29004 -0.613422 0.008574 0.529595 0.766091 -0.36419 75.738325
-1 1501082418.285491 0.29004 -0.613422 0.008574 0.529595 0.766091 -0.36419 75.738325
-1 1501082418.304916 0.29004 -0.613422 0.008574 0.529595 0.766091 -0.36419 75.738325
-1 1501082418.325098 0.29004 -0.613422 0.008574 0.529595 0.766091 -0.36419 75.738325
-1 1501082418.345058 0.29004 -0.613422 0.008574 0.529595 0.766091 -0.36419 75.738325
-1 1501082418.365390 0.290297 -0.613536 0.008983 0.529573 0.765995 -0.364423 75.652282
-1 1501082418.385414 0.290297 -0.613536 0.008983 0.529573 0.765995 -0.364423 75.652282
-1 1501082418.405414 0.290297 -0.613536 0.008983 0.529573 0.765995 -0.364423 75.652282
-1 1501082418.425399 0.29004 -0.613422 0.008574 0.529595 0.766091 -0.36419 75.738325
-1 1501082418.445586 0.29004 -0.613422 0.008574 0.529595 0.766091 -0.36419 75.738325
-1 1501082418.467838 0.29004 -0.613422 0.008574 0.529595 0.766091 -0.36419 75.738325
-1 1501082418.487750 0.29004 -0.613422 0.008574 0.529595 0.766091 -0.36419 75.738325
-1 1501082418.507781 0.29004 -0.613422 0.008574 0.529595 0.766091 -0.36419 75.738325
-1 1501082418.527906 0.29004 -0.613422 0.008574 0.529595 0.766091 -0.36419 75.738325
-1 1501082418.547978 0.289949 -0.613703 0.008674 0.53033 0.765296 -0.364791 75.749876
-1 1501082418.567999 0.289949 -0.613703 0.008674 0.53033 0.765296 -0.364791 75.749876
-1 1501082418.588112 0.289949 -0.613703 0.008674 0.53033 0.765296 -0.364791 75.749876
-1 1501082418.609538 0.29004 -0.613422 0.008574 0.529595 0.766091 -0.36419 75.738325
-1 1501082418.629539 0.29004 -0.613422 0.008574 0.529595 0.766091 -0.36419 75.738325
-1 1501082418.650629 0.29004 -0.613422 0.008574 0.529595 0.766091 -0.36419 75.738325
-1 1501082418.673418 0.289949 -0.613703 0.008674 0.53033 0.765296 -0.364791 75.749876
-1 1501082418.689830 0.289949 -0.613703 0.008674 0.53033 0.765296 -0.364791 75.749876
-1 1501082418.709795 0.289949 -0.613703 0.008674 0.53033 0.765296 -0.364791 75.749876
-1 1501082418.729858 0.29004 -0.613422 0.008574 0.529595 0.766091 -0.36419 75.738325
-1 1501082418.750314 0.29004 -0.613422 0.008574 0.529595 0.766091 -0.36419 75.738325
-1 1501082418.770254 0.29004 -0.613422 0.008574 0.529595 0.766091 -0.36419 75.738325
-1 1501082418.790320 0.289949 -0.613703 0.008674 0.53033 0.765296 -0.364791 75.749876
-1 1501082418.810759 0.289949 -0.613703 0.008674 0.53033 0.765296 -0.364791 75.749876
-1 1501082418.835004 0.289949 -0.613703 0.008674 0.53033 0.765296 -0.364791 75.749876
-1 1501082418.850944 0.289949 -0.613703 0.008674 0.53033 0.765296 -0.364791 75.749876
-1 1501082418.873453 0.289949 -0.613703 0.008674 0.53033 0.765296 -0.364791 75.749876
-1 1501082418.890891 0.289949 -0.613703 0.008674 0.53033 0.765296 -0.364791 75.749876
-1 1501082418.916270 0.290788 -0.613422 0.00902 0.530275 0.765683 -0.364058 75.671024
-1 1501082418.935697 0.290788 -0.613422 0.00902 0.530275 0.765683 -0.364058 75.671024
-1 1501082418.961538 0.290788 -0.613422 0.00902 0.530275 0.765683 -0.364058 75.671024
