-1 1501082404.439857 0.0 0.34692 -0.221806 -0.0 1.0 0.0 90.0
-1 1501082404.446070 0.0 0.34692 -0.221806 -0.0 1.0 0.0 90.0
-1 1501082404.466386 -0.001699 0.346922 -0.221804 0.001531 0.999998 -0.001531 90.175881
-1 1501082404.486495 -0.001699 0.346922 -0.221804 0.001531 0.999998 -0.001531 90.175881
-1 1501082404.506365 -0.001699 0.346922 -0.221804 0.001531 0.999998 -0.001531 90.175881
-1 1501082404.526367 -0.001699 0.346921 -0.221804 0.000766 0.999999 -0.000766 90.175781
-1 1501082404.546509 -0.001699 0.346921 -0.221804 0.000766 0.999999 -0.000766 90.175781
-1 1501082404.567255 -0.001699 0.346921 -0.221804 0.000766 0.999999 -0.000766 90.175781
-1 1501082404.587216 -0.000885 0.346918 -0.221805 -0.000615 1.0 0.00061 90.175768
-1 1501082404.607318 -0.000885 0.346918 -0.221805 -0.000615 1.0 0.00061 90.175768
-1 1501082404.627379 -0.000885 0.346918 -0.221805 -0.000615 1.0 0.00061 90.175768
-1 1501082404.647517 -0.001102 0.34692 -0.221805 -0.001378 0.999998 0.00138 90.087982
-1 1501082404.667537 -0.001102 0.34692 -0.221805 -0.001378 0.999998 0.00138 90.087982
-1 1501082404.687556 -0.001102 0.34692 -0.221805 -0.001378 0.999998 0.00138 90.087982
-1 1501082404.707630 -0.001102 0.34692 -0.221805 0.000766 0.999999 -0.000767 90.087907
-1 1501082404.727687 -0.001102 0.34692 -0.221805 0.000766 0.999999 -0.000767 90.087907
-1 1501082404.747856 -0.001102 0.34692 -0.221805 0.000766 0.999999 -0.000767 90.087907
-1 1501082404.767906 -0.001102 0.34692 -0.221805 0.000766 0.999999 -0.000767 90.087907
-1 1501082404.788043 -0.001102 0.34692 -0.221805 0.000766 0.999999 -0.000767 90.087907
-1 1501082404.808006 -0.001102 0.34692 -0.221805 0.000766 0.999999 -0.000767 90.087907
-1 1501082404.828075 -0.00139 0.34692 -0.221804 0.000766 0.999999 -0.000766 90.175781
-1 1501082404.848165 -0.00139 0.34692 -0.221804 0.000766 0.999999 -0.000766 90.175781
-1 1501082404.868234 -0.00139 0.34692 -0.221804 0.000766 0.999999 -0.000766 90.175781
-1 1501082404.888309 -0.001699 0.348023 -0.221803 0.001531 0.999999 0.0 90.175881
-1 1501082404.908415 -0.001699 0.348023 -0.221803 0.001531 0.999999 0.0 90.175881
-1 1501082404.928378 -0.001699 0.348023 -0.221803 0.001531 0.999999 0.0 90.175881
-1 1501082404.948531 0.0 0.34692 -0.221806 -0.0 1.0 0.0 90.0
-1 1501082404.968610 0.0 0.34692 -0.221806 -0.0 1.0 0.0 90.0
-1 1501082404.988658 0.0 0.34692 -0.221806 -0.0 1.0 0.0 90.0
-1 1501082405.008608 -0.00139 0.346921 -0.221804 0.002297 0.999995 -0.002297 90.176049
-1 1501082405.028765 -0.00139 0.346921 -0.221804 0.002297 0.999995 -0.002297 90.176049
-1 1501082405.049015 -0.00139 0.346921 -0.221804 0.002297 0.999995 -0.002297 90.176049
-1 1501082405.069059 -0.001102 0.34692 -0.221805 0.000766 0.999999 -0.000767 90.087907
-1 1501082405.089140 -0.001102 0.34692 -0.221805 0.000766 0.999999 -0.000767 90.087907
-1 1501082405.112986 -0.001102 0.34692 -0.221805 0.000766 0.999999 -0.000767 90.087907
-1 1501082405.132888 -0.001987 0.346923 -0.221803 0.002296 0.999995 -0.002295 90.263922
-1 1501082405.152962 -0.001987 0.346923 -0.221803 0.002296 0.999995 -0.002295 90.263922
-1 1501082405.173594 -0.001987 0.346923 -0.221803 0.002296 0.999995 -0.002295 90.263922
-1 1501082405.193617 -0.001102 0.34692 -0.221805 0.000766 0.999999 -0.000767 90.087907
-1 1501082405.213661 -0.001102 0.34692 -0.221805 0.000766 0.999999 -0.000767 90.087907
-1 1501082405.233822 -0.001102 0.34692 -0.221805 0.000766 0.999999 -0.000767 90.087907
-1 1501082405.253978 -0.001102 0.34692 -0.221805 0.001531 0.999998 -0.001534 90.088008
-1 1501082405.273945 -0.001102 0.34692 -0.221805 0.001531 0.999998 -0.001534 90.088008
-1 1501082405.294004 -0.001102 0.34692 -0.221805 0.001531 0.999998 -0.001534 90.088008
-1 1501082405.314084 -0.00139 0.346921 -0.221804 0.001531 0.999998 -0.001531 90.175881
-1 1501082405.334138 -0.00139 0.346921 -0.221804 0.001531 0.999998 -0.001531 90.175881
-1 1501082405.354271 -0.00139 0.346921 -0.221804 0.001531 0.999998 -0.001531 90.175881
-1 1501082405.374239 -0.001699 0.346921 -0.221804 0.00153 0.999998 -0.001533 90.175881
-1 1501082405.394283 -0.001699 0.346921 -0.221804 0.00153 0.999998 -0.001533 90.175881
-1 1501082405.414451 -0.001699 0.346921 -0.221804 0.00153 0.999998 -0.001533 90.175881
-1 1501082405.434482 0.0 0.34692 -0.221806 0.000767 0.999999 -0.000767 90.000034
-1 1501082405.454471 0.0 0.34692 -0.221806 0.000767 0.999999 -0.000767 90.000034
-1 1501082405.475074 0.0 0.34692 -0.221806 0.000767 0.999999 -0.000767 90.000034
-1 1501082405.495155 -0.001699 0.346921 -0.221804 0.00153 0.999998 -0.001533 90.175881
-1 1501082405.515203 -0.001699 0.346921 -0.221804 0.00153 0.999998 -0.001533 90.175881
-1 1501082405.535941 -0.001699 0.346921 -0.221804 0.00153 0.999998 -0.001533 90.175881
-1 1501082405.555568 -0.001102 0.34692 -0.221805 0.000766 0.999999 -0.000767 90.087907
-1 1501082405.575666 -0.001102 0.34692 -0.221805 0.000766 0.999999 -0.000767 90.087907
-1 1501082405.595676 -0.001102 0.34692 -0.221805 0.000766 0.999999 -0.000767 90.087907
-1 1501082405.615746 -0.001102 0.34692 -0.221805 0.001531 0.999998 -0.001534 90.088008
-1 1501082405.635804 -0.001102 0.34692 -0.221805 0.001531 0.999998 -0.001534 90.088008
-1 1501082405.655901 -0.001102 0.34692 -0.221805 0.001531 0.999998 -0.001534 90.088008
-1 1501082405.675928 -0.00139 0.346921 -0.221804 0.001531 0.999998 -0.001531 90.175881
-1 1501082405.695976 -0.00139 0.346921 -0.221804 0.001531 0.999998 -0.001531 90.175881
-1 1501082405.716033 -0.00139 0.346921 -0.221804 0.001531 0.999998 -0.001531 90.175881
-1 1501082405.736101 -0.001699 0.346918 -0.221804 -0.000614 1.0 0.000611 90.175768
-1 1501082405.756202 -0.001699 0.346918 -0.221804 -0.000614 1.0 0.000611 90.175768
-1 1501082405.776350 -0.001699 0.346918 -0.221804 -0.000614 1.0 0.000611 90.175768
-1 1501082405.796368 0.0 0.34692 -0.221806 0.001534 0.999998 -0.001534 90.000135
-1 1501082405.816409 0.0 0.34692 -0.221806 0.001534 0.999998 -0.001534 90.000135
-1 1501082405.836868 0.0 0.34692 -0.221806 0.001534 0.999998 -0.001534 90.000135
-1 1501082405.856758 -0.001987 0.346925 -0.221803 0.003063 0.999991 -0.003058 90.264157
-1 1501082405.876912 -0.001987 0.346925 -0.221803 0.003063 0.999991 -0.003058 90.264157
-1 1501082405.896948 -0.001987 0.346925 -0.221803 0.003063 0.999991 -0.003058 90.264157
-1 1501082405.916967 -0.001389 0.342733 -0.221792 -0.002144 0.999991 -0.003675 90.176009
-1 1501082405.937168 -0.001389 0.342733 -0.221792 -0.002144 0.999991 -0.003675 90.176009
-1 1501082405.957258 -0.001389 0.342733 -0.221792 -0.002144 0.999991 -0.003675 90.176009
-1 1501082405.977429 -0.001102 0.34692 -0.221805 0.001531 0.999998 -0.001534 90.088008
-1 1501082405.997389 -0.001102 0.34692 -0.221805 0.001531 0.999998 -0.001534 90.088008
-1 1501082406.018255 -0.001102 0.34692 -0.221805 0.001531 0.999998 -0.001534 90.088008
-1 1501082406.037487 -0.001102 0.34692 -0.221805 0.000766 0.999999 -0.000767 90.087907
-1 1501082406.057589 -0.001102 0.34692 -0.221805 0.000766 0.999999 -0.000767 90.087907
-1 1501082406.077556 -0.001102 0.34692 -0.221805 0.000766 0.999999 -0.000767 90.087907
-1 1501082406.097604 -0.000584 0.346919 -0.221805 0.000766 0.999999 -0.000769 89.929735
-1 1501082406.117646 -0.000584 0.346919 -0.221805 0.000766 0.999999 -0.000769 89.929735
-1 1501082406.137988 -0.000584 0.346919 -0.221805 0.000766 0.999999 -0.000769 89.929735
-1 1501082406.157840 -0.001102 0.34692 -0.221805 0.001531 0.999998 -0.001534 90.088008
-1 1501082406.177835 -0.001102 0.34692 -0.221805 0.001531 0.999998 -0.001534 90.088008
-1 1501082406.197900 -0.001102 0.34692 -0.221805 0.001531 0.999998 -0.001534 90.088008
-1 1501082406.217963 -0.001102 0.34692 -0.221805 0.001531 0.999998 -0.001534 90.088008
-1 1501082406.238171 -0.001102 0.34692 -0.221805 0.001531 0.999998 -0.001534 90.088008
-1 1501082406.258180 -0.001102 0.34692 -0.221805 0.001531 0.999998 -0.001534 90.088008
-1 1501082406.278259 -0.00139 0.34692 -0.221804 -0.0 1.0 0.0 90.175747
-1 1501082406.298282 -0.00139 0.34692 -0.221804 -0.0 1.0 0.0 90.175747
-1 1501082406.318413 -0.00139 0.34692 -0.221804 -0.0 1.0 0.0 90.175747
-1 1501082406.338593 0.0 0.34692 -0.221806 0.003067 0.999991 -0.003067 90.000539
-1 1501082406.358492 0.0 0.34692 -0.221806 0.003067 0.999991 -0.003067 90.000539
-1 1501082406.378648 0.0 0.34692 -0.221806 0.003067 0.999991 -0.003067 90.000539
-1 1501082406.399893 -0.001699 0.346921 -0.221804 0.000766 0.999999 -0.000766 90.175781
-1 1501082406.418881 -0.001699 0.346921 -0.221804 0.000766 0.999999 -0.000766 90.175781
-1 1501082406.438963 -0.001699 0.346921 -0.221804 0.000766 0.999999 -0.000766 90.175781
-1 1501082406.459067 -0.00139 0.34692 -0.221804 0.000766 0.999999 -0.000766 90.175781
-1 1501082406.479097 -0.00139 0.34692 -0.221804 0.000766 0.999999 -0.000766 90.175781
-1 1501082406.500857 -0.00139 0.34692 -0.221804 0.000766 0.999999 -0.000766 90.175781
-1 1501082406.520727 0.0 0.34692 -0.221806 0.000767 0.999999 -0.000767 90.000034
-1 1501082406.540756 0.0 0.34692 -0.221806 0.000767 0.999999 -0.000767 90.000034
-1 1501082406.560916 0.0 0.34692 -0.221806 0.000767 0.999999 -0.000767 90.000034
-1 1501082406.580850 -0.001102 0.34692 -0.221805 0.002297 0.999995 -0.002301 90.088176
-1 1501082406.601540 -0.001102 0.34692 -0.221805 0.002297 0.999995 -0.002301 90.088176
-1 1501082406.622071 -0.001102 0.34692 -0.221805 0.002297 0.999995 -0.002301 90.088176
-1 1501082406.641656 -0.001102 0.34692 -0.221805 0.001531 0.999998 -0.001534 90.088008
-1 1501082406.661675 -0.001102 0.34692 -0.221805 0.001531 0.999998 -0.001534 90.088008
-1 1501082406.681749 -0.001102 0.34692 -0.221805 0.001531 0.999998 -0.001534 90.088008
-1 1501082406.701836 -0.00139 0.34692 -0.221804 -0.0 1.0 0.0 90.175747
-1 1501082406.721930 -0.00139 0.34692 -0.221804 -0.0 1.0 0.0 90.175747
-1 1501082406.741899 -0.00139 0.34692 -0.221804 -0.0 1.0 0.0 90.175747
-1 1501082406.762013 0.0 0.34692 -0.221806 0.001534 0.999998 -0.001534 90.000135
-1 1501082406.782101 0.0 0.34692 -0.221806 0.001534 0.999998 -0.001534 90.000135
-1 1501082406.802159 0.0 0.34692 -0.221806 0.001534 0.999998 -0.001534 90.000135
-1 1501082406.822297 0.0 0.34692 -0.221806 0.000767 0.999999 -0.000767 90.000034
-1 1501082406.842261 0.0 0.34692 -0.221806 0.000767 0.999999 -0.000767 90.000034
-1 1501082406.862461 0.0 0.34692 -0.221806 0.000767 0.999999 -0.000767 90.000034
-1 1501082406.882449 -0.000584 0.346918 -0.221805 0.002297 0.999995 -0.002307 89.930004
-1 1501082406.902428 -0.000584 0.346918 -0.221805 0.002297 0.999995 -0.002307 89.930004
-1 1501082406.922479 -0.000584 0.346918 -0.221805 0.002297 0.999995 -0.002307 89.930004
-1 1501082406.942591 -0.00139 0.348023 -0.221804 0.002297 0.999997 -0.000766 90.17605
-1 1501082406.962626 -0.00139 0.348023 -0.221804 0.002297 0.999997 -0.000766 90.17605
-1 1501082406.982782 -0.00139 0.348023 -0.221804 0.002297 0.999997 -0.000766 90.17605
-1 1501082407.002797 -0.001102 0.34692 -0.221805 0.001531 0.999998 -0.001534 90.088008
-1 1501082407.022794 -0.001102 0.34692 -0.221805 0.001531 0.999998 -0.001534 90.088008
-1 1501082407.042886 -0.001102 0.34692 -0.221805 0.001531 0.999998 -0.001534 90.088008
-1 1501082407.062992 -0.001102 0.348022 -0.221804 0.003064 0.999994 -0.001535 90.088412
-1 1501082407.085566 -0.001102 0.348022 -0.221804 0.003064 0.999994 -0.001535 90.088412
-1 1501082407.105660 -0.001987 0.346923 -0.221803 0.001531 0.999998 -0.001529 90.263755
-1 1501082407.125657 -0.001987 0.346923 -0.221803 0.001531 0.999998 -0.001529 90.263755
-1 1501082407.146046 -0.001987 0.346923 -0.221803 0.001531 0.999998 -0.001529 90.263755
-1 1501082407.166227 -0.001102 0.34692 -0.221805 0.002297 0.999995 -0.002301 90.088176
-1 1501082407.186324 -0.001102 0.34692 -0.221805 0.002297 0.999995 -0.002301 90.088176
-1 1501082407.206334 -0.001102 0.34692 -0.221805 0.002297 0.999995 -0.002301 90.088176
-1 1501082407.226271 0.0 0.34692 -0.221806 0.002301 0.999995 -0.002301 90.000303
-1 1501082407.246428 0.0 0.34692 -0.221806 0.002301 0.999995 -0.002301 90.000303
-1 1501082407.266476 0.0 0.34692 -0.221806 0.002301 0.999995 -0.002301 90.000303
-1 1501082407.286418 -0.001699 0.346921 -0.221804 0.000766 0.999999 -0.000766 90.175781
-1 1501082407.306663 -0.001699 0.346921 -0.221804 0.000766 0.999999 -0.000766 90.175781
-1 1501082407.326689 -0.001699 0.346921 -0.221804 0.000766 0.999999 -0.000766 90.175781
-1 1501082407.346817 -0.00139 0.34692 -0.221804 0.000766 0.999999 -0.000766 90.175781
-1 1501082407.366811 -0.00139 0.34692 -0.221804 0.000766 0.999999 -0.000766 90.175781
-1 1501082407.386883 -0.00139 0.34692 -0.221804 0.000766 0.999999 -0.000766 90.175781
-1 1501082407.406944 -0.001102 0.34692 -0.221805 0.001531 0.999998 -0.001534 90.088008
-1 1501082407.427057 -0.001102 0.34692 -0.221805 0.001531 0.999998 -0.001534 90.088008
-1 1501082407.447167 -0.001102 0.34692 -0.221805 0.001531 0.999998 -0.001534 90.088008
-1 1501082407.467102 -0.001102 0.34692 -0.221805 0.001531 0.999998 -0.001534 90.088008
-1 1501082407.487446 -0.001102 0.34692 -0.221805 0.001531 0.999998 -0.001534 90.088008
-1 1501082407.507301 -0.001102 0.34692 -0.221805 0.001531 0.999998 -0.001534 90.088008
-1 1501082407.527297 -0.001102 0.34692 -0.221805 0.002297 0.999995 -0.002301 90.088176
-1 1501082407.547350 -0.001102 0.34692 -0.221805 0.002297 0.999995 -0.002301 90.088176
-1 1501082407.567470 -0.001102 0.34692 -0.221805 0.002297 0.999995 -0.002301 90.088176
-1 1501082407.587617 -0.00139 0.346922 -0.221804 0.003063 0.999991 -0.003063 90.176284
-1 1501082407.607611 -0.00139 0.346922 -0.221804 0.003063 0.999991 -0.003063 90.176284
-1 1501082407.627558 -0.00139 0.346922 -0.221804 0.003063 0.999991 -0.003063 90.176284
-1 1501082407.647670 -0.00139 0.346921 -0.221804 0.002297 0.999995 -0.002297 90.176049
-1 1501082407.667769 -0.00139 0.346921 -0.221804 0.002297 0.999995 -0.002297 90.176049
-1 1501082407.687988 -0.00139 0.346921 -0.221804 0.002297 0.999995 -0.002297 90.176049
-1 1501082407.707873 -0.001102 0.34692 -0.221805 0.001531 0.999998 -0.001534 90.088008
-1 1501082407.728803 -0.001102 0.34692 -0.221805 0.001531 0.999998 -0.001534 90.088008
-1 1501082407.747968 -0.001102 0.34692 -0.221805 0.001531 0.999998 -0.001534 90.088008
-1 1501082407.770058 -0.001102 0.34692 -0.221805 0.000766 0.999999 -0.000767 90.087907
-1 1501082407.790589 -0.001102 0.34692 -0.221805 0.000766 0.999999 -0.000767 90.087907
-1 1501082407.809978 -0.001102 0.34692 -0.221805 0.000766 0.999999 -0.000767 90.087907
-1 1501082407.830021 -0.001699 0.346922 -0.221804 0.001531 0.999998 -0.001531 90.175881
-1 1501082407.850733 -0.001699 0.346922 -0.221804 0.001531 0.999998 -0.001531 90.175881
-1 1501082407.870806 -0.001699 0.346922 -0.221804 0.001531 0.999998 -0.001531 90.175881
-1 1501082407.890821 -0.001102 0.34692 -0.221805 0.001531 0.999998 -0.001534 90.088008
-1 1501082407.912626 -0.001102 0.34692 -0.221805 0.001531 0.999998 -0.001534 90.088008
-1 1501082407.932582 -0.001102 0.34692 -0.221805 0.001531 0.999998 -0.001534 90.088008
-1 1501082407.952775 -0.001102 0.34692 -0.221805 0.000766 0.999999 -0.000767 90.087907
-1 1501082407.972728 -0.001102 0.34692 -0.221805 0.000766 0.999999 -0.000767 90.087907
-1 1501082407.992870 -0.001102 0.34692 -0.221805 0.000766 0.999999 -0.000767 90.087907
-1 1501082408.012923 -0.001987 0.346923 -0.221803 0.002296 0.999995 -0.002295 90.263922
-1 1501082408.032879 -0.001987 0.346923 -0.221803 0.002296 0.999995 -0.002295 90.263922
-1 1501082408.052932 -0.001987 0.346923 -0.221803 0.002296 0.999995 -0.002295 90.263922
-1 1501082408.073101 -0.001102 0.34692 -0.221805 0.001531 0.999998 -0.001534 90.088008
-1 1501082408.093065 -0.001102 0.34692 -0.221805 0.001531 0.999998 -0.001534 90.088008
-1 1501082408.113160 -0.001102 0.34692 -0.221805 0.001531 0.999998 -0.001534 90.088008
-1 1501082408.133201 -0.001102 0.34692 -0.221805 -0.002144 0.999995 0.002147 90.088137
-1 1501082408.155276 -0.001102 0.34692 -0.221805 -0.002144 0.999995 0.002147 90.088137
-1 1501082408.175282 -0.001102 0.34692 -0.221805 -0.002144 0.999995 0.002147 90.088137
-1 1501082408.195350 -0.001699 0.346922 -0.221804 0.001531 0.999998 -0.001531 90.175881
-1 1501082408.217319 -0.001699 0.346922 -0.221804 0.001531 0.999998 -0.001531 90.175881
-1 1501082408.235655 -0.001699 0.346922 -0.221804 0.001531 0.999998 -0.001531 90.175881
-1 1501082408.257406 -0.00139 0.34692 -0.221804 0.000766 0.999999 -0.000766 90.175781
-1 1501082408.275586 -0.00139 0.34692 -0.221804 0.000766 0.999999 -0.000766 90.175781
-1 1501082408.295724 -0.00139 0.34692 -0.221804 0.000766 0.999999 -0.000766 90.175781
-1 1501082408.317976 -0.000597 0.346922 -0.221806 0.001534 0.999998 -0.001531 90.088008
-1 1501082408.339144 -0.000597 0.346922 -0.221806 0.001534 0.999998 -0.001531 90.088008
-1 1501082408.358057 -0.000597 0.346922 -0.221806 0.001534 0.999998 -0.001531 90.088008
-1 1501082408.379526 -0.001102 0.34692 -0.221805 0.002297 0.999995 -0.002301 90.088176
-1 1501082408.399634 -0.001102 0.34692 -0.221805 0.002297 0.999995 -0.002301 90.088176
-1 1501082408.418179 -0.001102 0.34692 -0.221805 0.002297 0.999995 -0.002301 90.088176
-1 1501082408.441418 -0.000597 0.348024 -0.221805 0.003065 0.999994 -0.001531 90.088412
-1 1501082408.458297 -0.000597 0.348024 -0.221805 0.003065 0.999994 -0.001531 90.088412
-1 1501082408.478432 -0.000597 0.348024 -0.221805 0.003065 0.999994 -0.001531 90.088412
-1 1501082408.498530 -0.001102 0.348022 -0.221804 0.003064 0.999994 -0.001535 90.088412
-1 1501082408.520713 -0.001102 0.348022 -0.221804 0.003064 0.999994 -0.001535 90.088412
-1 1501082408.540669 -0.001102 0.348022 -0.221804 0.003064 0.999994 -0.001535 90.088412
-1 1501082408.561132 -0.001102 0.34692 -0.221805 -0.0 1.0 0.0 90.087873
-1 1501082408.581183 -0.001102 0.34692 -0.221805 -0.0 1.0 0.0 90.087873
-1 1501082408.601300 -0.001102 0.34692 -0.221805 -0.0 1.0 0.0 90.087873
-1 1501082408.621441 -0.001699 0.348024 -0.221803 0.002297 0.999997 -0.000766 90.17605
-1 1501082408.641346 -0.001699 0.348024 -0.221803 0.002297 0.999997 -0.000766 90.17605
-1 1501082408.661413 -0.001699 0.348024 -0.221803 0.002297 0.999997 -0.000766 90.17605
-1 1501082408.681543 -0.001699 0.346918 -0.221804 -0.001378 0.999998 0.001378 90.175856
-1 1501082408.701493 -0.001699 0.346918 -0.221804 -0.001378 0.999998 0.001378 90.175856
-1 1501082408.721555 -0.001699 0.346918 -0.221804 -0.001378 0.999998 0.001378 90.175856
-1 1501082408.742878 -0.001102 0.34692 -0.221805 0.000766 0.999999 -0.000767 90.087907
-1 1501082408.764203 -0.001102 0.34692 -0.221805 0.000766 0.999999 -0.000767 90.087907
-1 1501082408.784241 -0.001102 0.34692 -0.221805 0.000766 0.999999 -0.000767 90.087907
-1 1501082408.804291 -0.001102 0.34692 -0.221805 0.001531 0.999998 -0.001534 90.088008
-1 1501082408.825552 -0.001102 0.34692 -0.221805 0.001531 0.999998 -0.001534 90.088008
-1 1501082408.845674 0.0 0.34692 -0.221806 0.000767 0.999999 -0.000767 90.000034
-1 1501082408.865811 0.0 0.34692 -0.221806 0.000767 0.999999 -0.000767 90.000034
-1 1501082408.885730 0.0 0.34692 -0.221806 0.000767 0.999999 -0.000767 90.000034
-1 1501082408.905771 -0.001102 0.34692 -0.221805 0.000766 0.999999 -0.000767 90.087907
-1 1501082408.926001 -0.001102 0.34692 -0.221805 0.000766 0.999999 -0.000767 90.087907
-1 1501082408.945919 -0.001102 0.34692 -0.221805 0.000766 0.999999 -0.000767 90.087907
-1 1501082408.965940 -0.001699 0.343835 -0.221797 -0.000614 0.999993 -0.003677 90.175768
-1 1501082408.988564 -0.001699 0.343835 -0.221797 -0.000614 0.999993 -0.003677 90.175768
-1 1501082409.008694 -0.001699 0.343835 -0.221797 -0.000614 0.999993 -0.003677 90.175768
-1 1501082409.026419 -0.001699 0.346921 -0.221804 0.00153 0.999998 -0.001533 90.175881
-1 1501082409.046664 -0.001699 0.346921 -0.221804 0.00153 0.999998 -0.001533 90.175881
-1 1501082409.073173 -0.001699 0.346921 -0.221804 0.00153 0.999998 -0.001533 90.175881
-1 1501082409.092859 -0.00139 0.34692 -0.221804 0.000766 0.999999 -0.000766 90.175781
-1 1501082409.112845 -0.00139 0.34692 -0.221804 0.000766 0.999999 -0.000766 90.175781
-1 1501082409.133017 -0.00139 0.34692 -0.221804 0.000766 0.999999 -0.000766 90.175781
-1 1501082409.153014 -0.001102 0.34692 -0.221805 0.002297 0.999995 -0.002301 90.088176
-1 1501082409.173108 -0.001102 0.34692 -0.221805 0.002297 0.999995 -0.002301 90.088176
-1 1501082409.193151 -0.001102 0.34692 -0.221805 0.002297 0.999995 -0.002301 90.088176
-1 1501082409.213276 -0.000288 0.346921 -0.221806 0.001534 0.999998 -0.001531 90.088008
-1 1501082409.233265 -0.000288 0.346921 -0.221806 0.001534 0.999998 -0.001531 90.088008
-1 1501082409.253313 -0.000288 0.346921 -0.221806 0.001534 0.999998 -0.001531 90.088008
-1 1501082409.273493 -0.001987 0.346921 -0.221803 0.000766 0.999999 -0.000764 90.263654
-1 1501082409.293556 -0.001987 0.346921 -0.221803 0.000766 0.999999 -0.000764 90.263654
-1 1501082409.313530 -0.001987 0.346921 -0.221803 0.000766 0.999999 -0.000764 90.263654
-1 1501082409.333608 -0.000314 0.348021 -0.221805 0.002301 0.999997 -0.000768 90.017877
-1 1501082409.353650 -0.000314 0.348021 -0.221805 0.002301 0.999997 -0.000768 90.017877
-1 1501082409.373753 -0.000314 0.348021 -0.221805 0.002301 0.999997 -0.000768 90.017877
-1 1501082409.393925 -0.00139 0.34692 -0.221804 0.000766 0.999999 -0.000766 90.175781
-1 1501082409.413989 -0.00139 0.34692 -0.221804 0.000766 0.999999 -0.000766 90.175781
-1 1501082409.438075 -0.00139 0.34692 -0.221804 0.000766 0.999999 -0.000766 90.175781
-1 1501082409.457767 -0.001102 0.34692 -0.221805 -0.000613 1.0 0.000613 90.087895
-1 1501082409.477703 -0.001102 0.34692 -0.221805 -0.000613 1.0 0.000613 90.087895
-1 1501082409.499641 -0.001102 0.34692 -0.221805 -0.000613 1.0 0.000613 90.087895
-1 1501082409.517857 -0.001102 0.34692 -0.221805 0.000766 0.999999 -0.000767 90.087907
-1 1501082409.537918 -0.001102 0.34692 -0.221805 0.000766 0.999999 -0.000767 90.087907
-1 1501082409.557969 -0.001102 0.34692 -0.221805 0.000766 0.999999 -0.000767 90.087907
-1 1501082409.578035 -0.001987 0.346922 -0.221803 0.00153 0.999998 -0.00153 90.263755
-1 1501082409.598098 -0.001987 0.346922 -0.221803 0.00153 0.999998 -0.00153 90.263755
-1 1501082409.620380 -0.001987 0.346922 -0.221803 0.00153 0.999998 -0.00153 90.263755
-1 1501082409.638178 -0.000597 0.346921 -0.221806 0.001533 0.999998 -0.001533 90.088008
-1 1501082409.658301 -0.000597 0.346921 -0.221806 0.001533 0.999998 -0.001533 90.088008
-1 1501082409.678660 -0.000597 0.346921 -0.221806 0.001533 0.999998 -0.001533 90.088008
-1 1501082409.698364 -0.00139 0.346921 -0.221804 0.002297 0.999995 -0.002297 90.176049
-1 1501082409.719184 -0.00139 0.346921 -0.221804 0.002297 0.999995 -0.002297 90.176049
-1 1501082409.738501 -0.00139 0.346921 -0.221804 0.002297 0.999995 -0.002297 90.176049
-1 1501082409.760652 -0.001699 0.346922 -0.221804 0.001531 0.999998 -0.001531 90.175881
-1 1501082409.780029 -0.001699 0.346922 -0.221804 0.001531 0.999998 -0.001531 90.175881
-1 1501082409.798654 -0.001699 0.346922 -0.221804 0.001531 0.999998 -0.001531 90.175881
-1 1501082409.823341 -0.001102 0.34692 -0.221805 0.000766 0.999999 -0.000767 90.087907
-1 1501082409.839254 -0.001102 0.34692 -0.221805 0.000766 0.999999 -0.000767 90.087907
-1 1501082409.859163 -0.001102 0.34692 -0.221805 0.000766 0.999999 -0.000767 90.087907
-1 1501082409.879220 -0.00139 0.34692 -0.221804 0.000766 0.999999 -0.000766 90.175781
-1 1501082409.901323 -0.00139 0.34692 -0.221804 0.000766 0.999999 -0.000766 90.175781
-1 1501082409.919399 -0.00139 0.34692 -0.221804 0.000766 0.999999 -0.000766 90.175781
-1 1501082409.939441 -0.001102 0.34692 -0.221805 0.000766 0.999999 -0.000767 90.087907
-1 1501082409.959458 -0.001102 0.34692 -0.221805 0.000766 0.999999 -0.000767 90.087907
-1 1501082409.979602 -0.001102 0.34692 -0.221805 0.000766 0.999999 -0.000767 90.087907
-1 1501082409.999606 -0.001102 0.34692 -0.221805 0.002297 0.999995 -0.002301 90.088176
-1 1501082410.020687 -0.001102 0.34692 -0.221805 0.002297 0.999995 -0.002301 90.088176
-1 1501082410.039698 -0.001102 0.34692 -0.221805 0.002297 0.999995 -0.002301 90.088176
-1 1501082410.061475 -0.001102 0.348022 -0.221804 0.002298 0.999997 -0.000768 90.088176
-1 1501082410.081652 -0.001102 0.348022 -0.221804 0.002298 0.999997 -0.000768 90.088176
-1 1501082410.099864 -0.001102 0.348022 -0.221804 0.002298 0.999997 -0.000768 90.088176
-1 1501082410.120304 0.0 0.34692 -0.221806 0.000767 0.999999 -0.000767 90.000034
-1 1501082410.140322 0.0 0.34692 -0.221806 0.000767 0.999999 -0.000767 90.000034
-1 1501082410.160435 0.0 0.34692 -0.221806 0.000767 0.999999 -0.000767 90.000034
-1 1501082410.180472 -0.001102 0.351328 -0.221792 0.005364 0.999985 0.000762 90.089523
-1 1501082410.201542 -0.001102 0.351328 -0.221792 0.005364 0.999985 0.000762 90.089523
-1 1501082410.223290 -0.001102 0.351328 -0.221792 0.005364 0.999985 0.000762 90.089523
-1 1501082410.243313 -0.001699 0.34692 -0.221804 -0.0 1.0 0.0 90.175747
-1 1501082410.263282 -0.001699 0.34692 -0.221804 -0.0 1.0 0.0 90.175747
-1 1501082410.283406 -0.001699 0.34692 -0.221804 -0.0 1.0 0.0 90.175747
-1 1501082410.303540 -0.001699 0.34692 -0.221804 -0.0 1.0 0.0 90.175747
-1 1501082410.324023 -0.001699 0.34692 -0.221804 -0.0 1.0 0.0 90.175747
-1 1501082410.343574 -0.001699 0.34692 -0.221804 -0.0 1.0 0.0 90.175747
-1 1501082410.363629 -0.000288 0.346921 -0.221806 0.001534 0.999998 -0.001531 90.088008
-1 1501082410.383693 -0.000288 0.346921 -0.221806 0.001534 0.999998 -0.001531 90.088008
-1 1501082410.403752 -0.000288 0.346921 -0.221806 0.001534 0.999998 -0.001531 90.088008
-1 1501082410.423821 -0.001102 0.34692 -0.221805 0.001531 0.999998 -0.001534 90.088008
-1 1501082410.443954 -0.001102 0.34692 -0.221805 0.001531 0.999998 -0.001534 90.088008
-1 1501082410.463921 -0.001102 0.34692 -0.221805 0.001531 0.999998 -0.001534 90.088008
-1 1501082410.484016 -0.00139 0.346921 -0.221804 0.001531 0.999998 -0.001531 90.175881
-1 1501082410.504042 -0.00139 0.346921 -0.221804 0.001531 0.999998 -0.001531 90.175881
-1 1501082410.524186 -0.00139 0.346921 -0.221804 0.001531 0.999998 -0.001531 90.175881
-1 1501082410.544396 -0.001699 0.346921 -0.221804 0.000766 0.999999 -0.000766 90.175781
-1 1501082410.564288 -0.001699 0.346921 -0.221804 0.000766 0.999999 -0.000766 90.175781
-1 1501082410.584383 -0.001699 0.346921 -0.221804 0.000766 0.999999 -0.000766 90.175781
-1 1501082410.604553 -0.00139 0.346921 -0.221804 0.001531 0.999998 -0.001531 90.175881
-1 1501082410.624424 -0.00139 0.346921 -0.221804 0.001531 0.999998 -0.001531 90.175881
-1 1501082410.644487 -0.00139 0.346921 -0.221804 0.001531 0.999998 -0.001531 90.175881
-1 1501082410.665261 0.0 0.34692 -0.221806 0.002301 0.999995 -0.002301 90.000303
-1 1501082410.684578 0.0 0.34692 -0.221806 0.002301 0.999995 -0.002301 90.000303
-1 1501082410.705004 0.0 0.34692 -0.221806 0.002301 0.999995 -0.002301 90.000303
-1 1501082410.725468 0.0 0.34692 -0.221806 0.001534 0.999998 -0.001534 90.000135
-1 1501082410.744775 0.0 0.34692 -0.221806 0.001534 0.999998 -0.001534 90.000135
-1 1501082410.764839 0.0 0.34692 -0.221806 0.001534 0.999998 -0.001534 90.000135
-1 1501082410.786302 -0.001102 0.34692 -0.221805 -0.0 1.0 0.0 90.087873
-1 1501082410.805153 -0.001102 0.34692 -0.221805 -0.0 1.0 0.0 90.087873
-1 1501082410.825172 -0.001102 0.34692 -0.221805 -0.0 1.0 0.0 90.087873
-1 1501082410.846967 0.0 0.34692 -0.221806 -0.0 1.0 0.0 90.0
-1 1501082410.865679 0.0 0.34692 -0.221806 -0.0 1.0 0.0 90.0
-1 1501082410.886095 0.0 0.34692 -0.221806 -0.0 1.0 0.0 90.0
-1 1501082410.905473 -0.000027 0.34692 -0.221805 -0.0 1.0 0.0 89.929701
-1 1501082410.925483 -0.000027 0.34692 -0.221805 -0.0 1.0 0.0 89.929701
-1 1501082410.945633 -0.000027 0.34692 -0.221805 -0.0 1.0 0.0 89.929701
-1 1501082410.965903 -0.00139 0.346921 -0.221804 0.002297 0.999995 -0.002297 90.176049
-1 1501082410.985845 -0.00139 0.346921 -0.221804 0.002297 0.999995 -0.002297 90.176049
-1 1501082411.006364 -0.00139 0.346921 -0.221804 0.002297 0.999995 -0.002297 90.176049
-1 1501082411.027432 0.0 0.34692 -0.221806 0.000767 0.999999 -0.000767 90.000034
-1 1501082411.048276 0.0 0.34692 -0.221806 0.000767 0.999999 -0.000767 90.000034
-1 1501082411.067978 0.0 0.34692 -0.221806 0.000767 0.999999 -0.000767 90.000034
-1 1501082411.086074 -0.001102 0.34692 -0.221805 0.001531 0.999998 -0.001534 90.088008
-1 1501082411.106204 -0.001102 0.34692 -0.221805 0.001531 0.999998 -0.001534 90.088008
-1 1501082411.126198 -0.001102 0.34692 -0.221805 0.001531 0.999998 -0.001534 90.088008
-1 1501082411.146254 -0.001102 0.34692 -0.221805 0.000766 0.999999 -0.000767 90.087907
-1 1501082411.166329 -0.001102 0.34692 -0.221805 0.000766 0.999999 -0.000767 90.087907
-1 1501082411.186469 -0.001102 0.34692 -0.221805 0.000766 0.999999 -0.000767 90.087907
-1 1501082411.206443 -0.001102 0.34692 -0.221805 -0.001378 0.999998 0.00138 90.087982
-1 1501082411.226485 -0.001102 0.34692 -0.221805 -0.001378 0.999998 0.00138 90.087982
-1 1501082411.246587 -0.001102 0.34692 -0.221805 -0.001378 0.999998 0.00138 90.087982
-1 1501082411.266627 -0.000584 0.34692 -0.221805 -0.0 1.0 0.0 89.929701
-1 1501082411.286680 -0.000584 0.34692 -0.221805 -0.0 1.0 0.0 89.929701
-1 1501082411.306826 -0.000584 0.34692 -0.221805 -0.0 1.0 0.0 89.929701
-1 1501082411.326833 0.000518 0.346918 -0.221805 0.001534 0.999998 -0.001538 89.841963
-1 1501082411.346893 0.000518 0.346918 -0.221805 0.001534 0.999998 -0.001538 89.841963
-1 1501082411.366948 0.000518 0.346918 -0.221805 0.001534 0.999998 -0.001538 89.841963
-1 1501082411.387024 -0.001699 0.346922 -0.221804 0.002296 0.999995 -0.002298 90.176049
-1 1501082411.407081 -0.001699 0.346922 -0.221804 0.002296 0.999995 -0.002298 90.176049
-1 1501082411.427116 -0.001102 0.34692 -0.221805 -0.0 1.0 0.0 90.087873
-1 1501082411.447358 -0.001102 0.34692 -0.221805 -0.0 1.0 0.0 90.087873
-1 1501082411.467233 -0.001102 0.34692 -0.221805 -0.0 1.0 0.0 90.087873
-1 1501082411.487280 -0.001102 0.34692 -0.221805 0.000766 0.999999 -0.000767 90.087907
-1 1501082411.507449 -0.001102 0.34692 -0.221805 0.000766 0.999999 -0.000767 90.087907
-1 1501082411.527418 -0.001102 0.34692 -0.221805 0.000766 0.999999 -0.000767 90.087907
-1 1501082411.549317 -0.001102 0.34692 -0.221805 0.000766 0.999999 -0.000767 90.087907
-1 1501082411.567560 -0.001102 0.34692 -0.221805 0.000766 0.999999 -0.000767 90.087907
-1 1501082411.587682 -0.001102 0.34692 -0.221805 0.000766 0.999999 -0.000767 90.087907
-1 1501082411.607610 -0.001102 0.34692 -0.221805 0.000766 0.999999 -0.000767 90.087907
-1 1501082411.627710 -0.001102 0.34692 -0.221805 0.000766 0.999999 -0.000767 90.087907
-1 1501082411.647794 -0.001102 0.34692 -0.221805 0.000766 0.999999 -0.000767 90.087907
-1 1501082411.667923 -0.001102 0.34692 -0.221805 0.000766 0.999999 -0.000767 90.087907
-1 1501082411.688037 -0.001102 0.34692 -0.221805 0.000766 0.999999 -0.000767 90.087907
-1 1501082411.707997 -0.001102 0.34692 -0.221805 0.000766 0.999999 -0.000767 90.087907
-1 1501082411.728042 -0.001102 0.34692 -0.221805 -0.0 1.0 0.0 90.087873
-1 1501082411.748171 -0.001102 0.34692 -0.221805 -0.0 1.0 0.0 90.087873
-1 1501082411.768210 -0.001102 0.34692 -0.221805 -0.0 1.0 0.0 90.087873
-1 1501082411.788261 0.001075 0.34692 -0.221805 0.000769 0.999999 -0.000767 89.841861
-1 1501082411.808318 0.001075 0.34692 -0.221805 0.000769 0.999999 -0.000767 89.841861
-1 1501082411.829449 0.001075 0.34692 -0.221805 0.000769 0.999999 -0.000767 89.841861
-1 1501082411.848624 -0.00139 0.34692 -0.221804 0.000766 0.999999 -0.000766 90.175781
-1 1501082411.868700 -0.00139 0.34692 -0.221804 0.000766 0.999999 -0.000766 90.175781
-1 1501082411.888786 -0.00139 0.34692 -0.221804 0.000766 0.999999 -0.000766 90.175781
-1 1501082411.908825 -0.001102 0.34692 -0.221805 0.001531 0.999998 -0.001534 90.088008
-1 1501082411.928941 -0.001102 0.34692 -0.221805 0.001531 0.999998 -0.001534 90.088008
-1 1501082411.951610 -0.001102 0.34692 -0.221805 0.001531 0.999998 -0.001534 90.088008
-1 1501082411.969609 -0.001102 0.34692 -0.221805 0.000766 0.999999 -0.000767 90.087907
-1 1501082411.989781 -0.001102 0.34692 -0.221805 0.000766 0.999999 -0.000767 90.087907
-1 1501082412.013272 -0.001102 0.34692 -0.221805 0.000766 0.999999 -0.000767 90.087907
-1 1501082412.039075 -0.001102 0.34692 -0.221805 0.000766 0.999999 -0.000767 90.087907
-1 1501082412.053338 -0.001102 0.34692 -0.221805 0.000766 0.999999 -0.000767 90.087907
-1 1501082412.073750 -0.001102 0.34692 -0.221805 0.000766 0.999999 -0.000767 90.087907
-1 1501082412.093856 0.0 0.34692 -0.221806 -0.0 1.0 0.0 90.0
-1 1501082412.113552 0.0 0.34692 -0.221806 -0.0 1.0 0.0 90.0
-1 1501082412.138035 0.0 0.34692 -0.221806 -0.0 1.0 0.0 90.0
-1 1501082412.155531 0.0 0.344936 -0.221803 -0.000613 0.999998 -0.002147 90.000022
-1 1501082412.175200 0.0 0.344936 -0.221803 -0.000613 0.999998 -0.002147 90.000022
-1 1501082412.196114 0.0 0.344936 -0.221803 -0.000613 0.999998 -0.002147 90.000022
-1 1501082412.217446 0.0 0.34692 -0.221806 0.001534 0.999998 -0.001534 90.000135
-1 1501082412.236085 0.0 0.34692 -0.221806 0.001534 0.999998 -0.001534 90.000135
-1 1501082412.257086 0.0 0.34692 -0.221806 0.001534 0.999998 -0.001534 90.000135
-1 1501082412.277266 0.0 0.34692 -0.221806 0.001534 0.999998 -0.001534 90.000135
-1 1501082412.297266 0.0 0.34692 -0.221806 0.001534 0.999998 -0.001534 90.000135
-1 1501082412.317566 0.0 0.34692 -0.221806 0.001534 0.999998 -0.001534 90.000135
-1 1501082412.337486 0.0 0.34692 -0.221806 -0.0 1.0 0.0 90.0
-1 1501082412.357528 0.0 0.34692 -0.221806 -0.0 1.0 0.0 90.0
-1 1501082412.377626 0.0 0.34692 -0.221806 -0.0 1.0 0.0 90.0
-1 1501082412.402596 -0.001102 0.34692 -0.221805 0.003063 0.999991 -0.003067 90.088412
-1 1501082412.418019 -0.001102 0.34692 -0.221805 0.003063 0.999991 -0.003067 90.088412
-1 1501082412.438054 -0.001102 0.34692 -0.221805 0.003063 0.999991 -0.003067 90.088412
-1 1501082412.460510 0.0 0.34692 -0.221806 0.000767 0.999999 -0.000767 90.000034
-1 1501082412.480591 0.0 0.34692 -0.221806 0.000767 0.999999 -0.000767 90.000034
-1 1501082412.500636 0.0 0.34692 -0.221806 0.000767 0.999999 -0.000767 90.000034
-1 1501082412.528184 -0.001699 0.34692 -0.221804 -0.0 1.0 0.0 90.175747
-1 1501082412.542336 -0.001699 0.34692 -0.221804 -0.0 1.0 0.0 90.175747
-1 1501082412.562425 -0.001699 0.34692 -0.221804 -0.0 1.0 0.0 90.175747
-1 1501082412.582453 -0.001699 0.346921 -0.221804 0.00153 0.999998 -0.001533 90.175881
-1 1501082412.602500 -0.001699 0.346921 -0.221804 0.00153 0.999998 -0.001533 90.175881
-1 1501082412.622741 -0.001699 0.346921 -0.221804 0.00153 0.999998 -0.001533 90.175881
-1 1501082412.642656 -0.000597 0.346921 -0.221806 0.000767 0.999999 -0.000766 90.087907
-1 1501082412.662702 -0.000597 0.346921 -0.221806 0.000767 0.999999 -0.000766 90.087907
-1 1501082412.682744 -0.000597 0.346921 -0.221806 0.000767 0.999999 -0.000766 90.087907
-1 1501082412.702868 -0.000288 0.346921 -0.221806 0.002301 0.999995 -0.002297 90.088176
-1 1501082412.722868 -0.000288 0.346921 -0.221806 0.002301 0.999995 -0.002297 90.088176
-1 1501082412.745187 -0.000288 0.346921 -0.221806 0.002301 0.999995 -0.002297 90.088176
-1 1501082412.763092 -0.00139 0.348023 -0.221804 0.003063 0.999994 -0.001531 90.176285
-1 1501082412.783034 -0.00139 0.348023 -0.221804 0.003063 0.999994 -0.001531 90.176285
-1 1501082412.803132 -0.00139 0.348023 -0.221804 0.003063 0.999994 -0.001531 90.176285
-1 1501082412.823198 -0.002894 0.346923 -0.221798 0.000766 0.999999 -0.000763 90.351527
-1 1501082412.843318 -0.002894 0.346923 -0.221798 0.000766 0.999999 -0.000763 90.351527
-1 1501082412.863315 -0.002894 0.346923 -0.221798 0.000766 0.999999 -0.000763 90.351527
-1 1501082412.883372 0.0 0.34692 -0.221806 0.001534 0.999998 -0.001534 90.000135
-1 1501082412.903403 0.0 0.34692 -0.221806 0.001534 0.999998 -0.001534 90.000135
-1 1501082412.928988 0.0 0.34692 -0.221806 0.001534 0.999998 -0.001534 90.000135
-1 1501082412.944258 -0.001102 0.34692 -0.221805 0.000766 0.999999 -0.000767 90.087907
-1 1501082412.964289 -0.001102 0.34692 -0.221805 0.000766 0.999999 -0.000767 90.087907
-1 1501082412.984343 -0.001102 0.34692 -0.221805 0.000766 0.999999 -0.000767 90.087907
-1 1501082413.004459 -0.001987 0.34692 -0.221803 -0.0 1.0 0.0 90.26362
-1 1501082413.024440 -0.001987 0.34692 -0.221803 -0.0 1.0 0.0 90.26362
-1 1501082413.044646 -0.001987 0.34692 -0.221803 -0.0 1.0 0.0 90.26362
-1 1501082413.064711 -0.001699 0.346921 -0.221804 0.000766 0.999999 -0.000766 90.175781
-1 1501082413.084710 -0.001699 0.346921 -0.221804 0.000766 0.999999 -0.000766 90.175781
-1 1501082413.105235 -0.001699 0.346921 -0.221804 0.000766 0.999999 -0.000766 90.175781
-1 1501082413.124856 -0.001102 0.34692 -0.221805 -0.0 1.0 0.0 90.087873
-1 1501082413.145125 -0.001102 0.34692 -0.221805 -0.0 1.0 0.0 90.087873
-1 1501082413.165585 -0.001102 0.34692 -0.221805 -0.0 1.0 0.0 90.087873
-1 1501082413.185644 -0.001102 0.34692 -0.221805 0.000766 0.999999 -0.000767 90.087907
-1 1501082413.205666 -0.001102 0.34692 -0.221805 0.000766 0.999999 -0.000767 90.087907
-1 1501082413.225864 -0.001102 0.34692 -0.221805 0.000766 0.999999 -0.000767 90.087907
-1 1501082413.245894 -0.000597 0.346921 -0.221806 0.000767 0.999999 -0.000766 90.087907
-1 1501082413.265925 -0.000597 0.346921 -0.221806 0.000767 0.999999 -0.000766 90.087907
-1 1501082413.285989 -0.000597 0.346921 -0.221806 0.000767 0.999999 -0.000766 90.087907
-1 1501082413.306045 -0.001699 0.346921 -0.221804 0.000766 0.999999 -0.000766 90.175781
-1 1501082413.326673 -0.001699 0.346921 -0.221804 0.000766 0.999999 -0.000766 90.175781
-1 1501082413.346762 -0.001699 0.346921 -0.221804 0.000766 0.999999 -0.000766 90.175781
-1 1501082413.366799 -0.001699 0.346921 -0.221804 0.00153 0.999998 -0.001533 90.175881
-1 1501082413.388804 -0.001699 0.346921 -0.221804 0.00153 0.999998 -0.001533 90.175881
-1 1501082413.408803 -0.00139 0.346921 -0.221804 0.002297 0.999995 -0.002297 90.176049
-1 1501082413.429114 -0.00139 0.346921 -0.221804 0.002297 0.999995 -0.002297 90.176049
-1 1501082413.455886 -0.00139 0.346921 -0.221804 0.002297 0.999995 -0.002297 90.176049
-1 1501082413.469022 0.0 0.34692 -0.221806 0.001534 0.999998 -0.001534 90.000135
-1 1501082413.489080 0.0 0.34692 -0.221806 0.001534 0.999998 -0.001534 90.000135
-1 1501082413.509109 0.0 0.34692 -0.221806 0.001534 0.999998 -0.001534 90.000135
-1 1501082413.529182 -0.001182 0.348022 -0.221804 0.001533 0.999999 -0.000002 90.017709
-1 1501082413.549506 -0.001182 0.348022 -0.221804 0.001533 0.999999 -0.000002 90.017709
-1 1501082413.572568 -0.001182 0.348022 -0.221804 0.001533 0.999999 -0.000002 90.017709
-1 1501082413.589403 -0.001699 0.348024 -0.221803 0.003061 0.999994 -0.001533 90.176285
-1 1501082413.609760 -0.001699 0.348024 -0.221803 0.003061 0.999994 -0.001533 90.176285
-1 1501082413.632564 -0.001699 0.348024 -0.221803 0.003061 0.999994 -0.001533 90.176285
-1 1501082413.651330 -0.00139 0.34692 -0.221804 -0.0 1.0 0.0 90.175747
-1 1501082413.671853 -0.00139 0.34692 -0.221804 -0.0 1.0 0.0 90.175747
-1 1501082413.693411 -0.00139 0.34692 -0.221804 -0.0 1.0 0.0 90.175747
-1 1501082413.712121 -0.001102 0.34692 -0.221805 0.000766 0.999999 -0.000767 90.087907
-1 1501082413.732164 -0.001102 0.34692 -0.221805 0.000766 0.999999 -0.000767 90.087907
-1 1501082413.752187 -0.001102 0.34692 -0.221805 0.000766 0.999999 -0.000767 90.087907
-1 1501082413.778005 -0.000288 0.346921 -0.221806 0.001534 0.999998 -0.001531 90.088008
-1 1501082413.792392 -0.000288 0.346921 -0.221806 0.001534 0.999998 -0.001531 90.088008
-1 1501082413.814696 -0.000288 0.346921 -0.221806 0.001534 0.999998 -0.001531 90.088008
-1 1501082413.834697 -0.000597 0.346921 -0.221806 0.000767 0.999999 -0.000766 90.087907
-1 1501082413.854837 -0.000597 0.346921 -0.221806 0.000767 0.999999 -0.000766 90.087907
-1 1501082413.876267 -0.000597 0.346921 -0.221806 0.000767 0.999999 -0.000766 90.087907
-1 1501082413.896318 0.0 0.351328 -0.221792 0.005368 0.999985 0.000767 90.001651
-1 1501082413.917493 0.0 0.351328 -0.221792 0.005368 0.999985 0.000767 90.001651
-1 1501082413.936516 0.0 0.351328 -0.221792 0.005368 0.999985 0.000767 90.001651
-1 1501082413.956536 -0.00139 0.34692 -0.221804 0.000766 0.999999 -0.000766 90.175781
-1 1501082413.976613 -0.00139 0.34692 -0.221804 0.000766 0.999999 -0.000766 90.175781
-1 1501082414.001542 -0.00139 0.34692 -0.221804 0.000766 0.999999 -0.000766 90.175781
-1 1501082414.016906 -0.001699 0.34692 -0.221804 -0.0 1.0 0.0 90.175747
-1 1501082414.036835 -0.001699 0.34692 -0.221804 -0.0 1.0 0.0 90.175747
-1 1501082414.058047 -0.001699 0.34692 -0.221804 -0.0 1.0 0.0 90.175747
-1 1501082414.076995 -0.001699 0.346921 -0.221804 0.000766 0.999999 -0.000766 90.175781
-1 1501082414.097925 -0.001699 0.346921 -0.221804 0.000766 0.999999 -0.000766 90.175781
-1 1501082414.120245 -0.001699 0.346921 -0.221804 0.000766 0.999999 -0.000766 90.175781
-1 1501082414.137110 -0.001102 0.34692 -0.221805 0.001531 0.999998 -0.001534 90.088008
-1 1501082414.157199 -0.001102 0.34692 -0.221805 0.001531 0.999998 -0.001534 90.088008
-1 1501082414.177426 -0.001102 0.34692 -0.221805 0.001531 0.999998 -0.001534 90.088008
-1 1501082414.197297 -0.001102 0.34692 -0.221805 0.001531 0.999998 -0.001534 90.088008
-1 1501082414.217435 -0.001102 0.34692 -0.221805 0.001531 0.999998 -0.001534 90.088008
-1 1501082414.237673 -0.001102 0.34692 -0.221805 0.001531 0.999998 -0.001534 90.088008
-1 1501082414.257754 -0.001102 0.34692 -0.221805 0.001531 0.999998 -0.001534 90.088008
-1 1501082414.278704 -0.001102 0.34692 -0.221805 0.001531 0.999998 -0.001534 90.088008
-1 1501082414.298331 -0.001102 0.34692 -0.221805 0.001531 0.999998 -0.001534 90.088008
-1 1501082414.318407 -0.001699 0.34692 -0.221804 0.000764 0.999999 -0.000767 90.175781
-1 1501082414.339876 -0.001699 0.34692 -0.221804 0.000764 0.999999 -0.000767 90.175781
-1 1501082414.358485 -0.001699 0.34692 -0.221804 0.000764 0.999999 -0.000767 90.175781
-1 1501082414.378591 -0.001699 0.346918 -0.221804 -0.001378 0.999998 0.001378 90.175856
-1 1501082414.398652 -0.001699 0.346918 -0.221804 -0.001378 0.999998 0.001378 90.175856
-1 1501082414.420701 -0.001699 0.346918 -0.221804 -0.001378 0.999998 0.001378 90.175856
-1 1501082414.438806 -0.00139 0.34692 -0.221804 0.000766 0.999999 -0.000766 90.175781
-1 1501082414.458857 -0.00139 0.34692 -0.221804 0.000766 0.999999 -0.000766 90.175781
-1 1501082414.478913 -0.00139 0.34692 -0.221804 0.000766 0.999999 -0.000766 90.175781
-1 1501082414.499037 -0.001699 0.346921 -0.221804 0.00153 0.999998 -0.001533 90.175881
-1 1501082414.518999 -0.001699 0.346921 -0.221804 0.00153 0.999998 -0.001533 90.175881
-1 1501082414.539019 -0.001699 0.346921 -0.221804 0.00153 0.999998 -0.001533 90.175881
-1 1501082414.564359 -0.001987 0.34692 -0.221803 -0.0 1.0 0.0 90.26362
-1 1501082414.579217 -0.001987 0.34692 -0.221803 -0.0 1.0 0.0 90.26362
-1 1501082414.599205 -0.001987 0.34692 -0.221803 -0.0 1.0 0.0 90.26362
-1 1501082414.619298 -0.001102 0.34692 -0.221805 -0.0 1.0 0.0 90.087873
-1 1501082414.647814 -0.001102 0.34692 -0.221805 -0.0 1.0 0.0 90.087873
-1 1501082414.659478 -0.001102 0.34692 -0.221805 -0.0 1.0 0.0 90.087873
-1 1501082414.679556 -0.00139 0.34692 -0.221804 0.000766 0.999999 -0.000766 90.175781
-1 1501082414.700318 -0.00139 0.34692 -0.221804 0.000766 0.999999 -0.000766 90.175781
-1 1501082414.719761 -0.00139 0.34692 -0.221804 0.000766 0.999999 -0.000766 90.175781
-1 1501082414.739782 -0.00139 0.34692 -0.221804 0.000766 0.999999 -0.000766 90.175781
-1 1501082414.762039 -0.00139 0.34692 -0.221804 0.000766 0.999999 -0.000766 90.175781
-1 1501082414.779844 -0.00139 0.34692 -0.221804 0.000766 0.999999 -0.000766 90.175781
-1 1501082414.799907 -0.001987 0.34692 -0.221803 0.000764 0.999999 -0.000766 90.263654
-1 1501082414.822607 -0.001987 0.34692 -0.221803 0.000764 0.999999 -0.000766 90.263654
-1 1501082414.842826 -0.001987 0.34692 -0.221803 0.000764 0.999999 -0.000766 90.263654
-1 1501082414.862885 -0.001102 0.34692 -0.221805 0.001531 0.999998 -0.001534 90.088008
-1 1501082414.883474 -0.001102 0.34692 -0.221805 0.001531 0.999998 -0.001534 90.088008
-1 1501082414.903088 -0.001102 0.34692 -0.221805 0.001531 0.999998 -0.001534 90.088008
-1 1501082414.923095 -0.001102 0.34692 -0.221805 0.000766 0.999999 -0.000767 90.087907
-1 1501082414.944880 -0.001102 0.34692 -0.221805 0.000766 0.999999 -0.000767 90.087907
-1 1501082414.963206 -0.001102 0.34692 -0.221805 0.000766 0.999999 -0.000767 90.087907
-1 1501082414.983276 -0.001102 0.34692 -0.221805 0.000766 0.999999 -0.000767 90.087907
-1 1501082415.004860 -0.001102 0.34692 -0.221805 0.000766 0.999999 -0.000767 90.087907
-1 1501082415.023339 -0.001102 0.34692 -0.221805 0.000766 0.999999 -0.000767 90.087907
-1 1501082415.043488 -0.001699 0.346922 -0.221804 0.001531 0.999998 -0.001531 90.175881
-1 1501082415.064504 -0.001699 0.346922 -0.221804 0.001531 0.999998 -0.001531 90.175881
-1 1501082415.084593 -0.001699 0.346922 -0.221804 0.001531 0.999998 -0.001531 90.175881
-1 1501082415.105716 -0.001102 0.34692 -0.221805 -0.000613 1.0 0.000613 90.087895
-1 1501082415.127354 -0.001102 0.34692 -0.221805 -0.000613 1.0 0.000613 90.087895
-1 1501082415.144766 -0.001102 0.34692 -0.221805 -0.000613 1.0 0.000613 90.087895
-1 1501082415.164800 -0.00139 0.34692 -0.221804 -0.0 1.0 0.0 90.175747
-1 1501082415.184812 -0.00139 0.34692 -0.221804 -0.0 1.0 0.0 90.175747
-1 1501082415.205031 -0.00139 0.34692 -0.221804 -0.0 1.0 0.0 90.175747
-1 1501082415.225210 -0.001102 0.34692 -0.221805 0.001531 0.999998 -0.001534 90.088008
-1 1501082415.245112 -0.001102 0.34692 -0.221805 0.001531 0.999998 -0.001534 90.088008
-1 1501082415.265192 -0.001102 0.34692 -0.221805 0.001531 0.999998 -0.001534 90.088008
-1 1501082415.285309 -0.001699 0.346921 -0.221804 0.00153 0.999998 -0.001533 90.175881
-1 1501082415.307108 -0.001699 0.346921 -0.221804 0.00153 0.999998 -0.001533 90.175881
-1 1501082415.325348 -0.001699 0.346921 -0.221804 0.00153 0.999998 -0.001533 90.175881
-1 1501082415.345416 -0.001699 0.348023 -0.221803 0.001531 0.999999 0.0 90.175881
-1 1501082415.365430 -0.001699 0.348023 -0.221803 0.001531 0.999999 0.0 90.175881
-1 1501082415.385545 -0.001699 0.348023 -0.221803 0.001531 0.999999 0.0 90.175881
-1 1501082415.405583 -0.001102 0.34692 -0.221805 0.000766 0.999999 -0.000767 90.087907
-1 1501082415.425584 -0.001102 0.34692 -0.221805 0.000766 0.999999 -0.000767 90.087907
-1 1501082415.445688 -0.001102 0.34692 -0.221805 0.000766 0.999999 -0.000767 90.087907
-1 1501082415.469654 0.0 0.34692 -0.221806 0.000767 0.999999 -0.000767 90.000034
-1 1501082415.489682 0.0 0.34692 -0.221806 0.000767 0.999999 -0.000767 90.000034
-1 1501082415.509856 0.0 0.34692 -0.221806 0.000767 0.999999 -0.000767 90.000034
-1 1501082415.533607 -0.001102 0.34692 -0.221805 0.000766 0.999999 -0.000767 90.087907
-1 1501082415.549845 -0.001102 0.34692 -0.221805 0.000766 0.999999 -0.000767 90.087907
-1 1501082415.569936 -0.001102 0.34692 -0.221805 0.000766 0.999999 -0.000767 90.087907
-1 1501082415.589983 0.0 0.348022 -0.221805 0.002301 0.999997 -0.000767 90.000303
-1 1501082415.610430 0.0 0.348022 -0.221805 0.002301 0.999997 -0.000767 90.000303
-1 1501082415.630397 -0.00139 0.34692 -0.221804 -0.0 1.0 0.0 90.175747
-1 1501082415.650561 -0.00139 0.34692 -0.221804 -0.0 1.0 0.0 90.175747
-1 1501082415.670531 -0.00139 0.34692 -0.221804 -0.0 1.0 0.0 90.175747
-1 1501082415.690586 -0.001102 0.34692 -0.221805 -0.0 1.0 0.0 90.087873
-1 1501082415.710828 -0.001102 0.34692 -0.221805 -0.0 1.0 0.0 90.087873
-1 1501082415.730838 -0.001102 0.34692 -0.221805 -0.0 1.0 0.0 90.087873
-1 1501082415.752332 -0.00139 0.34692 -0.221804 -0.000613 1.0 0.000613 90.175768
-1 1501082415.771208 -0.00139 0.34692 -0.221804 -0.000613 1.0 0.000613 90.175768
-1 1501082415.790913 -0.00139 0.34692 -0.221804 -0.000613 1.0 0.000613 90.175768
-1 1501082415.811019 -0.00139 0.34692 -0.221804 -0.000613 1.0 0.000613 90.175768
-1 1501082415.834215 -0.000288 0.34692 -0.221806 0.000767 0.999999 -0.000766 90.087907
-1 1501082415.851124 -0.000288 0.34692 -0.221806 0.000767 0.999999 -0.000766 90.087907
-1 1501082415.871170 -0.001102 0.34692 -0.221805 0.001531 0.999998 -0.001534 90.088008
-1 1501082415.891260 -0.001102 0.34692 -0.221805 0.001531 0.999998 -0.001534 90.088008
-1 1501082415.911357 -0.001102 0.34692 -0.221805 0.001531 0.999998 -0.001534 90.088008
-1 1501082415.932070 -0.001102 0.34692 -0.221805 0.001531 0.999998 -0.001534 90.088008
-1 1501082415.951996 -0.001987 0.344939 -0.2218 0.000155 0.999996 -0.002907 90.263621
-1 1501082415.972133 -0.001987 0.344939 -0.2218 0.000155 0.999996 -0.002907 90.263621
-1 1501082415.992136 -0.001102 0.348022 -0.221804 0.001533 0.999999 -0.000001 90.088008
-1 1501082416.012569 -0.001102 0.348022 -0.221804 0.001533 0.999999 -0.000001 90.088008
-1 1501082416.032273 -0.001102 0.348022 -0.221804 0.001533 0.999999 -0.000001 90.088008
-1 1501082416.052304 -0.000885 0.348023 -0.221804 0.001531 0.999999 0.000002 90.175881
-1 1501082416.073519 -0.000885 0.348023 -0.221804 0.001531 0.999999 0.000002 90.175881
-1 1501082416.092437 -0.000885 0.348023 -0.221804 0.001531 0.999999 0.000002 90.175881
-1 1501082416.112450 -0.001699 0.346921 -0.221804 0.000766 0.999999 -0.000766 90.175781
-1 1501082416.135203 -0.001699 0.346921 -0.221804 0.000766 0.999999 -0.000766 90.175781
-1 1501082416.152587 -0.001699 0.346921 -0.221804 0.000766 0.999999 -0.000766 90.175781
-1 1501082416.174897 -0.001102 0.34692 -0.221805 0.001531 0.999998 -0.001534 90.088008
-1 1501082416.192674 -0.001102 0.34692 -0.221805 0.001531 0.999998 -0.001534 90.088008
-1 1501082416.212769 -0.001102 0.34692 -0.221805 0.001531 0.999998 -0.001534 90.088008
-1 1501082416.232784 -0.00139 0.346921 -0.221804 0.001531 0.999998 -0.001531 90.175881
-1 1501082416.252897 -0.00139 0.346921 -0.221804 0.001531 0.999998 -0.001531 90.175881
-1 1501082416.272936 -0.00139 0.346921 -0.221804 0.001531 0.999998 -0.001531 90.175881
-1 1501082416.292941 -0.00139 0.346921 -0.221804 0.001531 0.999998 -0.001531 90.175881
-1 1501082416.313081 -0.00139 0.346921 -0.221804 0.001531 0.999998 -0.001531 90.175881
-1 1501082416.333572 -0.00139 0.346921 -0.221804 0.001531 0.999998 -0.001531 90.175881
-1 1501082416.353620 -0.00139 0.346921 -0.221804 0.001531 0.999998 -0.001531 90.175881
-1 1501082416.376231 -0.00139 0.346921 -0.221804 0.001531 0.999998 -0.001531 90.175881
-1 1501082416.393742 -0.00139 0.346921 -0.221804 0.001531 0.999998 -0.001531 90.175881
-1 1501082416.413814 -0.00139 0.348023 -0.221804 0.002297 0.999997 -0.000766 90.17605
-1 1501082416.433854 -0.00139 0.348023 -0.221804 0.002297 0.999997 -0.000766 90.17605
-1 1501082416.453979 -0.00139 0.348023 -0.221804 0.002297 0.999997 -0.000766 90.17605
-1 1501082416.478518 -0.00139 0.346922 -0.221804 0.003063 0.999991 -0.003063 90.176284
-1 1501082416.497633 -0.00139 0.346922 -0.221804 0.003063 0.999991 -0.003063 90.176284
-1 1501082416.517714 -0.00139 0.346922 -0.221804 0.003063 0.999991 -0.003063 90.176284
-1 1501082416.538968 -0.000597 0.346923 -0.221806 0.003066 0.999991 -0.003064 90.088412
-1 1501082416.557781 -0.000597 0.346923 -0.221806 0.003066 0.999991 -0.003064 90.088412
-1 1501082416.578492 -0.000597 0.346923 -0.221806 0.003066 0.999991 -0.003064 90.088412
-1 1501082416.598205 -0.000597 0.34692 -0.221806 0.000766 0.999999 -0.000767 90.087907
-1 1501082416.618274 -0.000597 0.34692 -0.221806 0.000766 0.999999 -0.000767 90.087907
-1 1501082416.638313 -0.000597 0.34692 -0.221806 0.000766 0.999999 -0.000767 90.087907
-1 1501082416.658396 -0.00139 0.34692 -0.221804 0.000766 0.999999 -0.000766 90.175781
-1 1501082416.678525 -0.00139 0.34692 -0.221804 0.000766 0.999999 -0.000766 90.175781
-1 1501082416.698600 -0.00139 0.34692 -0.221804 0.000766 0.999999 -0.000766 90.175781
-1 1501082416.718572 -0.001102 0.34692 -0.221805 0.001531 0.999998 -0.001534 90.088008
-1 1501082416.738646 -0.001102 0.34692 -0.221805 0.001531 0.999998 -0.001534 90.088008
-1 1501082416.758729 -0.001102 0.34692 -0.221805 0.001531 0.999998 -0.001534 90.088008
-1 1501082416.778794 -0.001102 0.34692 -0.221805 0.002297 0.999995 -0.002301 90.088176
-1 1501082416.798899 -0.001102 0.34692 -0.221805 0.002297 0.999995 -0.002301 90.088176
-1 1501082416.819715 -0.001102 0.34692 -0.221805 0.002297 0.999995 -0.002301 90.088176
-1 1501082416.839405 -0.00139 0.346921 -0.221804 0.001531 0.999998 -0.001531 90.175881
-1 1501082416.859427 -0.00139 0.346921 -0.221804 0.001531 0.999998 -0.001531 90.175881
-1 1501082416.879459 -0.00139 0.346921 -0.221804 0.001531 0.999998 -0.001531 90.175881
-1 1501082416.899482 -0.001102 0.343834 -0.221799 0.00015 0.99999 -0.004445 90.087874
-1 1501082416.919650 -0.001102 0.343834 -0.221799 0.00015 0.99999 -0.004445 90.087874
-1 1501082416.939597 -0.001102 0.343834 -0.221799 0.00015 0.99999 -0.004445 90.087874
-1 1501082416.959684 -0.00139 0.34692 -0.221804 0.000766 0.999999 -0.000766 90.175781
-1 1501082416.979736 -0.00139 0.34692 -0.221804 0.000766 0.999999 -0.000766 90.175781
-1 1501082416.999901 -0.00139 0.34692 -0.221804 0.000766 0.999999 -0.000766 90.175781
-1 1501082417.019899 -0.001699 0.346922 -0.221804 0.002296 0.999995 -0.002298 90.176049
-1 1501082417.040054 -0.001699 0.346922 -0.221804 0.002296 0.999995 -0.002298 90.176049
-1 1501082417.065767 -0.001699 0.346922 -0.221804 0.002296 0.999995 -0.002298 90.176049
-1 1501082417.085871 -0.001699 0.346923 -0.221804 0.002297 0.999995 -0.002297 90.176049
-1 1501082417.105814 -0.001699 0.346923 -0.221804 0.002297 0.999995 -0.002297 90.176049
-1 1501082417.126030 -0.001699 0.346923 -0.221804 0.002297 0.999995 -0.002297 90.176049
-1 1501082417.146511 -0.001102 0.350226 -0.221798 0.005363 0.999985 -0.00077 90.089523
-1 1501082417.166223 -0.001102 0.350226 -0.221798 0.005363 0.999985 -0.00077 90.089523
-1 1501082417.186339 -0.001102 0.350226 -0.221798 0.005363 0.999985 -0.00077 90.089523
-1 1501082417.206424 -0.000597 0.346921 -0.221806 0.000767 0.999999 -0.000766 90.087907
-1 1501082417.226458 -0.000597 0.346921 -0.221806 0.000767 0.999999 -0.000766 90.087907
-1 1501082417.247070 -0.000597 0.346921 -0.221806 0.000767 0.999999 -0.000766 90.087907
-1 1501082417.266547 -0.00139 0.348022 -0.221804 0.001531 0.999999 0.0 90.175881
-1 1501082417.286576 -0.00139 0.348022 -0.221804 0.001531 0.999999 0.0 90.175881
-1 1501082417.306739 -0.00139 0.348022 -0.221804 0.001531 0.999999 0.0 90.175881
-1 1501082417.326722 -0.001699 0.346921 -0.221804 0.000766 0.999999 -0.000766 90.175781
-1 1501082417.346763 -0.001699 0.346921 -0.221804 0.000766 0.999999 -0.000766 90.175781
-1 1501082417.366882 -0.001699 0.346921 -0.221804 0.000766 0.999999 -0.000766 90.175781
-1 1501082417.386904 -0.00139 0.346921 -0.221804 0.001531 0.999998 -0.001531 90.175881
-1 1501082417.406978 -0.00139 0.346921 -0.221804 0.001531 0.999998 -0.001531 90.175881
-1 1501082417.427037 -0.00139 0.346921 -0.221804 0.001531 0.999998 -0.001531 90.175881
-1 1501082417.447121 -0.000288 0.346921 -0.221806 0.002301 0.999995 -0.002297 90.088176
-1 1501082417.469266 -0.000288 0.346921 -0.221806 0.002301 0.999995 -0.002297 90.088176
-1 1501082417.487195 -0.000288 0.346921 -0.221806 0.002301 0.999995 -0.002297 90.088176
-1 1501082417.507257 -0.001102 0.34692 -0.221805 0.003063 0.999991 -0.003067 90.088412
-1 1501082417.532952 -0.001102 0.34692 -0.221805 0.003063 0.999991 -0.003067 90.088412
-1 1501082417.549856 -0.001102 0.34692 -0.221805 0.003063 0.999991 -0.003067 90.088412
-1 1501082417.569723 -0.001102 0.34692 -0.221805 0.001531 0.999998 -0.001534 90.088008
-1 1501082417.589838 -0.001102 0.34692 -0.221805 0.001531 0.999998 -0.001534 90.088008
-1 1501082417.610777 -0.001102 0.34692 -0.221805 0.001531 0.999998 -0.001534 90.088008
-1 1501082417.630733 -0.001699 0.353534 -0.221773 0.007655 0.99997 0.00153 90.17911
-1 1501082417.650829 -0.001699 0.353534 -0.221773 0.007655 0.99997 0.00153 90.17911
-1 1501082417.672054 -0.001699 0.353534 -0.221773 0.007655 0.99997 0.00153 90.17911
-1 1501082417.690946 -0.00139 0.348024 -0.221804 0.003828 0.99999 -0.002297 90.176587
-1 1501082417.710957 -0.00139 0.348024 -0.221804 0.003828 0.99999 -0.002297 90.176587
-1 1501082417.731019 -0.00139 0.348024 -0.221804 0.003828 0.99999 -0.002297 90.176587
-1 1501082417.751083 -0.000885 0.346923 -0.221805 0.001534 0.999998 -0.001529 90.175881
-1 1501082417.777975 -0.000885 0.346923 -0.221805 0.001534 0.999998 -0.001529 90.175881
-1 1501082417.791173 -0.000885 0.346923 -0.221805 0.001534 0.999998 -0.001529 90.175881
-1 1501082417.811254 -0.00139 0.348023 -0.221804 0.002297 0.999997 -0.000766 90.17605
-1 1501082417.831337 -0.00139 0.348023 -0.221804 0.002297 0.999997 -0.000766 90.17605
-1 1501082417.851463 -0.00139 0.348023 -0.221804 0.002297 0.999997 -0.000766 90.17605
-1 1501082417.871414 -0.001699 0.342733 -0.221792 -0.001379 0.999989 -0.004442 90.175855
-1 1501082417.893890 -0.001699 0.342733 -0.221792 -0.001379 0.999989 -0.004442 90.175855
-1 1501082417.911522 -0.001699 0.342733 -0.221792 -0.001379 0.999989 -0.004442 90.175855
-1 1501082417.931578 -0.001102 0.34692 -0.221805 0.001531 0.999998 -0.001534 90.088008
-1 1501082417.951849 -0.001102 0.34692 -0.221805 0.001531 0.999998 -0.001534 90.088008
-1 1501082417.971826 -0.001102 0.34692 -0.221805 0.001531 0.999998 -0.001534 90.088008
-1 1501082417.991933 -0.00139 0.346919 -0.221804 -0.001378 0.999998 0.001378 90.175856
-1 1501082418.011979 -0.00139 0.346919 -0.221804 -0.001378 0.999998 0.001378 90.175856
-1 1501082418.031990 -0.00139 0.346919 -0.221804 -0.001378 0.999998 0.001378 90.175856
-1 1501082418.052134 -0.00139 0.346921 -0.221804 0.002297 0.999995 -0.002297 90.176049
-1 1501082418.072108 -0.00139 0.346921 -0.221804 0.002297 0.999995 -0.002297 90.176049
-1 1501082418.092289 -0.00139 0.346921 -0.221804 0.002297 0.999995 -0.002297 90.176049
-1 1501082418.112480 0.0 0.34692 -0.221806 0.001534 0.999998 -0.001534 90.000135
-1 1501082418.133398 0.0 0.34692 -0.221806 0.001534 0.999998 -0.001534 90.000135
-1 1501082418.152531 -0.00139 0.346921 -0.221804 0.001531 0.999998 -0.001531 90.175881
-1 1501082418.172722 -0.00139 0.346921 -0.221804 0.001531 0.999998 -0.001531 90.175881
-1 1501082418.195530 -0.00139 0.346921 -0.221804 0.001531 0.999998 -0.001531 90.175881
-1 1501082418.213169 -0.00139 0.34692 -0.221804 0.000766 0.999999 -0.000766 90.175781
-1 1501082418.234310 -0.00139 0.34692 -0.221804 0.000766 0.999999 -0.000766 90.175781
-1 1501082418.256122 -0.00139 0.34692 -0.221804 0.000766 0.999999 -0.000766 90.175781
-1 1501082418.275945 0.000788 0.346919 -0.221805 0.000767 0.999999 -0.000768 89.929735
-1 1501082418.296316 0.000788 0.346919 -0.221805 0.000767 0.999999 -0.000768 89.929735
-1 1501082418.316504 0.000788 0.346919 -0.221805 0.000767 0.999999 -0.000768 89.929735
-1 1501082418.336683 -0.00139 0.34692 -0.221804 -0.0 1.0 0.0 90.175747
-1 1501082418.356498 -0.00139 0.34692 -0.221804 -0.0 1.0 0.0 90.175747
-1 1501082418.376577 -0.00139 0.34692 -0.221804 -0.0 1.0 0.0 90.175747
-1 1501082418.396612 -0.002274 0.34802 -0.2218 0.00015 0.999999 0.001375 90.351495
-1 1501082418.416708 -0.002274 0.34802 -0.2218 0.00015 0.999999 0.001375 90.351495
-1 1501082418.436748 -0.002274 0.34802 -0.2218 0.00015 0.999999 0.001375 90.351495
-1 1501082418.456768 -0.001699 0.346923 -0.221804 0.002297 0.999995 -0.002297 90.176049
-1 1501082418.476928 -0.001699 0.346923 -0.221804 0.002297 0.999995 -0.002297 90.176049
-1 1501082418.499180 -0.001699 0.346923 -0.221804 0.002297 0.999995 -0.002297 90.176049
-1 1501082418.519139 -0.001987 0.346921 -0.221803 0.000766 0.999999 -0.000764 90.263654
-1 1501082418.540383 -0.001987 0.346921 -0.221803 0.000766 0.999999 -0.000764 90.263654
-1 1501082418.560474 -0.001987 0.346921 -0.221803 0.000766 0.999999 -0.000764 90.263654
-1 1501082418.580478 -0.001699 0.346921 -0.221804 0.00153 0.999998 -0.001533 90.175881
-1 1501082418.600518 -0.001699 0.346921 -0.221804 0.00153 0.999998 -0.001533 90.175881
-1 1501082418.621414 -0.001699 0.346921 -0.221804 0.00153 0.999998 -0.001533 90.175881
-1 1501082418.640700 -0.001102 0.34692 -0.221805 0.002297 0.999995 -0.002301 90.088176
-1 1501082418.661593 -0.001102 0.34692 -0.221805 0.002297 0.999995 -0.002301 90.088176
-1 1501082418.681681 -0.001102 0.34692 -0.221805 0.002297 0.999995 -0.002301 90.088176
-1 1501082418.701746 -0.00139 0.348024 -0.221804 0.003828 0.99999 -0.002297 90.176587
-1 1501082418.722344 -0.00139 0.348024 -0.221804 0.003828 0.99999 -0.002297 90.176587
-1 1501082418.742371 -0.00139 0.348024 -0.221804 0.003828 0.99999 -0.002297 90.176587
-1 1501082418.762376 -0.001102 0.34692 -0.221805 0.000766 0.999999 -0.000767 90.087907
-1 1501082418.782442 -0.001102 0.34692 -0.221805 0.000766 0.999999 -0.000767 90.087907
-1 1501082418.805443 -0.001102 0.34692 -0.221805 0.000766 0.999999 -0.000767 90.087907
-1 1501082418.822555 -0.001699 0.346922 -0.221804 0.001531 0.999998 -0.001531 90.175881
-1 1501082418.843595 -0.001699 0.346922 -0.221804 0.001531 0.999998 -0.001531 90.175881
-1 1501082418.863379 -0.001699 0.346922 -0.221804 0.001531 0.999998 -0.001531 90.175881
-1 1501082418.883491 -0.001699 0.348023 -0.221803 0.001531 0.999999 0.0 90.175881
-1 1501082418.907761 -0.001699 0.348023 -0.221803 0.001531 0.999999 0.0 90.175881
-1 1501082418.931087 -0.001699 0.348023 -0.221803 0.001531 0.999999 0.0 90.175881
-1 1501082418.952196 -0.001102 0.34692 -0.221805 0.001531 0.999998 -0.001534 90.088008
