-1 1501080564.382886 0.000788 0.348007 -0.221804 0.006281 0.999969 -0.004769 89.931976
-1 1501080564.407771 0.000788 0.348007 -0.221804 0.006281 0.999969 -0.004769 89.931976
-1 1501080564.427565 0.000788 0.34691 -0.221805 0.002446 0.999994 -0.002465 89.930051
-1 1501080564.455822 0.000788 0.34691 -0.221805 0.002446 0.999994 -0.002465 89.930051
-1 1501080564.479888 0.001075 0.348004 -0.221804 0.006282 0.999969 -0.004778 89.844105
-1 1501080564.497801 0.001075 0.348004 -0.221804 0.006282 0.999969 -0.004778 89.844105
-1 1501080564.517934 0.001075 0.348004 -0.221804 0.006282 0.999969 -0.004778 89.844105
-1 1501080564.537971 0.000788 0.348007 -0.221804 0.006281 0.999969 -0.004769 89.931976
-1 1501080564.558008 0.000788 0.348007 -0.221804 0.006281 0.999969 -0.004769 89.931976
-1 1501080564.578068 0.000788 0.348007 -0.221804 0.006281 0.999969 -0.004769 89.931976
-1 1501080564.600516 0.000788 0.348008 -0.221804 0.005514 0.999977 -0.004001 89.931455
-1 1501080564.620389 0.000788 0.348008 -0.221804 0.005514 0.999977 -0.004001 89.931455
-1 1501080564.640937 0.000788 0.348008 -0.221804 0.005514 0.999977 -0.004001 89.931455
-1 1501080564.661248 -0.000288 0.348025 -0.221805 0.00552 0.999977 -0.00398 90.089618
-1 1501080564.681374 -0.000288 0.348025 -0.221805 0.00552 0.999977 -0.00398 90.089618
-1 1501080564.701460 -0.000288 0.348025 -0.221805 0.00552 0.999977 -0.00398 90.089618
-1 1501080564.721461 0.000788 0.348005 -0.221804 0.007814 0.99995 -0.006305 89.933218
-1 1501080564.741531 0.000788 0.348005 -0.221804 0.007814 0.99995 -0.006305 89.933218
-1 1501080564.761715 0.000788 0.348005 -0.221804 0.007814 0.99995 -0.006305 89.933218
-1 1501080564.782313 0.000788 0.348009 -0.221804 0.003978 0.999989 -0.002468 89.93062
-1 1501080564.802337 0.000788 0.348009 -0.221804 0.003978 0.999989 -0.002468 89.93062
-1 1501080564.822505 0.000788 0.348009 -0.221804 0.003978 0.999989 -0.002468 89.93062
-1 1501080564.842581 0.000788 0.348008 -0.221804 0.005514 0.999977 -0.004001 89.931455
-1 1501080564.862630 0.000788 0.348008 -0.221804 0.005514 0.999977 -0.004001 89.931455
-1 1501080564.882686 0.000788 0.348008 -0.221804 0.005514 0.999977 -0.004001 89.931455
-1 1501080564.906127 0.000788 0.348009 -0.221804 0.004747 0.999984 -0.003234 89.931003
-1 1501080564.925984 0.000788 0.348009 -0.221804 0.004747 0.999984 -0.003234 89.931003
-1 1501080564.946038 0.000788 0.348009 -0.221804 0.004747 0.999984 -0.003234 89.931003
-1 1501080564.966206 0.001075 0.348004 -0.221804 0.006282 0.999969 -0.004778 89.844105
-1 1501080564.986386 0.001075 0.348004 -0.221804 0.006282 0.999969 -0.004778 89.844105
-1 1501080565.006311 0.001075 0.348004 -0.221804 0.006282 0.999969 -0.004778 89.844105
-1 1501080565.026367 0.000788 0.348009 -0.221804 0.004747 0.999984 -0.003234 89.931003
-1 1501080565.046470 0.000788 0.348009 -0.221804 0.004747 0.999984 -0.003234 89.931003
-1 1501080565.066554 0.000788 0.348009 -0.221804 0.004747 0.999984 -0.003234 89.931003
-1 1501080565.087461 0.000788 0.348008 -0.221804 0.005514 0.999977 -0.004001 89.931455
-1 1501080565.106560 0.000788 0.348008 -0.221804 0.005514 0.999977 -0.004001 89.931455
-1 1501080565.126641 0.000788 0.348008 -0.221804 0.005514 0.999977 -0.004001 89.931455
-1 1501080565.147587 -0.000314 0.348008 -0.221805 0.004739 0.999984 -0.003237 90.018877
-1 1501080565.167638 -0.000314 0.348008 -0.221805 0.004739 0.999984 -0.003237 90.018877
-1 1501080565.187638 -0.000314 0.348008 -0.221805 0.004739 0.999984 -0.003237 90.018877
-1 1501080565.208581 0.000788 0.348006 -0.221804 0.007048 0.99996 -0.005537 89.932563
-1 1501080565.227868 0.000788 0.348006 -0.221804 0.007048 0.99996 -0.005537 89.932563
-1 1501080565.247918 0.000788 0.348006 -0.221804 0.007048 0.99996 -0.005537 89.932563
-1 1501080565.269134 0.000788 0.348009 -0.221804 0.004747 0.999984 -0.003234 89.931003
-1 1501080565.289212 0.000788 0.348009 -0.221804 0.004747 0.999984 -0.003234 89.931003
-1 1501080565.309296 0.000788 0.348009 -0.221804 0.004747 0.999984 -0.003234 89.931003
-1 1501080565.329648 0.000788 0.348009 -0.221804 0.004747 0.999984 -0.003234 89.931003
-1 1501080565.349341 0.000788 0.348009 -0.221804 0.004747 0.999984 -0.003234 89.931003
-1 1501080565.369537 0.000788 0.348009 -0.221804 0.004747 0.999984 -0.003234 89.931003
-1 1501080565.392056 0.000788 0.348009 -0.221804 0.004747 0.999984 -0.003234 89.931003
-1 1501080565.412082 0.000788 0.348009 -0.221804 0.004747 0.999984 -0.003234 89.931003
-1 1501080565.432167 0.000788 0.348009 -0.221804 0.004747 0.999984 -0.003234 89.931003
-1 1501080565.459564 0.000788 0.348008 -0.221804 0.005514 0.999977 -0.004001 89.931455
-1 1501080565.479580 0.000788 0.348008 -0.221804 0.005514 0.999977 -0.004001 89.931455
-1 1501080565.499633 0.000788 0.348009 -0.221804 0.004747 0.999984 -0.003234 89.931003
-1 1501080565.519804 0.000788 0.348009 -0.221804 0.004747 0.999984 -0.003234 89.931003
-1 1501080565.539739 0.000788 0.348009 -0.221804 0.004747 0.999984 -0.003234 89.931003
-1 1501080565.559856 0.000788 0.348008 -0.221804 0.005514 0.999977 -0.004001 89.931455
-1 1501080565.580230 0.000788 0.348008 -0.221804 0.005514 0.999977 -0.004001 89.931455
-1 1501080565.600011 0.000788 0.348008 -0.221804 0.005514 0.999977 -0.004001 89.931455
-1 1501080565.620020 0.000788 0.348008 -0.221804 0.005514 0.999977 -0.004001 89.931455
-1 1501080565.640022 0.000788 0.348008 -0.221804 0.005514 0.999977 -0.004001 89.931455
-1 1501080565.660114 0.000788 0.348008 -0.221804 0.005514 0.999977 -0.004001 89.931455
-1 1501080565.681402 0.000788 0.348009 -0.221804 0.004747 0.999984 -0.003234 89.931003
-1 1501080565.700330 0.000788 0.348009 -0.221804 0.004747 0.999984 -0.003234 89.931003
-1 1501080565.720262 0.000788 0.348009 -0.221804 0.004747 0.999984 -0.003234 89.931003
-1 1501080565.740310 0.000788 0.348008 -0.221804 0.005514 0.999977 -0.004001 89.931455
-1 1501080565.760414 0.000788 0.348008 -0.221804 0.005514 0.999977 -0.004001 89.931455
-1 1501080565.780560 0.000788 0.348008 -0.221804 0.005514 0.999977 -0.004001 89.931455
-1 1501080565.800526 0.000788 0.348008 -0.221804 0.005514 0.999977 -0.004001 89.931455
-1 1501080565.822127 0.000788 0.348008 -0.221804 0.005514 0.999977 -0.004001 89.931455
-1 1501080565.843597 0.000788 0.348008 -0.221804 0.005514 0.999977 -0.004001 89.931455
-1 1501080565.863643 0.000788 0.348012 -0.221804 0.003214 0.999993 -0.001698 89.9303
-1 1501080565.883701 0.000788 0.348012 -0.221804 0.003214 0.999993 -0.001698 89.9303
-1 1501080565.903827 0.000788 0.348012 -0.221804 0.003214 0.999993 -0.001698 89.9303
-1 1501080565.923895 0.000788 0.348008 -0.221804 0.005514 0.999977 -0.004001 89.931455
-1 1501080565.943864 0.000788 0.348008 -0.221804 0.005514 0.999977 -0.004001 89.931455
-1 1501080565.963923 0.000788 0.348008 -0.221804 0.005514 0.999977 -0.004001 89.931455
-1 1501080565.984036 0.000788 0.348009 -0.221804 0.004747 0.999984 -0.003234 89.931003
-1 1501080566.004102 0.000788 0.348009 -0.221804 0.004747 0.999984 -0.003234 89.931003
-1 1501080566.024121 0.000788 0.348009 -0.221804 0.004747 0.999984 -0.003234 89.931003
-1 1501080566.044203 0.000788 0.348009 -0.221804 0.004747 0.999984 -0.003234 89.931003
-1 1501080566.064228 0.000788 0.348009 -0.221804 0.004747 0.999984 -0.003234 89.931003
-1 1501080566.084371 0.000788 0.348009 -0.221804 0.004747 0.999984 -0.003234 89.931003
-1 1501080566.104381 0.000788 0.348009 -0.221804 0.004747 0.999984 -0.003234 89.931003
-1 1501080566.124418 0.000788 0.348009 -0.221804 0.004747 0.999984 -0.003234 89.931003
-1 1501080566.144507 0.000788 0.348009 -0.221804 0.004747 0.999984 -0.003234 89.931003
-1 1501080566.164588 0.000788 0.348009 -0.221804 0.004747 0.999984 -0.003234 89.931003
-1 1501080566.184689 0.000788 0.348009 -0.221804 0.004747 0.999984 -0.003234 89.931003
-1 1501080566.204676 0.000788 0.348009 -0.221804 0.004747 0.999984 -0.003234 89.931003
-1 1501080566.224704 0.000788 0.348009 -0.221804 0.004747 0.999984 -0.003234 89.931003
-1 1501080566.244787 0.000788 0.348009 -0.221804 0.004747 0.999984 -0.003234 89.931003
-1 1501080566.264915 0.000788 0.348009 -0.221804 0.004747 0.999984 -0.003234 89.931003
-1 1501080566.284974 0.000788 0.348007 -0.221804 0.005512 0.999977 -0.004004 89.931458
-1 1501080566.304956 0.000788 0.348007 -0.221804 0.005512 0.999977 -0.004004 89.931458
-1 1501080566.329624 0.000788 0.348007 -0.221804 0.005512 0.999977 -0.004004 89.931458
-1 1501080566.349684 0.001075 0.346905 -0.221805 0.003211 0.99999 -0.00324 89.842431
-1 1501080566.369680 0.001075 0.346905 -0.221805 0.003211 0.99999 -0.00324 89.842431
-1 1501080566.389759 0.001075 0.346905 -0.221805 0.003211 0.99999 -0.00324 89.842431
-1 1501080566.412006 0.000788 0.348009 -0.221804 0.003978 0.999989 -0.002468 89.93062
-1 1501080566.432058 0.000788 0.348009 -0.221804 0.003978 0.999989 -0.002468 89.93062
-1 1501080566.452119 0.000788 0.348009 -0.221804 0.003978 0.999989 -0.002468 89.93062
-1 1501080566.472198 0.000788 0.348005 -0.221804 0.007814 0.99995 -0.006305 89.933218
-1 1501080566.492244 0.000788 0.348005 -0.221804 0.007814 0.99995 -0.006305 89.933218
-1 1501080566.512331 0.000788 0.348005 -0.221804 0.007814 0.99995 -0.006305 89.933218
-1 1501080566.532313 0.000788 0.348009 -0.221804 0.003978 0.999989 -0.002468 89.93062
-1 1501080566.557503 0.000788 0.348009 -0.221804 0.003978 0.999989 -0.002468 89.93062
-1 1501080566.573185 0.000788 0.348009 -0.221804 0.003978 0.999989 -0.002468 89.93062
-1 1501080566.593274 0.000788 0.348009 -0.221804 0.004747 0.999984 -0.003234 89.931003
-1 1501080566.613964 0.000788 0.348009 -0.221804 0.004747 0.999984 -0.003234 89.931003
-1 1501080566.633524 0.000788 0.348009 -0.221804 0.004747 0.999984 -0.003234 89.931003
-1 1501080566.653465 -0.000314 0.348008 -0.221805 0.004739 0.999984 -0.003237 90.018877
-1 1501080566.673498 -0.000314 0.348008 -0.221805 0.004739 0.999984 -0.003237 90.018877
-1 1501080566.693594 -0.000314 0.348008 -0.221805 0.004739 0.999984 -0.003237 90.018877
-1 1501080566.714157 0.000788 0.348011 -0.221804 0.002445 0.999997 -0.000933 89.930051
-1 1501080566.734305 0.000788 0.348011 -0.221804 0.002445 0.999997 -0.000933 89.930051
-1 1501080566.754335 0.000788 0.348011 -0.221804 0.002445 0.999997 -0.000933 89.930051
-1 1501080566.774347 0.000788 0.348011 -0.221804 0.00398 0.999989 -0.002466 89.930618
-1 1501080566.794410 0.000788 0.348011 -0.221804 0.00398 0.999989 -0.002466 89.930618
-1 1501080566.814549 0.000788 0.348011 -0.221804 0.00398 0.999989 -0.002466 89.930618
-1 1501080566.834496 0.000788 0.348008 -0.221804 0.005514 0.999977 -0.004001 89.931455
-1 1501080566.854552 0.000788 0.348008 -0.221804 0.005514 0.999977 -0.004001 89.931455
-1 1501080566.874708 0.000788 0.348008 -0.221804 0.005514 0.999977 -0.004001 89.931455
-1 1501080566.894677 0.000788 0.348005 -0.221804 0.007814 0.99995 -0.006305 89.933218
-1 1501080566.914763 0.000788 0.348005 -0.221804 0.007814 0.99995 -0.006305 89.933218
-1 1501080566.934847 0.000788 0.348005 -0.221804 0.007814 0.99995 -0.006305 89.933218
-1 1501080566.954844 0.000788 0.348011 -0.221804 0.00398 0.999989 -0.002466 89.930618
-1 1501080566.974965 0.000788 0.348011 -0.221804 0.00398 0.999989 -0.002466 89.930618
-1 1501080566.995015 0.000788 0.348011 -0.221804 0.00398 0.999989 -0.002466 89.930618
-1 1501080567.015752 0.001075 0.348007 -0.221804 0.004748 0.999983 -0.00324 89.843131
-1 1501080567.035311 0.001075 0.348007 -0.221804 0.004748 0.999983 -0.00324 89.843131
-1 1501080567.055205 0.001075 0.348007 -0.221804 0.004748 0.999983 -0.00324 89.843131
-1 1501080567.075279 0.000788 0.348011 -0.221804 0.00398 0.999989 -0.002466 89.930618
-1 1501080567.095382 0.000788 0.348011 -0.221804 0.00398 0.999989 -0.002466 89.930618
-1 1501080567.115337 0.000788 0.348011 -0.221804 0.00398 0.999989 -0.002466 89.930618
-1 1501080567.135467 0.000788 0.348009 -0.221804 0.004747 0.999984 -0.003234 89.931003
-1 1501080567.155449 0.000788 0.348009 -0.221804 0.004747 0.999984 -0.003234 89.931003
-1 1501080567.175535 0.000788 0.348009 -0.221804 0.004747 0.999984 -0.003234 89.931003
-1 1501080567.195585 0.000788 0.348008 -0.221804 0.005514 0.999977 -0.004001 89.931455
-1 1501080567.215716 0.000788 0.348008 -0.221804 0.005514 0.999977 -0.004001 89.931455
-1 1501080567.235716 0.000788 0.348008 -0.221804 0.005514 0.999977 -0.004001 89.931455
-1 1501080567.257807 0.000788 0.348008 -0.221804 0.004745 0.999984 -0.003236 89.931005
-1 1501080567.277857 0.000788 0.348008 -0.221804 0.004745 0.999984 -0.003236 89.931005
-1 1501080567.297900 0.000788 0.348009 -0.221804 0.004747 0.999984 -0.003234 89.931003
-1 1501080567.320230 0.000788 0.348009 -0.221804 0.004747 0.999984 -0.003234 89.931003
-1 1501080567.340308 0.000788 0.348009 -0.221804 0.004747 0.999984 -0.003234 89.931003
-1 1501080567.360384 0.000788 0.348009 -0.221804 0.004747 0.999984 -0.003234 89.931003
-1 1501080567.380435 0.000788 0.348009 -0.221804 0.004747 0.999984 -0.003234 89.931003
-1 1501080567.400482 0.000788 0.348009 -0.221804 0.004747 0.999984 -0.003234 89.931003
-1 1501080567.420547 0.000788 0.348007 -0.221804 0.006281 0.999969 -0.004769 89.931976
-1 1501080567.441472 0.000788 0.348007 -0.221804 0.006281 0.999969 -0.004769 89.931976
-1 1501080567.460716 0.000788 0.348007 -0.221804 0.006281 0.999969 -0.004769 89.931976
-1 1501080567.480696 0.001075 0.346905 -0.221805 0.003979 0.999984 -0.004007 89.842747
-1 1501080567.500782 0.001075 0.346905 -0.221805 0.003979 0.999984 -0.004007 89.842747
-1 1501080567.520933 0.001075 0.346905 -0.221805 0.003979 0.999984 -0.004007 89.842747
-1 1501080567.540901 0.000788 0.348008 -0.221804 0.005514 0.999977 -0.004001 89.931455
-1 1501080567.560941 0.000788 0.348008 -0.221804 0.005514 0.999977 -0.004001 89.931455
-1 1501080567.581004 0.000788 0.348008 -0.221804 0.005514 0.999977 -0.004001 89.931455
-1 1501080567.601114 -0.000314 0.348007 -0.221805 0.006272 0.999969 -0.00477 90.019846
-1 1501080567.621148 -0.000314 0.348007 -0.221805 0.006272 0.999969 -0.00477 90.019846
-1 1501080567.641226 -0.000314 0.348007 -0.221805 0.006272 0.999969 -0.00477 90.019846
-1 1501080567.661465 0.000788 0.348009 -0.221804 0.004747 0.999984 -0.003234 89.931003
-1 1501080567.681526 0.000788 0.348009 -0.221804 0.004747 0.999984 -0.003234 89.931003
-1 1501080567.701620 0.000788 0.348009 -0.221804 0.004747 0.999984 -0.003234 89.931003
-1 1501080567.721583 0.000788 0.348011 -0.221804 0.00398 0.999989 -0.002466 89.930618
-1 1501080567.741636 0.000788 0.348011 -0.221804 0.00398 0.999989 -0.002466 89.930618
-1 1501080567.761787 0.000788 0.348011 -0.221804 0.00398 0.999989 -0.002466 89.930618
-1 1501080567.781982 0.000788 0.348008 -0.221804 0.005514 0.999977 -0.004001 89.931455
-1 1501080567.802264 0.000788 0.348008 -0.221804 0.005514 0.999977 -0.004001 89.931455
-1 1501080567.822333 0.000788 0.348008 -0.221804 0.005514 0.999977 -0.004001 89.931455
-1 1501080567.842474 0.000788 0.348009 -0.221804 0.004747 0.999984 -0.003234 89.931003
-1 1501080567.866478 0.000788 0.348009 -0.221804 0.004747 0.999984 -0.003234 89.931003
-1 1501080567.886421 0.000788 0.348009 -0.221804 0.004747 0.999984 -0.003234 89.931003
-1 1501080567.906524 0.000788 0.348012 -0.221804 0.003214 0.999993 -0.001698 89.9303
-1 1501080567.926763 0.000788 0.348012 -0.221804 0.003214 0.999993 -0.001698 89.9303
-1 1501080567.946862 0.000788 0.348012 -0.221804 0.003214 0.999993 -0.001698 89.9303
-1 1501080567.966823 0.001075 0.348009 -0.221804 0.003982 0.999989 -0.002471 89.842745
-1 1501080567.987288 0.001075 0.348009 -0.221804 0.003982 0.999989 -0.002471 89.842745
-1 1501080568.007320 0.001075 0.348009 -0.221804 0.003982 0.999989 -0.002471 89.842745
-1 1501080568.027392 0.000788 0.34801 -0.221804 0.005516 0.999977 -0.003999 89.931453
-1 1501080568.047468 0.000788 0.34801 -0.221804 0.005516 0.999977 -0.003999 89.931453
-1 1501080568.067541 0.000788 0.34801 -0.221804 0.005516 0.999977 -0.003999 89.931453
-1 1501080568.087563 0.001075 0.348007 -0.221804 0.004748 0.999983 -0.00324 89.843131
-1 1501080568.107631 0.001075 0.348007 -0.221804 0.004748 0.999983 -0.00324 89.843131
-1 1501080568.127677 0.001075 0.348007 -0.221804 0.004748 0.999983 -0.00324 89.843131
-1 1501080568.147741 0.001075 0.348005 -0.221804 0.005515 0.999977 -0.004009 89.843584
-1 1501080568.167830 0.001075 0.348005 -0.221804 0.005515 0.999977 -0.004009 89.843584
-1 1501080568.187866 0.001075 0.348005 -0.221804 0.005515 0.999977 -0.004009 89.843584
-1 1501080568.207917 0.000788 0.348011 -0.221804 0.00398 0.999989 -0.002466 89.930618
-1 1501080568.228048 0.000788 0.348011 -0.221804 0.00398 0.999989 -0.002466 89.930618
-1 1501080568.248029 0.000788 0.348011 -0.221804 0.00398 0.999989 -0.002466 89.930618
-1 1501080568.268061 0.001075 0.346905 -0.221805 0.003979 0.999984 -0.004007 89.842747
-1 1501080568.288272 0.001075 0.346905 -0.221805 0.003979 0.999984 -0.004007 89.842747
-1 1501080568.308268 0.001075 0.346905 -0.221805 0.003979 0.999984 -0.004007 89.842747
-1 1501080568.328374 0.000788 0.348009 -0.221804 0.004747 0.999984 -0.003234 89.931003
-1 1501080568.348393 0.000788 0.348009 -0.221804 0.004747 0.999984 -0.003234 89.931003
-1 1501080568.368492 0.000788 0.348009 -0.221804 0.004747 0.999984 -0.003234 89.931003
-1 1501080568.388555 0.000788 0.348009 -0.221804 0.004747 0.999984 -0.003234 89.931003
-1 1501080568.408554 0.000788 0.348009 -0.221804 0.004747 0.999984 -0.003234 89.931003
-1 1501080568.428634 0.000788 0.348009 -0.221804 0.004747 0.999984 -0.003234 89.931003
-1 1501080568.448786 -0.000314 0.348011 -0.221805 0.003975 0.999989 -0.002467 90.01849
-1 1501080568.469121 -0.000314 0.348011 -0.221805 0.003975 0.999989 -0.002467 90.01849
-1 1501080568.489033 -0.000314 0.348011 -0.221805 0.003975 0.999989 -0.002467 90.01849
-1 1501080568.508962 0.000788 0.348008 -0.221804 0.005514 0.999977 -0.004001 89.931455
-1 1501080568.529009 0.000788 0.348008 -0.221804 0.005514 0.999977 -0.004001 89.931455
-1 1501080568.550844 0.000788 0.348008 -0.221804 0.005514 0.999977 -0.004001 89.931455
-1 1501080568.571942 0.000788 0.348008 -0.221804 0.005514 0.999977 -0.004001 89.931455
-1 1501080568.591913 0.000788 0.348008 -0.221804 0.005514 0.999977 -0.004001 89.931455
-1 1501080568.612646 0.000788 0.348008 -0.221804 0.005514 0.999977 -0.004001 89.931455
-1 1501080568.634841 0.000788 0.348009 -0.221804 0.003978 0.999989 -0.002468 89.93062
-1 1501080568.653580 0.000788 0.348009 -0.221804 0.003978 0.999989 -0.002468 89.93062
-1 1501080568.673625 0.000788 0.348009 -0.221804 0.003978 0.999989 -0.002468 89.93062
-1 1501080568.694407 0.001075 0.348004 -0.221804 0.006282 0.999969 -0.004778 89.844105
-1 1501080568.713768 0.001075 0.348004 -0.221804 0.006282 0.999969 -0.004778 89.844105
-1 1501080568.733836 0.001075 0.348004 -0.221804 0.006282 0.999969 -0.004778 89.844105
-1 1501080568.753905 0.000788 0.348011 -0.221804 0.004749 0.999984 -0.003231 89.931001
-1 1501080568.774275 0.000788 0.348011 -0.221804 0.004749 0.999984 -0.003231 89.931001
-1 1501080568.794058 0.000788 0.348011 -0.221804 0.004749 0.999984 -0.003231 89.931001
-1 1501080568.817194 0.000788 0.348009 -0.221804 0.003978 0.999989 -0.002468 89.93062
-1 1501080568.837251 0.000788 0.348009 -0.221804 0.003978 0.999989 -0.002468 89.93062
-1 1501080568.857271 0.000788 0.348009 -0.221804 0.003978 0.999989 -0.002468 89.93062
-1 1501080568.877272 0.0 0.348022 -0.221805 0.004754 0.999984 -0.003221 90.001295
-1 1501080568.897316 0.0 0.348022 -0.221805 0.004754 0.999984 -0.003221 90.001295
-1 1501080568.917530 0.0 0.348022 -0.221805 0.004754 0.999984 -0.003221 90.001295
-1 1501080568.937605 0.000788 0.348009 -0.221804 0.004747 0.999984 -0.003234 89.931003
-1 1501080568.957657 0.000788 0.348009 -0.221804 0.004747 0.999984 -0.003234 89.931003
-1 1501080568.977737 0.000788 0.348009 -0.221804 0.004747 0.999984 -0.003234 89.931003
-1 1501080568.997766 0.001075 0.348007 -0.221804 0.004748 0.999983 -0.00324 89.843131
-1 1501080569.017931 0.001075 0.348007 -0.221804 0.004748 0.999983 -0.00324 89.843131
-1 1501080569.037884 0.001075 0.348007 -0.221804 0.004748 0.999983 -0.00324 89.843131
-1 1501080569.058003 0.000788 0.348009 -0.221804 0.004747 0.999984 -0.003234 89.931003
-1 1501080569.078229 0.000788 0.348009 -0.221804 0.004747 0.999984 -0.003234 89.931003
-1 1501080569.098090 0.000788 0.348011 -0.221804 0.00398 0.999989 -0.002466 89.930618
-1 1501080569.121781 0.000788 0.348011 -0.221804 0.00398 0.999989 -0.002466 89.930618
-1 1501080569.138207 0.000788 0.348011 -0.221804 0.00398 0.999989 -0.002466 89.930618
-1 1501080569.158361 0.000788 0.348008 -0.221804 0.005514 0.999977 -0.004001 89.931455
-1 1501080569.178435 0.000788 0.348008 -0.221804 0.005514 0.999977 -0.004001 89.931455
-1 1501080569.198477 0.000788 0.348008 -0.221804 0.005514 0.999977 -0.004001 89.931455
-1 1501080569.218540 -0.000314 0.348009 -0.221805 0.004741 0.999984 -0.003235 90.018875
-1 1501080569.238704 -0.000314 0.348009 -0.221805 0.004741 0.999984 -0.003235 90.018875
-1 1501080569.258623 -0.000314 0.348009 -0.221805 0.004741 0.999984 -0.003235 90.018875
-1 1501080569.278708 0.000788 0.348011 -0.221804 0.00398 0.999989 -0.002466 89.930618
-1 1501080569.298832 0.000788 0.348011 -0.221804 0.00398 0.999989 -0.002466 89.930618
-1 1501080569.318811 0.000788 0.348011 -0.221804 0.00398 0.999989 -0.002466 89.930618
-1 1501080569.338851 0.000788 0.348011 -0.221804 0.00398 0.999989 -0.002466 89.930618
-1 1501080569.358915 0.000788 0.348011 -0.221804 0.00398 0.999989 -0.002466 89.930618
-1 1501080569.379174 0.000788 0.348011 -0.221804 0.00398 0.999989 -0.002466 89.930618
-1 1501080569.399230 0.000788 0.349111 -0.221802 0.004746 0.999987 -0.001701 89.931003
-1 1501080569.419256 0.000788 0.349111 -0.221802 0.004746 0.999987 -0.001701 89.931003
-1 1501080569.439367 0.000788 0.349111 -0.221802 0.004746 0.999987 -0.001701 89.931003
-1 1501080569.468929 0.000788 0.348007 -0.221804 0.006281 0.999969 -0.004769 89.931976
-1 1501080569.479763 0.000788 0.348007 -0.221804 0.006281 0.999969 -0.004769 89.931976
-1 1501080569.499527 0.000788 0.348007 -0.221804 0.006281 0.999969 -0.004769 89.931976
-1 1501080569.519563 0.000788 0.348009 -0.221804 0.004747 0.999984 -0.003234 89.931003
-1 1501080569.539671 0.000788 0.348009 -0.221804 0.004747 0.999984 -0.003234 89.931003
-1 1501080569.559933 0.000788 0.348009 -0.221804 0.004747 0.999984 -0.003234 89.931003
-1 1501080569.579754 0.000788 0.348009 -0.221804 0.004747 0.999984 -0.003234 89.931003
-1 1501080569.599844 0.000788 0.348009 -0.221804 0.004747 0.999984 -0.003234 89.931003
-1 1501080569.619917 0.000788 0.348009 -0.221804 0.004747 0.999984 -0.003234 89.931003
-1 1501080569.643121 0.000788 0.348007 -0.221804 0.006281 0.999969 -0.004769 89.931976
-1 1501080569.663173 0.000788 0.348007 -0.221804 0.006281 0.999969 -0.004769 89.931976
-1 1501080569.683241 0.000788 0.348007 -0.221804 0.006281 0.999969 -0.004769 89.931976
-1 1501080569.705923 0.000788 0.348009 -0.221804 0.004747 0.999984 -0.003234 89.931003
-1 1501080569.725960 0.000788 0.348009 -0.221804 0.004747 0.999984 -0.003234 89.931003
-1 1501080569.746195 0.000788 0.348009 -0.221804 0.004747 0.999984 -0.003234 89.931003
-1 1501080569.766114 0.000788 0.348009 -0.221804 0.004747 0.999984 -0.003234 89.931003
-1 1501080569.786194 0.000788 0.348009 -0.221804 0.004747 0.999984 -0.003234 89.931003
-1 1501080569.806203 0.000788 0.348009 -0.221804 0.004747 0.999984 -0.003234 89.931003
-1 1501080569.827190 0.001075 0.348007 -0.221804 0.004748 0.999983 -0.00324 89.843131
-1 1501080569.847303 0.001075 0.348007 -0.221804 0.004748 0.999983 -0.00324 89.843131
-1 1501080569.867303 0.001075 0.348007 -0.221804 0.004748 0.999983 -0.00324 89.843131
-1 1501080569.887525 0.000788 0.348009 -0.221804 0.004747 0.999984 -0.003234 89.931003
-1 1501080569.907526 0.000788 0.348009 -0.221804 0.004747 0.999984 -0.003234 89.931003
-1 1501080569.927576 0.000788 0.348009 -0.221804 0.004747 0.999984 -0.003234 89.931003
-1 1501080569.947957 0.000788 0.348007 -0.221804 0.006281 0.999969 -0.004769 89.931976
-1 1501080569.968004 0.000788 0.348007 -0.221804 0.006281 0.999969 -0.004769 89.931976
-1 1501080569.988458 0.000788 0.348007 -0.221804 0.006281 0.999969 -0.004769 89.931976
-1 1501080570.008874 0.000788 0.348009 -0.221804 0.004747 0.999984 -0.003234 89.931003
-1 1501080570.028876 0.000788 0.348009 -0.221804 0.004747 0.999984 -0.003234 89.931003
-1 1501080570.049977 0.000788 0.348009 -0.221804 0.004747 0.999984 -0.003234 89.931003
-1 1501080570.069035 0.000788 0.348012 -0.221804 0.003214 0.999993 -0.001698 89.9303
-1 1501080570.089169 0.000788 0.348012 -0.221804 0.003214 0.999993 -0.001698 89.9303
-1 1501080570.109322 0.000788 0.348012 -0.221804 0.003214 0.999993 -0.001698 89.9303
-1 1501080570.131397 -0.000288 0.348025 -0.221805 0.00552 0.999977 -0.00398 90.089618
-1 1501080570.149262 -0.000288 0.348025 -0.221805 0.00552 0.999977 -0.00398 90.089618
-1 1501080570.169430 -0.000288 0.348025 -0.221805 0.00552 0.999977 -0.00398 90.089618
-1 1501080570.194816 0.001075 0.348007 -0.221804 0.004748 0.999983 -0.00324 89.843131
-1 1501080570.211992 0.001075 0.348007 -0.221804 0.004748 0.999983 -0.00324 89.843131
-1 1501080570.232097 0.001075 0.348007 -0.221804 0.004748 0.999983 -0.00324 89.843131
-1 1501080570.255941 0.000788 0.348009 -0.221804 0.004747 0.999984 -0.003234 89.931003
-1 1501080570.272228 0.000788 0.348009 -0.221804 0.004747 0.999984 -0.003234 89.931003
-1 1501080570.292286 0.000788 0.348009 -0.221804 0.004747 0.999984 -0.003234 89.931003
-1 1501080570.312285 0.000788 0.348009 -0.221804 0.004747 0.999984 -0.003234 89.931003
-1 1501080570.332546 0.000788 0.348009 -0.221804 0.004747 0.999984 -0.003234 89.931003
-1 1501080570.354362 0.000788 0.348009 -0.221804 0.004747 0.999984 -0.003234 89.931003
-1 1501080570.372508 -0.000314 0.348011 -0.221805 0.003975 0.999989 -0.002467 90.01849
-1 1501080570.392540 -0.000314 0.348011 -0.221805 0.003975 0.999989 -0.002467 90.01849
-1 1501080570.412620 -0.000314 0.348011 -0.221805 0.003975 0.999989 -0.002467 90.01849
-1 1501080570.432785 0.000788 0.348008 -0.221804 0.005514 0.999977 -0.004001 89.931455
-1 1501080570.452804 0.000788 0.348008 -0.221804 0.005514 0.999977 -0.004001 89.931455
-1 1501080570.473328 0.000788 0.348008 -0.221804 0.005514 0.999977 -0.004001 89.931455
-1 1501080570.493417 0.000788 0.348008 -0.221804 0.004745 0.999984 -0.003236 89.931005
-1 1501080570.513868 0.000788 0.348008 -0.221804 0.004745 0.999984 -0.003236 89.931005
-1 1501080570.533739 0.000788 0.348008 -0.221804 0.004745 0.999984 -0.003236 89.931005
-1 1501080570.553814 0.000788 0.346906 -0.221805 0.004746 0.999977 -0.004768 89.931005
-1 1501080570.573892 0.000788 0.346906 -0.221805 0.004746 0.999977 -0.004768 89.931005
-1 1501080570.596966 0.000788 0.346906 -0.221805 0.004746 0.999977 -0.004768 89.931005
-1 1501080570.617054 0.001075 0.348007 -0.221804 0.004748 0.999983 -0.00324 89.843131
-1 1501080570.637080 0.001075 0.348007 -0.221804 0.004748 0.999983 -0.00324 89.843131
-1 1501080570.657229 0.001075 0.348007 -0.221804 0.004748 0.999983 -0.00324 89.843131
-1 1501080570.683625 0.001385 0.348001 -0.221803 0.004744 0.999983 -0.003244 89.843117
-1 1501080570.697249 0.001385 0.348001 -0.221803 0.004744 0.999983 -0.003244 89.843117
-1 1501080570.717575 0.001385 0.348001 -0.221803 0.004744 0.999983 -0.003244 89.843117
-1 1501080570.737468 0.000788 0.348009 -0.221804 0.004747 0.999984 -0.003234 89.931003
-1 1501080570.757445 0.000788 0.348009 -0.221804 0.004747 0.999984 -0.003234 89.931003
-1 1501080570.777491 0.000788 0.348009 -0.221804 0.004747 0.999984 -0.003234 89.931003
-1 1501080570.797518 0.000788 0.348006 -0.221804 0.007048 0.99996 -0.005537 89.932563
-1 1501080570.817719 0.000788 0.348006 -0.221804 0.007048 0.99996 -0.005537 89.932563
-1 1501080570.837776 0.000788 0.348006 -0.221804 0.007048 0.99996 -0.005537 89.932563
-1 1501080570.857807 0.000788 0.348009 -0.221804 0.004747 0.999984 -0.003234 89.931003
-1 1501080570.877861 0.000788 0.348009 -0.221804 0.004747 0.999984 -0.003234 89.931003
-1 1501080570.898003 0.000788 0.348009 -0.221804 0.004747 0.999984 -0.003234 89.931003
-1 1501080570.918163 0.000788 0.348008 -0.221804 0.005514 0.999977 -0.004001 89.931455
-1 1501080570.938143 0.000788 0.348008 -0.221804 0.005514 0.999977 -0.004001 89.931455
-1 1501080570.958289 0.000788 0.348008 -0.221804 0.005514 0.999977 -0.004001 89.931455
-1 1501080570.978374 0.000788 0.348009 -0.221804 0.004747 0.999984 -0.003234 89.931003
-1 1501080570.998391 0.000788 0.348009 -0.221804 0.004747 0.999984 -0.003234 89.931003
-1 1501080571.018504 0.000788 0.348009 -0.221804 0.004747 0.999984 -0.003234 89.931003
-1 1501080571.038511 0.000788 0.348009 -0.221804 0.004747 0.999984 -0.003234 89.931003
-1 1501080571.058667 0.000788 0.348009 -0.221804 0.004747 0.999984 -0.003234 89.931003
-1 1501080571.079579 0.000788 0.348009 -0.221804 0.004747 0.999984 -0.003234 89.931003
-1 1501080571.098679 0.000788 0.348008 -0.221804 0.004745 0.999984 -0.003236 89.931005
-1 1501080571.118767 0.000788 0.348008 -0.221804 0.004745 0.999984 -0.003236 89.931005
-1 1501080571.139778 0.000788 0.348008 -0.221804 0.004745 0.999984 -0.003236 89.931005
-1 1501080571.159721 0.000788 0.348009 -0.221804 0.004747 0.999984 -0.003234 89.931003
-1 1501080571.179806 0.000788 0.348009 -0.221804 0.004747 0.999984 -0.003234 89.931003
-1 1501080571.199840 0.000788 0.348009 -0.221804 0.004747 0.999984 -0.003234 89.931003
-1 1501080571.219998 0.000788 0.348008 -0.221804 0.004745 0.999984 -0.003236 89.931005
-1 1501080571.239947 0.000788 0.348008 -0.221804 0.004745 0.999984 -0.003236 89.931005
-1 1501080571.260009 0.000788 0.348008 -0.221804 0.004745 0.999984 -0.003236 89.931005
-1 1501080571.280128 0.001075 0.348007 -0.221804 0.004748 0.999983 -0.00324 89.843131
-1 1501080571.300112 0.001075 0.348007 -0.221804 0.004748 0.999983 -0.00324 89.843131
-1 1501080571.320151 0.001075 0.348007 -0.221804 0.004748 0.999983 -0.00324 89.843131
-1 1501080571.340241 0.000788 0.348009 -0.221804 0.003978 0.999989 -0.002468 89.93062
-1 1501080571.360330 0.000788 0.348009 -0.221804 0.003978 0.999989 -0.002468 89.93062
-1 1501080571.380336 0.000788 0.348009 -0.221804 0.004747 0.999984 -0.003234 89.931003
-1 1501080571.400487 0.000788 0.348009 -0.221804 0.004747 0.999984 -0.003234 89.931003
-1 1501080571.422803 0.000788 0.348009 -0.221804 0.004747 0.999984 -0.003234 89.931003
-1 1501080571.440518 -0.000314 0.349111 -0.221802 0.005509 0.999982 -0.002469 90.019326
-1 1501080571.460691 -0.000314 0.349111 -0.221802 0.005509 0.999982 -0.002469 90.019326
-1 1501080571.480690 -0.000314 0.349111 -0.221802 0.005509 0.999982 -0.002469 90.019326
-1 1501080571.500676 0.000788 0.348008 -0.221804 0.005514 0.999977 -0.004001 89.931455
-1 1501080571.520768 0.000788 0.348008 -0.221804 0.005514 0.999977 -0.004001 89.931455
-1 1501080571.540817 0.000788 0.348008 -0.221804 0.005514 0.999977 -0.004001 89.931455
-1 1501080571.560905 0.000788 0.346907 -0.221805 0.003979 0.999984 -0.004 89.930619
-1 1501080571.581290 0.000788 0.346907 -0.221805 0.003979 0.999984 -0.004 89.930619
-1 1501080571.601045 0.000788 0.346907 -0.221805 0.003979 0.999984 -0.004 89.930619
-1 1501080571.621586 0.000788 0.348011 -0.221804 0.00398 0.999989 -0.002466 89.930618
-1 1501080571.642031 0.000788 0.348011 -0.221804 0.00398 0.999989 -0.002466 89.930618
-1 1501080571.661658 0.000788 0.348011 -0.221804 0.00398 0.999989 -0.002466 89.930618
-1 1501080571.681789 0.000788 0.348009 -0.221804 0.003978 0.999989 -0.002468 89.93062
-1 1501080571.701888 0.000788 0.348009 -0.221804 0.003978 0.999989 -0.002468 89.93062
-1 1501080571.725542 0.000788 0.348009 -0.221804 0.003978 0.999989 -0.002468 89.93062
-1 1501080571.741937 0.001075 0.348007 -0.221804 0.004748 0.999983 -0.00324 89.843131
-1 1501080571.762031 0.001075 0.348007 -0.221804 0.004748 0.999983 -0.00324 89.843131
-1 1501080571.785781 0.001075 0.348007 -0.221804 0.004748 0.999983 -0.00324 89.843131
-1 1501080571.805834 0.000788 0.348009 -0.221804 0.003978 0.999989 -0.002468 89.93062
-1 1501080571.825836 0.000788 0.348009 -0.221804 0.003978 0.999989 -0.002468 89.93062
-1 1501080571.845781 0.000788 0.348009 -0.221804 0.003978 0.999989 -0.002468 89.93062
-1 1501080571.865826 0.000788 0.348008 -0.221804 0.005514 0.999977 -0.004001 89.931455
-1 1501080571.886106 0.000788 0.348008 -0.221804 0.005514 0.999977 -0.004001 89.931455
-1 1501080571.905956 0.000788 0.348008 -0.221804 0.005514 0.999977 -0.004001 89.931455
-1 1501080571.926040 0.001075 0.348005 -0.221804 0.005515 0.999977 -0.004009 89.843584
-1 1501080571.946173 0.001075 0.348005 -0.221804 0.005515 0.999977 -0.004009 89.843584
-1 1501080571.966225 0.001075 0.348005 -0.221804 0.005515 0.999977 -0.004009 89.843584
-1 1501080571.986305 -0.000314 0.348008 -0.221805 0.005507 0.999977 -0.004003 90.019327
-1 1501080572.006263 -0.000314 0.348008 -0.221805 0.005507 0.999977 -0.004003 90.019327
-1 1501080572.026338 -0.000314 0.348008 -0.221805 0.005507 0.999977 -0.004003 90.019327
-1 1501080572.046451 0.001075 0.348007 -0.221804 0.004748 0.999983 -0.00324 89.843131
-1 1501080572.066436 0.001075 0.348007 -0.221804 0.004748 0.999983 -0.00324 89.843131
-1 1501080572.089471 0.001075 0.348007 -0.221804 0.004748 0.999983 -0.00324 89.843131
-1 1501080572.106625 0.001075 0.34801 -0.221804 0.003215 0.999993 -0.001702 89.842427
-1 1501080572.127443 0.001075 0.34801 -0.221804 0.003215 0.999993 -0.001702 89.842427
-1 1501080572.147011 0.001075 0.34801 -0.221804 0.003215 0.999993 -0.001702 89.842427
-1 1501080572.167027 0.001075 0.348007 -0.221804 0.00398 0.999989 -0.002473 89.842747
-1 1501080572.187190 0.001075 0.348007 -0.221804 0.00398 0.999989 -0.002473 89.842747
-1 1501080572.209876 0.001075 0.348007 -0.221804 0.00398 0.999989 -0.002473 89.842747
-1 1501080572.227845 0.000788 0.348009 -0.221804 0.004747 0.999984 -0.003234 89.931003
-1 1501080572.247901 0.000788 0.348009 -0.221804 0.004747 0.999984 -0.003234 89.931003
-1 1501080572.272015 0.000788 0.348009 -0.221804 0.004747 0.999984 -0.003234 89.931003
-1 1501080572.292071 0.000788 0.348011 -0.221804 0.00398 0.999989 -0.002466 89.930618
-1 1501080572.312156 0.000788 0.348011 -0.221804 0.00398 0.999989 -0.002466 89.930618
-1 1501080572.334400 0.000788 0.348011 -0.221804 0.00398 0.999989 -0.002466 89.930618
-1 1501080572.352355 0.001075 0.348007 -0.221804 0.004748 0.999983 -0.00324 89.843131
-1 1501080572.372358 0.001075 0.348007 -0.221804 0.004748 0.999983 -0.00324 89.843131
-1 1501080572.394185 0.001075 0.348007 -0.221804 0.004748 0.999983 -0.00324 89.843131
-1 1501080572.412419 0.000788 0.344923 -0.221802 0.001829 0.999988 -0.004615 89.929905
-1 1501080572.432640 0.000788 0.344923 -0.221802 0.001829 0.999988 -0.004615 89.929905
-1 1501080572.452602 0.000788 0.344923 -0.221802 0.001829 0.999988 -0.004615 89.929905
-1 1501080572.472622 0.000788 0.348009 -0.221804 0.004747 0.999984 -0.003234 89.931003
-1 1501080572.492701 0.000788 0.348009 -0.221804 0.004747 0.999984 -0.003234 89.931003
-1 1501080572.513568 0.000788 0.348009 -0.221804 0.004747 0.999984 -0.003234 89.931003
-1 1501080572.533139 0.000788 0.348009 -0.221804 0.004747 0.999984 -0.003234 89.931003
-1 1501080572.553738 0.000788 0.348009 -0.221804 0.004747 0.999984 -0.003234 89.931003
-1 1501080572.574510 0.000788 0.348009 -0.221804 0.004747 0.999984 -0.003234 89.931003
-1 1501080572.594541 0.000788 0.348008 -0.221804 0.005514 0.999977 -0.004001 89.931455
-1 1501080572.614635 0.000788 0.348008 -0.221804 0.005514 0.999977 -0.004001 89.931455
-1 1501080572.635576 0.000788 0.348008 -0.221804 0.005514 0.999977 -0.004001 89.931455
-1 1501080572.655194 0.000788 0.348009 -0.221804 0.004747 0.999984 -0.003234 89.931003
-1 1501080572.675159 0.000788 0.348009 -0.221804 0.004747 0.999984 -0.003234 89.931003
-1 1501080572.695224 0.000788 0.348009 -0.221804 0.004747 0.999984 -0.003234 89.931003
-1 1501080572.715310 0.000788 0.348009 -0.221804 0.004747 0.999984 -0.003234 89.931003
-1 1501080572.735331 0.000788 0.348009 -0.221804 0.004747 0.999984 -0.003234 89.931003
-1 1501080572.755408 0.000788 0.348009 -0.221804 0.004747 0.999984 -0.003234 89.931003
-1 1501080572.775467 0.000788 0.348009 -0.221804 0.004747 0.999984 -0.003234 89.931003
-1 1501080572.795511 0.000788 0.348009 -0.221804 0.004747 0.999984 -0.003234 89.931003
-1 1501080572.816533 0.000788 0.348009 -0.221804 0.004747 0.999984 -0.003234 89.931003
-1 1501080572.835742 -0.000314 0.348009 -0.221805 0.004741 0.999984 -0.003235 90.018875
-1 1501080572.856144 -0.000314 0.348009 -0.221805 0.004741 0.999984 -0.003235 90.018875
-1 1501080572.876042 -0.000314 0.348009 -0.221805 0.004741 0.999984 -0.003235 90.018875
-1 1501080572.896132 0.000788 0.348009 -0.221804 0.004747 0.999984 -0.003234 89.931003
-1 1501080572.916469 0.000788 0.348009 -0.221804 0.004747 0.999984 -0.003234 89.931003
-1 1501080572.936418 0.000788 0.348009 -0.221804 0.004747 0.999984 -0.003234 89.931003
-1 1501080572.957059 0.000788 0.348009 -0.221804 0.003978 0.999989 -0.002468 89.93062
-1 1501080572.977088 0.000788 0.348009 -0.221804 0.003978 0.999989 -0.002468 89.93062
-1 1501080572.997150 0.000788 0.348009 -0.221804 0.003978 0.999989 -0.002468 89.93062
-1 1501080573.017591 0.000788 0.348009 -0.221804 0.004747 0.999984 -0.003234 89.931003
-1 1501080573.037518 0.000788 0.348009 -0.221804 0.004747 0.999984 -0.003234 89.931003
-1 1501080573.057442 0.000788 0.348009 -0.221804 0.004747 0.999984 -0.003234 89.931003
-1 1501080573.077530 0.001075 0.348005 -0.221804 0.004746 0.999983 -0.003242 89.843133
-1 1501080573.097534 0.001075 0.348005 -0.221804 0.004746 0.999983 -0.003242 89.843133
-1 1501080573.117586 0.001075 0.348005 -0.221804 0.004746 0.999983 -0.003242 89.843133
-1 1501080573.137618 0.000788 0.348007 -0.221804 0.006281 0.999969 -0.004769 89.931976
-1 1501080573.157738 0.000788 0.348007 -0.221804 0.006281 0.999969 -0.004769 89.931976
-1 1501080573.177752 0.000788 0.348007 -0.221804 0.006281 0.999969 -0.004769 89.931976
-1 1501080573.197798 0.000788 0.348009 -0.221804 0.004747 0.999984 -0.003234 89.931003
-1 1501080573.221945 0.000788 0.348009 -0.221804 0.004747 0.999984 -0.003234 89.931003
-1 1501080573.237948 0.000788 0.348009 -0.221804 0.004747 0.999984 -0.003234 89.931003
-1 1501080573.258210 0.000788 0.348011 -0.221804 0.00398 0.999989 -0.002466 89.930618
-1 1501080573.278137 0.000788 0.348011 -0.221804 0.00398 0.999989 -0.002466 89.930618
-1 1501080573.298198 0.000788 0.348011 -0.221804 0.00398 0.999989 -0.002466 89.930618
-1 1501080573.318266 0.001075 0.348005 -0.221804 0.005515 0.999977 -0.004009 89.843584
-1 1501080573.340515 0.001075 0.348005 -0.221804 0.005515 0.999977 -0.004009 89.843584
-1 1501080573.360471 0.001075 0.348005 -0.221804 0.005515 0.999977 -0.004009 89.843584
-1 1501080573.380555 0.000788 0.348008 -0.221804 0.005514 0.999977 -0.004001 89.931455
-1 1501080573.400747 0.000788 0.348008 -0.221804 0.005514 0.999977 -0.004001 89.931455
-1 1501080573.420710 0.000788 0.348008 -0.221804 0.005514 0.999977 -0.004001 89.931455
-1 1501080573.440737 0.000788 0.348008 -0.221804 0.005514 0.999977 -0.004001 89.931455
-1 1501080573.460818 0.000788 0.348008 -0.221804 0.005514 0.999977 -0.004001 89.931455
-1 1501080573.480899 0.000788 0.348008 -0.221804 0.005514 0.999977 -0.004001 89.931455
-1 1501080573.500954 0.000788 0.348009 -0.221804 0.004747 0.999984 -0.003234 89.931003
-1 1501080573.521048 0.000788 0.348009 -0.221804 0.004747 0.999984 -0.003234 89.931003
-1 1501080573.541078 0.000788 0.348009 -0.221804 0.004747 0.999984 -0.003234 89.931003
-1 1501080573.561306 0.000788 0.348013 -0.221804 0.002447 0.999997 -0.00093 89.93005
-1 1501080573.581649 0.000788 0.348013 -0.221804 0.002447 0.999997 -0.00093 89.93005
-1 1501080573.601743 0.000788 0.348008 -0.221804 0.005514 0.999977 -0.004001 89.931455
-1 1501080573.621808 0.000788 0.348008 -0.221804 0.005514 0.999977 -0.004001 89.931455
-1 1501080573.641788 0.000788 0.348008 -0.221804 0.005514 0.999977 -0.004001 89.931455
-1 1501080573.661959 0.001075 0.348007 -0.221804 0.004748 0.999983 -0.00324 89.843131
-1 1501080573.682484 0.001075 0.348007 -0.221804 0.004748 0.999983 -0.00324 89.843131
-1 1501080573.704894 0.001075 0.348007 -0.221804 0.004748 0.999983 -0.00324 89.843131
-1 1501080573.722660 0.000788 0.348008 -0.221804 0.005514 0.999977 -0.004001 89.931455
-1 1501080573.742702 0.000788 0.348008 -0.221804 0.005514 0.999977 -0.004001 89.931455
-1 1501080573.762774 0.000788 0.348008 -0.221804 0.005514 0.999977 -0.004001 89.931455
-1 1501080573.782807 0.000788 0.348006 -0.221804 0.007048 0.99996 -0.005537 89.932563
-1 1501080573.802888 0.000788 0.348006 -0.221804 0.007048 0.99996 -0.005537 89.932563
-1 1501080573.823091 0.000788 0.348006 -0.221804 0.007048 0.99996 -0.005537 89.932563
-1 1501080573.843146 0.000788 0.348009 -0.221804 0.004747 0.999984 -0.003234 89.931003
-1 1501080573.863369 0.000788 0.348009 -0.221804 0.004747 0.999984 -0.003234 89.931003
-1 1501080573.883273 0.000788 0.348009 -0.221804 0.004747 0.999984 -0.003234 89.931003
-1 1501080573.903276 0.000788 0.348009 -0.221804 0.003978 0.999989 -0.002468 89.93062
-1 1501080573.923470 0.000788 0.348009 -0.221804 0.003978 0.999989 -0.002468 89.93062
-1 1501080573.943483 0.000788 0.348009 -0.221804 0.003978 0.999989 -0.002468 89.93062
-1 1501080573.963537 -0.000027 0.348004 -0.221805 0.006273 0.999969 -0.004779 89.931976
-1 1501080573.984453 -0.000027 0.348004 -0.221805 0.006273 0.999969 -0.004779 89.931976
-1 1501080574.004614 -0.000027 0.348004 -0.221805 0.006273 0.999969 -0.004779 89.931976
-1 1501080574.024644 0.000788 0.348009 -0.221804 0.004747 0.999984 -0.003234 89.931003
-1 1501080574.048502 0.000788 0.348009 -0.221804 0.004747 0.999984 -0.003234 89.931003
-1 1501080574.065619 0.000788 0.348009 -0.221804 0.004747 0.999984 -0.003234 89.931003
-1 1501080574.085647 0.000788 0.348011 -0.221804 0.00398 0.999989 -0.002466 89.930618
-1 1501080574.105606 0.000788 0.348011 -0.221804 0.00398 0.999989 -0.002466 89.930618
-1 1501080574.125665 0.000788 0.348011 -0.221804 0.00398 0.999989 -0.002466 89.930618
-1 1501080574.145793 0.000788 0.348009 -0.221804 0.004747 0.999984 -0.003234 89.931003
-1 1501080574.165838 0.000788 0.348009 -0.221804 0.004747 0.999984 -0.003234 89.931003
-1 1501080574.185901 0.000788 0.348009 -0.221804 0.004747 0.999984 -0.003234 89.931003
-1 1501080574.205916 0.000788 0.348008 -0.221804 0.005514 0.999977 -0.004001 89.931455
-1 1501080574.226026 0.000788 0.348008 -0.221804 0.005514 0.999977 -0.004001 89.931455
-1 1501080574.246044 0.000788 0.348008 -0.221804 0.005514 0.999977 -0.004001 89.931455
-1 1501080574.266142 0.000788 0.349111 -0.221802 0.004746 0.999987 -0.001701 89.931003
-1 1501080574.286305 0.000788 0.349111 -0.221802 0.004746 0.999987 -0.001701 89.931003
-1 1501080574.306347 0.000788 0.349111 -0.221802 0.004746 0.999987 -0.001701 89.931003
-1 1501080574.330635 0.000788 0.349111 -0.221802 0.004746 0.999987 -0.001701 89.931003
-1 1501080574.346399 -0.000314 0.348008 -0.221805 0.005507 0.999977 -0.004003 90.019327
-1 1501080574.366463 -0.000314 0.348008 -0.221805 0.005507 0.999977 -0.004003 90.019327
-1 1501080574.389401 -0.000027 0.34801 -0.221804 0.003211 0.999993 -0.001703 89.9303
-1 1501080574.408276 -0.000027 0.34801 -0.221804 0.003211 0.999993 -0.001703 89.9303
-1 1501080574.426979 -0.000027 0.34801 -0.221804 0.003211 0.999993 -0.001703 89.9303
-1 1501080574.447048 0.000788 0.346906 -0.221805 0.004746 0.999977 -0.004768 89.931005
-1 1501080574.467978 0.000788 0.346906 -0.221805 0.004746 0.999977 -0.004768 89.931005
-1 1501080574.487963 0.000788 0.346906 -0.221805 0.004746 0.999977 -0.004768 89.931005
-1 1501080574.508039 0.000788 0.348008 -0.221804 0.005514 0.999977 -0.004001 89.931455
-1 1501080574.529897 0.000788 0.348008 -0.221804 0.005514 0.999977 -0.004001 89.931455
-1 1501080574.549994 0.000788 0.348008 -0.221804 0.005514 0.999977 -0.004001 89.931455
-1 1501080574.570610 -0.000288 0.348024 -0.221805 0.004753 0.999984 -0.003215 90.089167
-1 1501080574.593251 -0.000288 0.348024 -0.221805 0.004753 0.999984 -0.003215 90.089167
-1 1501080574.610766 -0.000288 0.348024 -0.221805 0.004753 0.999984 -0.003215 90.089167
-1 1501080574.630782 0.000788 0.346907 -0.221805 0.003979 0.999984 -0.004 89.930619
-1 1501080574.651117 0.000788 0.346907 -0.221805 0.003979 0.999984 -0.004 89.930619
-1 1501080574.671191 0.000788 0.346907 -0.221805 0.003979 0.999984 -0.004 89.930619
-1 1501080574.691288 0.000788 0.348009 -0.221804 0.004747 0.999984 -0.003234 89.931003
-1 1501080574.712781 0.000788 0.348009 -0.221804 0.004747 0.999984 -0.003234 89.931003
-1 1501080574.732844 0.000788 0.348009 -0.221804 0.004747 0.999984 -0.003234 89.931003
-1 1501080574.752899 0.0 0.348022 -0.221805 0.004754 0.999984 -0.003221 90.001295
-1 1501080574.773050 0.0 0.348022 -0.221805 0.004754 0.999984 -0.003221 90.001295
-1 1501080574.793052 0.0 0.348022 -0.221805 0.004754 0.999984 -0.003221 90.001295
-1 1501080574.813146 0.000788 0.348008 -0.221804 0.005514 0.999977 -0.004001 89.931455
-1 1501080574.833166 0.000788 0.348008 -0.221804 0.005514 0.999977 -0.004001 89.931455
-1 1501080574.853237 0.000788 0.348008 -0.221804 0.005514 0.999977 -0.004001 89.931455
-1 1501080574.873598 0.001075 0.348007 -0.221804 0.004748 0.999983 -0.00324 89.843131
-1 1501080574.897418 0.001075 0.348007 -0.221804 0.004748 0.999983 -0.00324 89.843131
-1 1501080574.914301 0.001075 0.348007 -0.221804 0.004748 0.999983 -0.00324 89.843131
-1 1501080574.934405 0.000788 0.348009 -0.221804 0.004747 0.999984 -0.003234 89.931003
-1 1501080574.954383 0.000788 0.348009 -0.221804 0.004747 0.999984 -0.003234 89.931003
-1 1501080574.974465 0.000788 0.348009 -0.221804 0.004747 0.999984 -0.003234 89.931003
-1 1501080574.994534 0.000788 0.346907 -0.221805 0.003979 0.999984 -0.004 89.930619
-1 1501080575.014605 0.000788 0.346907 -0.221805 0.003979 0.999984 -0.004 89.930619
-1 1501080575.034633 0.000788 0.346907 -0.221805 0.003979 0.999984 -0.004 89.930619
-1 1501080575.054684 0.000788 0.348008 -0.221804 0.005514 0.999977 -0.004001 89.931455
-1 1501080575.074815 0.000788 0.348008 -0.221804 0.005514 0.999977 -0.004001 89.931455
-1 1501080575.094870 0.000788 0.348008 -0.221804 0.005514 0.999977 -0.004001 89.931455
-1 1501080575.115170 0.000788 0.348009 -0.221804 0.004747 0.999984 -0.003234 89.931003
-1 1501080575.134926 0.000788 0.348009 -0.221804 0.004747 0.999984 -0.003234 89.931003
-1 1501080575.155024 0.000788 0.348009 -0.221804 0.004747 0.999984 -0.003234 89.931003
-1 1501080575.175386 0.000788 0.34801 -0.221804 0.003212 0.999993 -0.0017 89.930302
-1 1501080575.195108 0.000788 0.34801 -0.221804 0.003212 0.999993 -0.0017 89.930302
-1 1501080575.215187 0.000788 0.34801 -0.221804 0.003212 0.999993 -0.0017 89.930302
-1 1501080575.241462 0.000788 0.348011 -0.221804 0.00398 0.999989 -0.002466 89.930618
-1 1501080575.255473 0.000788 0.348011 -0.221804 0.00398 0.999989 -0.002466 89.930618
-1 1501080575.275315 0.000788 0.348011 -0.221804 0.00398 0.999989 -0.002466 89.930618
-1 1501080575.304319 0.000788 0.348009 -0.221804 0.004747 0.999984 -0.003234 89.931003
-1 1501080575.318647 0.000788 0.348009 -0.221804 0.004747 0.999984 -0.003234 89.931003
-1 1501080575.337833 0.000788 0.348009 -0.221804 0.004747 0.999984 -0.003234 89.931003
-1 1501080575.357916 0.001075 0.348007 -0.221804 0.004748 0.999983 -0.00324 89.843131
-1 1501080575.377777 0.001075 0.348007 -0.221804 0.004748 0.999983 -0.00324 89.843131
-1 1501080575.397875 0.001075 0.348007 -0.221804 0.004748 0.999983 -0.00324 89.843131
-1 1501080575.418043 0.000788 0.348009 -0.221804 0.004747 0.999984 -0.003234 89.931003
-1 1501080575.438013 0.000788 0.348009 -0.221804 0.004747 0.999984 -0.003234 89.931003
-1 1501080575.458127 0.000788 0.348009 -0.221804 0.004747 0.999984 -0.003234 89.931003
-1 1501080575.478142 0.000788 0.348008 -0.221804 0.004745 0.999984 -0.003236 89.931005
-1 1501080575.501805 0.000788 0.348008 -0.221804 0.004745 0.999984 -0.003236 89.931005
-1 1501080575.521950 0.000788 0.348008 -0.221804 0.004745 0.999984 -0.003236 89.931005
-1 1501080575.541909 0.000788 0.348009 -0.221804 0.004747 0.999984 -0.003234 89.931003
-1 1501080575.561965 0.000788 0.348009 -0.221804 0.004747 0.999984 -0.003234 89.931003
-1 1501080575.582021 0.000788 0.348009 -0.221804 0.004747 0.999984 -0.003234 89.931003
-1 1501080575.610873 0.000788 0.348009 -0.221804 0.004747 0.999984 -0.003234 89.931003
-1 1501080575.622135 0.000788 0.348009 -0.221804 0.004747 0.999984 -0.003234 89.931003
-1 1501080575.642160 0.000788 0.348009 -0.221804 0.004747 0.999984 -0.003234 89.931003
-1 1501080575.662424 0.000788 0.348009 -0.221804 0.004747 0.999984 -0.003234 89.931003
-1 1501080575.682492 0.000788 0.348009 -0.221804 0.004747 0.999984 -0.003234 89.931003
-1 1501080575.702470 0.000788 0.348009 -0.221804 0.004747 0.999984 -0.003234 89.931003
-1 1501080575.722477 0.001075 0.348007 -0.221804 0.004748 0.999983 -0.00324 89.843131
-1 1501080575.746428 0.001075 0.348007 -0.221804 0.004748 0.999983 -0.00324 89.843131
-1 1501080575.766461 0.001075 0.348007 -0.221804 0.004748 0.999983 -0.00324 89.843131
-1 1501080575.786739 0.001075 0.348007 -0.221804 0.004748 0.999983 -0.00324 89.843131
-1 1501080575.806551 0.001075 0.348007 -0.221804 0.004748 0.999983 -0.00324 89.843131
-1 1501080575.833427 0.000788 0.348011 -0.221804 0.00398 0.999989 -0.002466 89.930618
-1 1501080575.846715 0.000788 0.348011 -0.221804 0.00398 0.999989 -0.002466 89.930618
-1 1501080575.866743 0.000788 0.348011 -0.221804 0.00398 0.999989 -0.002466 89.930618
-1 1501080575.886870 0.000788 0.348009 -0.221804 0.004747 0.999984 -0.003234 89.931003
-1 1501080575.906857 0.000788 0.348009 -0.221804 0.004747 0.999984 -0.003234 89.931003
-1 1501080575.927132 0.000788 0.348009 -0.221804 0.004747 0.999984 -0.003234 89.931003
-1 1501080575.946990 0.000788 0.348008 -0.221804 0.005514 0.999977 -0.004001 89.931455
-1 1501080575.968635 0.000788 0.348008 -0.221804 0.005514 0.999977 -0.004001 89.931455
-1 1501080575.987216 0.000788 0.348008 -0.221804 0.005514 0.999977 -0.004001 89.931455
-1 1501080576.007243 0.000788 0.348008 -0.221804 0.004745 0.999984 -0.003236 89.931005
-1 1501080576.027288 0.000788 0.348008 -0.221804 0.004745 0.999984 -0.003236 89.931005
-1 1501080576.047317 0.000788 0.348008 -0.221804 0.004745 0.999984 -0.003236 89.931005
-1 1501080576.067350 0.001075 0.348005 -0.221804 0.005515 0.999977 -0.004009 89.843584
-1 1501080576.088683 0.001075 0.348005 -0.221804 0.005515 0.999977 -0.004009 89.843584
-1 1501080576.107466 0.001075 0.348005 -0.221804 0.005515 0.999977 -0.004009 89.843584
-1 1501080576.133133 0.001075 0.348007 -0.221804 0.00398 0.999989 -0.002473 89.842747
-1 1501080576.147568 0.001075 0.348007 -0.221804 0.00398 0.999989 -0.002473 89.842747
-1 1501080576.167616 0.001075 0.348007 -0.221804 0.00398 0.999989 -0.002473 89.842747
-1 1501080576.189227 0.000788 0.348008 -0.221804 0.005514 0.999977 -0.004001 89.931455
-1 1501080576.208555 0.000788 0.348008 -0.221804 0.005514 0.999977 -0.004001 89.931455
-1 1501080576.228570 0.000788 0.348008 -0.221804 0.005514 0.999977 -0.004001 89.931455
-1 1501080576.248717 -0.000314 0.348008 -0.221805 0.005507 0.999977 -0.004003 90.019327
-1 1501080576.268714 -0.000314 0.348008 -0.221805 0.005507 0.999977 -0.004003 90.019327
-1 1501080576.288798 -0.000314 0.348008 -0.221805 0.005507 0.999977 -0.004003 90.019327
-1 1501080576.308769 0.000788 0.348009 -0.221804 0.004747 0.999984 -0.003234 89.931003
-1 1501080576.329581 0.000788 0.348009 -0.221804 0.004747 0.999984 -0.003234 89.931003
-1 1501080576.348979 0.000788 0.348009 -0.221804 0.004747 0.999984 -0.003234 89.931003
-1 1501080576.369029 0.000788 0.348009 -0.221804 0.004747 0.999984 -0.003234 89.931003
-1 1501080576.389105 0.000788 0.348009 -0.221804 0.004747 0.999984 -0.003234 89.931003
-1 1501080576.409134 0.000788 0.348009 -0.221804 0.004747 0.999984 -0.003234 89.931003
-1 1501080576.429293 0.000788 0.348008 -0.221804 0.005514 0.999977 -0.004001 89.931455
-1 1501080576.450974 0.000788 0.348008 -0.221804 0.005514 0.999977 -0.004001 89.931455
-1 1501080576.469474 0.000788 0.348008 -0.221804 0.005514 0.999977 -0.004001 89.931455
-1 1501080576.489512 0.000788 0.348012 -0.221804 0.003214 0.999993 -0.001698 89.9303
-1 1501080576.509527 0.000788 0.348012 -0.221804 0.003214 0.999993 -0.001698 89.9303
-1 1501080576.529594 0.000788 0.348012 -0.221804 0.003214 0.999993 -0.001698 89.9303
-1 1501080576.549694 0.000788 0.348009 -0.221804 0.004747 0.999984 -0.003234 89.931003
-1 1501080576.569720 0.000788 0.348009 -0.221804 0.004747 0.999984 -0.003234 89.931003
-1 1501080576.589777 0.000788 0.348009 -0.221804 0.004747 0.999984 -0.003234 89.931003
-1 1501080576.613652 -0.000288 0.348025 -0.221805 0.00552 0.999977 -0.00398 90.089618
-1 1501080576.634785 -0.000288 0.348025 -0.221805 0.00552 0.999977 -0.00398 90.089618
-1 1501080576.654142 -0.000288 0.348025 -0.221805 0.00552 0.999977 -0.00398 90.089618
-1 1501080576.674289 0.000788 0.348009 -0.221804 0.004747 0.999984 -0.003234 89.931003
-1 1501080576.694232 0.000788 0.348009 -0.221804 0.004747 0.999984 -0.003234 89.931003
-1 1501080576.714300 0.000788 0.348009 -0.221804 0.004747 0.999984 -0.003234 89.931003
-1 1501080576.734395 0.000788 0.348008 -0.221804 0.004745 0.999984 -0.003236 89.931005
-1 1501080576.755640 0.000788 0.348008 -0.221804 0.004745 0.999984 -0.003236 89.931005
-1 1501080576.774519 0.000788 0.348008 -0.221804 0.004745 0.999984 -0.003236 89.931005
-1 1501080576.794559 0.000788 0.348012 -0.221804 0.003214 0.999993 -0.001698 89.9303
-1 1501080576.814619 0.000788 0.348012 -0.221804 0.003214 0.999993 -0.001698 89.9303
-1 1501080576.834764 0.000788 0.348012 -0.221804 0.003214 0.999993 -0.001698 89.9303
-1 1501080576.855513 0.000788 0.348008 -0.221804 0.005514 0.999977 -0.004001 89.931455
-1 1501080576.875460 0.000788 0.348008 -0.221804 0.005514 0.999977 -0.004001 89.931455
-1 1501080576.895493 0.000788 0.348008 -0.221804 0.005514 0.999977 -0.004001 89.931455
-1 1501080576.916960 -0.00139 0.348025 -0.221804 0.005513 0.999977 -0.003981 90.177489
-1 1501080576.936919 -0.00139 0.348025 -0.221804 0.005513 0.999977 -0.003981 90.177489
-1 1501080576.957010 -0.00139 0.348025 -0.221804 0.005513 0.999977 -0.003981 90.177489
-1 1501080576.978426 0.000788 0.348009 -0.221804 0.004747 0.999984 -0.003234 89.931003
-1 1501080576.997396 0.000788 0.348009 -0.221804 0.004747 0.999984 -0.003234 89.931003
-1 1501080577.017279 0.000788 0.348009 -0.221804 0.004747 0.999984 -0.003234 89.931003
-1 1501080577.037231 0.000788 0.348009 -0.221804 0.004747 0.999984 -0.003234 89.931003
-1 1501080577.057382 0.000788 0.348009 -0.221804 0.004747 0.999984 -0.003234 89.931003
-1 1501080577.077425 0.000788 0.348009 -0.221804 0.004747 0.999984 -0.003234 89.931003
-1 1501080577.097428 0.000788 0.348008 -0.221804 0.005514 0.999977 -0.004001 89.931455
-1 1501080577.117581 0.000788 0.348008 -0.221804 0.005514 0.999977 -0.004001 89.931455
-1 1501080577.137680 0.000788 0.348008 -0.221804 0.005514 0.999977 -0.004001 89.931455
-1 1501080577.158042 0.001075 0.348005 -0.221804 0.005515 0.999977 -0.004009 89.843584
-1 1501080577.177700 0.001075 0.348005 -0.221804 0.005515 0.999977 -0.004009 89.843584
-1 1501080577.197784 0.001075 0.348005 -0.221804 0.005515 0.999977 -0.004009 89.843584
-1 1501080577.217915 0.001075 0.346905 -0.221805 0.003979 0.999984 -0.004007 89.842747
-1 1501080577.237892 0.001075 0.346905 -0.221805 0.003979 0.999984 -0.004007 89.842747
-1 1501080577.258292 0.001075 0.346905 -0.221805 0.003979 0.999984 -0.004007 89.842747
-1 1501080577.278208 0.000788 0.348008 -0.221804 0.005514 0.999977 -0.004001 89.931455
-1 1501080577.298253 0.000788 0.348008 -0.221804 0.005514 0.999977 -0.004001 89.931455
-1 1501080577.318967 0.000788 0.348008 -0.221804 0.005514 0.999977 -0.004001 89.931455
-1 1501080577.338368 0.000788 0.348009 -0.221804 0.004747 0.999984 -0.003234 89.931003
-1 1501080577.358398 0.000788 0.348009 -0.221804 0.004747 0.999984 -0.003234 89.931003
-1 1501080577.379165 0.000788 0.348009 -0.221804 0.004747 0.999984 -0.003234 89.931003
-1 1501080577.399185 0.000788 0.346905 -0.221805 0.005513 0.999969 -0.005536 89.931457
-1 1501080577.419223 0.000788 0.346905 -0.221805 0.005513 0.999969 -0.005536 89.931457
-1 1501080577.441406 0.000788 0.346905 -0.221805 0.005513 0.999969 -0.005536 89.931457
-1 1501080577.459429 0.001075 0.348005 -0.221804 0.005515 0.999977 -0.004009 89.843584
-1 1501080577.479460 0.001075 0.348005 -0.221804 0.005515 0.999977 -0.004009 89.843584
-1 1501080577.501439 0.001075 0.348005 -0.221804 0.005515 0.999977 -0.004009 89.843584
-1 1501080577.519534 0.000788 0.346904 -0.221805 0.00628 0.99996 -0.006304 89.931978
-1 1501080577.539599 0.000788 0.346904 -0.221805 0.00628 0.99996 -0.006304 89.931978
-1 1501080577.564983 0.000788 0.346904 -0.221805 0.00628 0.99996 -0.006304 89.931978
-1 1501080577.580753 0.000788 0.348008 -0.221804 0.005514 0.999977 -0.004001 89.931455
-1 1501080577.600814 0.000788 0.348008 -0.221804 0.005514 0.999977 -0.004001 89.931455
-1 1501080577.621474 0.000788 0.348008 -0.221804 0.005514 0.999977 -0.004001 89.931455
-1 1501080577.641087 0.000788 0.348007 -0.221804 0.006281 0.999969 -0.004769 89.931976
-1 1501080577.661104 0.000788 0.348007 -0.221804 0.006281 0.999969 -0.004769 89.931976
-1 1501080577.681156 0.000788 0.348007 -0.221804 0.006281 0.999969 -0.004769 89.931976
-1 1501080577.701474 0.001075 0.348007 -0.221804 0.004748 0.999983 -0.00324 89.843131
-1 1501080577.721407 0.001075 0.348007 -0.221804 0.004748 0.999983 -0.00324 89.843131
-1 1501080577.741288 0.001075 0.348007 -0.221804 0.004748 0.999983 -0.00324 89.843131
-1 1501080577.761376 0.000788 0.348007 -0.221804 0.006281 0.999969 -0.004769 89.931976
-1 1501080577.781467 0.000788 0.348007 -0.221804 0.006281 0.999969 -0.004769 89.931976
-1 1501080577.801613 0.000788 0.348007 -0.221804 0.006281 0.999969 -0.004769 89.931976
-1 1501080577.821766 0.000788 0.348007 -0.221804 0.006281 0.999969 -0.004769 89.931976
-1 1501080577.841713 0.000788 0.348007 -0.221804 0.006281 0.999969 -0.004769 89.931976
-1 1501080577.865547 0.001075 0.348009 -0.221804 0.003982 0.999989 -0.002471 89.842745
-1 1501080577.885722 0.001075 0.348009 -0.221804 0.003982 0.999989 -0.002471 89.842745
-1 1501080577.905686 0.001075 0.348009 -0.221804 0.003982 0.999989 -0.002471 89.842745
-1 1501080577.932734 0.000788 0.34801 -0.221804 0.003212 0.999993 -0.0017 89.930302
-1 1501080577.953843 0.000788 0.34801 -0.221804 0.003212 0.999993 -0.0017 89.930302
-1 1501080577.973018 0.000788 0.34801 -0.221804 0.003212 0.999993 -0.0017 89.930302
-1 1501080577.994046 0.000788 0.348011 -0.221804 0.00398 0.999989 -0.002466 89.930618
-1 1501080578.017501 0.000788 0.348011 -0.221804 0.00398 0.999989 -0.002466 89.930618
-1 1501080578.033678 0.000788 0.348011 -0.221804 0.00398 0.999989 -0.002466 89.930618
-1 1501080578.054114 0.000788 0.348009 -0.221804 0.004747 0.999984 -0.003234 89.931003
-1 1501080578.076705 0.000788 0.348009 -0.221804 0.004747 0.999984 -0.003234 89.931003
-1 1501080578.096221 0.000788 0.348009 -0.221804 0.004747 0.999984 -0.003234 89.931003
-1 1501080578.116284 0.000788 0.348008 -0.221804 0.005514 0.999977 -0.004001 89.931455
-1 1501080578.141655 0.000788 0.348008 -0.221804 0.005514 0.999977 -0.004001 89.931455
-1 1501080578.161639 0.000788 0.348008 -0.221804 0.005514 0.999977 -0.004001 89.931455
-1 1501080578.181834 0.001075 0.348005 -0.221804 0.005515 0.999977 -0.004009 89.843584
-1 1501080578.201757 0.001075 0.348005 -0.221804 0.005515 0.999977 -0.004009 89.843584
-1 1501080578.222037 0.001075 0.348005 -0.221804 0.005515 0.999977 -0.004009 89.843584
-1 1501080578.242645 -0.000314 0.348008 -0.221805 0.005507 0.999977 -0.004003 90.019327
-1 1501080578.262043 -0.000314 0.348008 -0.221805 0.005507 0.999977 -0.004003 90.019327
-1 1501080578.282156 -0.000314 0.348008 -0.221805 0.005507 0.999977 -0.004003 90.019327
-1 1501080578.302184 0.000788 0.348009 -0.221804 0.004747 0.999984 -0.003234 89.931003
-1 1501080578.322447 0.000788 0.348009 -0.221804 0.004747 0.999984 -0.003234 89.931003
-1 1501080578.342297 0.000788 0.348009 -0.221804 0.004747 0.999984 -0.003234 89.931003
-1 1501080578.362381 0.000788 0.348009 -0.221804 0.004747 0.999984 -0.003234 89.931003
-1 1501080578.383380 0.000788 0.348009 -0.221804 0.004747 0.999984 -0.003234 89.931003
-1 1501080578.402457 0.000788 0.348009 -0.221804 0.004747 0.999984 -0.003234 89.931003
-1 1501080578.422565 0.001075 0.348007 -0.221804 0.004748 0.999983 -0.00324 89.843131
-1 1501080578.449422 0.001075 0.348007 -0.221804 0.004748 0.999983 -0.00324 89.843131
-1 1501080578.464407 0.001075 0.348007 -0.221804 0.004748 0.999983 -0.00324 89.843131
-1 1501080578.484343 0.000788 0.348008 -0.221804 0.005514 0.999977 -0.004001 89.931455
-1 1501080578.504395 0.000788 0.348008 -0.221804 0.005514 0.999977 -0.004001 89.931455
-1 1501080578.524543 0.000788 0.348008 -0.221804 0.005514 0.999977 -0.004001 89.931455
-1 1501080578.544539 0.000788 0.348011 -0.221804 0.00398 0.999989 -0.002466 89.930618
-1 1501080578.566056 0.000788 0.348011 -0.221804 0.00398 0.999989 -0.002466 89.930618
-1 1501080578.584641 0.000788 0.348011 -0.221804 0.00398 0.999989 -0.002466 89.930618
-1 1501080578.606070 0.000788 0.348009 -0.221804 0.004747 0.999984 -0.003234 89.931003
-1 1501080578.624891 0.000788 0.348009 -0.221804 0.004747 0.999984 -0.003234 89.931003
-1 1501080578.644924 0.000788 0.348011 -0.221804 0.00398 0.999989 -0.002466 89.930618
-1 1501080578.664992 0.000788 0.348011 -0.221804 0.00398 0.999989 -0.002466 89.930618
-1 1501080578.685424 0.000788 0.348011 -0.221804 0.00398 0.999989 -0.002466 89.930618
-1 1501080578.705110 0.000788 0.348009 -0.221804 0.004747 0.999984 -0.003234 89.931003
-1 1501080578.725941 0.000788 0.348009 -0.221804 0.004747 0.999984 -0.003234 89.931003
-1 1501080578.745685 0.000788 0.348009 -0.221804 0.004747 0.999984 -0.003234 89.931003
-1 1501080578.765708 0.000788 0.348008 -0.221804 0.005514 0.999977 -0.004001 89.931455
-1 1501080578.786868 0.000788 0.348008 -0.221804 0.005514 0.999977 -0.004001 89.931455
-1 1501080578.806061 0.000788 0.348008 -0.221804 0.005514 0.999977 -0.004001 89.931455
-1 1501080578.826114 0.001075 0.348005 -0.221804 0.005515 0.999977 -0.004009 89.843584
-1 1501080578.846223 0.001075 0.348005 -0.221804 0.005515 0.999977 -0.004009 89.843584
-1 1501080578.866348 0.001075 0.348005 -0.221804 0.005515 0.999977 -0.004009 89.843584
-1 1501080578.886285 0.000788 0.348009 -0.221804 0.004747 0.999984 -0.003234 89.931003
-1 1501080578.907323 0.000788 0.348009 -0.221804 0.004747 0.999984 -0.003234 89.931003
-1 1501080578.927298 0.000788 0.348009 -0.221804 0.004747 0.999984 -0.003234 89.931003
-1 1501080578.947320 0.000788 0.348008 -0.221804 0.005514 0.999977 -0.004001 89.931455
-1 1501080578.969521 0.000788 0.348008 -0.221804 0.005514 0.999977 -0.004001 89.931455
-1 1501080578.987448 0.000788 0.348008 -0.221804 0.005514 0.999977 -0.004001 89.931455
-1 1501080579.007505 -0.000314 0.348009 -0.221805 0.003973 0.999989 -0.002469 90.018492
-1 1501080579.027749 -0.000314 0.348009 -0.221805 0.003973 0.999989 -0.002469 90.018492
-1 1501080579.047719 -0.000314 0.348009 -0.221805 0.003973 0.999989 -0.002469 90.018492
-1 1501080579.067775 0.000788 0.348009 -0.221804 0.004747 0.999984 -0.003234 89.931003
-1 1501080579.090615 0.000788 0.348009 -0.221804 0.004747 0.999984 -0.003234 89.931003
-1 1501080579.109617 0.000788 0.348009 -0.221804 0.004747 0.999984 -0.003234 89.931003
-1 1501080579.131282 0.000788 0.348008 -0.221804 0.005514 0.999977 -0.004001 89.931455
-1 1501080579.153753 0.000788 0.348008 -0.221804 0.005514 0.999977 -0.004001 89.931455
-1 1501080579.173634 0.000788 0.348008 -0.221804 0.005514 0.999977 -0.004001 89.931455
-1 1501080579.193747 0.000788 0.348008 -0.221804 0.005514 0.999977 -0.004001 89.931455
-1 1501080579.213753 0.000788 0.348008 -0.221804 0.005514 0.999977 -0.004001 89.931455
-1 1501080579.233963 0.000788 0.348008 -0.221804 0.005514 0.999977 -0.004001 89.931455
-1 1501080579.253864 0.001075 0.343821 -0.221798 0.001059 0.999985 -0.005385 89.841903
-1 1501080579.273958 0.001075 0.343821 -0.221798 0.001059 0.999985 -0.005385 89.841903
-1 1501080579.294073 0.001075 0.343821 -0.221798 0.001059 0.999985 -0.005385 89.841903
-1 1501080579.314174 -0.000314 0.348009 -0.221805 0.004741 0.999984 -0.003235 90.018875
-1 1501080579.336488 -0.000314 0.348009 -0.221805 0.004741 0.999984 -0.003235 90.018875
-1 1501080579.354569 -0.000314 0.348009 -0.221805 0.004741 0.999984 -0.003235 90.018875
-1 1501080579.374686 0.000788 0.348008 -0.221804 0.005514 0.999977 -0.004001 89.931455
-1 1501080579.396712 0.000788 0.348008 -0.221804 0.005514 0.999977 -0.004001 89.931455
-1 1501080579.416761 0.000788 0.348008 -0.221804 0.005514 0.999977 -0.004001 89.931455
-1 1501080579.436851 0.000788 0.348008 -0.221804 0.005514 0.999977 -0.004001 89.931455
-1 1501080579.458196 0.000788 0.348008 -0.221804 0.005514 0.999977 -0.004001 89.931455
-1 1501080579.478192 0.000788 0.348008 -0.221804 0.005514 0.999977 -0.004001 89.931455
-1 1501080579.498021 0.000788 0.348009 -0.221804 0.004747 0.999984 -0.003234 89.931003
-1 1501080579.518048 0.000788 0.348009 -0.221804 0.004747 0.999984 -0.003234 89.931003
-1 1501080579.541507 0.000788 0.348009 -0.221804 0.004747 0.999984 -0.003234 89.931003
-1 1501080579.558290 0.000788 0.348012 -0.221804 0.003214 0.999993 -0.001698 89.9303
-1 1501080579.578246 0.000788 0.348012 -0.221804 0.003214 0.999993 -0.001698 89.9303
-1 1501080579.598294 0.000788 0.348012 -0.221804 0.003214 0.999993 -0.001698 89.9303
-1 1501080579.618375 0.000788 0.348009 -0.221804 0.003978 0.999989 -0.002468 89.93062
-1 1501080579.638432 0.000788 0.348009 -0.221804 0.003978 0.999989 -0.002468 89.93062
-1 1501080579.658493 0.000788 0.348009 -0.221804 0.003978 0.999989 -0.002468 89.93062
-1 1501080579.678516 0.001075 0.348005 -0.221804 0.004746 0.999983 -0.003242 89.843133
-1 1501080579.699286 0.001075 0.348005 -0.221804 0.004746 0.999983 -0.003242 89.843133
-1 1501080579.718855 0.001075 0.348005 -0.221804 0.004746 0.999983 -0.003242 89.843133
-1 1501080579.738850 0.000788 0.348009 -0.221804 0.004747 0.999984 -0.003234 89.931003
-1 1501080579.758908 0.000788 0.348009 -0.221804 0.004747 0.999984 -0.003234 89.931003
-1 1501080579.778939 0.000788 0.348009 -0.221804 0.004747 0.999984 -0.003234 89.931003
-1 1501080579.799068 0.000788 0.348009 -0.221804 0.004747 0.999984 -0.003234 89.931003
-1 1501080579.819089 0.000788 0.348009 -0.221804 0.004747 0.999984 -0.003234 89.931003
-1 1501080579.839098 0.000788 0.348009 -0.221804 0.004747 0.999984 -0.003234 89.931003
-1 1501080579.859458 0.000788 0.348006 -0.221804 0.007048 0.99996 -0.005537 89.932563
-1 1501080579.881022 0.000788 0.348006 -0.221804 0.007048 0.99996 -0.005537 89.932563
-1 1501080579.901082 0.000788 0.348006 -0.221804 0.007048 0.99996 -0.005537 89.932563
-1 1501080579.921113 0.000788 0.348008 -0.221804 0.005514 0.999977 -0.004001 89.931455
-1 1501080579.942698 0.000788 0.348008 -0.221804 0.005514 0.999977 -0.004001 89.931455
-1 1501080579.962624 0.000788 0.348008 -0.221804 0.005514 0.999977 -0.004001 89.931455
-1 1501080579.983184 0.000788 0.348009 -0.221804 0.004747 0.999984 -0.003234 89.931003
-1 1501080580.006690 0.000788 0.348009 -0.221804 0.004747 0.999984 -0.003234 89.931003
-1 1501080580.024315 0.000788 0.348009 -0.221804 0.004747 0.999984 -0.003234 89.931003
-1 1501080580.045399 0.000788 0.348007 -0.221804 0.006281 0.999969 -0.004769 89.931976
-1 1501080580.064931 0.000788 0.348007 -0.221804 0.006281 0.999969 -0.004769 89.931976
-1 1501080580.084380 0.000788 0.348007 -0.221804 0.006281 0.999969 -0.004769 89.931976
-1 1501080580.104573 0.000788 0.348008 -0.221804 0.005514 0.999977 -0.004001 89.931455
-1 1501080580.126382 0.000788 0.348008 -0.221804 0.005514 0.999977 -0.004001 89.931455
-1 1501080580.144611 0.000788 0.348008 -0.221804 0.005514 0.999977 -0.004001 89.931455
-1 1501080580.164607 -0.000314 0.348009 -0.221805 0.004741 0.999984 -0.003235 90.018875
-1 1501080580.188175 -0.000314 0.348009 -0.221805 0.004741 0.999984 -0.003235 90.018875
-1 1501080580.209114 0.000788 0.348008 -0.221804 0.005514 0.999977 -0.004001 89.931455
-1 1501080580.227970 0.000788 0.348008 -0.221804 0.005514 0.999977 -0.004001 89.931455
-1 1501080580.250771 0.000788 0.348008 -0.221804 0.005514 0.999977 -0.004001 89.931455
-1 1501080580.268243 0.000788 0.348009 -0.221804 0.004747 0.999984 -0.003234 89.931003
-1 1501080580.288316 0.000788 0.348009 -0.221804 0.004747 0.999984 -0.003234 89.931003
-1 1501080580.308858 0.000788 0.348009 -0.221804 0.004747 0.999984 -0.003234 89.931003
-1 1501080580.328441 0.000788 0.348009 -0.221804 0.004747 0.999984 -0.003234 89.931003
-1 1501080580.348563 0.000788 0.348009 -0.221804 0.004747 0.999984 -0.003234 89.931003
-1 1501080580.368556 0.000788 0.348009 -0.221804 0.004747 0.999984 -0.003234 89.931003
-1 1501080580.388604 0.000788 0.348011 -0.221804 0.00398 0.999989 -0.002466 89.930618
-1 1501080580.408665 0.000788 0.348011 -0.221804 0.00398 0.999989 -0.002466 89.930618
-1 1501080580.428764 0.000788 0.348011 -0.221804 0.00398 0.999989 -0.002466 89.930618
-1 1501080580.448852 0.000788 0.348009 -0.221804 0.004747 0.999984 -0.003234 89.931003
-1 1501080580.468894 0.000788 0.348009 -0.221804 0.004747 0.999984 -0.003234 89.931003
-1 1501080580.491149 0.000788 0.348009 -0.221804 0.004747 0.999984 -0.003234 89.931003
-1 1501080580.509009 0.000788 0.348011 -0.221804 0.00398 0.999989 -0.002466 89.930618
-1 1501080580.529073 0.000788 0.348011 -0.221804 0.00398 0.999989 -0.002466 89.930618
-1 1501080580.549057 0.000788 0.348011 -0.221804 0.00398 0.999989 -0.002466 89.930618
-1 1501080580.569118 0.000788 0.348009 -0.221804 0.004747 0.999984 -0.003234 89.931003
-1 1501080580.592861 0.000788 0.348009 -0.221804 0.004747 0.999984 -0.003234 89.931003
-1 1501080580.609237 0.000788 0.348009 -0.221804 0.004747 0.999984 -0.003234 89.931003
-1 1501080580.629321 0.000788 0.348011 -0.221804 0.00398 0.999989 -0.002466 89.930618
-1 1501080580.649407 0.000788 0.348011 -0.221804 0.00398 0.999989 -0.002466 89.930618
-1 1501080580.671044 0.000788 0.348011 -0.221804 0.00398 0.999989 -0.002466 89.930618
-1 1501080580.689485 0.000788 0.34691 -0.221805 0.002446 0.999994 -0.002465 89.930051
-1 1501080580.709542 0.000788 0.34691 -0.221805 0.002446 0.999994 -0.002465 89.930051
-1 1501080580.729594 0.000788 0.34691 -0.221805 0.002446 0.999994 -0.002465 89.930051
-1 1501080580.749969 0.000788 0.348008 -0.221804 0.005514 0.999977 -0.004001 89.931455
-1 1501080580.770785 0.000788 0.348008 -0.221804 0.005514 0.999977 -0.004001 89.931455
-1 1501080580.790912 0.000788 0.348008 -0.221804 0.005514 0.999977 -0.004001 89.931455
-1 1501080580.810926 0.000788 0.348008 -0.221804 0.004745 0.999984 -0.003236 89.931005
-1 1501080580.831025 0.000788 0.348008 -0.221804 0.004745 0.999984 -0.003236 89.931005
-1 1501080580.851142 0.000788 0.348008 -0.221804 0.004745 0.999984 -0.003236 89.931005
-1 1501080580.871512 0.000788 0.348008 -0.221804 0.004745 0.999984 -0.003236 89.931005
-1 1501080580.893229 0.001075 0.348009 -0.221804 0.003982 0.999989 -0.002471 89.842745
-1 1501080580.912877 0.001075 0.348009 -0.221804 0.003982 0.999989 -0.002471 89.842745
-1 1501080580.933009 0.000788 0.348008 -0.221804 0.005514 0.999977 -0.004001 89.931455
-1 1501080580.954224 0.000788 0.348008 -0.221804 0.005514 0.999977 -0.004001 89.931455
-1 1501080580.973045 0.000788 0.348008 -0.221804 0.005514 0.999977 -0.004001 89.931455
-1 1501080580.993208 0.000788 0.348011 -0.221804 0.00398 0.999989 -0.002466 89.930618
-1 1501080581.013164 0.000788 0.348011 -0.221804 0.00398 0.999989 -0.002466 89.930618
-1 1501080581.033228 0.000788 0.348011 -0.221804 0.00398 0.999989 -0.002466 89.930618
-1 1501080581.053325 0.000788 0.348007 -0.221804 0.006281 0.999969 -0.004769 89.931976
-1 1501080581.073448 0.000788 0.348007 -0.221804 0.006281 0.999969 -0.004769 89.931976
-1 1501080581.093418 0.000788 0.348007 -0.221804 0.006281 0.999969 -0.004769 89.931976
-1 1501080581.114979 -0.000314 0.348012 -0.221805 0.00321 0.999993 -0.001699 90.018173
-1 1501080581.133555 -0.000314 0.348012 -0.221805 0.00321 0.999993 -0.001699 90.018173
-1 1501080581.153663 -0.000314 0.348012 -0.221805 0.00321 0.999993 -0.001699 90.018173
-1 1501080581.173910 0.000788 0.351315 -0.221792 0.00705 0.999975 -0.000933 89.932558
-1 1501080581.194674 0.000788 0.351315 -0.221792 0.00705 0.999975 -0.000933 89.932558
-1 1501080581.213902 0.000788 0.351315 -0.221792 0.00705 0.999975 -0.000933 89.932558
-1 1501080581.233978 0.000788 0.34801 -0.221804 0.005516 0.999977 -0.003999 89.931453
-1 1501080581.255828 0.000788 0.34801 -0.221804 0.005516 0.999977 -0.003999 89.931453
-1 1501080581.274097 0.000788 0.34801 -0.221804 0.005516 0.999977 -0.003999 89.931453
-1 1501080581.294286 0.000788 0.348008 -0.221804 0.005514 0.999977 -0.004001 89.931455
-1 1501080581.314231 0.000788 0.348008 -0.221804 0.005514 0.999977 -0.004001 89.931455
-1 1501080581.334399 0.000788 0.348008 -0.221804 0.005514 0.999977 -0.004001 89.931455
-1 1501080581.354322 -0.000314 0.348012 -0.221805 0.00321 0.999993 -0.001699 90.018173
-1 1501080581.374371 -0.000314 0.348012 -0.221805 0.00321 0.999993 -0.001699 90.018173
-1 1501080581.394429 -0.000314 0.348012 -0.221805 0.00321 0.999993 -0.001699 90.018173
-1 1501080581.416934 0.001075 0.348007 -0.221804 0.004748 0.999983 -0.00324 89.843131
-1 1501080581.437022 0.001075 0.348007 -0.221804 0.004748 0.999983 -0.00324 89.843131
-1 1501080581.457704 0.001075 0.348007 -0.221804 0.004748 0.999983 -0.00324 89.843131
-1 1501080581.477212 0.000788 0.348008 -0.221804 0.005514 0.999977 -0.004001 89.931455
-1 1501080581.497188 0.000788 0.348008 -0.221804 0.005514 0.999977 -0.004001 89.931455
-1 1501080581.517241 0.000788 0.348008 -0.221804 0.005514 0.999977 -0.004001 89.931455
-1 1501080581.545415 0.000788 0.348009 -0.221804 0.004747 0.999984 -0.003234 89.931003
-1 1501080581.566653 0.000788 0.348009 -0.221804 0.004747 0.999984 -0.003234 89.931003
-1 1501080581.586893 0.000788 0.348009 -0.221804 0.004747 0.999984 -0.003234 89.931003
-1 1501080581.606965 0.000788 0.348009 -0.221804 0.004747 0.999984 -0.003234 89.931003
-1 1501080581.627678 0.000788 0.348009 -0.221804 0.004747 0.999984 -0.003234 89.931003
-1 1501080581.647047 0.000788 0.348009 -0.221804 0.004747 0.999984 -0.003234 89.931003
-1 1501080581.668413 0.000788 0.348009 -0.221804 0.004747 0.999984 -0.003234 89.931003
-1 1501080581.689401 0.000788 0.348009 -0.221804 0.004747 0.999984 -0.003234 89.931003
-1 1501080581.707216 0.000787 0.348003 -0.221804 0.008581 0.999938 -0.007072 89.933941
-1 1501080581.727333 0.000787 0.348003 -0.221804 0.008581 0.999938 -0.007072 89.933941
-1 1501080581.747605 0.000787 0.348003 -0.221804 0.008581 0.999938 -0.007072 89.933941
-1 1501080581.767901 0.000788 0.348006 -0.221804 0.007048 0.99996 -0.005537 89.932563
-1 1501080581.787487 0.000788 0.348006 -0.221804 0.007048 0.99996 -0.005537 89.932563
-1 1501080581.807535 0.000788 0.348006 -0.221804 0.007048 0.99996 -0.005537 89.932563
-1 1501080581.827625 0.000788 0.348007 -0.221804 0.006281 0.999969 -0.004769 89.931976
-1 1501080581.847754 0.000788 0.348007 -0.221804 0.006281 0.999969 -0.004769 89.931976
-1 1501080581.868815 0.000788 0.348007 -0.221804 0.006281 0.999969 -0.004769 89.931976
-1 1501080581.887759 0.000788 0.348011 -0.221804 0.00398 0.999989 -0.002466 89.930618
-1 1501080581.907827 0.000788 0.348011 -0.221804 0.00398 0.999989 -0.002466 89.930618
-1 1501080581.930192 0.000788 0.348011 -0.221804 0.00398 0.999989 -0.002466 89.930618
-1 1501080581.948005 0.000788 0.348008 -0.221804 0.005514 0.999977 -0.004001 89.931455
-1 1501080581.969436 0.000788 0.348008 -0.221804 0.005514 0.999977 -0.004001 89.931455
-1 1501080581.988534 0.000788 0.348008 -0.221804 0.005514 0.999977 -0.004001 89.931455
-1 1501080582.008520 0.000788 0.348013 -0.221804 0.002447 0.999997 -0.00093 89.93005
-1 1501080582.028615 0.000788 0.348013 -0.221804 0.002447 0.999997 -0.00093 89.93005
-1 1501080582.048638 0.000788 0.348013 -0.221804 0.002447 0.999997 -0.00093 89.93005
-1 1501080582.069457 -0.000314 0.348009 -0.221805 0.004741 0.999984 -0.003235 90.018875
-1 1501080582.090797 -0.000314 0.348009 -0.221805 0.004741 0.999984 -0.003235 90.018875
-1 1501080582.109572 -0.000314 0.348009 -0.221805 0.004741 0.999984 -0.003235 90.018875
-1 1501080582.129668 0.000788 0.348009 -0.221804 0.004747 0.999984 -0.003234 89.931003
-1 1501080582.149705 0.000788 0.348009 -0.221804 0.004747 0.999984 -0.003234 89.931003
-1 1501080582.169778 0.000788 0.348009 -0.221804 0.004747 0.999984 -0.003234 89.931003
-1 1501080582.191093 -0.00139 0.348024 -0.221804 0.004747 0.999984 -0.003216 90.177039
-1 1501080582.210407 -0.00139 0.348024 -0.221804 0.004747 0.999984 -0.003216 90.177039
-1 1501080582.230463 -0.00139 0.348024 -0.221804 0.004747 0.999984 -0.003216 90.177039
-1 1501080582.250552 0.000788 0.348011 -0.221804 0.00398 0.999989 -0.002466 89.930618
-1 1501080582.270535 0.000788 0.348011 -0.221804 0.00398 0.999989 -0.002466 89.930618
-1 1501080582.290642 0.000788 0.348011 -0.221804 0.00398 0.999989 -0.002466 89.930618
-1 1501080582.310662 0.000788 0.348008 -0.221804 0.005514 0.999977 -0.004001 89.931455
-1 1501080582.330744 0.000788 0.348008 -0.221804 0.005514 0.999977 -0.004001 89.931455
-1 1501080582.350779 0.000788 0.348008 -0.221804 0.005514 0.999977 -0.004001 89.931455
-1 1501080582.370845 0.000788 0.348009 -0.221804 0.004747 0.999984 -0.003234 89.931003
-1 1501080582.392563 0.000788 0.348009 -0.221804 0.004747 0.999984 -0.003234 89.931003
-1 1501080582.412583 0.000788 0.348009 -0.221804 0.004747 0.999984 -0.003234 89.931003
-1 1501080582.432633 0.000788 0.34801 -0.221804 0.003212 0.999993 -0.0017 89.930302
-1 1501080582.453702 0.000788 0.34801 -0.221804 0.003212 0.999993 -0.0017 89.930302
-1 1501080582.473654 0.000788 0.34801 -0.221804 0.003212 0.999993 -0.0017 89.930302
-1 1501080582.493918 0.000788 0.348008 -0.221804 0.004745 0.999984 -0.003236 89.931005
-1 1501080582.514522 0.000788 0.348008 -0.221804 0.004745 0.999984 -0.003236 89.931005
-1 1501080582.534595 0.000788 0.348008 -0.221804 0.004745 0.999984 -0.003236 89.931005
-1 1501080582.554683 0.0 0.348022 -0.221805 0.007055 0.99996 -0.005521 90.002852
-1 1501080582.574784 0.0 0.348022 -0.221805 0.007055 0.99996 -0.005521 90.002852
-1 1501080582.594817 0.0 0.348022 -0.221805 0.007055 0.99996 -0.005521 90.002852
-1 1501080582.615573 0.000788 0.348008 -0.221804 0.005514 0.999977 -0.004001 89.931455
-1 1501080582.635919 0.000788 0.348008 -0.221804 0.005514 0.999977 -0.004001 89.931455
-1 1501080582.656011 0.000788 0.348008 -0.221804 0.005514 0.999977 -0.004001 89.931455
-1 1501080582.676605 0.000788 0.348008 -0.221804 0.005514 0.999977 -0.004001 89.931455
-1 1501080582.697073 0.000788 0.348008 -0.221804 0.005514 0.999977 -0.004001 89.931455
-1 1501080582.716652 0.000788 0.348008 -0.221804 0.005514 0.999977 -0.004001 89.931455
-1 1501080582.736742 0.000788 0.348009 -0.221804 0.004747 0.999984 -0.003234 89.931003
-1 1501080582.756768 0.000788 0.348009 -0.221804 0.004747 0.999984 -0.003234 89.931003
-1 1501080582.776816 0.000788 0.348009 -0.221804 0.004747 0.999984 -0.003234 89.931003
-1 1501080582.796874 0.000788 0.348008 -0.221804 0.005514 0.999977 -0.004001 89.931455
-1 1501080582.818822 0.000788 0.348008 -0.221804 0.005514 0.999977 -0.004001 89.931455
-1 1501080582.837824 0.000788 0.348008 -0.221804 0.005514 0.999977 -0.004001 89.931455
-1 1501080582.859313 0.000788 0.348009 -0.221804 0.004747 0.999984 -0.003234 89.931003
-1 1501080582.877751 0.000788 0.348009 -0.221804 0.004747 0.999984 -0.003234 89.931003
-1 1501080582.899310 0.000788 0.348009 -0.221804 0.004747 0.999984 -0.003234 89.931003
-1 1501080582.917871 0.000788 0.348007 -0.221804 0.006281 0.999969 -0.004769 89.931976
-1 1501080582.938323 0.000788 0.348007 -0.221804 0.006281 0.999969 -0.004769 89.931976
-1 1501080582.960758 0.000788 0.348007 -0.221804 0.006281 0.999969 -0.004769 89.931976
-1 1501080582.980875 0.000788 0.348009 -0.221804 0.004747 0.999984 -0.003234 89.931003
-1 1501080583.001454 0.000788 0.348009 -0.221804 0.004747 0.999984 -0.003234 89.931003
-1 1501080583.025425 0.000788 0.348009 -0.221804 0.004747 0.999984 -0.003234 89.931003
-1 1501080583.041042 0.000788 0.346904 -0.221805 0.00628 0.99996 -0.006304 89.931978
-1 1501080583.061157 0.000788 0.346904 -0.221805 0.00628 0.99996 -0.006304 89.931978
-1 1501080583.081189 0.000788 0.346904 -0.221805 0.00628 0.99996 -0.006304 89.931978
-1 1501080583.105464 0.000788 0.348009 -0.221804 0.004747 0.999984 -0.003234 89.931003
-1 1501080583.122098 0.000788 0.348009 -0.221804 0.004747 0.999984 -0.003234 89.931003
-1 1501080583.141337 0.000788 0.348009 -0.221804 0.004747 0.999984 -0.003234 89.931003
-1 1501080583.161790 -0.000288 0.346923 -0.221806 0.004754 0.999977 -0.004747 90.089167
-1 1501080583.181582 -0.000288 0.346923 -0.221806 0.004754 0.999977 -0.004747 90.089167
-1 1501080583.201641 -0.000288 0.346923 -0.221806 0.004754 0.999977 -0.004747 90.089167
-1 1501080583.221685 0.000787 0.348004 -0.221804 0.006277 0.999969 -0.004773 89.931981
-1 1501080583.241715 0.000787 0.348004 -0.221804 0.006277 0.999969 -0.004773 89.931981
-1 1501080583.265601 0.000787 0.348004 -0.221804 0.006277 0.999969 -0.004773 89.931981
-1 1501080583.285695 0.000788 0.348009 -0.221804 0.004747 0.999984 -0.003234 89.931003
-1 1501080583.305712 0.000788 0.348009 -0.221804 0.004747 0.999984 -0.003234 89.931003
-1 1501080583.325776 0.000788 0.348009 -0.221804 0.004747 0.999984 -0.003234 89.931003
-1 1501080583.345817 0.000788 0.348009 -0.221804 0.004747 0.999984 -0.003234 89.931003
-1 1501080583.365901 0.000788 0.348009 -0.221804 0.004747 0.999984 -0.003234 89.931003
-1 1501080583.385912 0.000788 0.348009 -0.221804 0.004747 0.999984 -0.003234 89.931003
-1 1501080583.406062 -0.000314 0.348008 -0.221805 0.005507 0.999977 -0.004003 90.019327
-1 1501080583.426692 -0.000314 0.348008 -0.221805 0.005507 0.999977 -0.004003 90.019327
-1 1501080583.446642 -0.000314 0.348008 -0.221805 0.005507 0.999977 -0.004003 90.019327
-1 1501080583.466710 0.000788 0.349113 -0.221802 0.004748 0.999987 -0.001699 89.931001
-1 1501080583.486793 0.000788 0.349113 -0.221802 0.004748 0.999987 -0.001699 89.931001
-1 1501080583.506829 0.000788 0.349113 -0.221802 0.004748 0.999987 -0.001699 89.931001
-1 1501080583.527239 0.000788 0.348009 -0.221804 0.004747 0.999984 -0.003234 89.931003
-1 1501080583.547320 0.000788 0.348009 -0.221804 0.004747 0.999984 -0.003234 89.931003
-1 1501080583.567456 0.000788 0.348009 -0.221804 0.004747 0.999984 -0.003234 89.931003
-1 1501080583.593030 0.000788 0.348006 -0.221804 0.007048 0.99996 -0.005537 89.932563
-1 1501080583.609254 0.000788 0.348006 -0.221804 0.007048 0.99996 -0.005537 89.932563
-1 1501080583.627580 0.000788 0.348006 -0.221804 0.007048 0.99996 -0.005537 89.932563
-1 1501080583.649499 0.0 0.348022 -0.221805 0.004754 0.999984 -0.003221 90.001295
-1 1501080583.667635 0.0 0.348022 -0.221805 0.004754 0.999984 -0.003221 90.001295
-1 1501080583.687664 0.0 0.348022 -0.221805 0.004754 0.999984 -0.003221 90.001295
-1 1501080583.707772 -0.000288 0.348024 -0.221805 0.004753 0.999984 -0.003215 90.089167
-1 1501080583.732976 -0.000288 0.348024 -0.221805 0.004753 0.999984 -0.003215 90.089167
-1 1501080583.751199 0.000788 0.348008 -0.221804 0.005514 0.999977 -0.004001 89.931455
-1 1501080583.774676 0.000788 0.348008 -0.221804 0.005514 0.999977 -0.004001 89.931455
-1 1501080583.795939 0.000788 0.348008 -0.221804 0.005514 0.999977 -0.004001 89.931455
-1 1501080583.813702 0.001075 0.348007 -0.221804 0.004748 0.999983 -0.00324 89.843131
