-1 1501080564.465513 0.0
-1 1501080564.479799 0.0
-1 1501080564.490181 0.0
-1 1501080564.502384 0.0
-1 1501080564.520274 0.0
-1 1501080564.541555 0.0
-1 1501080564.556545 0.0
-1 1501080564.581538 0.0
-1 1501080564.587363 0.0
-1 1501080564.602320 0.0
-1 1501080564.619652 0.0
-1 1501080564.637968 0.0
-1 1501080564.652678 0.0
-1 1501080564.672718 0.0
-1 1501080564.686217 0.0
-1 1501080564.703329 0.0
-1 1501080564.721589 0.0
-1 1501080564.733768 0.0
-1 1501080564.746297 0.0
-1 1501080564.762357 0.0
-1 1501080564.781401 0.0
-1 1501080564.796631 0.0
-1 1501080564.811194 0.0
-1 1501080564.826977 0.0
-1 1501080564.841755 0.0
-1 1501080564.858890 0.0
-1 1501080564.874497 0.0
-1 1501080564.889334 0.0
-1 1501080564.905874 0.0
-1 1501080564.924561 0.0
-1 1501080564.942062 0.0
-1 1501080564.954137 0.0
-1 1501080564.979772 0.0
-1 1501080564.990052 0.0
-1 1501080565.004281 0.0
-1 1501080565.019016 0.0
-1 1501080565.040908 0.0
-1 1501080565.058993 0.0
-1 1501080565.067384 0.0
-1 1501080565.082871 0.0
-1 1501080565.098067 0.0
-1 1501080565.116189 0.0
-1 1501080565.132576 0.0
-1 1501080565.147470 0.0
-1 1501080565.162724 0.0
-1 1501080565.186470 0.0
-1 1501080565.198517 0.0
-1 1501080565.211293 0.0
-1 1501080565.229038 0.0
-1 1501080565.256830 0.0
-1 1501080565.262754 0.0
-1 1501080565.281530 0.0
-1 1501080565.293078 0.0
-1 1501080565.317371 0.0
-1 1501080565.325662 0.0
-1 1501080565.343769 0.0
-1 1501080565.357494 0.0
-1 1501080565.374069 0.0
-1 1501080565.390661 0.0
-1 1501080565.406329 0.0
-1 1501080565.429612 0.0
-1 1501080565.444382 0.0
-1 1501080565.459528 0.0
-1 1501080565.473086 0.0
-1 1501080565.490110 0.0
-1 1501080565.505865 0.0
-1 1501080565.523768 0.0
-1 1501080565.537641 0.0
-1 1501080565.553722 0.0
-1 1501080565.569113 0.0
-1 1501080565.590282 0.0
-1 1501080565.609461 0.0
-1 1501080565.618508 0.0
-1 1501080565.635128 0.0
-1 1501080565.651981 0.0
-1 1501080565.669117 0.0
-1 1501080565.686912 0.0
-1 1501080565.702322 0.0
-1 1501080565.719643 0.0
-1 1501080565.735243 0.0
-1 1501080565.748500 0.0
-1 1501080565.768812 0.0
-1 1501080565.781057 0.0
-1 1501080565.796179 0.0
-1 1501080565.813812 0.0
-1 1501080565.831387 0.0
-1 1501080565.845377 0.0
-1 1501080565.867912 0.0
-1 1501080565.876077 0.0
-1 1501080565.891704 0.0
-1 1501080565.909834 0.0
-1 1501080565.925942 0.0
-1 1501080565.941168 0.0
-1 1501080565.956865 0.0
-1 1501080565.972515 0.0
-1 1501080565.990143 0.0
-1 1501080566.005450 0.0
-1 1501080566.021408 0.0
-1 1501080566.036253 0.0
-1 1501080566.053306 0.0
-1 1501080566.072493 0.0
-1 1501080566.085347 0.0
-1 1501080566.109817 0.0
-1 1501080566.119005 0.0
-1 1501080566.137978 0.0
-1 1501080566.164882 0.0
-1 1501080566.169436 0.0
-1 1501080566.186588 0.0
-1 1501080566.201834 0.0
-1 1501080566.224322 0.0
-1 1501080566.238112 0.0
-1 1501080566.259692 0.0
-1 1501080566.265796 0.0
-1 1501080566.289417 0.0
-1 1501080566.302017 0.0
-1 1501080566.321669 0.0
-1 1501080566.329624 0.0
-1 1501080566.350614 0.0
-1 1501080566.361199 0.0
-1 1501080566.378471 0.0
-1 1501080566.394063 0.0
-1 1501080566.411968 0.0
-1 1501080566.426908 0.0
-1 1501080566.442374 0.0
-1 1501080566.459237 0.0
-1 1501080566.476530 0.0
-1 1501080566.492008 0.0
-1 1501080566.507038 0.0
-1 1501080566.527679 0.0
-1 1501080566.540284 0.0
-1 1501080566.555065 0.0
-1 1501080566.571019 0.0
-1 1501080566.587630 0.0
-1 1501080566.604710 0.0
-1 1501080566.623892 0.0
-1 1501080566.635498 0.0
-1 1501080566.651512 0.0
-1 1501080566.667073 0.0
-1 1501080566.688865 0.0
-1 1501080566.702145 0.0
-1 1501080566.723386 0.0
-1 1501080566.737482 0.0
-1 1501080566.749180 0.0
-1 1501080566.768851 0.0
-1 1501080566.785998 0.0
-1 1501080566.804421 0.0
-1 1501080566.815005 0.0
-1 1501080566.832077 0.0
-1 1501080566.845831 0.0
-1 1501080566.863167 0.0
-1 1501080566.877706 0.0
-1 1501080566.892506 0.0
-1 1501080566.907915 0.0
-1 1501080566.924525 0.0
-1 1501080566.940988 0.0
-1 1501080566.960182 0.0
-1 1501080566.973921 0.0
-1 1501080566.990271 0.0
-1 1501080567.005772 0.0
-1 1501080567.026724 0.0
-1 1501080567.037210 0.0
-1 1501080567.054220 0.0
-1 1501080567.069810 0.0
-1 1501080567.090203 0.0
-1 1501080567.101984 0.0
-1 1501080567.120193 0.0
-1 1501080567.142889 0.0
-1 1501080567.149567 0.0
-1 1501080567.168960 0.0
-1 1501080567.182658 0.0
-1 1501080567.202363 0.0
-1 1501080567.216746 0.0
-1 1501080567.231089 0.0
-1 1501080567.246522 0.0
-1 1501080567.271152 0.0
-1 1501080567.278507 0.0
-1 1501080567.295357 0.0
-1 1501080567.309648 0.0
-1 1501080567.329623 0.0
-1 1501080567.342678 0.0
-1 1501080567.363591 0.0
-1 1501080567.381936 0.0
-1 1501080567.394128 0.0
-1 1501080567.413768 0.0
-1 1501080567.429037 0.0
-1 1501080567.445507 0.0
-1 1501080567.460670 0.0
-1 1501080567.476741 0.0
-1 1501080567.490514 0.0
-1 1501080567.508562 0.0
-1 1501080567.521987 0.0
-1 1501080567.539136 0.0
-1 1501080567.552440 0.0
-1 1501080567.571864 0.0
-1 1501080567.587074 0.0
-1 1501080567.605227 0.0
-1 1501080567.624608 0.0
-1 1501080567.635869 0.0
-1 1501080567.652819 0.0
-1 1501080567.671368 0.0
-1 1501080567.688721 0.0
-1 1501080567.702313 0.0
-1 1501080567.724667 0.0
-1 1501080567.731663 0.0
-1 1501080567.754650 0.0
-1 1501080567.767114 0.0
-1 1501080567.779672 0.0
-1 1501080567.794279 0.0
-1 1501080567.813496 0.0
-1 1501080567.826417 0.0
-1 1501080567.843279 0.0
-1 1501080567.859877 0.0
-1 1501080567.875201 0.0
-1 1501080567.891842 0.0
-1 1501080567.907322 0.0
-1 1501080567.924238 0.0
-1 1501080567.940734 0.0
-1 1501080567.955272 0.0
-1 1501080567.975615 0.0
-1 1501080567.990998 0.0
-1 1501080568.003688 0.0
-1 1501080568.023374 0.0
-1 1501080568.039267 0.0
-1 1501080568.056401 0.0
-1 1501080568.068181 0.0
-1 1501080568.086600 0.0
-1 1501080568.099114 0.0
-1 1501080568.124152 0.0
-1 1501080568.135545 0.0
-1 1501080568.157191 0.0
-1 1501080568.168068 0.0
-1 1501080568.186648 0.0
-1 1501080568.195654 0.0
-1 1501080568.211979 0.0
-1 1501080568.227728 0.0
-1 1501080568.243889 0.0
-1 1501080568.261484 0.0
-1 1501080568.278122 0.0
-1 1501080568.291402 0.0
-1 1501080568.308359 0.0
-1 1501080568.324127 0.0
-1 1501080568.342049 0.0
-1 1501080568.355700 0.0
-1 1501080568.371874 0.0
-1 1501080568.392834 0.0
-1 1501080568.405857 0.0
-1 1501080568.422574 0.0
-1 1501080568.435593 0.0
-1 1501080568.453483 0.0
-1 1501080568.469851 0.0
-1 1501080568.491143 0.0
-1 1501080568.502143 0.0
-1 1501080568.519862 0.0
-1 1501080568.541807 0.0
-1 1501080568.557704 0.0
-1 1501080568.564447 0.0
-1 1501080568.581950 0.0
-1 1501080568.598261 0.0
-1 1501080568.615469 0.0
-1 1501080568.630676 0.0
-1 1501080568.648180 0.0
-1 1501080568.666210 0.0
-1 1501080568.679797 0.0
-1 1501080568.697995 0.0
-1 1501080568.710645 0.0
-1 1501080568.726214 0.0
-1 1501080568.742677 0.0
-1 1501080568.768959 0.0
-1 1501080568.775656 0.0
-1 1501080568.799204 0.0
-1 1501080568.806509 0.0
-1 1501080568.827204 0.0
-1 1501080568.838805 0.0
-1 1501080568.856639 0.0
-1 1501080568.870139 0.0
-1 1501080568.890894 0.0
-1 1501080568.902608 0.0
-1 1501080568.923662 0.0
-1 1501080568.935489 0.0
-1 1501080568.956100 0.0
-1 1501080568.969408 0.0
-1 1501080568.984822 0.0
-1 1501080569.002409 0.0
-1 1501080569.019717 0.0
-1 1501080569.037600 0.0
-1 1501080569.048568 0.0
-1 1501080569.072085 0.0
-1 1501080569.079902 0.0
-1 1501080569.094364 0.0
-1 1501080569.110971 0.0
-1 1501080569.130577 0.0
-1 1501080569.142918 0.0
-1 1501080569.158744 0.0
-1 1501080569.174220 0.0
-1 1501080569.197673 0.0
-1 1501080569.207713 0.0
-1 1501080569.231874 0.0
-1 1501080569.238155 0.0
-1 1501080569.255875 0.0
-1 1501080569.270704 0.0
-1 1501080569.289936 0.0
-1 1501080569.305454 0.0
-1 1501080569.318287 0.0
-1 1501080569.335084 0.0
-1 1501080569.352171 0.0
-1 1501080569.371080 0.0
-1 1501080569.386039 0.0
-1 1501080569.405769 0.0
-1 1501080569.418706 0.0
-1 1501080569.440579 0.0
-1 1501080569.452592 0.0
-1 1501080569.474480 0.0
-1 1501080569.484954 0.0
-1 1501080569.498346 0.0
-1 1501080569.520672 0.0
-1 1501080569.533290 0.0
-1 1501080569.546211 0.0
-1 1501080569.564041 0.0
-1 1501080569.577653 0.0
-1 1501080569.596642 0.0
-1 1501080569.609348 0.0
-1 1501080569.628538 0.0
-1 1501080569.641279 0.0
-1 1501080569.657799 0.0
-1 1501080569.677341 0.0
-1 1501080569.692064 0.0
-1 1501080569.705798 0.0
-1 1501080569.723101 0.0
-1 1501080569.742989 0.0
-1 1501080569.754085 0.0
-1 1501080569.769740 0.0
-1 1501080569.789084 0.0
-1 1501080569.805042 0.0
-1 1501080569.818546 0.0
-1 1501080569.838566 0.0
-1 1501080569.857942 0.0
-1 1501080569.866075 0.0
-1 1501080569.887421 0.0
-1 1501080569.903213 0.0
-1 1501080569.921209 0.0
-1 1501080569.930842 0.0
-1 1501080569.951539 0.0
-1 1501080569.963578 0.0
-1 1501080569.984193 0.0
-1 1501080569.998154 0.0
-1 1501080570.012163 0.0
-1 1501080570.025129 0.0
-1 1501080570.041631 0.0
-1 1501080570.058111 0.0
-1 1501080570.077632 0.0
-1 1501080570.090592 0.0
-1 1501080570.110617 0.0
-1 1501080570.121516 0.0
-1 1501080570.142590 0.0
-1 1501080570.154592 0.0
-1 1501080570.172137 0.0
-1 1501080570.187017 0.0
-1 1501080570.205901 0.0
-1 1501080570.222127 0.0
-1 1501080570.238768 0.0
-1 1501080570.252645 0.0
-1 1501080570.268822 0.0
-1 1501080570.295965 0.0
-1 1501080570.305243 0.0
-1 1501080570.325499 0.0
-1 1501080570.335909 0.0
-1 1501080570.359986 0.0
-1 1501080570.368849 0.0
-1 1501080570.388902 0.0
-1 1501080570.402323 0.0
-1 1501080570.423085 0.0
-1 1501080570.434119 0.0
-1 1501080570.453578 0.0
-1 1501080570.467811 0.0
-1 1501080570.485292 0.0
-1 1501080570.503137 0.0
-1 1501080570.512484 0.0
-1 1501080570.529339 0.0
-1 1501080570.546170 0.0
-1 1501080570.565724 0.0
-1 1501080570.578511 0.0
-1 1501080570.596853 0.0
-1 1501080570.610456 0.0
-1 1501080570.633444 0.0
-1 1501080570.643803 0.0
-1 1501080570.660551 0.0
-1 1501080570.675153 0.0
-1 1501080570.692429 0.0
-1 1501080570.710603 0.0
-1 1501080570.727216 0.0
-1 1501080570.739635 0.0
-1 1501080570.755407 0.0
-1 1501080570.775248 0.0
-1 1501080570.793215 0.0
-1 1501080570.805525 0.0
-1 1501080570.820055 0.0
-1 1501080570.835875 0.0
-1 1501080570.854015 0.0
-1 1501080570.868204 0.0
-1 1501080570.885719 0.0
-1 1501080570.905944 0.0
-1 1501080570.919345 0.0
-1 1501080570.933577 0.0
-1 1501080570.951740 0.0
-1 1501080570.971287 0.0
-1 1501080570.985581 0.0
-1 1501080570.999939 0.0
-1 1501080571.017654 0.0
-1 1501080571.030459 0.0
-1 1501080571.043798 0.0
-1 1501080571.059154 0.0
-1 1501080571.079612 0.0
-1 1501080571.093453 0.0
-1 1501080571.113972 0.0
-1 1501080571.127146 0.0
-1 1501080571.139754 0.0
-1 1501080571.157191 0.0
-1 1501080571.171852 0.0
-1 1501080571.187729 0.0
-1 1501080571.203488 0.0
-1 1501080571.220638 0.0
-1 1501080571.239444 0.0
-1 1501080571.253213 0.0
-1 1501080571.270762 0.0
-1 1501080571.285894 0.0
-1 1501080571.305224 0.0
-1 1501080571.322830 0.0
-1 1501080571.338677 0.0
-1 1501080571.353907 0.0
-1 1501080571.369463 0.0
-1 1501080571.390281 0.0
-1 1501080571.403381 0.0
-1 1501080571.420090 0.0
-1 1501080571.431820 0.0
-1 1501080571.453684 0.0
-1 1501080571.463895 0.0
-1 1501080571.488059 0.0
-1 1501080571.496417 0.0
-1 1501080571.512806 0.0
-1 1501080571.528468 0.0
-1 1501080571.547743 0.0
-1 1501080571.561743 0.0
-1 1501080571.579505 0.0
-1 1501080571.593323 0.0
-1 1501080571.615687 0.0
-1 1501080571.633779 0.0
-1 1501080571.642035 0.0
-1 1501080571.661231 0.0
-1 1501080571.673561 0.0
-1 1501080571.693464 0.0
-1 1501080571.705491 0.0
-1 1501080571.725483 0.0
-1 1501080571.739701 0.0
-1 1501080571.766949 0.0
-1 1501080571.772305 0.0
-1 1501080571.792811 0.0
-1 1501080571.804334 0.0
-1 1501080571.823485 0.0
-1 1501080571.838252 0.0
-1 1501080571.856264 0.0
-1 1501080571.872870 0.0
-1 1501080571.889110 0.0
-1 1501080571.905439 0.0
-1 1501080571.919871 0.0
-1 1501080571.937113 0.0
-1 1501080571.952800 0.0
-1 1501080571.976270 0.0
-1 1501080571.987035 0.0
-1 1501080572.005416 0.0
-1 1501080572.018423 0.0
-1 1501080572.030717 0.0
-1 1501080572.046783 0.0
-1 1501080572.065272 0.0
-1 1501080572.079392 0.0
-1 1501080572.097614 0.0
-1 1501080572.111010 0.0
-1 1501080572.127587 0.0
-1 1501080572.143547 0.0
-1 1501080572.164192 0.0
-1 1501080572.186649 0.0
-1 1501080572.192555 0.0
-1 1501080572.207859 0.0
-1 1501080572.223848 0.0
-1 1501080572.242495 0.0
-1 1501080572.255277 0.0
-1 1501080572.271930 0.0
-1 1501080572.291354 0.0
-1 1501080572.309234 0.0
-1 1501080572.321391 0.0
-1 1501080572.340685 0.0
-1 1501080572.353338 0.0
-1 1501080572.373655 0.0
-1 1501080572.390030 0.0
-1 1501080572.408219 0.0
-1 1501080572.420326 0.0
-1 1501080572.437545 0.0
-1 1501080572.457964 0.0
-1 1501080572.471763 0.0
-1 1501080572.489273 0.0
-1 1501080572.501562 0.0
-1 1501080572.521404 0.0
-1 1501080572.532141 0.0
-1 1501080572.553696 0.0
-1 1501080572.562160 0.0
-1 1501080572.589354 0.0
-1 1501080572.593749 0.0
-1 1501080572.609402 0.0
-1 1501080572.628942 0.0
-1 1501080572.641674 0.0
-1 1501080572.657153 0.0
-1 1501080572.674879 0.0
-1 1501080572.689661 0.0
-1 1501080572.707931 0.0
-1 1501080572.721632 0.0
-1 1501080572.740009 0.0
-1 1501080572.754261 0.0
-1 1501080572.771901 0.0
-1 1501080572.788786 0.0
-1 1501080572.801517 0.0
-1 1501080572.823502 0.0
-1 1501080572.838951 0.0
-1 1501080572.855929 0.0
-1 1501080572.869528 0.0
-1 1501080572.889851 0.0
-1 1501080572.899122 0.0
-1 1501080572.922732 0.0
-1 1501080572.935203 0.0
-1 1501080572.956824 0.0
-1 1501080572.964505 0.0
-1 1501080572.990205 0.0
-1 1501080573.009606 0.0
-1 1501080573.021892 0.0
-1 1501080573.037444 0.0
-1 1501080573.046664 0.0
-1 1501080573.066006 0.0
-1 1501080573.081250 0.0
-1 1501080573.100416 0.0
-1 1501080573.115246 0.0
-1 1501080573.126706 0.0
-1 1501080573.142106 0.0
-1 1501080573.159105 0.0
-1 1501080573.174984 0.0
-1 1501080573.191034 0.0
-1 1501080573.207319 0.0
-1 1501080573.226794 0.0
-1 1501080573.238419 0.0
-1 1501080573.258864 0.0
-1 1501080573.271380 0.0
-1 1501080573.291174 0.0
-1 1501080573.303723 0.0
-1 1501080573.322758 0.0
-1 1501080573.335570 0.0
-1 1501080573.353353 0.0
-1 1501080573.369337 0.0
-1 1501080573.386095 0.0
-1 1501080573.407048 0.0
-1 1501080573.420417 0.0
-1 1501080573.436696 0.0
-1 1501080573.452090 0.0
-1 1501080573.473473 0.0
-1 1501080573.486171 0.0
-1 1501080573.505995 0.0
-1 1501080573.524520 0.0
-1 1501080573.535779 0.0
-1 1501080573.552663 0.0
-1 1501080573.572597 0.0
-1 1501080573.592629 0.0
-1 1501080573.603569 0.0
-1 1501080573.622749 0.0
-1 1501080573.637290 0.0
-1 1501080573.659638 0.0
-1 1501080573.668307 0.0
-1 1501080573.689250 0.0
-1 1501080573.701861 0.0
-1 1501080573.715202 0.0
-1 1501080573.737885 0.0
-1 1501080573.746634 0.0
-1 1501080573.762430 0.0
-1 1501080573.778734 0.0
-1 1501080573.799850 0.0
-1 1501080573.810814 0.0
-1 1501080573.833803 0.0
-1 1501080573.846688 0.0
-1 1501080573.867537 0.0
-1 1501080573.878473 0.0
-1 1501080573.902443 0.0
-1 1501080573.908799 0.0
-1 1501080573.933460 0.0
-1 1501080573.941318 0.0
-1 1501080573.961827 0.0
-1 1501080573.972163 0.0
-1 1501080573.991864 0.0
-1 1501080574.004660 0.0
-1 1501080574.023134 0.0
-1 1501080574.035580 0.0
-1 1501080574.056231 0.0
-1 1501080574.068019 0.0
-1 1501080574.087403 0.0
-1 1501080574.103589 0.0
-1 1501080574.119887 0.0
-1 1501080574.136227 0.0
-1 1501080574.154776 0.0
-1 1501080574.171658 0.0
-1 1501080574.183998 0.0
-1 1501080574.204777 0.0
-1 1501080574.214082 0.0
-1 1501080574.236973 0.0
-1 1501080574.244637 0.0
-1 1501080574.260372 0.0
-1 1501080574.276807 0.0
-1 1501080574.298956 0.0
-1 1501080574.308616 0.0
-1 1501080574.330734 0.0
-1 1501080574.340041 0.0
-1 1501080574.356788 0.0
-1 1501080574.372197 0.0
-1 1501080574.390720 0.0
-1 1501080574.404648 0.0
-1 1501080574.422429 0.0
-1 1501080574.437525 0.0
-1 1501080574.455773 0.0
-1 1501080574.468820 0.0
-1 1501080574.485650 0.0
-1 1501080574.502204 0.0
-1 1501080574.521040 0.0
-1 1501080574.539008 0.0
-1 1501080574.553702 0.0
-1 1501080574.571976 0.0
-1 1501080574.586067 0.0
-1 1501080574.604504 0.0
-1 1501080574.620532 0.0
-1 1501080574.636502 0.0
-1 1501080574.652993 0.0
-1 1501080574.661900 0.0
-1 1501080574.677509 0.0
-1 1501080574.695117 0.0
-1 1501080574.710776 0.0
-1 1501080574.725998 0.0
-1 1501080574.745651 0.0
-1 1501080574.761747 0.0
-1 1501080574.780596 0.0
-1 1501080574.791224 0.0
-1 1501080574.806045 0.0
-1 1501080574.823122 0.0
-1 1501080574.838807 0.0
-1 1501080574.855975 0.0
-1 1501080574.871232 0.0
-1 1501080574.888933 0.0
-1 1501080574.903540 0.0
-1 1501080574.919720 0.0
-1 1501080574.935814 0.0
-1 1501080574.952069 0.0
-1 1501080574.970288 0.0
-1 1501080574.991287 0.0
-1 1501080575.005514 0.0
-1 1501080575.025021 0.0
-1 1501080575.031035 0.0
-1 1501080575.051042 0.0
-1 1501080575.062986 0.0
-1 1501080575.079160 0.0
-1 1501080575.094949 0.0
-1 1501080575.115202 0.0
-1 1501080575.132053 0.0
-1 1501080575.155200 0.0
-1 1501080575.165060 0.0
-1 1501080575.182057 0.0
-1 1501080575.191777 0.0
-1 1501080575.209240 0.0
-1 1501080575.224184 0.0
-1 1501080575.240903 0.0
-1 1501080575.256416 0.0
-1 1501080575.272108 0.0
-1 1501080575.288692 0.0
-1 1501080575.304544 0.0
-1 1501080575.323173 0.0
-1 1501080575.338856 0.0
-1 1501080575.354895 0.0
-1 1501080575.371145 0.0
-1 1501080575.388964 0.0
-1 1501080575.402762 0.0
-1 1501080575.425631 0.0
-1 1501080575.435875 0.0
-1 1501080575.457332 0.0
-1 1501080575.471086 0.0
-1 1501080575.489440 0.0
-1 1501080575.502334 0.0
-1 1501080575.523056 0.0
-1 1501080575.536594 0.0
-1 1501080575.553406 0.0
-1 1501080575.573828 0.0
-1 1501080575.588650 0.0
-1 1501080575.620319 0.0
-1 1501080575.620330 0.0
-1 1501080575.640454 0.0
-1 1501080575.650189 0.0
-1 1501080575.667401 0.0
-1 1501080575.683164 0.0
-1 1501080575.699650 0.0
-1 1501080575.714088 0.0
-1 1501080575.733995 0.0
-1 1501080575.746436 0.0
-1 1501080575.767023 0.0
-1 1501080575.780225 0.0
-1 1501080575.796719 0.0
-1 1501080575.818034 0.0
-1 1501080575.834036 0.0
-1 1501080575.852501 0.0
-1 1501080575.862924 0.0
-1 1501080575.881600 0.0
-1 1501080575.895261 0.0
-1 1501080575.912651 0.0
-1 1501080575.927163 0.0
-1 1501080575.939483 0.0
-1 1501080575.954386 0.0
-1 1501080575.977831 0.0
-1 1501080575.986921 0.0
-1 1501080576.004123 0.0
-1 1501080576.017597 0.0
-1 1501080576.036573 0.0
-1 1501080576.049494 0.0
-1 1501080576.066224 0.0
-1 1501080576.083886 0.0
-1 1501080576.101291 0.0
-1 1501080576.116105 0.0
-1 1501080576.133144 0.0
-1 1501080576.154799 0.0
-1 1501080576.165261 0.0
-1 1501080576.179548 0.0
-1 1501080576.199056 0.0
-1 1501080576.216704 0.0
-1 1501080576.230870 0.0
-1 1501080576.252403 0.0
-1 1501080576.262915 0.0
-1 1501080576.281198 0.0
-1 1501080576.295082 0.0
-1 1501080576.312745 0.0
-1 1501080576.328165 0.0
-1 1501080576.344892 0.0
-1 1501080576.361473 0.0
-1 1501080576.378772 0.0
-1 1501080576.386347 0.0
-1 1501080576.402988 0.0
-1 1501080576.422509 0.0
-1 1501080576.440173 0.0
-1 1501080576.460823 0.0
-1 1501080576.469872 0.0
-1 1501080576.485744 0.0
-1 1501080576.504295 0.0
-1 1501080576.520246 0.0
-1 1501080576.534918 0.0
-1 1501080576.551095 0.0
-1 1501080576.568333 0.0
-1 1501080576.587737 0.0
-1 1501080576.599737 0.0
-1 1501080576.620696 0.0
-1 1501080576.631276 0.0
-1 1501080576.648899 0.0
-1 1501080576.659610 0.0
-1 1501080576.675972 0.0
-1 1501080576.691607 0.0
-1 1501080576.708322 0.0
-1 1501080576.724844 0.0
-1 1501080576.739537 0.0
-1 1501080576.755388 0.0
-1 1501080576.772385 0.0
-1 1501080576.789806 0.0
-1 1501080576.805758 0.0
-1 1501080576.819611 0.0
-1 1501080576.836167 0.0
-1 1501080576.851896 0.0
-1 1501080576.869797 0.0
-1 1501080576.892143 0.0
-1 1501080576.902469 0.0
-1 1501080576.920960 0.0
-1 1501080576.935435 0.0
-1 1501080576.955783 0.0
-1 1501080576.968830 0.0
-1 1501080576.989478 0.0
-1 1501080577.008763 0.0
-1 1501080577.021898 0.0
-1 1501080577.036482 0.0
-1 1501080577.051022 0.0
-1 1501080577.069466 0.0
-1 1501080577.082089 0.0
-1 1501080577.095964 0.0
-1 1501080577.109146 0.0
-1 1501080577.133447 0.0
-1 1501080577.143361 0.0
-1 1501080577.158945 0.0
-1 1501080577.173535 0.0
-1 1501080577.189609 0.0
-1 1501080577.211618 0.0
-1 1501080577.222399 0.0
-1 1501080577.237922 0.0
-1 1501080577.253350 0.0
-1 1501080577.269881 0.0
-1 1501080577.288155 0.0
-1 1501080577.301594 0.0
-1 1501080577.317979 0.0
-1 1501080577.333875 0.0
-1 1501080577.355009 0.0
-1 1501080577.366134 0.0
-1 1501080577.385714 0.0
-1 1501080577.397265 0.0
-1 1501080577.415480 0.0
-1 1501080577.431500 0.0
-1 1501080577.447233 0.0
-1 1501080577.463224 0.0
-1 1501080577.480271 0.0
-1 1501080577.498345 0.0
-1 1501080577.515290 0.0
-1 1501080577.533450 0.0
-1 1501080577.543472 0.0
-1 1501080577.564954 0.0
-1 1501080577.575912 0.0
-1 1501080577.597969 0.0
-1 1501080577.608461 0.0
-1 1501080577.629305 0.0
-1 1501080577.642888 0.0
-1 1501080577.658925 0.0
-1 1501080577.673635 0.0
-1 1501080577.689750 0.0
-1 1501080577.705613 0.0
-1 1501080577.722530 0.0
-1 1501080577.739842 0.0
-1 1501080577.753350 0.0
-1 1501080577.772482 0.0
-1 1501080577.785812 0.0
-1 1501080577.807247 0.0
-1 1501080577.819617 0.0
-1 1501080577.837461 0.0
-1 1501080577.852151 0.0
-1 1501080577.870376 0.0
-1 1501080577.890156 0.0
-1 1501080577.903151 0.0
-1 1501080577.917958 0.0
-1 1501080577.934364 0.0
-1 1501080577.950492 0.0
-1 1501080577.965898 0.0
-1 1501080577.985657 0.0
-1 1501080577.999373 0.0
-1 1501080578.017405 0.0
-1 1501080578.030161 0.0
-1 1501080578.045753 0.0
-1 1501080578.060629 0.0
-1 1501080578.076612 0.0
-1 1501080578.093964 0.0
-1 1501080578.116887 0.0
-1 1501080578.130732 0.0
-1 1501080578.145696 0.0
-1 1501080578.160347 0.0
-1 1501080578.177468 0.0
-1 1501080578.194846 0.0
-1 1501080578.211051 0.0
-1 1501080578.224175 0.0
-1 1501080578.237825 0.0
-1 1501080578.253241 0.0
-1 1501080578.276349 0.0
-1 1501080578.285840 0.0
-1 1501080578.301307 0.0
-1 1501080578.317746 0.0
-1 1501080578.333740 0.0
-1 1501080578.349378 0.0
-1 1501080578.366839 0.0
-1 1501080578.384660 0.0
-1 1501080578.401660 0.0
-1 1501080578.417921 0.0
-1 1501080578.435418 0.0
-1 1501080578.453400 0.0
-1 1501080578.466753 0.0
-1 1501080578.477159 0.0
-1 1501080578.494089 0.0
-1 1501080578.510629 0.0
-1 1501080578.526059 0.0
-1 1501080578.542542 0.0
-1 1501080578.558838 0.0
-1 1501080578.574731 0.0
-1 1501080578.590723 0.0
-1 1501080578.609890 0.0
-1 1501080578.623302 0.0
-1 1501080578.639698 0.0
-1 1501080578.664599 0.0
-1 1501080578.675893 0.0
-1 1501080578.686563 0.0
-1 1501080578.704281 0.0
-1 1501080578.722729 0.0
-1 1501080578.737098 0.0
-1 1501080578.752308 0.0
-1 1501080578.772303 0.0
-1 1501080578.785308 0.0
-1 1501080578.802158 0.0
-1 1501080578.818778 0.0
-1 1501080578.836366 0.0
-1 1501080578.852340 0.0
-1 1501080578.866805 0.0
-1 1501080578.886991 0.0
-1 1501080578.898659 0.0
-1 1501080578.912771 0.0
-1 1501080578.930542 0.0
-1 1501080578.942366 0.0
-1 1501080578.960073 0.0
-1 1501080578.976472 0.0
-1 1501080578.991754 0.0
-1 1501080579.008408 0.0
-1 1501080579.024995 0.0
-1 1501080579.038798 0.0
-1 1501080579.056584 0.0
-1 1501080579.072099 0.0
-1 1501080579.087584 0.0
-1 1501080579.103455 0.0
-1 1501080579.120147 0.0
-1 1501080579.137008 0.0
-1 1501080579.153695 0.0
-1 1501080579.169071 0.0
-1 1501080579.188610 0.0
-1 1501080579.202023 0.0
-1 1501080579.224355 0.0
-1 1501080579.235395 0.0
-1 1501080579.254607 0.0
-1 1501080579.268163 0.0
-1 1501080579.284665 0.0
-1 1501080579.308643 0.0
-1 1501080579.315036 0.0
-1 1501080579.339348 0.0
-1 1501080579.346036 0.0
-1 1501080579.363562 0.0
-1 1501080579.380567 0.0
-1 1501080579.400699 0.0
-1 1501080579.409374 0.0
-1 1501080579.440090 0.0
-1 1501080579.447017 0.0
-1 1501080579.467954 0.0
-1 1501080579.478961 0.0
-1 1501080579.499934 0.0
-1 1501080579.511856 0.0
-1 1501080579.530487 0.0
-1 1501080579.542372 0.0
-1 1501080579.560457 0.0
-1 1501080579.573955 0.0
-1 1501080579.590649 0.0
-1 1501080579.608952 0.0
-1 1501080579.624677 0.0
-1 1501080579.638370 0.0
-1 1501080579.655213 0.0
-1 1501080579.670784 0.0
-1 1501080579.686590 0.0
-1 1501080579.710530 0.0
-1 1501080579.720439 0.0
-1 1501080579.735758 0.0
-1 1501080579.751852 0.0
-1 1501080579.772313 0.0
-1 1501080579.785277 0.0
-1 1501080579.806300 0.0
-1 1501080579.819608 0.0
-1 1501080579.836525 0.0
-1 1501080579.855432 0.0
-1 1501080579.870888 0.0
-1 1501080579.888710 0.0
-1 1501080579.900750 0.0
-1 1501080579.916288 0.0
-1 1501080579.934355 0.0
-1 1501080579.953110 0.0
-1 1501080579.966641 0.0
-1 1501080579.976970 0.0
-1 1501080579.994955 0.0
-1 1501080580.009767 0.0
-1 1501080580.025885 0.0
-1 1501080580.041670 0.0
-1 1501080580.057460 0.0
-1 1501080580.076544 0.0
-1 1501080580.089548 0.0
-1 1501080580.108175 0.0
-1 1501080580.121610 0.0
-1 1501080580.139018 0.0
-1 1501080580.153719 0.0
-1 1501080580.172307 0.0
-1 1501080580.189778 0.0
-1 1501080580.203804 0.0
-1 1501080580.220843 0.0
-1 1501080580.238108 0.0
-1 1501080580.260645 0.0
-1 1501080580.265599 0.0
-1 1501080580.285139 0.0
-1 1501080580.304261 0.0
-1 1501080580.322461 0.0
-1 1501080580.336339 0.0
-1 1501080580.356110 0.0
-1 1501080580.369717 0.0
-1 1501080580.381790 0.0
-1 1501080580.397545 0.0
-1 1501080580.416574 0.0
-1 1501080580.440249 0.0
-1 1501080580.449400 0.0
-1 1501080580.470819 0.0
-1 1501080580.484189 0.0
-1 1501080580.504082 0.0
-1 1501080580.516198 0.0
-1 1501080580.533747 0.0
-1 1501080580.542574 0.0
-1 1501080580.559685 0.0
-1 1501080580.574983 0.0
-1 1501080580.592888 0.0
-1 1501080580.606531 0.0
-1 1501080580.622259 0.0
-1 1501080580.639336 0.0
-1 1501080580.656454 0.0
-1 1501080580.671278 0.0
-1 1501080580.687908 0.0
-1 1501080580.703627 0.0
-1 1501080580.719531 0.0
-1 1501080580.739176 0.0
-1 1501080580.755496 0.0
-1 1501080580.768914 0.0
-1 1501080580.785298 0.0
-1 1501080580.805468 0.0
-1 1501080580.820343 0.0
-1 1501080580.838751 0.0
-1 1501080580.852025 0.0
-1 1501080580.872445 0.0
-1 1501080580.886142 0.0
-1 1501080580.904340 0.0
-1 1501080580.918846 0.0
-1 1501080580.936258 0.0
-1 1501080580.951654 0.0
-1 1501080580.966795 0.0
-1 1501080580.982360 0.0
-1 1501080580.999714 0.0
-1 1501080581.015497 0.0
-1 1501080581.030340 0.0
-1 1501080581.045205 0.0
-1 1501080581.058278 0.0
-1 1501080581.075150 0.0
-1 1501080581.091713 0.0
-1 1501080581.106263 0.0
-1 1501080581.124087 0.0
-1 1501080581.143740 0.0
-1 1501080581.157418 0.0
-1 1501080581.183410 0.0
-1 1501080581.189791 0.0
-1 1501080581.206143 0.0
-1 1501080581.221501 0.0
-1 1501080581.239029 0.0
-1 1501080581.254645 0.0
-1 1501080581.270234 0.0
-1 1501080581.288700 0.0
-1 1501080581.305297 0.0
-1 1501080581.318282 0.0
-1 1501080581.337603 0.0
-1 1501080581.358122 0.0
-1 1501080581.368543 0.0
-1 1501080581.385906 0.0
-1 1501080581.399537 0.0
-1 1501080581.413520 0.0
-1 1501080581.429606 0.0
-1 1501080581.447375 0.0
-1 1501080581.462109 0.0
-1 1501080581.484593 0.0
-1 1501080581.495831 0.0
-1 1501080581.512719 0.0
-1 1501080581.528691 0.0
-1 1501080581.546282 0.0
-1 1501080581.563076 0.0
-1 1501080581.580672 0.0
-1 1501080581.595845 0.0
-1 1501080581.613029 0.0
-1 1501080581.632633 0.0
-1 1501080581.643656 0.0
-1 1501080581.655708 0.0
-1 1501080581.669418 0.0
-1 1501080581.685945 0.0
-1 1501080581.701679 0.0
-1 1501080581.717217 0.0
-1 1501080581.733758 0.0
-1 1501080581.749264 0.0
-1 1501080581.767877 0.0
-1 1501080581.782447 0.0
-1 1501080581.798336 0.0
-1 1501080581.818665 0.0
-1 1501080581.830675 0.0
-1 1501080581.849413 0.0
-1 1501080581.863921 0.0
-1 1501080581.880071 0.0
-1 1501080581.896661 0.0
-1 1501080581.914581 0.0
-1 1501080581.928009 0.0
-1 1501080581.946351 0.0
-1 1501080581.966926 0.0
-1 1501080581.979619 0.0
-1 1501080581.992190 0.0
-1 1501080582.008225 0.0
-1 1501080582.025345 0.0
-1 1501080582.039421 0.0
-1 1501080582.056057 0.0
-1 1501080582.075649 0.0
-1 1501080582.088043 0.0
-1 1501080582.104194 0.0
-1 1501080582.119950 0.0
-1 1501080582.135565 0.0
-1 1501080582.154444 0.0
-1 1501080582.168608 0.0
-1 1501080582.186111 0.0
-1 1501080582.201880 0.0
-1 1501080582.221755 0.0
-1 1501080582.245442 0.0
-1 1501080582.255740 0.0
-1 1501080582.267748 0.0
-1 1501080582.281776 0.0
-1 1501080582.297983 0.0
-1 1501080582.316114 0.0
-1 1501080582.330119 0.0
-1 1501080582.347641 0.0
-1 1501080582.361202 0.0
-1 1501080582.377667 0.0
-1 1501080582.398410 0.0
-1 1501080582.410224 0.0
-1 1501080582.431644 0.0
-1 1501080582.444476 0.0
-1 1501080582.464386 0.0
-1 1501080582.477944 0.0
-1 1501080582.497519 0.0
-1 1501080582.515040 0.0
-1 1501080582.528886 0.0
-1 1501080582.543694 0.0
-1 1501080582.561454 0.0
-1 1501080582.580763 0.0
-1 1501080582.592293 0.0
-1 1501080582.611737 0.0
-1 1501080582.627977 0.0
-1 1501080582.643265 0.0
-1 1501080582.657932 0.0
-1 1501080582.676426 0.0
-1 1501080582.686438 0.0
-1 1501080582.710559 0.0
-1 1501080582.719268 0.0
-1 1501080582.739768 0.0
-1 1501080582.751199 0.0
-1 1501080582.768500 0.0
-1 1501080582.785117 0.0
-1 1501080582.803949 0.0
-1 1501080582.820140 0.0
-1 1501080582.835483 0.0
-1 1501080582.852262 0.0
-1 1501080582.865586 0.0
-1 1501080582.881947 0.0
-1 1501080582.898012 0.0
-1 1501080582.912714 0.0
-1 1501080582.929823 0.0
-1 1501080582.946654 0.0
-1 1501080582.960728 0.0
-1 1501080582.977740 0.0
-1 1501080582.994655 0.0
-1 1501080583.012412 0.0
-1 1501080583.029624 0.0
-1 1501080583.047385 0.0
-1 1501080583.065695 0.0
-1 1501080583.077444 0.0
-1 1501080583.093034 0.0
-1 1501080583.111006 0.0
-1 1501080583.127446 0.0
-1 1501080583.140969 0.0
-1 1501080583.156912 0.0
-1 1501080583.170556 0.0
-1 1501080583.192649 0.0
-1 1501080583.202373 0.0
-1 1501080583.218421 0.0
-1 1501080583.235877 0.0
-1 1501080583.252611 0.0
-1 1501080583.269391 0.0
-1 1501080583.287783 0.0
-1 1501080583.303051 0.0
-1 1501080583.319110 0.0
-1 1501080583.336681 0.0
-1 1501080583.351348 0.0
-1 1501080583.368903 0.0
-1 1501080583.380819 0.0
-1 1501080583.393108 0.0
-1 1501080583.409977 0.0
-1 1501080583.434094 0.0
-1 1501080583.441724 0.0
-1 1501080583.458275 0.0
-1 1501080583.473130 0.0
-1 1501080583.490289 0.0
-1 1501080583.506159 0.0
-1 1501080583.521793 0.0
-1 1501080583.540941 0.0
-1 1501080583.559006 0.0
-1 1501080583.572303 0.0
-1 1501080583.594451 0.0
-1 1501080583.602665 0.0
-1 1501080583.623083 0.0
-1 1501080583.635020 0.0
-1 1501080583.650431 0.0
-1 1501080583.667363 0.0
-1 1501080583.684050 0.0
-1 1501080583.699312 0.0
-1 1501080583.715771 0.0
-1 1501080583.733051 0.0
-1 1501080583.749522 0.0
-1 1501080583.774634 0.0
-1 1501080583.785672 0.0
-1 1501080583.795907 0.0
-1 1501080583.818315 0.0
