-1 1501080050.605457 0.0
-1 1501080050.624364 0.0
-1 1501080050.630374 0.0
-1 1501080050.657652 0.0
-1 1501080050.669651 0.0
-1 1501080050.680346 0.0
-1 1501080050.693611 0.0
-1 1501080050.711144 0.0
-1 1501080050.726698 0.0
-1 1501080050.742502 0.0
-1 1501080050.758022 0.0
-1 1501080050.775536 0.0
-1 1501080050.790762 0.0
-1 1501080050.808395 0.0
-1 1501080050.822613 0.0
-1 1501080050.839466 0.0
-1 1501080050.854535 0.0
-1 1501080050.870063 0.0
-1 1501080050.892851 0.0
-1 1501080050.902346 0.0
-1 1501080050.918596 0.0
-1 1501080050.934084 0.0
-1 1501080050.955395 0.0
-1 1501080050.967927 0.0
-1 1501080050.984515 0.0
-1 1501080051.001171 0.0
-1 1501080051.014461 0.0
-1 1501080051.034603 0.0
-1 1501080051.049282 0.0
-1 1501080051.062434 0.0
-1 1501080051.078647 0.0
-1 1501080051.098208 0.0
-1 1501080051.114454 0.0
-1 1501080051.126438 0.0
-1 1501080051.142319 0.0
-1 1501080051.164818 0.0
-1 1501080051.174379 0.0
-1 1501080051.190793 0.0
-1 1501080051.206446 0.0
-1 1501080051.222389 0.0
-1 1501080051.239899 0.0
-1 1501080051.257184 0.0
-1 1501080051.270808 0.0
-1 1501080051.287654 0.0
-1 1501080051.303202 0.0
-1 1501080051.322872 0.0
-1 1501080051.340562 0.0
-1 1501080051.356640 0.0
-1 1501080051.368767 0.0
-1 1501080051.387303 0.0
-1 1501080051.409622 0.0
-1 1501080051.420212 0.0
-1 1501080051.441544 0.0
-1 1501080051.449313 0.0
-1 1501080051.464981 0.0
-1 1501080051.484056 0.0
-1 1501080051.503592 0.0
-1 1501080051.523236 0.0
-1 1501080051.534891 0.0
-1 1501080051.558801 0.0
-1 1501080051.566326 0.0
-1 1501080051.581897 0.0
-1 1501080051.601906 0.0
-1 1501080051.616440 0.0
-1 1501080051.625875 0.0
-1 1501080051.648167 0.0
-1 1501080051.661234 0.0
-1 1501080051.675343 0.0
-1 1501080051.691083 0.0
-1 1501080051.707931 0.0
-1 1501080051.727181 0.0
-1 1501080051.743147 0.0
-1 1501080051.756957 0.0
-1 1501080051.772982 0.0
-1 1501080051.790611 0.0
-1 1501080051.811633 0.0
-1 1501080051.822360 0.0
-1 1501080051.836041 0.0
-1 1501080051.853450 0.0
-1 1501080051.872076 0.0
-1 1501080051.889555 0.0
-1 1501080051.900477 0.0
-1 1501080051.918134 0.0
-1 1501080051.934654 0.0
-1 1501080051.952722 0.0
-1 1501080051.965553 0.0
-1 1501080051.985080 0.0
-1 1501080052.000914 0.0
-1 1501080052.011850 0.0
-1 1501080052.030022 0.0
-1 1501080052.051018 0.0
-1 1501080052.059546 0.0
-1 1501080052.076233 0.0
-1 1501080052.090977 0.0
-1 1501080052.111566 0.0
-1 1501080052.124911 0.0
-1 1501080052.139428 0.0
-1 1501080052.155184 0.0
-1 1501080052.172603 0.0
-1 1501080052.188651 0.0
-1 1501080052.211645 0.0
-1 1501080052.224087 0.0
-1 1501080052.239435 0.0
-1 1501080052.253808 0.0
-1 1501080052.270514 0.0
-1 1501080052.291838 0.0
-1 1501080052.302685 0.0
-1 1501080052.321461 0.0
-1 1501080052.332783 0.0
-1 1501080052.354782 0.0
-1 1501080052.364201 0.0
-1 1501080052.389352 0.0
-1 1501080052.399932 0.0
-1 1501080052.422165 0.0
-1 1501080052.437425 0.0
-1 1501080052.454573 0.0
-1 1501080052.472201 0.0
-1 1501080052.487332 0.0
-1 1501080052.505441 0.0
-1 1501080052.517837 0.0
-1 1501080052.535219 0.0
-1 1501080052.551458 0.0
-1 1501080052.571040 0.0
-1 1501080052.581312 0.0
-1 1501080052.598431 0.0
-1 1501080052.617255 0.0
-1 1501080052.625694 0.0
-1 1501080052.642032 0.0
-1 1501080052.669014 0.0
-1 1501080052.675664 0.0
-1 1501080052.692272 0.0
-1 1501080052.706725 0.0
-1 1501080052.723493 0.0
-1 1501080052.738906 0.0
-1 1501080052.756440 0.0
-1 1501080052.775002 0.0
-1 1501080052.788046 0.0
-1 1501080052.805052 0.0
-1 1501080052.820602 0.0
-1 1501080052.837000 0.0
-1 1501080052.854494 0.0
-1 1501080052.868117 0.0
-1 1501080052.884766 0.0
-1 1501080052.907770 0.0
-1 1501080052.918392 0.0
-1 1501080052.938013 0.0
-1 1501080052.951933 0.0
-1 1501080052.968937 0.0
-1 1501080052.988877 0.0
-1 1501080053.001597 0.0
-1 1501080053.014900 0.0
-1 1501080053.033093 0.0
-1 1501080053.048018 0.0
-1 1501080053.065475 0.0
-1 1501080053.075160 0.0
-1 1501080053.092458 0.0
-1 1501080053.109431 0.0
-1 1501080053.124664 0.0
-1 1501080053.140032 0.0
-1 1501080053.158538 0.0
-1 1501080053.177389 0.0
-1 1501080053.188852 0.0
-1 1501080053.204636 0.0
-1 1501080053.221397 0.0
-1 1501080053.241708 0.0
-1 1501080053.253225 0.0
-1 1501080053.268194 0.0
-1 1501080053.288180 0.0
-1 1501080053.303187 0.0
-1 1501080053.319447 0.0
-1 1501080053.338418 0.0
-1 1501080053.351268 0.0
-1 1501080053.369896 0.0
-1 1501080053.383295 0.0
-1 1501080053.405963 0.0
-1 1501080053.418720 0.0
-1 1501080053.434697 0.0
-1 1501080053.453665 0.0
-1 1501080053.464906 0.0
-1 1501080053.489722 0.0
-1 1501080053.495776 0.0
-1 1501080053.518431 0.0
-1 1501080053.533308 0.0
-1 1501080053.548071 0.0
-1 1501080053.562777 0.0
-1 1501080053.577704 0.0
-1 1501080053.593799 0.0
-1 1501080053.609436 0.0
-1 1501080053.625287 0.0
-1 1501080053.643987 0.0
-1 1501080053.658541 0.0
-1 1501080053.674049 0.0
-1 1501080053.691371 0.0
-1 1501080053.708025 0.0
-1 1501080053.726672 0.0
-1 1501080053.738430 0.0
-1 1501080053.762613 0.0
-1 1501080053.773460 0.0
-1 1501080053.791739 0.0
-1 1501080053.804430 0.0
-1 1501080053.826766 0.0
-1 1501080053.837865 0.0
-1 1501080053.852074 0.0
-1 1501080053.865440 0.0
-1 1501080053.886048 0.0
-1 1501080053.898126 0.0
-1 1501080053.915262 0.0
-1 1501080053.934274 0.0
-1 1501080053.948021 0.0
-1 1501080053.970264 0.0
-1 1501080053.982798 0.0
-1 1501080054.005505 0.0
-1 1501080054.014045 0.0
-1 1501080054.033254 0.0
-1 1501080054.047042 0.0
-1 1501080054.066553 0.0
-1 1501080054.078562 0.0
-1 1501080054.099763 0.0
-1 1501080054.121455 0.0
-1 1501080054.134970 0.0
-1 1501080054.142350 0.0
-1 1501080054.158174 0.0
-1 1501080054.174777 0.0
-1 1501080054.191909 0.0
-1 1501080054.218555 0.0
-1 1501080054.227141 0.0
-1 1501080054.240124 0.0
-1 1501080054.255673 0.0
-1 1501080054.271373 0.0
-1 1501080054.288746 0.0
-1 1501080054.303487 0.0
-1 1501080054.319798 0.0
-1 1501080054.335556 0.0
-1 1501080054.351187 0.0
-1 1501080054.370800 0.0
-1 1501080054.383298 0.0
-1 1501080054.404357 0.0
-1 1501080054.417142 0.0
-1 1501080054.436815 0.0
-1 1501080054.459052 0.0
-1 1501080054.469297 0.0
-1 1501080054.485657 0.0
-1 1501080054.496636 0.0
-1 1501080054.523164 0.0
-1 1501080054.533634 0.0
-1 1501080054.555752 0.0
-1 1501080054.560973 0.0
-1 1501080054.581444 0.0
-1 1501080054.592202 0.0
-1 1501080054.614963 0.0
-1 1501080054.625579 0.0
-1 1501080054.641692 0.0
-1 1501080054.657336 0.0
-1 1501080054.676712 0.0
-1 1501080054.691506 0.0
-1 1501080054.705768 0.0
-1 1501080054.721881 0.0
-1 1501080054.738053 0.0
-1 1501080054.754487 0.0
-1 1501080054.774610 0.0
-1 1501080054.785135 0.0
-1 1501080054.802297 0.0
-1 1501080054.816949 0.0
-1 1501080054.837194 0.0
-1 1501080054.850308 0.0
-1 1501080054.867384 0.0
-1 1501080054.883905 0.0
-1 1501080054.898025 0.0
-1 1501080054.922495 0.0
-1 1501080054.934545 0.0
-1 1501080054.957852 0.0
-1 1501080054.967345 0.0
-1 1501080054.987218 0.0
-1 1501080055.000027 0.0
-1 1501080055.013015 0.0
-1 1501080055.029499 0.0
-1 1501080055.044230 0.0
-1 1501080055.061491 0.0
-1 1501080055.084507 0.0
-1 1501080055.099996 0.0
-1 1501080055.109275 0.0
-1 1501080055.127868 0.0
-1 1501080055.141166 0.0
-1 1501080055.168859 0.0
-1 1501080055.174290 0.0
-1 1501080055.200263 0.0
-1 1501080055.207633 0.0
-1 1501080055.232796 0.0
-1 1501080055.240233 0.0
-1 1501080055.260599 0.0
-1 1501080055.272225 0.0
-1 1501080055.290129 0.0
-1 1501080055.304717 0.0
-1 1501080055.324978 0.0
-1 1501080055.337040 0.0
-1 1501080055.354983 0.0
-1 1501080055.369661 0.0
-1 1501080055.388641 0.0
-1 1501080055.400731 0.0
-1 1501080055.417134 0.0
-1 1501080055.445480 0.0
-1 1501080055.450472 0.0
-1 1501080055.467391 0.0
-1 1501080055.483810 0.0
-1 1501080055.502625 0.0
-1 1501080055.517860 0.0
-1 1501080055.539315 0.0
-1 1501080055.549748 0.0
-1 1501080055.567204 0.0
-1 1501080055.584672 0.0
-1 1501080055.595746 0.0
-1 1501080055.621409 0.0
-1 1501080055.630062 0.0
-1 1501080055.644247 0.0
-1 1501080055.662093 0.0
-1 1501080055.678806 0.0
-1 1501080055.694470 0.0
-1 1501080055.706962 0.0
-1 1501080055.724546 0.0
-1 1501080055.739459 0.0
-1 1501080055.757015 0.0
-1 1501080055.772015 0.0
-1 1501080055.790214 0.0
-1 1501080055.804191 0.0
-1 1501080055.822614 0.0
-1 1501080055.835262 0.0
-1 1501080055.850813 0.0
-1 1501080055.867788 0.0
-1 1501080055.884735 0.0
-1 1501080055.902466 0.0
-1 1501080055.917224 0.0
-1 1501080055.936775 0.0
-1 1501080055.953233 0.0
-1 1501080055.971423 0.0
-1 1501080055.991856 0.0
-1 1501080056.002557 0.0
-1 1501080056.014995 0.0
-1 1501080056.027959 0.0
-1 1501080056.047064 0.0
-1 1501080056.060447 0.0
-1 1501080056.077768 0.0
-1 1501080056.091421 0.0
-1 1501080056.107195 0.0
-1 1501080056.124840 0.0
-1 1501080056.148853 0.0
-1 1501080056.155993 0.0
-1 1501080056.173837 0.0
-1 1501080056.187979 0.0
-1 1501080056.209403 0.0
-1 1501080056.221000 0.0
-1 1501080056.238556 0.0
-1 1501080056.251114 0.0
-1 1501080056.267867 0.0
-1 1501080056.283533 0.0
-1 1501080056.305321 0.0
-1 1501080056.329277 0.0
-1 1501080056.339490 0.0
-1 1501080056.352196 0.0
-1 1501080056.367178 0.0
-1 1501080056.386567 0.0
-1 1501080056.401921 0.0
-1 1501080056.420857 0.0
-1 1501080056.433469 0.0
-1 1501080056.457497 0.0
-1 1501080056.463092 0.0
-1 1501080056.480151 0.0
-1 1501080056.495251 0.0
-1 1501080056.516022 0.0
-1 1501080056.527864 0.0
-1 1501080056.542678 0.0
-1 1501080056.558471 0.0
-1 1501080056.579609 0.0
-1 1501080056.592007 0.0
-1 1501080056.608221 0.0
-1 1501080056.629599 0.0
-1 1501080056.644798 0.0
-1 1501080056.664048 0.0
-1 1501080056.671903 0.0
-1 1501080056.691441 0.0
-1 1501080056.707847 0.0
-1 1501080056.726127 0.0
-1 1501080056.736746 0.0
-1 1501080056.759143 0.0
-1 1501080056.768941 0.0
-1 1501080056.789216 0.0
-1 1501080056.801145 0.0
-1 1501080056.819091 0.0
-1 1501080056.833653 0.0
-1 1501080056.852377 0.0
-1 1501080056.868326 0.0
-1 1501080056.886100 0.0
-1 1501080056.901409 0.0
-1 1501080056.917488 0.0
-1 1501080056.933397 0.0
-1 1501080056.949073 0.0
-1 1501080056.971937 0.0
-1 1501080056.978674 0.0
-1 1501080056.997725 0.0
-1 1501080057.012539 0.0
-1 1501080057.031020 0.0
-1 1501080057.042522 0.0
-1 1501080057.065411 0.0
-1 1501080057.074088 0.0
-1 1501080057.092896 0.0
-1 1501080057.106623 0.0
-1 1501080057.124521 0.0
-1 1501080057.138096 0.0
-1 1501080057.157559 0.0
-1 1501080057.169852 0.0
-1 1501080057.186404 0.0
-1 1501080057.209075 0.0
-1 1501080057.219501 0.0
-1 1501080057.235589 0.0
-1 1501080057.250027 0.0
-1 1501080057.267144 0.0
-1 1501080057.285480 0.0
-1 1501080057.302741 0.0
-1 1501080057.320244 0.0
-1 1501080057.334326 0.0
-1 1501080057.350440 0.0
-1 1501080057.370550 0.0
-1 1501080057.382389 0.0
-1 1501080057.399837 0.0
-1 1501080057.414168 0.0
-1 1501080057.430520 0.0
-1 1501080057.445242 0.0
-1 1501080057.461247 0.0
-1 1501080057.477643 0.0
-1 1501080057.494227 0.0
-1 1501080057.508190 0.0
-1 1501080057.531761 0.0
-1 1501080057.544379 0.0
-1 1501080057.559527 0.0
-1 1501080057.572315 0.0
-1 1501080057.587947 0.0
-1 1501080057.605097 0.0
-1 1501080057.620600 0.0
-1 1501080057.636295 0.0
-1 1501080057.651802 0.0
-1 1501080057.668985 0.0
-1 1501080057.684575 0.0
-1 1501080057.703782 0.0
-1 1501080057.716372 0.0
-1 1501080057.733406 0.0
-1 1501080057.756576 0.0
-1 1501080057.766551 0.0
-1 1501080057.788511 0.0
-1 1501080057.800849 0.0
-1 1501080057.816138 0.0
-1 1501080057.831417 0.0
-1 1501080057.856179 0.0
-1 1501080057.866535 0.0
-1 1501080057.886208 0.0
-1 1501080057.899541 0.0
-1 1501080057.919115 0.0
-1 1501080057.930941 0.0
-1 1501080057.953311 0.0
-1 1501080057.964801 0.0
-1 1501080057.983198 0.0
-1 1501080058.003712 0.0
-1 1501080058.013474 0.0
-1 1501080058.024640 0.0
-1 1501080058.040289 0.0
-1 1501080058.057709 0.0
-1 1501080058.075281 0.0
-1 1501080058.087985 0.0
-1 1501080058.106147 0.0
-1 1501080058.121778 0.0
-1 1501080058.136887 0.0
-1 1501080058.154793 0.0
-1 1501080058.169402 0.0
-1 1501080058.189633 0.0
-1 1501080058.203383 0.0
-1 1501080058.220211 0.0
-1 1501080058.233894 0.0
-1 1501080058.258618 0.0
-1 1501080058.268582 0.0
-1 1501080058.285505 0.0
-1 1501080058.300487 0.0
-1 1501080058.318811 0.0
-1 1501080058.335362 0.0
-1 1501080058.345487 0.0
-1 1501080058.367018 0.0
-1 1501080058.376252 0.0
-1 1501080058.392261 0.0
-1 1501080058.408712 0.0
-1 1501080058.432452 0.0
-1 1501080058.445041 0.0
-1 1501080058.466530 0.0
-1 1501080058.475162 0.0
-1 1501080058.498481 0.0
-1 1501080058.509603 0.0
-1 1501080058.529190 0.0
-1 1501080058.539010 0.0
-1 1501080058.555747 0.0
-1 1501080058.571193 0.0
-1 1501080058.593658 0.0
-1 1501080058.604167 0.0
-1 1501080058.627123 0.0
-1 1501080058.638179 0.0
-1 1501080058.652337 0.0
-1 1501080058.670103 0.0
-1 1501080058.686059 0.0
-1 1501080058.705867 0.0
-1 1501080058.716482 0.0
-1 1501080058.733427 0.0
-1 1501080058.749931 0.0
-1 1501080058.772519 0.0
-1 1501080058.784169 0.0
-1 1501080058.802212 0.0
-1 1501080058.817208 0.0
-1 1501080058.837339 0.0
-1 1501080058.850841 0.0
-1 1501080058.869621 0.0
-1 1501080058.887755 0.0
-1 1501080058.899765 0.0
-1 1501080058.915146 0.0
-1 1501080058.930287 0.0
-1 1501080058.949580 0.0
-1 1501080058.966165 0.0
-1 1501080058.979792 0.0
-1 1501080058.995104 0.0
-1 1501080059.011621 0.0
-1 1501080059.026863 0.0
-1 1501080059.046263 0.0
-1 1501080059.061150 0.0
-1 1501080059.079701 0.0
-1 1501080059.090799 0.0
-1 1501080059.114322 0.0
-1 1501080059.121981 0.0
-1 1501080059.140741 0.0
-1 1501080059.154117 0.0
-1 1501080059.172144 0.0
-1 1501080059.186852 0.0
-1 1501080059.205529 0.0
-1 1501080059.218142 0.0
-1 1501080059.237807 0.0
-1 1501080059.254804 0.0
-1 1501080059.271756 0.0
-1 1501080059.286033 0.0
-1 1501080059.300869 0.0
-1 1501080059.317997 0.0
-1 1501080059.330684 0.0
-1 1501080059.353767 0.0
-1 1501080059.366851 0.0
-1 1501080059.386547 0.0
-1 1501080059.399856 0.0
-1 1501080059.415500 0.0
-1 1501080059.431189 0.0
-1 1501080059.447340 0.0
-1 1501080059.464132 0.0
-1 1501080059.476882 0.0
-1 1501080059.492507 0.0
-1 1501080059.507619 0.0
-1 1501080059.522849 0.0
-1 1501080059.539195 0.0
-1 1501080059.555503 0.0
-1 1501080059.574770 0.0
-1 1501080059.588768 0.0
-1 1501080059.604480 0.0
-1 1501080059.621654 0.0
-1 1501080059.638043 0.0
-1 1501080059.652879 0.0
-1 1501080059.668827 0.0
-1 1501080059.698880 0.0
-1 1501080059.705767 0.0
-1 1501080059.721213 0.0
-1 1501080059.735903 0.0
-1 1501080059.759016 0.0
-1 1501080059.768589 0.0
-1 1501080059.790857 0.0
-1 1501080059.800837 0.0
-1 1501080059.819854 0.0
-1 1501080059.840190 0.0
-1 1501080059.850807 0.0
-1 1501080059.869656 0.0
-1 1501080059.885287 0.0
-1 1501080059.904837 0.0
-1 1501080059.917228 0.0
-1 1501080059.937989 0.0
-1 1501080059.951297 0.0
-1 1501080059.970801 0.0
-1 1501080059.983541 0.0
-1 1501080060.003454 0.0
-1 1501080060.013998 0.0
-1 1501080060.030882 0.0
-1 1501080060.042277 0.0
-1 1501080060.058421 0.0
-1 1501080060.075167 0.0
-1 1501080060.091369 0.0
-1 1501080060.110109 0.0
-1 1501080060.134230 0.0
-1 1501080060.139527 0.0
-1 1501080060.155075 0.0
-1 1501080060.172274 0.0
-1 1501080060.189350 0.0
-1 1501080060.205090 0.0
-1 1501080060.219756 0.0
-1 1501080060.241335 0.0
-1 1501080060.255518 0.0
-1 1501080060.267313 0.0
-1 1501080060.282968 0.0
-1 1501080060.299706 0.0
-1 1501080060.317903 0.0
-1 1501080060.339163 0.0
-1 1501080060.350363 0.0
-1 1501080060.364033 0.0
-1 1501080060.379754 0.0
-1 1501080060.398135 0.0
-1 1501080060.411925 0.0
-1 1501080060.429696 0.0
-1 1501080060.445666 0.0
-1 1501080060.460827 0.0
-1 1501080060.490073 0.0
-1 1501080060.496679 0.0
-1 1501080060.519587 0.0
-1 1501080060.532808 0.0
-1 1501080060.548240 0.0
-1 1501080060.559249 0.0
-1 1501080060.574624 0.0
-1 1501080060.590005 0.0
-1 1501080060.615459 0.0
-1 1501080060.621873 0.0
-1 1501080060.638706 0.0
-1 1501080060.655444 0.0
-1 1501080060.671908 0.0
-1 1501080060.691610 0.0
-1 1501080060.704670 0.0
-1 1501080060.721489 0.0
-1 1501080060.736295 0.0
-1 1501080060.749844 0.0
-1 1501080060.766441 0.0
-1 1501080060.784207 0.0
-1 1501080060.800913 0.0
-1 1501080060.817018 0.0
-1 1501080060.833605 0.0
-1 1501080060.856458 0.0
-1 1501080060.867749 0.0
-1 1501080060.886022 0.0
-1 1501080060.907457 0.0
-1 1501080060.917891 0.0
-1 1501080060.933555 0.0
-1 1501080060.951646 0.0
-1 1501080060.969470 0.0
-1 1501080060.983328 0.0
-1 1501080061.001386 0.0
-1 1501080061.007829 0.0
-1 1501080061.024152 0.0
-1 1501080061.040525 0.0
-1 1501080061.058048 0.0
-1 1501080061.072546 0.0
-1 1501080061.090850 0.0
-1 1501080061.104759 0.0
-1 1501080061.121696 0.0
-1 1501080061.139555 0.0
-1 1501080061.156980 0.0
-1 1501080061.169717 0.0
-1 1501080061.185522 0.0
-1 1501080061.201107 0.0
-1 1501080061.221350 0.0
-1 1501080061.232998 0.0
-1 1501080061.253784 0.0
-1 1501080061.266991 0.0
-1 1501080061.283813 0.0
-1 1501080061.305966 0.0
-1 1501080061.320660 0.0
-1 1501080061.339502 0.0
-1 1501080061.349700 0.0
-1 1501080061.373391 0.0
-1 1501080061.384907 0.0
-1 1501080061.399951 0.0
-1 1501080061.414753 0.0
-1 1501080061.436177 0.0
-1 1501080061.447961 0.0
-1 1501080061.467410 0.0
-1 1501080061.474810 0.0
-1 1501080061.491369 0.0
-1 1501080061.506649 0.0
-1 1501080061.523356 0.0
-1 1501080061.539229 0.0
-1 1501080061.562070 0.0
-1 1501080061.571606 0.0
-1 1501080061.587638 0.0
-1 1501080061.603318 0.0
-1 1501080061.619059 0.0
-1 1501080061.635643 0.0
-1 1501080061.655278 0.0
-1 1501080061.671059 0.0
-1 1501080061.684053 0.0
-1 1501080061.705680 0.0
-1 1501080061.715539 0.0
-1 1501080061.740226 0.0
-1 1501080061.750837 0.0
-1 1501080061.772223 0.0
-1 1501080061.783287 0.0
-1 1501080061.804643 0.0
-1 1501080061.815126 0.0
-1 1501080061.833955 0.0
-1 1501080061.847503 0.0
-1 1501080061.859386 0.0
-1 1501080061.875618 0.0
-1 1501080061.891655 0.0
-1 1501080061.907243 0.0
-1 1501080061.930872 0.0
-1 1501080061.940013 0.0
-1 1501080061.955517 0.0
-1 1501080061.971153 0.0
-1 1501080061.987507 0.0
-1 1501080062.004981 0.0
-1 1501080062.019814 0.0
-1 1501080062.037709 0.0
-1 1501080062.053405 0.0
-1 1501080062.074930 0.0
-1 1501080062.083595 0.0
-1 1501080062.102723 0.0
-1 1501080062.118903 0.0
-1 1501080062.135434 0.0
-1 1501080062.150787 0.0
-1 1501080062.168858 0.0
-1 1501080062.184064 0.0
-1 1501080062.202526 0.0
-1 1501080062.218659 0.0
-1 1501080062.231330 0.0
-1 1501080062.245701 0.0
-1 1501080062.262413 0.0
-1 1501080062.279919 0.0
-1 1501080062.297520 0.0
-1 1501080062.313385 0.0
-1 1501080062.325155 0.0
-1 1501080062.341590 0.0
-1 1501080062.357354 0.0
-1 1501080062.383651 0.0
-1 1501080062.390714 0.0
-1 1501080062.411028 0.0
-1 1501080062.423031 0.0
-1 1501080062.443693 0.0
-1 1501080062.456323 0.0
-1 1501080062.474831 0.0
-1 1501080062.488833 0.0
-1 1501080062.506632 0.0
-1 1501080062.520403 0.0
-1 1501080062.537099 0.0
-1 1501080062.552641 0.0
-1 1501080062.571108 0.0
-1 1501080062.585547 0.0
-1 1501080062.605944 0.0
-1 1501080062.616562 0.0
-1 1501080062.636287 0.0
-1 1501080062.651673 0.0
-1 1501080062.668874 0.0
-1 1501080062.687650 0.0
-1 1501080062.700975 0.0
-1 1501080062.719793 0.0
-1 1501080062.732467 0.0
-1 1501080062.750398 0.0
-1 1501080062.763846 0.0
-1 1501080062.784784 0.0
-1 1501080062.792369 0.0
-1 1501080062.808568 0.0
-1 1501080062.824433 0.0
-1 1501080062.839928 0.0
-1 1501080062.856492 0.0
-1 1501080062.874266 0.0
-1 1501080062.892373 0.0
-1 1501080062.905129 0.0
-1 1501080062.932101 0.0
-1 1501080062.942621 0.0
-1 1501080062.952031 0.0
-1 1501080062.968645 0.0
-1 1501080062.984191 0.0
-1 1501080063.000999 0.0
-1 1501080063.023384 0.0
-1 1501080063.035803 0.0
-1 1501080063.050808 0.0
-1 1501080063.067020 0.0
-1 1501080063.085293 0.0
-1 1501080063.100838 0.0
-1 1501080063.119655 0.0
-1 1501080063.132220 0.0
-1 1501080063.148949 0.0
-1 1501080063.164925 0.0
-1 1501080063.182800 0.0
-1 1501080063.191737 0.0
-1 1501080063.208336 0.0
-1 1501080063.223694 0.0
-1 1501080063.240679 0.0
-1 1501080063.257132 0.0
-1 1501080063.272558 0.0
-1 1501080063.288174 0.0
-1 1501080063.304769 0.0
-1 1501080063.325017 0.0
-1 1501080063.337893 0.0
-1 1501080063.353305 0.0
-1 1501080063.370880 0.0
-1 1501080063.389013 0.0
-1 1501080063.403362 0.0
-1 1501080063.417739 0.0
-1 1501080063.437584 0.0
-1 1501080063.454257 0.0
-1 1501080063.467510 0.0
-1 1501080063.487134 0.0
-1 1501080063.501401 0.0
-1 1501080063.518772 0.0
-1 1501080063.541741 0.0
-1 1501080063.548600 0.0
-1 1501080063.567183 0.0
-1 1501080063.582603 0.0
-1 1501080063.607121 0.0
-1 1501080063.615965 0.0
-1 1501080063.632254 0.0
-1 1501080063.647700 0.0
-1 1501080063.668936 0.0
-1 1501080063.679313 0.0
-1 1501080063.692256 0.0
-1 1501080063.708240 0.0
-1 1501080063.733409 0.0
-1 1501080063.740556 0.0
-1 1501080063.755846 0.0
-1 1501080063.772545 0.0
-1 1501080063.789342 0.0
-1 1501080063.803838 0.0
-1 1501080063.821481 0.0
-1 1501080063.836116 0.0
-1 1501080063.853193 0.0
-1 1501080063.868946 0.0
-1 1501080063.884543 0.0
-1 1501080063.901480 0.0
-1 1501080063.917548 0.0
-1 1501080063.935294 0.0
-1 1501080063.950247 0.0
-1 1501080063.968809 0.0
-1 1501080063.986249 0.0
-1 1501080064.007650 0.0
-1 1501080064.016825 0.0
-1 1501080064.042322 0.0
-1 1501080064.049118 0.0
-1 1501080064.065571 0.0
-1 1501080064.076669 0.0
-1 1501080064.100531 0.0
-1 1501080064.108174 0.0
-1 1501080064.130498 0.0
-1 1501080064.140945 0.0
-1 1501080064.157435 0.0
-1 1501080064.173146 0.0
-1 1501080064.189743 0.0
-1 1501080064.209460 0.0
-1 1501080064.222207 0.0
-1 1501080064.238519 0.0
-1 1501080064.255036 0.0
-1 1501080064.278129 0.0
-1 1501080064.288291 0.0
-1 1501080064.313374 0.0
-1 1501080064.319080 0.0
-1 1501080064.339772 0.0
-1 1501080064.351600 0.0
-1 1501080064.367711 0.0
-1 1501080064.383402 0.0
-1 1501080064.403545 0.0
-1 1501080064.423294 0.0
-1 1501080064.435925 0.0
-1 1501080064.450973 0.0
-1 1501080064.468525 0.0
-1 1501080064.483840 0.0
-1 1501080064.500165 0.0
-1 1501080064.517411 0.0
-1 1501080064.527476 0.0
-1 1501080064.546756 0.0
-1 1501080064.559199 0.0
-1 1501080064.586388 0.0
-1 1501080064.592174 0.0
-1 1501080064.608871 0.0
-1 1501080064.626619 0.0
-1 1501080064.643043 0.0
-1 1501080064.658010 0.0
-1 1501080064.673984 0.0
-1 1501080064.689927 0.0
-1 1501080064.707083 0.0
-1 1501080064.721511 0.0
-1 1501080064.737524 0.0
-1 1501080064.754124 0.0
-1 1501080064.769676 0.0
-1 1501080064.789142 0.0
-1 1501080064.805492 0.0
-1 1501080064.821002 0.0
-1 1501080064.833951 0.0
-1 1501080064.860548 0.0
-1 1501080064.872461 0.0
-1 1501080064.886058 0.0
-1 1501080064.901725 0.0
-1 1501080064.917499 0.0
-1 1501080064.934161 0.0
-1 1501080064.951273 0.0
-1 1501080064.968589 0.0
-1 1501080064.986972 0.0
-1 1501080065.004960 0.0
-1 1501080065.016566 0.0
-1 1501080065.037977 0.0
-1 1501080065.045116 0.0
-1 1501080065.067897 0.0
-1 1501080065.077889 0.0
-1 1501080065.092583 0.0
-1 1501080065.107867 0.0
-1 1501080065.130085 0.0
-1 1501080065.140751 0.0
-1 1501080065.157314 0.0
-1 1501080065.172014 0.0
-1 1501080065.189836 0.0
-1 1501080065.204999 0.0
-1 1501080065.220651 0.0
-1 1501080065.236782 0.0
-1 1501080065.255671 0.0
-1 1501080065.268317 0.0
-1 1501080065.284054 0.0
-1 1501080065.301483 0.0
-1 1501080065.317273 0.0
-1 1501080065.342920 0.0
-1 1501080065.353209 0.0
-1 1501080065.369990 0.0
-1 1501080065.383267 0.0
-1 1501080065.405106 0.0
-1 1501080065.417781 0.0
-1 1501080065.435547 0.0
-1 1501080065.446767 0.0
-1 1501080065.470741 0.0
-1 1501080065.481915 0.0
-1 1501080065.501188 0.0
-1 1501080065.518330 0.0
-1 1501080065.536004 0.0
-1 1501080065.556444 0.0
-1 1501080065.567537 0.0
-1 1501080065.585512 0.0
-1 1501080065.600931 0.0
-1 1501080065.616377 0.0
-1 1501080065.632975 0.0
-1 1501080065.647950 0.0
-1 1501080065.663951 0.0
-1 1501080065.675746 0.0
-1 1501080065.691031 0.0
-1 1501080065.718734 0.0
-1 1501080065.724531 0.0
-1 1501080065.744188 0.0
-1 1501080065.755733 0.0
-1 1501080065.772729 0.0
-1 1501080065.787833 0.0
-1 1501080065.806761 0.0
-1 1501080065.819564 0.0
-1 1501080065.836872 0.0
-1 1501080065.853507 0.0
-1 1501080065.868499 0.0
-1 1501080065.885291 0.0
-1 1501080065.902068 0.0
-1 1501080065.917242 0.0
-1 1501080065.934169 0.0
-1 1501080065.953440 0.0
-1 1501080065.964951 0.0
-1 1501080065.987067 0.0
-1 1501080066.001075 0.0
-1 1501080066.019939 0.0
-1 1501080066.034424 0.0
-1 1501080066.052790 0.0
-1 1501080066.067790 0.0
-1 1501080066.080093 0.0
-1 1501080066.104708 0.0
-1 1501080066.112421 0.0
-1 1501080066.128263 0.0
-1 1501080066.146365 0.0
-1 1501080066.169050 0.0
-1 1501080066.174706 0.0
-1 1501080066.193324 0.0
-1 1501080066.207363 0.0
-1 1501080066.227139 0.0
-1 1501080066.239026 0.0
-1 1501080066.266466 0.0
-1 1501080066.271715 0.0
-1 1501080066.287578 0.0
-1 1501080066.305951 0.0
-1 1501080066.321685 0.0
-1 1501080066.335539 0.0
-1 1501080066.352902 0.0
-1 1501080066.368424 0.0
-1 1501080066.388928 0.0
-1 1501080066.399824 0.0
-1 1501080066.421170 0.0
-1 1501080066.437696 0.0
-1 1501080066.450232 0.0
-1 1501080066.468947 0.0
-1 1501080066.484525 0.0
-1 1501080066.506758 0.0
-1 1501080066.512935 0.0
-1 1501080066.539696 0.0
-1 1501080066.545177 0.0
-1 1501080066.561315 0.0
-1 1501080066.577389 0.0
-1 1501080066.606314 0.0
-1 1501080066.610556 0.0
-1 1501080066.629550 0.0
-1 1501080066.649818 0.0
-1 1501080066.666400 0.0
-1 1501080066.682225 0.0
-1 1501080066.691703 0.0
-1 1501080066.710560 0.0
-1 1501080066.725033 0.0
-1 1501080066.740565 0.0
-1 1501080066.756017 0.0
-1 1501080066.772740 0.0
-1 1501080066.788286 0.0
-1 1501080066.808806 0.0
-1 1501080066.820739 0.0
-1 1501080066.841976 0.0
-1 1501080066.852527 0.0
-1 1501080066.871193 0.0
-1 1501080066.885785 0.0
-1 1501080066.905997 0.0
-1 1501080066.916863 0.0
-1 1501080066.935354 0.0
-1 1501080066.953987 0.0
-1 1501080066.968682 0.0
-1 1501080066.987116 0.0
-1 1501080067.001859 0.0
-1 1501080067.019085 0.0
-1 1501080067.034526 0.0
-1 1501080067.052972 0.0
-1 1501080067.063652 0.0
-1 1501080067.083558 0.0
-1 1501080067.091611 0.0
-1 1501080067.107602 0.0
-1 1501080067.123152 0.0
-1 1501080067.139766 0.0
-1 1501080067.155141 0.0
-1 1501080067.181690 0.0
-1 1501080067.187277 0.0
-1 1501080067.204310 0.0
-1 1501080067.220933 0.0
-1 1501080067.238995 0.0
-1 1501080067.251634 0.0
-1 1501080067.273792 0.0
-1 1501080067.283224 0.0
-1 1501080067.305024 0.0
-1 1501080067.316454 0.0
-1 1501080067.338289 0.0
-1 1501080067.353899 0.0
-1 1501080067.367623 0.0
-1 1501080067.384255 0.0
-1 1501080067.401715 0.0
-1 1501080067.421916 0.0
-1 1501080067.433142 0.0
-1 1501080067.449098 0.0
-1 1501080067.466809 0.0
-1 1501080067.484031 0.0
-1 1501080067.493842 0.0
-1 1501080067.513331 0.0
-1 1501080067.524691 0.0
-1 1501080067.541349 0.0
-1 1501080067.556931 0.0
-1 1501080067.574253 0.0
-1 1501080067.590113 0.0
-1 1501080067.607238 0.0
-1 1501080067.620759 0.0
-1 1501080067.640473 0.0
-1 1501080067.653462 0.0
-1 1501080067.674600 0.0
-1 1501080067.684829 0.0
-1 1501080067.701790 0.0
-1 1501080067.721027 0.0
-1 1501080067.735115 0.0
-1 1501080067.749402 0.0
-1 1501080067.767632 0.0
-1 1501080067.788734 0.0
-1 1501080067.800486 0.0
-1 1501080067.813739 0.0
-1 1501080067.830116 0.0
-1 1501080067.848585 0.0
-1 1501080067.861829 0.0
-1 1501080067.881905 0.0
-1 1501080067.895827 0.0
-1 1501080067.911886 0.0
-1 1501080067.925540 0.0
-1 1501080067.941644 0.0
-1 1501080067.957474 0.0
-1 1501080067.975225 0.0
-1 1501080067.989372 0.0
-1 1501080068.005043 0.0
-1 1501080068.021518 0.0
-1 1501080068.038681 0.0
-1 1501080068.053312 0.0
-1 1501080068.070343 0.0
-1 1501080068.086512 0.0
-1 1501080068.102275 0.0
-1 1501080068.117272 0.0
-1 1501080068.133702 0.0
-1 1501080068.151718 0.0
-1 1501080068.170138 0.0
-1 1501080068.188703 0.0
-1 1501080068.201045 0.0
-1 1501080068.219680 0.0
-1 1501080068.240111 0.0
-1 1501080068.250924 0.0
-1 1501080068.265448 0.0
-1 1501080068.283893 0.0
-1 1501080068.297604 0.0
-1 1501080068.309695 0.0
-1 1501080068.329632 0.0
-1 1501080068.341482 0.0
-1 1501080068.359768 0.0
-1 1501080068.373861 0.0
-1 1501080068.391059 0.0
-1 1501080068.407449 0.0
-1 1501080068.424184 0.0
-1 1501080068.437883 0.0
-1 1501080068.453998 0.0
-1 1501080068.470950 0.0
-1 1501080068.485558 0.0
-1 1501080068.502046 0.0
-1 1501080068.517563 0.0
-1 1501080068.536109 0.0
-1 1501080068.553562 0.0
-1 1501080068.567814 0.0
-1 1501080068.584654 0.0
-1 1501080068.602608 0.0
-1 1501080068.618199 0.0
-1 1501080068.636938 0.0
-1 1501080068.646230 0.0
-1 1501080068.666452 0.0
-1 1501080068.681794 0.0
-1 1501080068.698526 0.0
-1 1501080068.716447 0.0
-1 1501080068.728440 0.0
-1 1501080068.742011 0.0
-1 1501080068.759343 0.0
-1 1501080068.774738 0.0
-1 1501080068.795494 0.0
-1 1501080068.807466 0.0
-1 1501080068.822409 0.0
-1 1501080068.838244 0.0
-1 1501080068.858781 0.0
-1 1501080068.871047 0.0
-1 1501080068.894094 0.0
-1 1501080068.903315 0.0
-1 1501080068.918459 0.0
-1 1501080068.934571 0.0
-1 1501080068.950343 0.0
-1 1501080068.966586 0.0
-1 1501080068.981870 0.0
-1 1501080068.998222 0.0
-1 1501080069.016241 0.0
-1 1501080069.035291 0.0
-1 1501080069.048077 0.0
-1 1501080069.065098 0.0
-1 1501080069.081617 0.0
-1 1501080069.102387 0.0
-1 1501080069.112167 0.0
-1 1501080069.143016 0.0
-1 1501080069.147970 0.0
-1 1501080069.164776 0.0
-1 1501080069.180436 0.0
-1 1501080069.200903 0.0
-1 1501080069.212386 0.0
-1 1501080069.229822 0.0
-1 1501080069.253276 0.0
-1 1501080069.264493 0.0
-1 1501080069.284075 0.0
-1 1501080069.295015 0.0
-1 1501080069.307986 0.0
-1 1501080069.323572 0.0
-1 1501080069.349041 0.0
-1 1501080069.358337 0.0
-1 1501080069.375965 0.0
-1 1501080069.391759 0.0
-1 1501080069.408427 0.0
-1 1501080069.419225 0.0
-1 1501080069.441762 0.0
-1 1501080069.451455 0.0
-1 1501080069.469946 0.0
-1 1501080069.483414 0.0
-1 1501080069.505618 0.0
-1 1501080069.519489 0.0
-1 1501080069.536561 0.0
-1 1501080069.553407 0.0
-1 1501080069.563693 0.0
-1 1501080069.587684 0.0
-1 1501080069.596499 0.0
-1 1501080069.622851 0.0
-1 1501080069.629144 0.0
-1 1501080069.649827 0.0
-1 1501080069.664369 0.0
-1 1501080069.683520 0.0
-1 1501080069.691823 0.0
-1 1501080069.716332 0.0
-1 1501080069.724011 0.0
-1 1501080069.743417 0.0
-1 1501080069.755997 0.0
-1 1501080069.774937 0.0
-1 1501080069.788399 0.0
-1 1501080069.804487 0.0
-1 1501080069.820570 0.0
-1 1501080069.838871 0.0
-1 1501080069.852773 0.0
-1 1501080069.870400 0.0
-1 1501080069.885828 0.0
-1 1501080069.904479 0.0
-1 1501080069.920337 0.0
-1 1501080069.934792 0.0
-1 1501080069.952047 0.0
-1 1501080069.969405 0.0
-1 1501080069.985459 0.0
-1 1501080070.002589 0.0
-1 1501080070.015707 0.0
-1 1501080070.027617 0.0
-1 1501080070.043917 0.0
-1 1501080070.060126 0.0
-1 1501080070.077197 0.0
-1 1501080070.092911 0.0
-1 1501080070.108044 0.0
-1 1501080070.123511 0.0
-1 1501080070.144019 0.0
-1 1501080070.155588 0.0
-1 1501080070.173393 0.0
-1 1501080070.189664 0.0
-1 1501080070.207661 0.0
-1 1501080070.219483 0.0
-1 1501080070.237755 0.0
-1 1501080070.258705 0.0
-1 1501080070.268007 0.0
-1 1501080070.284376 0.0
-1 1501080070.299477 0.0
-1 1501080070.323097 0.0
-1 1501080070.335488 0.0
-1 1501080070.353813 0.0
-1 1501080070.367108 0.0
-1 1501080070.387706 0.0
-1 1501080070.405126 0.0
-1 1501080070.415028 0.0
-1 1501080070.432797 0.0
-1 1501080070.451360 0.0
-1 1501080070.465818 0.0
-1 1501080070.481264 0.0
-1 1501080070.496089 0.0
-1 1501080070.511322 0.0
-1 1501080070.527311 0.0
-1 1501080070.543232 0.0
-1 1501080070.556084 0.0
-1 1501080070.573083 0.0
-1 1501080070.590309 0.0
-1 1501080070.607752 0.0
-1 1501080070.623772 0.0
-1 1501080070.638327 0.0
-1 1501080070.654630 0.0
-1 1501080070.670369 0.0
-1 1501080070.690574 0.0
-1 1501080070.701265 0.0
-1 1501080070.720411 0.0
-1 1501080070.732899 0.0
-1 1501080070.753110 0.0
-1 1501080070.768304 0.0
-1 1501080070.785873 0.0
-1 1501080070.801323 0.0
-1 1501080070.820244 0.0
-1 1501080070.832819 0.0
-1 1501080070.849491 0.0
-1 1501080070.869873 0.0
-1 1501080070.878492 0.0
-1 1501080070.897450 0.0
-1 1501080070.909969 0.0
-1 1501080070.930835 0.0
-1 1501080070.941460 0.0
-1 1501080070.957176 0.0
-1 1501080070.974142 0.0
-1 1501080070.990993 0.0
-1 1501080071.007119 0.0
-1 1501080071.022640 0.0
-1 1501080071.039427 0.0
-1 1501080071.057339 0.0
-1 1501080071.069895 0.0
-1 1501080071.089499 0.0
-1 1501080071.105462 0.0
-1 1501080071.121999 0.0
-1 1501080071.137040 0.0
-1 1501080071.150822 0.0
-1 1501080071.175688 0.0
-1 1501080071.183059 0.0
-1 1501080071.199702 0.0
-1 1501080071.215277 0.0
-1 1501080071.245911 0.0
-1 1501080071.251263 0.0
-1 1501080071.272379 0.0
-1 1501080071.283500 0.0
-1 1501080071.306291 0.0
-1 1501080071.324019 0.0
-1 1501080071.334263 0.0
-1 1501080071.358129 0.0
-1 1501080071.369263 0.0
-1 1501080071.388670 0.0
-1 1501080071.400544 0.0
-1 1501080071.421675 0.0
-1 1501080071.432786 0.0
-1 1501080071.452550 0.0
-1 1501080071.464183 0.0
-1 1501080071.486706 0.0
-1 1501080071.497372 0.0
-1 1501080071.518162 0.0
-1 1501080071.525241 0.0
-1 1501080071.547967 0.0
-1 1501080071.557342 0.0
-1 1501080071.575293 0.0
-1 1501080071.588716 0.0
-1 1501080071.606045 0.0
-1 1501080071.621715 0.0
-1 1501080071.640108 0.0
-1 1501080071.665344 0.0
-1 1501080071.671037 0.0
-1 1501080071.686932 0.0
-1 1501080071.706175 0.0
-1 1501080071.730595 0.0
-1 1501080071.738942 0.0
-1 1501080071.758909 0.0
-1 1501080071.771026 0.0
-1 1501080071.786344 0.0
-1 1501080071.803274 0.0
-1 1501080071.824302 0.0
-1 1501080071.834006 0.0
-1 1501080071.854133 0.0
-1 1501080071.869594 0.0
-1 1501080071.888053 0.0
-1 1501080071.906439 0.0
-1 1501080071.917083 0.0
-1 1501080071.940770 0.0
-1 1501080071.950466 0.0
-1 1501080071.973129 0.0
-1 1501080071.984789 0.0
-1 1501080071.999548 0.0
-1 1501080072.017126 0.0
-1 1501080072.032936 0.0
-1 1501080072.047740 0.0
-1 1501080072.065779 0.0
-1 1501080072.075375 0.0
-1 1501080072.090927 0.0
-1 1501080072.107650 0.0
-1 1501080072.123515 0.0
-1 1501080072.139749 0.0
-1 1501080072.154717 0.0
-1 1501080072.174474 0.0
-1 1501080072.187599 0.0
-1 1501080072.214877 0.0
-1 1501080072.220324 0.0
-1 1501080072.237223 0.0
-1 1501080072.253766 0.0
-1 1501080072.269705 0.0
-1 1501080072.284238 0.0
-1 1501080072.302016 0.0
-1 1501080072.318587 0.0
-1 1501080072.339244 0.0
-1 1501080072.350425 0.0
-1 1501080072.369777 0.0
-1 1501080072.387058 0.0
-1 1501080072.401324 0.0
-1 1501080072.417886 0.0
-1 1501080072.430942 0.0
-1 1501080072.447720 0.0
-1 1501080072.460137 0.0
-1 1501080072.486066 0.0
-1 1501080072.498516 0.0
-1 1501080072.516120 0.0
-1 1501080072.527191 0.0
-1 1501080072.546626 0.0
-1 1501080072.561221 0.0
-1 1501080072.578781 0.0
-1 1501080072.589646 0.0
-1 1501080072.610164 0.0
-1 1501080072.620468 0.0
-1 1501080072.639083 0.0
-1 1501080072.652036 0.0
-1 1501080072.674710 0.0
-1 1501080072.685773 0.0
-1 1501080072.703739 0.0
-1 1501080072.716473 0.0
-1 1501080072.734896 0.0
-1 1501080072.750292 0.0
-1 1501080072.767505 0.0
-1 1501080072.784779 0.0
-1 1501080072.796999 0.0
-1 1501080072.815795 0.0
-1 1501080072.828422 0.0
-1 1501080072.856400 0.0
-1 1501080072.861986 0.0
-1 1501080072.877279 0.0
-1 1501080072.893335 0.0
-1 1501080072.910681 0.0
-1 1501080072.927928 0.0
-1 1501080072.945529 0.0
-1 1501080072.960705 0.0
-1 1501080072.978128 0.0
-1 1501080072.993024 0.0
-1 1501080073.010943 0.0
-1 1501080073.027577 0.0
-1 1501080073.045521 0.0
-1 1501080073.057234 0.0
-1 1501080073.072835 0.0
-1 1501080073.088457 0.0
-1 1501080073.104915 0.0
-1 1501080073.120684 0.0
-1 1501080073.138193 0.0
-1 1501080073.152753 0.0
-1 1501080073.171371 0.0
-1 1501080073.188416 0.0
-1 1501080073.201288 0.0
-1 1501080073.217948 0.0
-1 1501080073.233604 0.0
-1 1501080073.253403 0.0
-1 1501080073.266845 0.0
-1 1501080073.286276 0.0
-1 1501080073.305990 0.0
-1 1501080073.321103 0.0
-1 1501080073.333913 0.0
-1 1501080073.352466 0.0
-1 1501080073.365209 0.0
-1 1501080073.381854 0.0
-1 1501080073.397375 0.0
-1 1501080073.411995 0.0
-1 1501080073.426768 0.0
-1 1501080073.440735 0.0
-1 1501080073.457913 0.0
-1 1501080073.473977 0.0
-1 1501080073.489224 0.0
-1 1501080073.506739 0.0
-1 1501080073.522751 0.0
-1 1501080073.539925 0.0
-1 1501080073.554746 0.0
-1 1501080073.570826 0.0
-1 1501080073.586536 0.0
-1 1501080073.602840 0.0
-1 1501080073.621127 0.0
-1 1501080073.636694 0.0
-1 1501080073.653231 0.0
-1 1501080073.669940 0.0
-1 1501080073.687625 0.0
-1 1501080073.704936 0.0
-1 1501080073.717789 0.0
-1 1501080073.733936 0.0
-1 1501080073.751058 0.0
-1 1501080073.766767 0.0
-1 1501080073.782227 0.0
-1 1501080073.802640 0.0
-1 1501080073.812718 0.0
-1 1501080073.830417 0.0
-1 1501080073.844364 0.0
-1 1501080073.863172 0.0
-1 1501080073.876808 0.0
-1 1501080073.894815 0.0
-1 1501080073.910081 0.0
-1 1501080073.928449 0.0
-1 1501080073.948373 0.0
-1 1501080073.959726 0.0
-1 1501080073.978281 0.0
-1 1501080073.991201 0.0
-1 1501080074.005530 0.0
-1 1501080074.024765 0.0
-1 1501080074.038185 0.0
-1 1501080074.056630 0.0
-1 1501080074.071335 0.0
-1 1501080074.087909 0.0
-1 1501080074.104401 0.0
-1 1501080074.125436 0.0
-1 1501080074.142071 0.0
-1 1501080074.152713 0.0
-1 1501080074.169020 0.0
-1 1501080074.185455 0.0
-1 1501080074.203213 0.0
-1 1501080074.216905 0.0
-1 1501080074.233968 0.0
-1 1501080074.249537 0.0
-1 1501080074.268888 0.0
-1 1501080074.285628 0.0
-1 1501080074.298845 0.0
-1 1501080074.314912 0.0
-1 1501080074.329782 0.0
-1 1501080074.345430 0.0
-1 1501080074.363000 0.0
-1 1501080074.380382 0.0
-1 1501080074.394612 0.0
-1 1501080074.410376 0.0
-1 1501080074.428113 0.0
-1 1501080074.444440 0.0
-1 1501080074.459567 0.0
-1 1501080074.479120 0.0
-1 1501080074.493178 0.0
-1 1501080074.509023 0.0
-1 1501080074.522491 0.0
-1 1501080074.539434 0.0
-1 1501080074.553079 0.0
-1 1501080074.570591 0.0
-1 1501080074.585328 0.0
-1 1501080074.602984 0.0
-1 1501080074.621832 0.0
-1 1501080074.632621 0.0
-1 1501080074.655038 0.0
-1 1501080074.665307 0.0
-1 1501080074.681557 0.0
-1 1501080074.696975 0.0
-1 1501080074.713876 0.0
-1 1501080074.731631 0.0
-1 1501080074.749590 0.0
-1 1501080074.761749 0.0
-1 1501080074.779071 0.0
-1 1501080074.794621 0.0
-1 1501080074.814004 0.0
-1 1501080074.827869 0.0
-1 1501080074.846559 0.0
-1 1501080074.859398 0.0
-1 1501080074.879391 0.0
-1 1501080074.893681 0.0
-1 1501080074.909082 0.0
-1 1501080074.926203 0.0
-1 1501080074.939223 0.0
-1 1501080074.958572 0.0
-1 1501080074.971359 0.0
-1 1501080074.990382 0.0
-1 1501080075.002848 0.0
-1 1501080075.022652 0.0
-1 1501080075.034540 0.0
-1 1501080075.053433 0.0
-1 1501080075.069147 0.0
-1 1501080075.089056 0.0
-1 1501080075.102372 0.0
-1 1501080075.123314 0.0
-1 1501080075.132864 0.0
-1 1501080075.154776 0.0
-1 1501080075.170106 0.0
-1 1501080075.185746 0.0
-1 1501080075.207742 0.0
-1 1501080075.217272 0.0
-1 1501080075.239344 0.0
-1 1501080075.250692 0.0
-1 1501080075.267871 0.0
-1 1501080075.283453 0.0
-1 1501080075.298039 0.0
-1 1501080075.317023 0.0
-1 1501080075.331461 0.0
-1 1501080075.345543 0.0
-1 1501080075.357879 0.0
-1 1501080075.374776 0.0
-1 1501080075.390825 0.0
-1 1501080075.406635 0.0
-1 1501080075.422203 0.0
-1 1501080075.438441 0.0
-1 1501080075.454216 0.0
-1 1501080075.473634 0.0
-1 1501080075.489280 0.0
-1 1501080075.514728 0.0
-1 1501080075.520187 0.0
-1 1501080075.535656 0.0
-1 1501080075.553882 0.0
-1 1501080075.575153 0.0
-1 1501080075.586908 0.0
-1 1501080075.605875 0.0
-1 1501080075.618408 0.0
-1 1501080075.637232 0.0
-1 1501080075.650567 0.0
-1 1501080075.666340 0.0
-1 1501080075.683446 0.0
-1 1501080075.701863 0.0
-1 1501080075.727135 0.0
-1 1501080075.737807 0.0
-1 1501080075.754727 0.0
-1 1501080075.766964 0.0
-1 1501080075.783845 0.0
-1 1501080075.800205 0.0
-1 1501080075.823773 0.0
-1 1501080075.829905 0.0
-1 1501080075.845315 0.0
-1 1501080075.863588 0.0
-1 1501080075.881389 0.0
-1 1501080075.894256 0.0
-1 1501080075.916410 0.0
-1 1501080075.925985 0.0
-1 1501080075.945928 0.0
-1 1501080075.967161 0.0
-1 1501080075.980134 0.0
-1 1501080075.993039 0.0
-1 1501080076.010322 0.0
-1 1501080076.033928 0.0
-1 1501080076.043591 0.0
-1 1501080076.062614 0.0
-1 1501080076.077701 0.0
-1 1501080076.097945 0.0
-1 1501080076.109987 0.0
-1 1501080076.126834 0.0
-1 1501080076.149101 0.0
-1 1501080076.161328 0.0
-1 1501080076.175936 0.0
-1 1501080076.189784 0.0
-1 1501080076.217556 0.0
-1 1501080076.221731 0.0
-1 1501080076.238586 0.0
-1 1501080076.250497 0.0
-1 1501080076.266455 0.0
-1 1501080076.286108 0.0
-1 1501080076.305305 0.0
-1 1501080076.316706 0.0
-1 1501080076.335992 0.0
-1 1501080076.352179 0.0
-1 1501080076.368336 0.0
-1 1501080076.384955 0.0
-1 1501080076.402596 0.0
-1 1501080076.417466 0.0
-1 1501080076.434182 0.0
-1 1501080076.453405 0.0
-1 1501080076.467139 0.0
-1 1501080076.489230 0.0
-1 1501080076.499307 0.0
-1 1501080076.520117 0.0
-1 1501080076.532147 0.0
-1 1501080076.548275 0.0
-1 1501080076.565773 0.0
-1 1501080076.585705 0.0
-1 1501080076.592150 0.0
-1 1501080076.618143 0.0
-1 1501080076.626311 0.0
-1 1501080076.648217 0.0
-1 1501080076.656798 0.0
-1 1501080076.674047 0.0
-1 1501080076.691127 0.0
-1 1501080076.706331 0.0
-1 1501080076.721610 0.0
-1 1501080076.737395 0.0
-1 1501080076.754761 0.0
-1 1501080076.770183 0.0
-1 1501080076.785846 0.0
-1 1501080076.803150 0.0
-1 1501080076.822795 0.0
-1 1501080076.836391 0.0
-1 1501080076.850436 0.0
-1 1501080076.867078 0.0
-1 1501080076.886552 0.0
-1 1501080076.901119 0.0
-1 1501080076.918691 0.0
-1 1501080076.936168 0.0
-1 1501080076.956172 0.0
-1 1501080076.966540 0.0
-1 1501080076.987435 0.0
-1 1501080076.995867 0.0
-1 1501080077.016159 0.0
-1 1501080077.028674 0.0
-1 1501080077.047275 0.0
-1 1501080077.065641 0.0
-1 1501080077.080655 0.0
-1 1501080077.095227 0.0
-1 1501080077.112989 0.0
-1 1501080077.131039 0.0
-1 1501080077.144124 0.0
-1 1501080077.160594 0.0
-1 1501080077.176922 0.0
-1 1501080077.194759 0.0
-1 1501080077.209575 0.0
-1 1501080077.230969 0.0
-1 1501080077.241481 0.0
-1 1501080077.260247 0.0
-1 1501080077.285050 0.0
-1 1501080077.295737 0.0
-1 1501080077.314552 0.0
-1 1501080077.324950 0.0
-1 1501080077.350244 0.0
-1 1501080077.361993 0.0
-1 1501080077.378506 0.0
-1 1501080077.392417 0.0
-1 1501080077.407260 0.0
-1 1501080077.426251 0.0
-1 1501080077.440320 0.0
-1 1501080077.454709 0.0
-1 1501080077.472694 0.0
-1 1501080077.483256 0.0
-1 1501080077.501451 0.0
-1 1501080077.515206 0.0
-1 1501080077.539040 0.0
-1 1501080077.556775 0.0
-1 1501080077.564314 0.0
-1 1501080077.589673 0.0
-1 1501080077.597471 0.0
-1 1501080077.614155 0.0
-1 1501080077.628535 0.0
-1 1501080077.645439 0.0
-1 1501080077.660816 0.0
-1 1501080077.680769 0.0
-1 1501080077.693518 0.0
-1 1501080077.714227 0.0
-1 1501080077.727463 0.0
-1 1501080077.748113 0.0
-1 1501080077.759714 0.0
-1 1501080077.779651 0.0
-1 1501080077.791115 0.0
-1 1501080077.810685 0.0
-1 1501080077.841580 0.0
-1 1501080077.847485 0.0
-1 1501080077.860573 0.0
-1 1501080077.875246 0.0
-1 1501080077.890704 0.0
-1 1501080077.906018 0.0
-1 1501080077.922564 0.0
-1 1501080077.937982 0.0
-1 1501080077.958743 0.0
-1 1501080077.970574 0.0
-1 1501080077.989633 0.0
-1 1501080078.002673 0.0
-1 1501080078.019271 0.0
-1 1501080078.032789 0.0
-1 1501080078.055357 0.0
-1 1501080078.066549 0.0
-1 1501080078.086921 0.0
-1 1501080078.100121 0.0
-1 1501080078.118526 0.0
-1 1501080078.133322 0.0
-1 1501080078.147284 0.0
-1 1501080078.161424 0.0
-1 1501080078.177043 0.0
-1 1501080078.193600 0.0
-1 1501080078.213837 0.0
-1 1501080078.225560 0.0
-1 1501080078.244416 0.0
-1 1501080078.264699 0.0
-1 1501080078.273252 0.0
-1 1501080078.301031 0.0
-1 1501080078.307088 0.0
-1 1501080078.333829 0.0
-1 1501080078.338859 0.0
-1 1501080078.356939 0.0
-1 1501080078.370572 0.0
-1 1501080078.393785 0.0
-1 1501080078.402507 0.0
-1 1501080078.423753 0.0
-1 1501080078.434323 0.0
-1 1501080078.455984 0.0
-1 1501080078.466382 0.0
-1 1501080078.488764 0.0
-1 1501080078.498177 0.0
-1 1501080078.514760 0.0
-1 1501080078.536798 0.0
-1 1501080078.547480 0.0
-1 1501080078.564993 0.0
-1 1501080078.579312 0.0
-1 1501080078.594327 0.0
-1 1501080078.610278 0.0
-1 1501080078.631992 0.0
-1 1501080078.643885 0.0
-1 1501080078.659135 0.0
-1 1501080078.674823 0.0
-1 1501080078.694985 0.0
-1 1501080078.708349 0.0
-1 1501080078.728873 0.0
-1 1501080078.741820 0.0
-1 1501080078.758452 0.0
-1 1501080078.778788 0.0
-1 1501080078.793026 0.0
-1 1501080078.806514 0.0
-1 1501080078.823044 0.0
-1 1501080078.838921 0.0
-1 1501080078.852757 0.0
-1 1501080078.874895 0.0
-1 1501080078.882799 0.0
-1 1501080078.898332 0.0
-1 1501080078.914935 0.0
-1 1501080078.939318 0.0
-1 1501080078.946773 0.0
-1 1501080078.971443 0.0
-1 1501080078.981592 0.0
-1 1501080079.001804 0.0
-1 1501080079.014516 0.0
-1 1501080079.030766 0.0
-1 1501080079.042141 0.0
-1 1501080079.059490 0.0
-1 1501080079.074060 0.0
-1 1501080079.090828 0.0
-1 1501080079.106323 0.0
-1 1501080079.122037 0.0
-1 1501080079.142881 0.0
-1 1501080079.156053 0.0
-1 1501080079.172242 0.0
-1 1501080079.186941 0.0
-1 1501080079.203682 0.0
-1 1501080079.220754 0.0
-1 1501080079.248207 0.0
-1 1501080079.253846 0.0
-1 1501080079.277879 0.0
-1 1501080079.287016 0.0
-1 1501080079.302890 0.0
-1 1501080079.317906 0.0
-1 1501080079.334309 0.0
-1 1501080079.350237 0.0
-1 1501080079.369251 0.0
-1 1501080079.386327 0.0
-1 1501080079.403093 0.0
-1 1501080079.418050 0.0
-1 1501080079.433547 0.0
-1 1501080079.453729 0.0
-1 1501080079.466454 0.0
-1 1501080079.485496 0.0
-1 1501080079.499320 0.0
-1 1501080079.518453 0.0
-1 1501080079.530895 0.0
-1 1501080079.549440 0.0
-1 1501080079.557817 0.0
-1 1501080079.582693 0.0
-1 1501080079.590397 0.0
-1 1501080079.609644 0.0
-1 1501080079.622333 0.0
-1 1501080079.638268 0.0
-1 1501080079.654123 0.0
-1 1501080079.670883 0.0
-1 1501080079.686846 0.0
-1 1501080079.704894 0.0
-1 1501080079.718637 0.0
-1 1501080079.737032 0.0
-1 1501080079.752972 0.0
-1 1501080079.770526 0.0
-1 1501080079.786056 0.0
-1 1501080079.797619 0.0
-1 1501080079.816073 0.0
-1 1501080079.830358 0.0
-1 1501080079.848813 0.0
-1 1501080079.862686 0.0
-1 1501080079.879176 0.0
-1 1501080079.894564 0.0
-1 1501080079.917248 0.0
-1 1501080079.926843 0.0
-1 1501080079.950631 0.0
-1 1501080079.960107 0.0
-1 1501080079.978106 0.0
-1 1501080079.992503 0.0
-1 1501080080.012769 0.0
-1 1501080080.024655 0.0
-1 1501080080.042802 0.0
-1 1501080080.063570 0.0
-1 1501080080.074249 0.0
-1 1501080080.091693 0.0
-1 1501080080.108180 0.0
-1 1501080080.128956 0.0
-1 1501080080.142546 0.0
-1 1501080080.153420 0.0
-1 1501080080.168862 0.0
-1 1501080080.191436 0.0
-1 1501080080.201221 0.0
-1 1501080080.224321 0.0
-1 1501080080.232884 0.0
-1 1501080080.253701 0.0
-1 1501080080.266478 0.0
-1 1501080080.287440 0.0
-1 1501080080.305968 0.0
-1 1501080080.317084 0.0
-1 1501080080.333664 0.0
-1 1501080080.351979 0.0
-1 1501080080.368099 0.0
-1 1501080080.381696 0.0
-1 1501080080.401639 0.0
-1 1501080080.415201 0.0
-1 1501080080.428778 0.0
-1 1501080080.447221 0.0
-1 1501080080.457870 0.0
-1 1501080080.474389 0.0
-1 1501080080.495686 0.0
-1 1501080080.508178 0.0
-1 1501080080.525912 0.0
-1 1501080080.541881 0.0
-1 1501080080.561997 0.0
-1 1501080080.573956 0.0
-1 1501080080.595229 0.0
-1 1501080080.614787 0.0
-1 1501080080.624309 0.0
-1 1501080080.641301 0.0
-1 1501080080.660565 0.0
-1 1501080080.673601 0.0
-1 1501080080.690268 0.0
-1 1501080080.706289 0.0
-1 1501080080.722766 0.0
-1 1501080080.742313 0.0
-1 1501080080.754967 0.0
-1 1501080080.775800 0.0
-1 1501080080.786024 0.0
-1 1501080080.805128 0.0
-1 1501080080.819392 0.0
-1 1501080080.830831 0.0
-1 1501080080.848135 0.0
-1 1501080080.863673 0.0
-1 1501080080.880404 0.0
-1 1501080080.895063 0.0
-1 1501080080.922167 0.0
-1 1501080080.929451 0.0
-1 1501080080.944169 0.0
-1 1501080080.964602 0.0
-1 1501080080.987957 0.0
-1 1501080080.999263 0.0
-1 1501080081.019232 0.0
-1 1501080081.028561 0.0
-1 1501080081.047733 0.0
-1 1501080081.058213 0.0
-1 1501080081.075154 0.0
-1 1501080081.090800 0.0
-1 1501080081.106194 0.0
-1 1501080081.123103 0.0
-1 1501080081.140820 0.0
-1 1501080081.155592 0.0
-1 1501080081.171708 0.0
-1 1501080081.187131 0.0
-1 1501080081.204092 0.0
-1 1501080081.222032 0.0
-1 1501080081.235260 0.0
-1 1501080081.258696 0.0
-1 1501080081.270382 0.0
-1 1501080081.291254 0.0
-1 1501080081.301827 0.0
-1 1501080081.320682 0.0
-1 1501080081.334364 0.0
-1 1501080081.356295 0.0
-1 1501080081.366396 0.0
-1 1501080081.387030 0.0
-1 1501080081.401266 0.0
-1 1501080081.417161 0.0
-1 1501080081.438773 0.0
-1 1501080081.450381 0.0
-1 1501080081.470815 0.0
-1 1501080081.483808 0.0
-1 1501080081.499419 0.0
-1 1501080081.517034 0.0
-1 1501080081.532995 0.0
-1 1501080081.547687 0.0
-1 1501080081.565471 0.0
-1 1501080081.575465 0.0
-1 1501080081.593334 0.0
-1 1501080081.607132 0.0
-1 1501080081.629460 0.0
-1 1501080081.640297 0.0
-1 1501080081.655738 0.0
-1 1501080081.671165 0.0
-1 1501080081.690795 0.0
-1 1501080081.707556 0.0
-1 1501080081.720536 0.0
-1 1501080081.740597 0.0
-1 1501080081.753182 0.0
-1 1501080081.769057 0.0
-1 1501080081.785741 0.0
-1 1501080081.801444 0.0
-1 1501080081.819264 0.0
-1 1501080081.833913 0.0
-1 1501080081.850704 0.0
-1 1501080081.867698 0.0
-1 1501080081.884717 0.0
-1 1501080081.905141 0.0
-1 1501080081.917934 0.0
-1 1501080081.936276 0.0
-1 1501080081.957537 0.0
-1 1501080081.966648 0.0
-1 1501080081.987059 0.0
-1 1501080081.999028 0.0
-1 1501080082.017828 0.0
-1 1501080082.027326 0.0
-1 1501080082.049710 0.0
-1 1501080082.058555 0.0
-1 1501080082.074155 0.0
-1 1501080082.093026 0.0
-1 1501080082.108200 0.0
-1 1501080082.124857 0.0
-1 1501080082.147890 0.0
-1 1501080082.157179 0.0
-1 1501080082.177326 0.0
-1 1501080082.190698 0.0
-1 1501080082.210521 0.0
-1 1501080082.223724 0.0
-1 1501080082.242745 0.0
-1 1501080082.257055 0.0
-1 1501080082.277506 0.0
-1 1501080082.295511 0.0
-1 1501080082.306088 0.0
-1 1501080082.326448 0.0
-1 1501080082.338861 0.0
-1 1501080082.357863 0.0
-1 1501080082.368484 0.0
-1 1501080082.382768 0.0
-1 1501080082.398185 0.0
-1 1501080082.415118 0.0
-1 1501080082.430708 0.0
-1 1501080082.456976 0.0
-1 1501080082.463939 0.0
-1 1501080082.478693 0.0
-1 1501080082.494483 0.0
-1 1501080082.510254 0.0
-1 1501080082.526194 0.0
-1 1501080082.545856 0.0
-1 1501080082.559588 0.0
-1 1501080082.577344 0.0
-1 1501080082.591062 0.0
-1 1501080082.609064 0.0
-1 1501080082.623710 0.0
-1 1501080082.644483 0.0
-1 1501080082.655921 0.0
-1 1501080082.671559 0.0
-1 1501080082.689876 0.0
-1 1501080082.703129 0.0
-1 1501080082.720022 0.0
-1 1501080082.735447 0.0
-1 1501080082.755037 0.0
-1 1501080082.767312 0.0
-1 1501080082.784531 0.0
-1 1501080082.800127 0.0
-1 1501080082.821195 0.0
-1 1501080082.833181 0.0
-1 1501080082.853095 0.0
-1 1501080082.871181 0.0
-1 1501080082.886618 0.0
-1 1501080082.901921 0.0
-1 1501080082.918081 0.0
-1 1501080082.937402 0.0
-1 1501080082.952159 0.0
-1 1501080082.970309 0.0
-1 1501080082.982114 0.0
-1 1501080082.997847 0.0
-1 1501080083.017870 0.0
-1 1501080083.025389 0.0
-1 1501080083.040931 0.0
-1 1501080083.065789 0.0
-1 1501080083.073618 0.0
-1 1501080083.096262 0.0
-1 1501080083.105588 0.0
-1 1501080083.123437 0.0
-1 1501080083.138275 0.0
-1 1501080083.158274 0.0
-1 1501080083.171590 0.0
-1 1501080083.189452 0.0
-1 1501080083.206945 0.0
-1 1501080083.221129 0.0
-1 1501080083.235586 0.0
-1 1501080083.253492 0.0
-1 1501080083.272701 0.0
-1 1501080083.285274 0.0
-1 1501080083.299868 0.0
-1 1501080083.318313 0.0
-1 1501080083.336243 0.0
-1 1501080083.349446 0.0
-1 1501080083.371975 0.0
-1 1501080083.389219 0.0
-1 1501080083.404162 0.0
-1 1501080083.425902 0.0
-1 1501080083.436893 0.0
-1 1501080083.449180 0.0
-1 1501080083.463717 0.0
-1 1501080083.479137 0.0
-1 1501080083.495904 0.0
-1 1501080083.511582 0.0
-1 1501080083.527233 0.0
-1 1501080083.546998 0.0
-1 1501080083.559130 0.0
-1 1501080083.577084 0.0
-1 1501080083.591629 0.0
-1 1501080083.607139 0.0
-1 1501080083.624130 0.0
-1 1501080083.643705 0.0
-1 1501080083.655987 0.0
-1 1501080083.676143 0.0
-1 1501080083.689775 0.0
-1 1501080083.708753 0.0
-1 1501080083.729087 0.0
-1 1501080083.742529 0.0
-1 1501080083.760210 0.0
-1 1501080083.769176 0.0
-1 1501080083.792765 0.0
-1 1501080083.802329 0.0
-1 1501080083.830085 0.0
-1 1501080083.835335 0.0
-1 1501080083.854216 0.0
-1 1501080083.866843 0.0
-1 1501080083.885231 0.0
-1 1501080083.899176 0.0
-1 1501080083.921331 0.0
-1 1501080083.931713 0.0
-1 1501080083.950275 0.0
-1 1501080083.968149 0.0
-1 1501080083.980304 0.0
-1 1501080083.999727 0.0
-1 1501080084.012595 0.0
-1 1501080084.029526 0.0
-1 1501080084.044817 0.0
-1 1501080084.061350 0.0
-1 1501080084.076770 0.0
-1 1501080084.093737 0.0
-1 1501080084.109726 0.0
-1 1501080084.126942 0.0
-1 1501080084.140894 0.0
-1 1501080084.159400 0.0
-1 1501080084.172967 0.0
-1 1501080084.190169 0.0
-1 1501080084.205808 0.0
-1 1501080084.226094 0.0
-1 1501080084.243688 0.0
-1 1501080084.258155 0.0
-1 1501080084.271645 0.0
-1 1501080084.288094 0.0
-1 1501080084.305055 0.0
-1 1501080084.321729 0.0
-1 1501080084.344445 0.0
-1 1501080084.354312 0.0
-1 1501080084.374170 0.0
-1 1501080084.386245 0.0
-1 1501080084.405519 0.0
-1 1501080084.415228 0.0
-1 1501080084.432291 0.0
-1 1501080084.446672 0.0
-1 1501080084.469448 0.0
-1 1501080084.478679 0.0
-1 1501080084.504707 0.0
-1 1501080084.511341 0.0
-1 1501080084.527416 0.0
-1 1501080084.542664 0.0
-1 1501080084.560353 0.0
-1 1501080084.575111 0.0
-1 1501080084.592724 0.0
-1 1501080084.618421 0.0
-1 1501080084.628074 0.0
-1 1501080084.642290 0.0
-1 1501080084.655710 0.0
-1 1501080084.676648 0.0
-1 1501080084.690742 0.0
-1 1501080084.709122 0.0
-1 1501080084.722641 0.0
-1 1501080084.743987 0.0
-1 1501080084.758992 0.0
-1 1501080084.769301 0.0
-1 1501080084.789593 0.0
-1 1501080084.807808 0.0
-1 1501080084.822273 0.0
-1 1501080084.837338 0.0
-1 1501080084.852056 0.0
-1 1501080084.864547 0.0
-1 1501080084.880201 0.0
-1 1501080084.897042 0.0
-1 1501080084.913957 0.0
-1 1501080084.929005 0.0
-1 1501080084.953293 0.0
-1 1501080084.962903 0.0
-1 1501080084.992080 0.0
-1 1501080084.997688 0.0
-1 1501080085.012295 0.0
-1 1501080085.028050 0.0
-1 1501080085.049773 0.0
-1 1501080085.060707 0.0
-1 1501080085.079216 0.0
-1 1501080085.101582 0.0
-1 1501080085.110465 0.0
-1 1501080085.126515 0.0
-1 1501080085.143826 0.0
-1 1501080085.160512 0.0
-1 1501080085.176582 0.0
-1 1501080085.191522 0.0
-1 1501080085.206988 0.0
-1 1501080085.224266 0.0
-1 1501080085.241185 0.0
-1 1501080085.256429 0.0
-1 1501080085.271902 0.0
-1 1501080085.293177 0.0
-1 1501080085.305088 0.0
-1 1501080085.326706 0.0
-1 1501080085.344847 0.0
-1 1501080085.357315 0.0
-1 1501080085.376200 0.0
-1 1501080085.389568 0.0
-1 1501080085.409928 0.0
-1 1501080085.424074 0.0
-1 1501080085.459959 0.0
-1 1501080085.464095 0.0
