5928 1501079955.738766 -3.676819 -1.916016 9.125427 0.023499 4.506836 0.88147
5929 1501079955.758823 -3.676819 -1.916016 9.125427 0.023499 4.506836 0.88147
5930 1501079955.778845 -3.676819 -1.916016 9.125427 0.023499 4.506836 0.88147
5931 1501079955.798896 -3.676819 -1.916016 9.125427 0.023499 4.506836 0.88147
5932 1501079955.818943 -3.676819 -1.916016 9.125427 0.023499 4.506836 0.88147
5933 1501079955.838988 -3.676819 -1.916016 9.125427 0.023499 4.506836 0.88147
5934 1501079955.859036 -3.676819 -1.916016 9.125427 0.023499 4.506836 0.88147
5935 1501079955.879087 -3.676819 -1.916016 9.125427 0.023499 4.506836 0.88147
5936 1501079955.899126 -3.676819 -1.916016 9.125427 0.023499 4.506836 0.88147
5937 1501079955.919177 -3.676819 -1.916016 9.125427 0.023499 4.506836 0.88147
5938 1501079955.939261 -3.676819 -1.916016 9.125427 0.023499 4.506836 0.88147
5939 1501079955.959304 -3.676819 -1.916016 9.125427 0.023499 4.506836 0.88147
5940 1501079955.979356 -3.676819 -1.916016 9.125427 0.023499 4.506836 0.88147
5941 1501079955.999426 -3.676819 -1.916016 9.125427 0.023499 4.506836 0.88147
5942 1501079956.019443 -3.676819 -1.916016 9.125427 0.023499 4.506836 0.88147
5943 1501079956.039507 -3.676819 -1.916016 9.125427 0.023499 4.506836 0.87793
5944 1501079956.059542 -3.676819 -1.916016 9.125427 0.023499 4.506836 0.87793
5945 1501079956.079603 -3.676819 -1.916016 9.125427 0.023499 4.506836 0.87793
5946 1501079956.099631 -3.676819 -1.916016 9.125427 0.023499 4.506836 0.87793
5947 1501079956.119704 -3.676819 -1.916016 9.125427 0.023499 4.506836 0.87793
5948 1501079956.139744 -3.676819 -1.916016 9.125427 0.023499 4.506836 0.87793
5949 1501079956.159767 -3.676819 -1.916016 9.125427 0.023499 4.506836 0.87793
5950 1501079956.179800 -3.68335 -1.916016 9.125427 0.023499 4.506836 0.87793
5951 1501079956.199815 -3.68335 -1.916016 9.125427 0.023499 4.506836 0.87793
5952 1501079956.219882 -3.68335 -1.916016 9.125427 0.023499 4.506836 0.87793
5953 1501079956.239939 -3.68335 -1.916016 9.125427 0.023499 4.506836 0.87793
5954 1501079956.259956 -3.68335 -1.916016 9.125427 0.023499 4.506836 0.87793
5955 1501079956.280003 -3.68335 -1.916016 9.125427 0.023499 4.506836 0.87793
5956 1501079956.300059 -3.68335 -1.916016 9.125427 0.023499 4.503662 0.87793
5957 1501079956.320088 -3.68335 -1.916016 9.125427 0.023499 4.503662 0.87793
5958 1501079956.340134 -3.68335 -1.916016 9.125427 0.023499 4.503662 0.87793
5959 1501079956.360181 -3.68335 -1.916016 9.125427 0.023499 4.503662 0.87793
5960 1501079956.380211 -3.68335 -1.916016 9.125427 0.023499 4.503662 0.87793
5961 1501079956.400262 -3.68335 -1.916016 9.125427 0.023499 4.503662 0.87793
5962 1501079956.420313 -3.68335 -1.916016 9.114258 0.023499 4.503662 0.87793
5963 1501079956.440369 -3.68335 -1.916016 9.114258 0.023499 4.503662 0.87793
5964 1501079956.460426 -3.68335 -1.916016 9.114258 0.023499 4.503662 0.87793
5965 1501079956.480462 -3.68335 -1.916016 9.114258 0.023499 4.503662 0.87793
5966 1501079956.500528 -3.68335 -1.916016 9.114258 0.023499 4.503662 0.87793
5967 1501079956.520557 -3.68335 -1.916016 9.114258 0.023499 4.503662 0.87793
5968 1501079956.540608 -3.68335 -1.916016 9.114258 0.023499 4.503662 0.87793
5969 1501079956.560660 -3.68335 -1.922668 9.114258 0.023499 4.503662 0.87793
5970 1501079956.580716 -3.68335 -1.922668 9.114258 0.023499 4.503662 0.87793
5971 1501079956.600786 -3.68335 -1.922668 9.114258 0.023499 4.503662 0.87793
5972 1501079956.620814 -3.68335 -1.922668 9.114258 0.023499 4.503662 0.87793
5973 1501079956.640848 -3.68335 -1.922668 9.114258 0.023499 4.503662 0.87793
5974 1501079956.660909 -3.68335 -1.922668 9.114258 0.023499 4.503662 0.87793
5975 1501079956.680936 -3.68988 -1.922668 9.114258 0.023499 4.500488 0.87793
5976 1501079956.700978 -3.68988 -1.922668 9.114258 0.023499 4.500488 0.87793
5977 1501079956.721005 -3.68988 -1.922668 9.114258 0.023499 4.500488 0.87793
5978 1501079956.741042 -3.68988 -1.922668 9.114258 0.023499 4.500488 0.87793
5979 1501079956.761093 -3.68988 -1.922668 9.114258 0.023499 4.500488 0.87793
5980 1501079956.781158 -3.68988 -1.922668 9.114258 0.023499 4.500488 0.87793
5981 1501079956.801164 -3.68988 -1.922668 9.103088 0.023499 4.500488 0.87793
5982 1501079956.821216 -3.68988 -1.922668 9.103088 0.023499 4.500488 0.87793
5983 1501079956.841280 -3.68988 -1.922668 9.103088 0.023499 4.500488 0.87793
5984 1501079956.861302 -3.68988 -1.922668 9.103088 0.023499 4.500488 0.87793
5985 1501079956.881339 -3.68988 -1.922668 9.103088 0.023499 4.500488 0.87793
5986 1501079956.901386 -3.68988 -1.922668 9.103088 0.023499 4.500488 0.87793
5987 1501079956.921435 -3.68988 -1.929321 9.103088 0.023499 4.500488 0.87793
5988 1501079956.941472 -3.68988 -1.929321 9.103088 0.023499 4.500488 0.87793
5989 1501079956.961517 -3.68988 -1.929321 9.103088 0.023499 4.500488 0.87793
5990 1501079956.981531 -3.68988 -1.929321 9.103088 0.023499 4.500488 0.87793
5991 1501079957.001599 -3.68988 -1.929321 9.103088 0.023499 4.500488 0.87793
5992 1501079957.021605 -3.68988 -1.929321 9.103088 0.023499 4.500488 0.87793
5993 1501079957.041663 -3.68988 -1.929321 9.103088 0.023499 4.500488 0.87793
5994 1501079957.061719 -3.68988 -1.929321 9.103088 0.023499 4.500488 0.87793
5995 1501079957.081777 -3.68988 -1.929321 9.103088 0.023499 4.500488 0.87793
5996 1501079957.101827 -3.68988 -1.929321 9.103088 0.023499 4.500488 0.87793
5997 1501079957.121917 -3.68988 -1.929321 9.103088 0.023499 4.500488 0.87793
5998 1501079957.141980 -3.68988 -1.929321 9.103088 0.023499 4.500488 0.87793
5999 1501079957.161993 -3.68988 -1.929321 9.103088 0.023499 4.500488 0.87793
6000 1501079957.182062 -3.68335 -1.929321 9.103088 0.023499 4.503662 0.87793
6001 1501079957.202087 -3.68335 -1.929321 9.103088 0.023499 4.503662 0.87793
6002 1501079957.222138 -3.68335 -1.929321 9.103088 0.023499 4.503662 0.87793
6003 1501079957.242223 -3.68335 -1.929321 9.103088 0.023499 4.503662 0.87793
6004 1501079957.262273 -3.68335 -1.929321 9.103088 0.023499 4.503662 0.87793
6005 1501079957.282296 -3.68335 -1.929321 9.103088 0.023499 4.503662 0.87793
6006 1501079957.302363 -3.68335 -1.929321 9.103088 0.020142 4.503662 0.87793
6007 1501079957.322406 -3.68335 -1.929321 9.103088 0.020142 4.503662 0.87793
6008 1501079957.342463 -3.68335 -1.929321 9.103088 0.020142 4.503662 0.87793
6009 1501079957.362510 -3.68335 -1.929321 9.103088 0.020142 4.503662 0.87793
6010 1501079957.382571 -3.68335 -1.929321 9.103088 0.020142 4.503662 0.87793
6011 1501079957.402627 -3.68335 -1.929321 9.103088 0.020142 4.503662 0.87793
6012 1501079957.422664 -3.68335 -1.929321 9.103088 0.020142 4.503662 0.87793
6013 1501079957.442728 -3.68335 -1.922668 9.114258 0.020142 4.503662 0.87793
6014 1501079957.462766 -3.68335 -1.922668 9.114258 0.020142 4.503662 0.87793
6015 1501079957.482807 -3.68335 -1.922668 9.114258 0.020142 4.503662 0.87793
6016 1501079957.502877 -3.68335 -1.922668 9.114258 0.020142 4.503662 0.87793
6017 1501079957.522879 -3.68335 -1.922668 9.114258 0.020142 4.503662 0.87793
6018 1501079957.542919 -3.68335 -1.922668 9.114258 0.020142 4.503662 0.87793
6019 1501079957.562966 -3.68335 -1.922668 9.114258 0.020142 4.503662 0.87793
6020 1501079957.583021 -3.68335 -1.922668 9.114258 0.020142 4.503662 0.87793
6021 1501079957.603075 -3.68335 -1.922668 9.114258 0.020142 4.503662 0.87793
6022 1501079957.623119 -3.68335 -1.922668 9.114258 0.020142 4.503662 0.87793
6023 1501079957.643134 -3.68335 -1.922668 9.114258 0.020142 4.503662 0.87793
6024 1501079957.663184 -3.68335 -1.922668 9.114258 0.020142 4.503662 0.87793
6025 1501079957.683239 -3.68335 -1.922668 9.125427 0.016785 4.503662 0.87793
6026 1501079957.703286 -3.68335 -1.922668 9.125427 0.016785 4.503662 0.87793
6027 1501079957.723333 -3.68335 -1.922668 9.125427 0.016785 4.503662 0.87793
6028 1501079957.743407 -3.68335 -1.922668 9.125427 0.016785 4.503662 0.87793
6029 1501079957.763462 -3.68335 -1.922668 9.125427 0.016785 4.503662 0.87793
6030 1501079957.783492 -3.68335 -1.922668 9.125427 0.016785 4.503662 0.87793
6031 1501079957.803563 -3.68335 -1.922668 9.125427 0.016785 4.503662 0.87793
6032 1501079957.823577 -3.68335 -1.922668 9.136597 0.016785 4.506836 0.87793
6033 1501079957.843640 -3.68335 -1.922668 9.136597 0.016785 4.506836 0.87793
6034 1501079957.863687 -3.68335 -1.922668 9.136597 0.016785 4.506836 0.87793
6035 1501079957.883734 -3.68335 -1.922668 9.136597 0.016785 4.506836 0.87793
6036 1501079957.903790 -3.68335 -1.922668 9.136597 0.016785 4.506836 0.87793
6037 1501079957.923842 -3.68335 -1.922668 9.136597 0.016785 4.506836 0.87793
6038 1501079957.943872 -3.68335 -1.922668 9.136597 0.016785 4.506836 0.87793
6039 1501079957.963919 -3.68335 -1.922668 9.136597 0.016785 4.506836 0.87793
6040 1501079957.983971 -3.68335 -1.922668 9.136597 0.016785 4.506836 0.87793
6041 1501079958.004022 -3.68335 -1.922668 9.136597 0.016785 4.506836 0.87793
6042 1501079958.024097 -3.68335 -1.922668 9.136597 0.016785 4.506836 0.87793
6043 1501079958.044142 -3.68335 -1.922668 9.136597 0.016785 4.506836 0.87793
6044 1501079958.064195 -3.68335 -1.922668 9.136597 0.016785 4.503662 0.87793
6045 1501079958.084229 -3.68335 -1.922668 9.136597 0.016785 4.503662 0.87793
6046 1501079958.104286 -3.68335 -1.922668 9.136597 0.016785 4.503662 0.87793
6047 1501079958.124330 -3.68335 -1.922668 9.136597 0.016785 4.503662 0.87793
6048 1501079958.144381 -3.68335 -1.922668 9.136597 0.016785 4.503662 0.87793
6049 1501079958.164446 -3.68335 -1.922668 9.136597 0.016785 4.503662 0.87793
6050 1501079958.184493 -3.68335 -1.922668 9.136597 0.020142 4.503662 0.87793
6051 1501079958.204539 -3.68335 -1.922668 9.136597 0.020142 4.503662 0.87793
6052 1501079958.224587 -3.68335 -1.922668 9.136597 0.020142 4.503662 0.87793
6053 1501079958.244626 -3.68335 -1.922668 9.136597 0.020142 4.503662 0.87793
6054 1501079958.264677 -3.68335 -1.922668 9.136597 0.020142 4.503662 0.87793
6055 1501079958.284744 -3.68335 -1.922668 9.136597 0.020142 4.503662 0.87793
6056 1501079958.304778 -3.68335 -1.922668 9.136597 0.020142 4.503662 0.87793
6057 1501079958.324833 -3.68335 -1.922668 9.136597 0.020142 4.503662 0.87793
6058 1501079958.344899 -3.68335 -1.922668 9.136597 0.020142 4.503662 0.87793
6059 1501079958.364927 -3.68335 -1.922668 9.136597 0.020142 4.503662 0.87793
6060 1501079958.384997 -3.68335 -1.922668 9.136597 0.020142 4.503662 0.87793
6061 1501079958.405053 -3.68335 -1.922668 9.136597 0.020142 4.503662 0.87793
6062 1501079958.425059 -3.68335 -1.922668 9.136597 0.020142 4.503662 0.87793
6063 1501079958.445111 -3.68335 -1.922668 9.136597 0.020142 4.503662 0.87793
6064 1501079958.465176 -3.68335 -1.922668 9.136597 0.020142 4.503662 0.87793
6065 1501079958.485219 -3.68335 -1.922668 9.136597 0.020142 4.503662 0.87793
6066 1501079958.505283 -3.68335 -1.922668 9.136597 0.020142 4.503662 0.87793
6067 1501079958.525353 -3.68335 -1.922668 9.136597 0.020142 4.503662 0.87793
6068 1501079958.545389 -3.68335 -1.922668 9.136597 0.020142 4.503662 0.87793
6069 1501079958.565450 -3.68335 -1.922668 9.125427 0.020142 4.503662 0.87793
6070 1501079958.585529 -3.68335 -1.922668 9.125427 0.020142 4.503662 0.87793
6071 1501079958.605560 -3.68335 -1.922668 9.125427 0.020142 4.503662 0.87793
6072 1501079958.625600 -3.68335 -1.922668 9.125427 0.020142 4.503662 0.87793
6073 1501079958.645652 -3.68335 -1.922668 9.125427 0.020142 4.503662 0.87793
6074 1501079958.665704 -3.68335 -1.922668 9.125427 0.020142 4.503662 0.87793
6075 1501079958.685779 -3.68335 -1.922668 9.125427 0.020142 4.503662 0.87793
6076 1501079958.705820 -3.68335 -1.916016 9.125427 0.023499 4.500488 0.87793
6077 1501079958.725874 -3.68335 -1.916016 9.125427 0.023499 4.500488 0.87793
6078 1501079958.745956 -3.68335 -1.916016 9.125427 0.023499 4.500488 0.87793
6079 1501079958.765997 -3.68335 -1.916016 9.125427 0.023499 4.500488 0.87793
6080 1501079958.786037 -3.68335 -1.916016 9.125427 0.023499 4.500488 0.87793
6081 1501079958.806089 -3.68335 -1.916016 9.125427 0.023499 4.500488 0.87793
6082 1501079958.826138 -3.68335 -1.916016 9.114258 0.030212 4.497314 0.87439
6083 1501079958.846190 -3.68335 -1.916016 9.114258 0.030212 4.497314 0.87439
6084 1501079958.866242 -3.68335 -1.916016 9.114258 0.030212 4.497314 0.87439
6085 1501079958.886297 -3.68335 -1.916016 9.114258 0.030212 4.497314 0.87439
6086 1501079958.906335 -3.68335 -1.916016 9.114258 0.030212 4.497314 0.87439
6087 1501079958.926391 -3.68335 -1.916016 9.114258 0.030212 4.497314 0.87439
6088 1501079958.946449 -3.676819 -1.909363 9.125427 0.040283 4.490967 0.87439
6089 1501079958.966475 -3.676819 -1.909363 9.125427 0.040283 4.490967 0.87439
6090 1501079958.986549 -3.676819 -1.909363 9.125427 0.040283 4.490967 0.87439
6091 1501079959.006582 -3.676819 -1.909363 9.125427 0.040283 4.490967 0.87439
6092 1501079959.026629 -3.676819 -1.909363 9.125427 0.040283 4.490967 0.87439
6093 1501079959.046680 -3.676819 -1.909363 9.125427 0.040283 4.490967 0.87439
6094 1501079959.066751 -3.676819 -1.909363 9.125427 0.040283 4.490967 0.87439
6095 1501079959.086773 -3.663757 -1.896057 9.147766 0.057068 4.478271 0.86377
6096 1501079959.106824 -3.663757 -1.896057 9.147766 0.057068 4.478271 0.86377
6097 1501079959.126870 -3.663757 -1.896057 9.147766 0.057068 4.478271 0.86377
6098 1501079959.146926 -3.663757 -1.896057 9.147766 0.057068 4.478271 0.86377
6099 1501079959.166976 -3.663757 -1.896057 9.147766 0.057068 4.478271 0.86377
6100 1501079959.187052 -3.663757 -1.896057 9.147766 0.057068 4.478271 0.86377
6101 1501079959.207081 -3.650696 -1.889404 9.192444 0.083923 4.449707 0.846069
6102 1501079959.227136 -3.650696 -1.889404 9.192444 0.083923 4.449707 0.846069
6103 1501079959.247195 -3.650696 -1.889404 9.192444 0.083923 4.449707 0.846069
6104 1501079959.267199 -3.650696 -1.889404 9.192444 0.083923 4.449707 0.846069
6105 1501079959.287260 -3.650696 -1.889404 9.192444 0.083923 4.449707 0.846069
6106 1501079959.307314 -3.650696 -1.889404 9.192444 0.083923 4.449707 0.846069
6107 1501079959.327345 -3.624573 -1.882751 9.27063 0.124207 4.405273 0.814209
6108 1501079959.347396 -3.624573 -1.882751 9.27063 0.124207 4.405273 0.814209
6109 1501079959.367443 -3.624573 -1.882751 9.27063 0.124207 4.405273 0.814209
6110 1501079959.387503 -3.624573 -1.882751 9.27063 0.124207 4.405273 0.814209
6111 1501079959.407550 -3.624573 -1.882751 9.27063 0.124207 4.405273 0.814209
6112 1501079959.427605 -3.624573 -1.882751 9.27063 0.124207 4.405273 0.814209
6113 1501079959.447626 -3.59845 -1.882751 9.427002 0.177917 4.335449 0.761108
6114 1501079959.467673 -3.59845 -1.882751 9.427002 0.177917 4.335449 0.761108
6115 1501079959.487721 -3.59845 -1.882751 9.427002 0.177917 4.335449 0.761108
6116 1501079959.507760 -3.59845 -1.882751 9.427002 0.177917 4.335449 0.761108
6117 1501079959.527812 -3.59845 -1.882751 9.427002 0.177917 4.335449 0.761108
6118 1501079959.547849 -3.59845 -1.882751 9.427002 0.177917 4.335449 0.761108
6119 1501079959.567871 -3.59845 -1.882751 9.427002 0.177917 4.335449 0.761108
6120 1501079959.587925 -3.559265 -1.909363 9.650391 0.25177 4.237061 0.679688
6121 1501079959.607988 -3.559265 -1.909363 9.650391 0.25177 4.237061 0.679688
6122 1501079959.628015 -3.559265 -1.909363 9.650391 0.25177 4.237061 0.679688
6123 1501079959.648079 -3.559265 -1.909363 9.650391 0.25177 4.237061 0.679688
6124 1501079959.668108 -3.559265 -1.909363 9.650391 0.25177 4.237061 0.679688
6125 1501079959.688155 -3.559265 -1.909363 9.650391 0.25177 4.237061 0.679688
6126 1501079959.708203 -3.51355 -1.975891 9.996643 0.335693 4.094238 0.559326
6127 1501079959.728260 -3.51355 -1.975891 9.996643 0.335693 4.094238 0.559326
6128 1501079959.748322 -3.51355 -1.975891 9.996643 0.335693 4.094238 0.559326
6129 1501079959.768363 -3.51355 -1.975891 9.996643 0.335693 4.094238 0.559326
6130 1501079959.788424 -3.51355 -1.975891 9.996643 0.335693 4.094238 0.559326
6131 1501079959.808482 -3.51355 -1.975891 9.996643 0.335693 4.094238 0.559326
6132 1501079959.828525 -3.467834 -2.088989 10.465759 0.436401 3.903809 0.396484
6133 1501079959.848566 -3.467834 -2.088989 10.465759 0.436401 3.903809 0.396484
6134 1501079959.868632 -3.467834 -2.088989 10.465759 0.436401 3.903809 0.396484
6135 1501079959.888661 -3.467834 -2.088989 10.465759 0.436401 3.903809 0.396484
6136 1501079959.908720 -3.467834 -2.088989 10.465759 0.436401 3.903809 0.396484
6137 1501079959.928769 -3.467834 -2.088989 10.465759 0.436401 3.903809 0.396484
6138 1501079959.948817 -3.467834 -2.088989 10.465759 0.436401 3.903809 0.396484
6139 1501079959.968859 -3.422119 -2.275269 11.102417 0.543823 3.662598 0.180542
6140 1501079959.988911 -3.422119 -2.275269 11.102417 0.543823 3.662598 0.180542
6141 1501079960.008959 -3.422119 -2.275269 11.102417 0.543823 3.662598 0.180542
6142 1501079960.029015 -3.422119 -2.275269 11.102417 0.543823 3.662598 0.180542
6143 1501079960.049071 -3.422119 -2.275269 11.102417 0.543823 3.662598 0.180542
6144 1501079960.069124 -3.422119 -2.275269 11.102417 0.543823 3.662598 0.180542
6145 1501079960.089175 -3.389465 -2.548035 11.906616 0.644531 3.364258 -0.088501
6146 1501079960.109227 -3.389465 -2.548035 11.906616 0.644531 3.364258 -0.088501
6147 1501079960.129275 -3.389465 -2.548035 11.906616 0.644531 3.364258 -0.088501
6148 1501079960.149327 -3.389465 -2.548035 11.906616 0.644531 3.364258 -0.088501
6149 1501079960.169360 -3.389465 -2.548035 11.906616 0.644531 3.364258 -0.088501
6150 1501079960.189404 -3.389465 -2.548035 11.906616 0.644531 3.364258 -0.088501
6151 1501079960.209462 -3.369873 -2.927246 12.878357 0.738525 3.002441 -0.417725
6152 1501079960.229502 -3.369873 -2.927246 12.878357 0.738525 3.002441 -0.417725
6153 1501079960.249535 -3.369873 -2.927246 12.878357 0.738525 3.002441 -0.417725
6154 1501079960.269597 -3.369873 -2.927246 12.878357 0.738525 3.002441 -0.417725
6155 1501079960.289638 -3.369873 -2.927246 12.878357 0.738525 3.002441 -0.417725
6156 1501079960.309693 -3.369873 -2.927246 12.878357 0.738525 3.002441 -0.417725
6157 1501079960.329745 -3.369873 -2.927246 12.878357 0.738525 3.002441 -0.417725
6158 1501079960.349801 -3.363342 -3.426208 14.028809 0.805664 2.580322 -0.803589
6159 1501079960.369879 -3.363342 -3.426208 14.028809 0.805664 2.580322 -0.803589
6160 1501079960.389886 -3.363342 -3.426208 14.028809 0.805664 2.580322 -0.803589
6161 1501079960.409978 -3.363342 -3.426208 14.028809 0.805664 2.580322 -0.803589
6162 1501079960.430008 -3.363342 -3.426208 14.028809 0.805664 2.580322 -0.803589
6163 1501079960.450065 -3.363342 -3.426208 14.028809 0.805664 2.580322 -0.803589
6164 1501079960.470120 -3.376404 -4.038269 15.313293 0.84259 2.101074 -1.242554
6165 1501079960.490185 -3.376404 -4.038269 15.313293 0.84259 2.101074 -1.242554
6166 1501079960.510235 -3.376404 -4.038269 15.313293 0.84259 2.101074 -1.242554
6167 1501079960.530266 -3.376404 -4.038269 15.313293 0.84259 2.101074 -1.242554
6168 1501079960.550345 -3.376404 -4.038269 15.313293 0.84259 2.101074 -1.242554
6169 1501079960.570377 -3.376404 -4.038269 15.313293 0.84259 2.101074 -1.242554
6170 1501079960.590433 -3.395996 -4.750122 16.720642 0.84259 1.567871 -1.727539
6171 1501079960.610505 -3.395996 -4.750122 16.720642 0.84259 1.567871 -1.727539
6172 1501079960.630573 -3.395996 -4.750122 16.720642 0.84259 1.567871 -1.727539
6173 1501079960.650609 -3.395996 -4.750122 16.720642 0.84259 1.567871 -1.727539
6174 1501079960.670655 -3.395996 -4.750122 16.720642 0.84259 1.567871 -1.727539
6175 1501079960.690714 -3.395996 -4.750122 16.720642 0.84259 1.567871 -1.727539
6176 1501079960.710762 -3.415588 -5.561768 18.195007 0.79895 0.977539 -2.247925
6177 1501079960.730810 -3.415588 -5.561768 18.195007 0.79895 0.977539 -2.247925
6178 1501079960.750869 -3.415588 -5.561768 18.195007 0.79895 0.977539 -2.247925
6179 1501079960.770890 -3.415588 -5.561768 18.195007 0.79895 0.977539 -2.247925
6180 1501079960.790933 -3.415588 -5.561768 18.195007 0.79895 0.977539 -2.247925
6181 1501079960.811009 -3.415588 -5.561768 18.195007 0.79895 0.977539 -2.247925
6182 1501079960.831054 -3.415588 -5.561768 18.195007 0.79895 0.977539 -2.247925
6183 1501079960.851107 -3.415588 -6.433289 19.680542 0.718384 0.3396 -2.800171
6184 1501079960.871141 -3.415588 -6.433289 19.680542 0.718384 0.3396 -2.800171
6185 1501079960.891206 -3.415588 -6.433289 19.680542 0.718384 0.3396 -2.800171
6186 1501079960.911248 -3.415588 -6.433289 19.680542 0.718384 0.3396 -2.800171
6187 1501079960.931298 -3.415588 -6.433289 19.680542 0.718384 0.3396 -2.800171
6188 1501079960.951349 -3.415588 -6.433289 19.680542 0.718384 0.3396 -2.800171
6189 1501079960.971395 -3.382935 -7.324768 21.121399 0.604248 -0.3396 -3.370117
6190 1501079960.991443 -3.382935 -7.324768 21.121399 0.604248 -0.3396 -3.370117
6191 1501079961.011503 -3.382935 -7.324768 21.121399 0.604248 -0.3396 -3.370117
6192 1501079961.031554 -3.382935 -7.324768 21.121399 0.604248 -0.3396 -3.370117
6193 1501079961.051606 -3.382935 -7.324768 21.121399 0.604248 -0.3396 -3.370117
6194 1501079961.071644 -3.382935 -7.324768 21.121399 0.604248 -0.3396 -3.370117
6195 1501079961.091676 -3.298035 -8.196289 22.450562 0.480042 -1.056885 -3.940063
6196 1501079961.111730 -3.298035 -8.196289 22.450562 0.480042 -1.056885 -3.940063
6197 1501079961.131782 -3.298035 -8.196289 22.450562 0.480042 -1.056885 -3.940063
6198 1501079961.151833 -3.298035 -8.196289 22.450562 0.480042 -1.056885 -3.940063
6199 1501079961.171884 -3.298035 -8.196289 22.450562 0.480042 -1.056885 -3.940063
6200 1501079961.191916 -3.298035 -8.196289 22.450562 0.480042 -1.056885 -3.940063
6201 1501079961.211983 -3.298035 -8.196289 22.450562 0.480042 -1.056885 -3.940063
6202 1501079961.232019 -3.147827 -9.001282 23.634521 0.362549 -1.799561 -4.50293
6203 1501079961.252070 -3.147827 -9.001282 23.634521 0.362549 -1.799561 -4.50293
6204 1501079961.272122 -3.147827 -9.001282 23.634521 0.362549 -1.799561 -4.50293
6205 1501079961.292178 -3.147827 -9.001282 23.634521 0.362549 -1.799561 -4.50293
6206 1501079961.312229 -3.147827 -9.001282 23.634521 0.362549 -1.799561 -4.50293
6207 1501079961.332294 -3.147827 -9.001282 23.634521 0.362549 -1.799561 -4.50293
6208 1501079961.352336 -2.91925 -9.693176 24.617432 0.271912 -2.554932 -5.037476
6209 1501079961.372367 -2.91925 -9.693176 24.617432 0.271912 -2.554932 -5.037476
6210 1501079961.392445 -2.91925 -9.693176 24.617432 0.271912 -2.554932 -5.037476
6211 1501079961.412474 -2.91925 -9.693176 24.617432 0.271912 -2.554932 -5.037476
6212 1501079961.432521 -2.91925 -9.693176 24.617432 0.271912 -2.554932 -5.037476
6213 1501079961.452596 -2.91925 -9.693176 24.617432 0.271912 -2.554932 -5.037476
6214 1501079961.472630 -2.625366 -10.238708 25.376953 0.234985 -3.297607 -5.536621
6215 1501079961.492702 -2.625366 -10.238708 25.376953 0.234985 -3.297607 -5.536621
6216 1501079961.512756 -2.625366 -10.238708 25.376953 0.234985 -3.297607 -5.536621
6217 1501079961.532807 -2.625366 -10.238708 25.376953 0.234985 -3.297607 -5.536621
6218 1501079961.552833 -2.625366 -10.238708 25.376953 0.234985 -3.297607 -5.536621
6219 1501079961.572869 -2.625366 -10.238708 25.376953 0.234985 -3.297607 -5.536621
6220 1501079961.592926 -2.625366 -10.238708 25.376953 0.234985 -3.297607 -5.536621
6221 1501079961.612960 -2.266174 -10.604614 25.935425 0.271912 -4.011719 -5.986206
6222 1501079961.633018 -2.266174 -10.604614 25.935425 0.271912 -4.011719 -5.986206
6223 1501079961.653063 -2.266174 -10.604614 25.935425 0.271912 -4.011719 -5.986206
6224 1501079961.673123 -2.266174 -10.604614 25.935425 0.271912 -4.011719 -5.986206
6225 1501079961.693180 -2.266174 -10.604614 25.935425 0.271912 -4.011719 -5.986206
6226 1501079961.713254 -2.266174 -10.604614 25.935425 0.271912 -4.011719 -5.986206
6227 1501079961.733285 -1.874329 -10.784241 26.304016 0.392761 -4.668701 -6.37561
6228 1501079961.753337 -1.874329 -10.784241 26.304016 0.392761 -4.668701 -6.37561
6229 1501079961.773415 -1.874329 -10.784241 26.304016 0.392761 -4.668701 -6.37561
6230 1501079961.793442 -1.874329 -10.784241 26.304016 0.392761 -4.668701 -6.37561
6231 1501079961.813502 -1.874329 -10.784241 26.304016 0.392761 -4.668701 -6.37561
6232 1501079961.833539 -1.874329 -10.784241 26.304016 0.392761 -4.668701 -6.37561
6233 1501079961.853575 -1.469421 -10.770935 26.516235 0.607605 -5.249512 -6.701294
6234 1501079961.873628 -1.469421 -10.770935 26.516235 0.607605 -5.249512 -6.701294
6235 1501079961.893684 -1.469421 -10.770935 26.516235 0.607605 -5.249512 -6.701294
6236 1501079961.913745 -1.469421 -10.770935 26.516235 0.607605 -5.249512 -6.701294
6237 1501079961.933793 -1.469421 -10.770935 26.516235 0.607605 -5.249512 -6.701294
6238 1501079961.953867 -1.469421 -10.770935 26.516235 0.607605 -5.249512 -6.701294
6239 1501079961.973895 -1.084106 -10.597961 26.62793 0.909729 -5.731934 -6.963257
6240 1501079961.993973 -1.084106 -10.597961 26.62793 0.909729 -5.731934 -6.963257
6241 1501079962.014024 -1.084106 -10.597961 26.62793 0.909729 -5.731934 -6.963257
6242 1501079962.034067 -1.084106 -10.597961 26.62793 0.909729 -5.731934 -6.963257
6243 1501079962.054102 -1.084106 -10.597961 26.62793 0.909729 -5.731934 -6.963257
6244 1501079962.074148 -1.084106 -10.597961 26.62793 0.909729 -5.731934 -6.963257
6245 1501079962.094217 -1.084106 -10.597961 26.62793 0.909729 -5.731934 -6.963257
6246 1501079962.114276 -0.744507 -10.298584 26.706116 1.289062 -6.106445 -7.175659
6247 1501079962.134307 -0.744507 -10.298584 26.706116 1.289062 -6.106445 -7.175659
6248 1501079962.154384 -0.744507 -10.298584 26.706116 1.289062 -6.106445 -7.175659
6249 1501079962.174420 -0.744507 -10.298584 26.706116 1.289062 -6.106445 -7.175659
6250 1501079962.194473 -0.744507 -10.298584 26.706116 1.289062 -6.106445 -7.175659
6251 1501079962.214519 -0.744507 -10.298584 26.706116 1.289062 -6.106445 -7.175659
6252 1501079962.234567 -0.470215 -9.91272 26.806641 1.71875 -6.373047 -7.345581
6253 1501079962.254637 -0.470215 -9.91272 26.806641 1.71875 -6.373047 -7.345581
6254 1501079962.274675 -0.470215 -9.91272 26.806641 1.71875 -6.373047 -7.345581
6255 1501079962.294727 -0.470215 -9.91272 26.806641 1.71875 -6.373047 -7.345581
6256 1501079962.314780 -0.470215 -9.91272 26.806641 1.71875 -6.373047 -7.345581
6257 1501079962.334812 -0.470215 -9.91272 26.806641 1.71875 -6.373047 -7.345581
6258 1501079962.354842 -0.267761 -9.506897 26.985352 2.171936 -6.544434 -7.494263
6259 1501079962.374898 -0.267761 -9.506897 26.985352 2.171936 -6.544434 -7.494263
6260 1501079962.394940 -0.267761 -9.506897 26.985352 2.171936 -6.544434 -7.494263
6261 1501079962.415016 -0.267761 -9.506897 26.985352 2.171936 -6.544434 -7.494263
6262 1501079962.435064 -0.267761 -9.506897 26.985352 2.171936 -6.544434 -7.494263
6263 1501079962.455095 -0.267761 -9.506897 26.985352 2.171936 -6.544434 -7.494263
6264 1501079962.475151 -0.267761 -9.506897 26.985352 2.171936 -6.544434 -7.494263
6265 1501079962.495202 -0.137146 -9.134338 27.309265 2.625122 -6.639648 -7.642944
6266 1501079962.515260 -0.137146 -9.134338 27.309265 2.625122 -6.639648 -7.642944
6267 1501079962.535319 -0.137146 -9.134338 27.309265 2.625122 -6.639648 -7.642944
6268 1501079962.555364 -0.137146 -9.134338 27.309265 2.625122 -6.639648 -7.642944
6269 1501079962.575440 -0.137146 -9.134338 27.309265 2.625122 -6.639648 -7.642944
6270 1501079962.595508 -0.137146 -9.134338 27.309265 2.625122 -6.639648 -7.642944
6271 1501079962.615538 -0.071838 -8.834961 27.80072 3.051453 -6.69043 -7.812866
6272 1501079962.635571 -0.071838 -8.834961 27.80072 3.051453 -6.69043 -7.812866
6273 1501079962.655634 -0.071838 -8.834961 27.80072 3.051453 -6.69043 -7.812866
6274 1501079962.675691 -0.071838 -8.834961 27.80072 3.051453 -6.69043 -7.812866
6275 1501079962.695720 -0.071838 -8.834961 27.80072 3.051453 -6.69043 -7.812866
6276 1501079962.715783 -0.071838 -8.834961 27.80072 3.051453 -6.69043 -7.812866
6277 1501079962.735829 -0.052246 -8.642029 28.482056 3.430786 -6.728516 -8.014648
6278 1501079962.755886 -0.052246 -8.642029 28.482056 3.430786 -6.728516 -8.014648
6279 1501079962.775948 -0.052246 -8.642029 28.482056 3.430786 -6.728516 -8.014648
6280 1501079962.796012 -0.052246 -8.642029 28.482056 3.430786 -6.728516 -8.014648
6281 1501079962.816040 -0.052246 -8.642029 28.482056 3.430786 -6.728516 -8.014648
6282 1501079962.836092 -0.052246 -8.642029 28.482056 3.430786 -6.728516 -8.014648
6283 1501079962.856148 -0.058777 -8.582153 29.342102 3.756409 -6.776123 -8.255371
6284 1501079962.876204 -0.058777 -8.582153 29.342102 3.756409 -6.776123 -8.255371
6285 1501079962.896254 -0.058777 -8.582153 29.342102 3.756409 -6.776123 -8.255371
6286 1501079962.916309 -0.058777 -8.582153 29.342102 3.756409 -6.776123 -8.255371
6287 1501079962.936358 -0.058777 -8.582153 29.342102 3.756409 -6.776123 -8.255371
6288 1501079962.956400 -0.058777 -8.582153 29.342102 3.756409 -6.776123 -8.255371
6289 1501079962.976452 -0.058777 -8.582153 29.342102 3.756409 -6.776123 -8.255371
6290 1501079962.996519 -0.078369 -8.648682 30.380859 4.031677 -6.861816 -8.542114
6291 1501079963.016555 -0.078369 -8.648682 30.380859 4.031677 -6.861816 -8.542114
6292 1501079963.036585 -0.078369 -8.648682 30.380859 4.031677 -6.861816 -8.542114
6293 1501079963.056634 -0.078369 -8.648682 30.380859 4.031677 -6.861816 -8.542114
6294 1501079963.076694 -0.078369 -8.648682 30.380859 4.031677 -6.861816 -8.542114
6295 1501079963.096746 -0.078369 -8.648682 30.380859 4.031677 -6.861816 -8.542114
6296 1501079963.116809 -0.104492 -8.821655 31.55365 4.273376 -6.991943 -8.857178
6297 1501079963.136855 -0.104492 -8.821655 31.55365 4.273376 -6.991943 -8.857178
6298 1501079963.156911 -0.104492 -8.821655 31.55365 4.273376 -6.991943 -8.857178
6299 1501079963.176963 -0.104492 -8.821655 31.55365 4.273376 -6.991943 -8.857178
6300 1501079963.197009 -0.104492 -8.821655 31.55365 4.273376 -6.991943 -8.857178
6301 1501079963.217057 -0.104492 -8.821655 31.55365 4.273376 -6.991943 -8.857178
6302 1501079963.237108 -0.117554 -9.061157 32.815796 4.498291 -7.166504 -9.182861
6303 1501079963.257175 -0.117554 -9.061157 32.815796 4.498291 -7.166504 -9.182861
6304 1501079963.277209 -0.117554 -9.061157 32.815796 4.498291 -7.166504 -9.182861
6305 1501079963.297273 -0.117554 -9.061157 32.815796 4.498291 -7.166504 -9.182861
6306 1501079963.317344 -0.117554 -9.061157 32.815796 4.498291 -7.166504 -9.182861
6307 1501079963.337405 -0.117554 -9.061157 32.815796 4.498291 -7.166504 -9.182861
6308 1501079963.357435 -0.117554 -9.061157 32.815796 4.498291 -7.166504 -9.182861
6309 1501079963.377486 -0.137146 -9.313965 34.12262 4.733276 -7.366455 -9.490845
6310 1501079963.397560 -0.137146 -9.313965 34.12262 4.733276 -7.366455 -9.490845
6311 1501079963.417613 -0.137146 -9.313965 34.12262 4.733276 -7.366455 -9.490845
6312 1501079963.437610 -0.137146 -9.313965 34.12262 4.733276 -7.366455 -9.490845
6313 1501079963.457657 -0.137146 -9.313965 34.12262 4.733276 -7.366455 -9.490845
6314 1501079963.477709 -0.137146 -9.313965 34.12262 4.733276 -7.366455 -9.490845
6315 1501079963.497757 -0.1698 -9.533508 35.418274 4.998474 -7.563232 -9.749268
6316 1501079963.517815 -0.1698 -9.533508 35.418274 4.998474 -7.563232 -9.749268
6317 1501079963.537871 -0.1698 -9.533508 35.418274 4.998474 -7.563232 -9.749268
6318 1501079963.557914 -0.1698 -9.533508 35.418274 4.998474 -7.563232 -9.749268
6319 1501079963.577987 -0.1698 -9.533508 35.418274 4.998474 -7.563232 -9.749268
6320 1501079963.598020 -0.1698 -9.533508 35.418274 4.998474 -7.563232 -9.749268
6321 1501079963.618073 -0.228577 -9.666565 36.624573 5.310669 -7.709229 -9.919189
6322 1501079963.638129 -0.228577 -9.666565 36.624573 5.310669 -7.709229 -9.919189
6323 1501079963.658187 -0.228577 -9.666565 36.624573 5.310669 -7.709229 -9.919189
6324 1501079963.678232 -0.228577 -9.666565 36.624573 5.310669 -7.709229 -9.919189
6325 1501079963.698284 -0.228577 -9.666565 36.624573 5.310669 -7.709229 -9.919189
6326 1501079963.718320 -0.228577 -9.666565 36.624573 5.310669 -7.709229 -9.919189
6327 1501079963.738366 -0.228577 -9.666565 36.624573 5.310669 -7.709229 -9.919189
6328 1501079963.758412 -0.3396 -9.659912 37.6745 5.666504 -7.766357 -9.97583
6329 1501079963.778476 -0.3396 -9.659912 37.6745 5.666504 -7.766357 -9.97583
6330 1501079963.798513 -0.3396 -9.659912 37.6745 5.666504 -7.766357 -9.97583
6331 1501079963.818578 -0.3396 -9.659912 37.6745 5.666504 -7.766357 -9.97583
6332 1501079963.838644 -0.3396 -9.659912 37.6745 5.666504 -7.766357 -9.97583
6333 1501079963.858704 -0.3396 -9.659912 37.6745 5.666504 -7.766357 -9.97583
6334 1501079963.878757 -0.51593 -9.486938 38.478699 6.052551 -7.680664 -9.897949
6335 1501079963.898818 -0.51593 -9.486938 38.478699 6.052551 -7.680664 -9.897949
6336 1501079963.918869 -0.51593 -9.486938 38.478699 6.052551 -7.680664 -9.897949
6337 1501079963.938917 -0.51593 -9.486938 38.478699 6.052551 -7.680664 -9.897949
6338 1501079963.959004 -0.51593 -9.486938 38.478699 6.052551 -7.680664 -9.897949
6339 1501079963.978979 -0.51593 -9.486938 38.478699 6.052551 -7.680664 -9.897949
6340 1501079963.999033 -0.77063 -9.134338 38.981323 6.438599 -7.414062 -9.667847
6341 1501079964.019080 -0.77063 -9.134338 38.981323 6.438599 -7.414062 -9.667847
6342 1501079964.039134 -0.77063 -9.134338 38.981323 6.438599 -7.414062 -9.667847
6343 1501079964.059163 -0.77063 -9.134338 38.981323 6.438599 -7.414062 -9.667847
6344 1501079964.079232 -0.77063 -9.134338 38.981323 6.438599 -7.414062 -9.667847
6345 1501079964.099262 -0.77063 -9.134338 38.981323 6.438599 -7.414062 -9.667847
6346 1501079964.119324 -1.103699 -8.608765 39.115356 6.784363 -6.931641 -9.292603
6347 1501079964.139361 -1.103699 -8.608765 39.115356 6.784363 -6.931641 -9.292603
6348 1501079964.159434 -1.103699 -8.608765 39.115356 6.784363 -6.931641 -9.292603
6349 1501079964.179462 -1.103699 -8.608765 39.115356 6.784363 -6.931641 -9.292603
6350 1501079964.199514 -1.103699 -8.608765 39.115356 6.784363 -6.931641 -9.292603
6351 1501079964.219587 -1.103699 -8.608765 39.115356 6.784363 -6.931641 -9.292603
6352 1501079964.239634 -1.103699 -8.608765 39.115356 6.784363 -6.931641 -9.292603
6353 1501079964.259679 -1.508606 -7.936829 38.802612 7.036133 -6.223877 -8.779297
6354 1501079964.279725 -1.508606 -7.936829 38.802612 7.036133 -6.223877 -8.779297
6355 1501079964.299774 -1.508606 -7.936829 38.802612 7.036133 -6.223877 -8.779297
6356 1501079964.319827 -1.508606 -7.936829 38.802612 7.036133 -6.223877 -8.779297
6357 1501079964.339898 -1.508606 -7.936829 38.802612 7.036133 -6.223877 -8.779297
6358 1501079964.359950 -1.508606 -7.936829 38.802612 7.036133 -6.223877 -8.779297
6359 1501079964.379986 -1.97229 -7.151794 37.998413 7.140198 -5.287598 -8.15625
6360 1501079964.400044 -1.97229 -7.151794 37.998413 7.140198 -5.287598 -8.15625
6361 1501079964.420082 -1.97229 -7.151794 37.998413 7.140198 -5.287598 -8.15625
6362 1501079964.440139 -1.97229 -7.151794 37.998413 7.140198 -5.287598 -8.15625
6363 1501079964.460191 -1.97229 -7.151794 37.998413 7.140198 -5.287598 -8.15625
6364 1501079964.480257 -1.97229 -7.151794 37.998413 7.140198 -5.287598 -8.15625
6365 1501079964.500312 -2.481689 -6.306885 36.691589 7.049561 -4.148193 -7.448242
6366 1501079964.520339 -2.481689 -6.306885 36.691589 7.049561 -4.148193 -7.448242
6367 1501079964.540361 -2.481689 -6.306885 36.691589 7.049561 -4.148193 -7.448242
6368 1501079964.560415 -2.481689 -6.306885 36.691589 7.049561 -4.148193 -7.448242
6369 1501079964.580464 -2.481689 -6.306885 36.691589 7.049561 -4.148193 -7.448242
6370 1501079964.600520 -2.481689 -6.306885 36.691589 7.049561 -4.148193 -7.448242
6371 1501079964.620571 -2.481689 -6.306885 36.691589 7.049561 -4.148193 -7.448242
6372 1501079964.640651 -3.010681 -5.448669 34.882141 6.734009 -2.840576 -6.690674
6373 1501079964.660679 -3.010681 -5.448669 34.882141 6.734009 -2.840576 -6.690674
6374 1501079964.680731 -3.010681 -5.448669 34.882141 6.734009 -2.840576 -6.690674
6375 1501079964.700778 -3.010681 -5.448669 34.882141 6.734009 -2.840576 -6.690674
6376 1501079964.720808 -3.010681 -5.448669 34.882141 6.734009 -2.840576 -6.690674
6377 1501079964.740836 -3.010681 -5.448669 34.882141 6.734009 -2.840576 -6.690674
6378 1501079964.760895 -3.539673 -4.617065 32.570068 6.180115 -1.418701 -5.904785
6379 1501079964.780943 -3.539673 -4.617065 32.570068 6.180115 -1.418701 -5.904785
6380 1501079964.800990 -3.539673 -4.617065 32.570068 6.180115 -1.418701 -5.904785
6381 1501079964.821041 -3.539673 -4.617065 32.570068 6.180115 -1.418701 -5.904785
6382 1501079964.841093 -3.539673 -4.617065 32.570068 6.180115 -1.418701 -5.904785
6383 1501079964.861117 -3.539673 -4.617065 32.570068 6.180115 -1.418701 -5.904785
6384 1501079964.881174 -4.042542 -3.865295 29.844727 5.401306 0.053955 -5.122437
6385 1501079964.901231 -4.042542 -3.865295 29.844727 5.401306 0.053955 -5.122437
6386 1501079964.921302 -4.042542 -3.865295 29.844727 5.401306 0.053955 -5.122437
6387 1501079964.941353 -4.042542 -3.865295 29.844727 5.401306 0.053955 -5.122437
6388 1501079964.961384 -4.042542 -3.865295 29.844727 5.401306 0.053955 -5.122437
6389 1501079964.981468 -4.042542 -3.865295 29.844727 5.401306 0.053955 -5.122437
6390 1501079965.001500 -4.042542 -3.865295 29.844727 5.401306 0.053955 -5.122437
6391 1501079965.021608 -4.506226 -3.200012 26.773132 4.434509 1.507568 -4.357788
6392 1501079965.041610 -4.506226 -3.200012 26.773132 4.434509 1.507568 -4.357788
6393 1501079965.061667 -4.506226 -3.200012 26.773132 4.434509 1.507568 -4.357788
6394 1501079965.081723 -4.506226 -3.200012 26.773132 4.434509 1.507568 -4.357788
6395 1501079965.101773 -4.506226 -3.200012 26.773132 4.434509 1.507568 -4.357788
6396 1501079965.121848 -4.506226 -3.200012 26.773132 4.434509 1.507568 -4.357788
6397 1501079965.141883 -4.924194 -2.641174 23.455811 3.340149 2.875488 -3.62854
6398 1501079965.161940 -4.924194 -2.641174 23.455811 3.340149 2.875488 -3.62854
6399 1501079965.181980 -4.924194 -2.641174 23.455811 3.340149 2.875488 -3.62854
6400 1501079965.202011 -4.924194 -2.641174 23.455811 3.340149 2.875488 -3.62854
6401 1501079965.222062 -4.924194 -2.641174 23.455811 3.340149 2.875488 -3.62854
6402 1501079965.242130 -4.924194 -2.641174 23.455811 3.340149 2.875488 -3.62854
6403 1501079965.262155 -5.283386 -2.182129 20.049133 2.192078 4.100586 -2.938232
6404 1501079965.282196 -5.283386 -2.182129 20.049133 2.192078 4.100586 -2.938232
6405 1501079965.302281 -5.283386 -2.182129 20.049133 2.192078 4.100586 -2.938232
6406 1501079965.322294 -5.283386 -2.182129 20.049133 2.192078 4.100586 -2.938232
6407 1501079965.342314 -5.283386 -2.182129 20.049133 2.192078 4.100586 -2.938232
6408 1501079965.362371 -5.283386 -2.182129 20.049133 2.192078 4.100586 -2.938232
6409 1501079965.382422 -5.583801 -1.796265 16.664795 1.074219 5.13208 -2.290405
6410 1501079965.402469 -5.583801 -1.796265 16.664795 1.074219 5.13208 -2.290405
6411 1501079965.422525 -5.583801 -1.796265 16.664795 1.074219 5.13208 -2.290405
6412 1501079965.442567 -5.583801 -1.796265 16.664795 1.074219 5.13208 -2.290405
6413 1501079965.462592 -5.583801 -1.796265 16.664795 1.074219 5.13208 -2.290405
6414 1501079965.482655 -5.583801 -1.796265 16.664795 1.074219 5.13208 -2.290405
6415 1501079965.502705 -5.583801 -1.796265 16.664795 1.074219 5.13208 -2.290405
6416 1501079965.522737 -5.825439 -1.470276 13.436829 0.067139 5.938232 -1.688599
6417 1501079965.542785 -5.825439 -1.470276 13.436829 0.067139 5.938232 -1.688599
6418 1501079965.562863 -5.825439 -1.470276 13.436829 0.067139 5.938232 -1.688599
6419 1501079965.582897 -5.825439 -1.470276 13.436829 0.067139 5.938232 -1.688599
6420 1501079965.602962 -5.825439 -1.470276 13.436829 0.067139 5.938232 -1.688599
6421 1501079965.622993 -5.825439 -1.470276 13.436829 0.067139 5.938232 -1.688599
6422 1501079965.643055 -6.00177 -1.177551 10.499268 -0.75531 6.503174 -1.129272
6423 1501079965.663117 -6.00177 -1.177551 10.499268 -0.75531 6.503174 -1.129272
6424 1501079965.683142 -6.00177 -1.177551 10.499268 -0.75531 6.503174 -1.129272
6425 1501079965.703185 -6.00177 -1.177551 10.499268 -0.75531 6.503174 -1.129272
6426 1501079965.723244 -6.00177 -1.177551 10.499268 -0.75531 6.503174 -1.129272
6427 1501079965.743321 -6.00177 -1.177551 10.499268 -0.75531 6.503174 -1.129272
6428 1501079965.763353 -6.106262 -0.884827 7.930298 -1.356201 6.826904 -0.623047
6429 1501079965.783373 -6.106262 -0.884827 7.930298 -1.356201 6.826904 -0.623047
6430 1501079965.803427 -6.106262 -0.884827 7.930298 -1.356201 6.826904 -0.623047
6431 1501079965.823465 -6.106262 -0.884827 7.930298 -1.356201 6.826904 -0.623047
6432 1501079965.843512 -6.106262 -0.884827 7.930298 -1.356201 6.826904 -0.623047
6433 1501079965.863586 -6.106262 -0.884827 7.930298 -1.356201 6.826904 -0.623047
6434 1501079965.883634 -6.106262 -0.884827 7.930298 -1.356201 6.826904 -0.623047
6435 1501079965.903695 -6.119324 -0.578796 5.785767 -1.708679 6.928467 -0.173462
6436 1501079965.923726 -6.119324 -0.578796 5.785767 -1.708679 6.928467 -0.173462
6437 1501079965.943795 -6.119324 -0.578796 5.785767 -1.708679 6.928467 -0.173462
6438 1501079965.963828 -6.119324 -0.578796 5.785767 -1.708679 6.928467 -0.173462
6439 1501079965.983874 -6.119324 -0.578796 5.785767 -1.708679 6.928467 -0.173462
6440 1501079966.003921 -6.119324 -0.578796 5.785767 -1.708679 6.928467 -0.173462
6441 1501079966.023967 -6.040955 -0.252808 4.099182 -1.829529 6.830078 0.212402
6442 1501079966.044015 -6.040955 -0.252808 4.099182 -1.829529 6.830078 0.212402
6443 1501079966.064074 -6.040955 -0.252808 4.099182 -1.829529 6.830078 0.212402
6444 1501079966.084113 -6.040955 -0.252808 4.099182 -1.829529 6.830078 0.212402
6445 1501079966.104163 -6.040955 -0.252808 4.099182 -1.829529 6.830078 0.212402
6446 1501079966.124221 -6.040955 -0.252808 4.099182 -1.829529 6.830078 0.212402
6447 1501079966.144263 -5.83197 0.086487 2.825867 -1.76239 6.572998 0.516846
6448 1501079966.164302 -5.83197 0.086487 2.825867 -1.76239 6.572998 0.516846
6449 1501079966.184368 -5.83197 0.086487 2.825867 -1.76239 6.572998 0.516846
6450 1501079966.204409 -5.83197 0.086487 2.825867 -1.76239 6.572998 0.516846
6451 1501079966.224456 -5.83197 0.086487 2.825867 -1.76239 6.572998 0.516846
6452 1501079966.244513 -5.83197 0.086487 2.825867 -1.76239 6.572998 0.516846
6453 1501079966.264572 -5.83197 0.086487 2.825867 -1.76239 6.572998 0.516846
6454 1501079966.284648 -5.492371 0.432434 1.909973 -1.574402 6.195312 0.729248
6455 1501079966.304676 -5.492371 0.432434 1.909973 -1.574402 6.195312 0.729248
6456 1501079966.324751 -5.492371 0.432434 1.909973 -1.574402 6.195312 0.729248
6457 1501079966.344768 -5.492371 0.432434 1.909973 -1.574402 6.195312 0.729248
6458 1501079966.364821 -5.492371 0.432434 1.909973 -1.574402 6.195312 0.729248
6459 1501079966.384873 -5.492371 0.432434 1.909973 -1.574402 6.195312 0.729248
6460 1501079966.404902 -4.996033 0.771729 1.239807 -1.352844 5.731934 0.842529
6461 1501079966.424953 -4.996033 0.771729 1.239807 -1.352844 5.731934 0.842529
6462 1501079966.445006 -4.996033 0.771729 1.239807 -1.352844 5.731934 0.842529
6463 1501079966.465052 -4.996033 0.771729 1.239807 -1.352844 5.731934 0.842529
6464 1501079966.485111 -4.996033 0.771729 1.239807 -1.352844 5.731934 0.842529
6465 1501079966.505162 -4.996033 0.771729 1.239807 -1.352844 5.731934 0.842529
6466 1501079966.525227 -4.336426 1.084412 0.703674 -1.188354 5.217773 0.838989
6467 1501079966.545276 -4.336426 1.084412 0.703674 -1.188354 5.217773 0.838989
6468 1501079966.565343 -4.336426 1.084412 0.703674 -1.188354 5.217773 0.838989
6469 1501079966.585372 -4.336426 1.084412 0.703674 -1.188354 5.217773 0.838989
6470 1501079966.605430 -4.336426 1.084412 0.703674 -1.188354 5.217773 0.838989
6471 1501079966.625471 -4.336426 1.084412 0.703674 -1.188354 5.217773 0.838989
6472 1501079966.645519 -3.500488 1.350525 0.134033 -1.17157 4.681396 0.715088
6473 1501079966.665574 -3.500488 1.350525 0.134033 -1.17157 4.681396 0.715088
6474 1501079966.685604 -3.500488 1.350525 0.134033 -1.17157 4.681396 0.715088
6475 1501079966.705661 -3.500488 1.350525 0.134033 -1.17157 4.681396 0.715088
6476 1501079966.725725 -3.500488 1.350525 0.134033 -1.17157 4.681396 0.715088
6477 1501079966.745782 -3.500488 1.350525 0.134033 -1.17157 4.681396 0.715088
6478 1501079966.765840 -3.500488 1.350525 0.134033 -1.17157 4.681396 0.715088
6479 1501079966.785890 -2.514343 1.570068 -0.603149 -1.376343 4.14502 0.477905
6480 1501079966.805953 -2.514343 1.570068 -0.603149 -1.376343 4.14502 0.477905
6481 1501079966.825983 -2.514343 1.570068 -0.603149 -1.376343 4.14502 0.477905
6482 1501079966.846039 -2.514343 1.570068 -0.603149 -1.376343 4.14502 0.477905
6483 1501079966.866090 -2.514343 1.570068 -0.603149 -1.376343 4.14502 0.477905
6484 1501079966.886145 -2.514343 1.570068 -0.603149 -1.376343 4.14502 0.477905
6485 1501079966.906193 -1.391052 1.756348 -1.641907 -1.842957 3.627686 0.127441
6486 1501079966.926273 -1.391052 1.756348 -1.641907 -1.842957 3.627686 0.127441
6487 1501079966.946300 -1.391052 1.756348 -1.641907 -1.842957 3.627686 0.127441
6488 1501079966.966355 -1.391052 1.756348 -1.641907 -1.842957 3.627686 0.127441
6489 1501079966.986418 -1.391052 1.756348 -1.641907 -1.842957 3.627686 0.127441
6490 1501079967.006450 -1.391052 1.756348 -1.641907 -1.842957 3.627686 0.127441
6491 1501079967.026489 -0.156738 1.922668 -3.105103 -2.598267 3.135742 -0.322144
6492 1501079967.046539 -0.156738 1.922668 -3.105103 -2.598267 3.135742 -0.322144
6493 1501079967.066587 -0.156738 1.922668 -3.105103 -2.598267 3.135742 -0.322144
6494 1501079967.086658 -0.156738 1.922668 -3.105103 -2.598267 3.135742 -0.322144
6495 1501079967.106690 -0.156738 1.922668 -3.105103 -2.598267 3.135742 -0.322144
6496 1501079967.126741 -0.156738 1.922668 -3.105103 -2.598267 3.135742 -0.322144
6497 1501079967.146779 -0.156738 1.922668 -3.105103 -2.598267 3.135742 -0.322144
6498 1501079967.166819 1.155945 2.102295 -5.070923 -3.618774 2.678711 -0.846069
6499 1501079967.186872 1.155945 2.102295 -5.070923 -3.618774 2.678711 -0.846069
6500 1501079967.206913 1.155945 2.102295 -5.070923 -3.618774 2.678711 -0.846069
6501 1501079967.226958 1.155945 2.102295 -5.070923 -3.618774 2.678711 -0.846069
6502 1501079967.246997 1.155945 2.102295 -5.070923 -3.618774 2.678711 -0.846069
6503 1501079967.267040 1.155945 2.102295 -5.070923 -3.618774 2.678711 -0.846069
6504 1501079967.287096 2.494751 2.341797 -7.572876 -4.864197 2.259766 -1.419556
6505 1501079967.307129 2.494751 2.341797 -7.572876 -4.864197 2.259766 -1.419556
6506 1501079967.327179 2.494751 2.341797 -7.572876 -4.864197 2.259766 -1.419556
6507 1501079967.347236 2.494751 2.341797 -7.572876 -4.864197 2.259766 -1.419556
6508 1501079967.367280 2.494751 2.341797 -7.572876 -4.864197 2.259766 -1.419556
6509 1501079967.387357 2.494751 2.341797 -7.572876 -4.864197 2.259766 -1.419556
6510 1501079967.407393 3.827026 2.674438 -10.610962 -6.253967 1.885254 -2.014282
6511 1501079967.427437 3.827026 2.674438 -10.610962 -6.253967 1.885254 -2.014282
6512 1501079967.447492 3.827026 2.674438 -10.610962 -6.253967 1.885254 -2.014282
6513 1501079967.467544 3.827026 2.674438 -10.610962 -6.253967 1.885254 -2.014282
6514 1501079967.487587 3.827026 2.674438 -10.610962 -6.253967 1.885254 -2.014282
6515 1501079967.507662 3.827026 2.674438 -10.610962 -6.253967 1.885254 -2.014282
6516 1501079967.527701 5.107056 3.14679 -14.140503 -7.704163 1.55835 -2.601929
6517 1501079967.547755 5.107056 3.14679 -14.140503 -7.704163 1.55835 -2.601929
6518 1501079967.567796 5.107056 3.14679 -14.140503 -7.704163 1.55835 -2.601929
6519 1501079967.587847 5.107056 3.14679 -14.140503 -7.704163 1.55835 -2.601929
6520 1501079967.607894 5.107056 3.14679 -14.140503 -7.704163 1.55835 -2.601929
6521 1501079967.627941 5.107056 3.14679 -14.140503 -7.704163 1.55835 -2.601929
6522 1501079967.647988 5.107056 3.14679 -14.140503 -7.704163 1.55835 -2.601929
6523 1501079967.668017 6.302185 3.792114 -18.049805 -9.114075 1.2854 -3.147095
6524 1501079967.688069 6.302185 3.792114 -18.049805 -9.114075 1.2854 -3.147095
6525 1501079967.708131 6.302185 3.792114 -18.049805 -9.114075 1.2854 -3.147095
6526 1501079967.728160 6.302185 3.792114 -18.049805 -9.114075 1.2854 -3.147095
6527 1501079967.748207 6.302185 3.792114 -18.049805 -9.114075 1.2854 -3.147095
6528 1501079967.768250 6.302185 3.792114 -18.049805 -9.114075 1.2854 -3.147095
6529 1501079967.788290 7.37323 4.617065 -22.227173 -10.393066 1.075928 -3.62854
6530 1501079967.808370 7.37323 4.617065 -22.227173 -10.393066 1.075928 -3.62854
6531 1501079967.828416 7.37323 4.617065 -22.227173 -10.393066 1.075928 -3.62854
6532 1501079967.848422 7.37323 4.617065 -22.227173 -10.393066 1.075928 -3.62854
6533 1501079967.868475 7.37323 4.617065 -22.227173 -10.393066 1.075928 -3.62854
6534 1501079967.888536 7.37323 4.617065 -22.227173 -10.393066 1.075928 -3.62854
6535 1501079967.908588 8.307129 5.621643 -26.505066 -11.463928 0.936279 -4.021484
6536 1501079967.928619 8.307129 5.621643 -26.505066 -11.463928 0.936279 -4.021484
6537 1501079967.948674 8.307129 5.621643 -26.505066 -11.463928 0.936279 -4.021484
6538 1501079967.968728 8.307129 5.621643 -26.505066 -11.463928 0.936279 -4.021484
6539 1501079967.988752 8.307129 5.621643 -26.505066 -11.463928 0.936279 -4.021484
6540 1501079968.008804 8.307129 5.621643 -26.505066 -11.463928 0.936279 -4.021484
6541 1501079968.028841 8.307129 5.621643 -26.505066 -11.463928 0.936279 -4.021484
6542 1501079968.048903 9.09082 6.785889 -30.738281 -12.269592 0.866455 -4.315308
6543 1501079968.068959 9.09082 6.785889 -30.738281 -12.269592 0.866455 -4.315308
6544 1501079968.088994 9.09082 6.785889 -30.738281 -12.269592 0.866455 -4.315308
6545 1501079968.109051 9.09082 6.785889 -30.738281 -12.269592 0.866455 -4.315308
6546 1501079968.129102 9.09082 6.785889 -30.738281 -12.269592 0.866455 -4.315308
6547 1501079968.149176 9.09082 6.785889 -30.738281 -12.269592 0.866455 -4.315308
6548 1501079968.169217 9.717773 8.05658 -34.759277 -12.783203 0.875977 -4.49939
6549 1501079968.189274 9.717773 8.05658 -34.759277 -12.783203 0.875977 -4.49939
6550 1501079968.209328 9.717773 8.05658 -34.759277 -12.783203 0.875977 -4.49939
6551 1501079968.229376 9.717773 8.05658 -34.759277 -12.783203 0.875977 -4.49939
6552 1501079968.249427 9.717773 8.05658 -34.759277 -12.783203 0.875977 -4.49939
6553 1501079968.269482 9.717773 8.05658 -34.759277 -12.783203 0.875977 -4.49939
6554 1501079968.289532 10.20105 9.380493 -38.400513 -13.008118 0.955322 -4.580811
6555 1501079968.309589 10.20105 9.380493 -38.400513 -13.008118 0.955322 -4.580811
6556 1501079968.329624 10.20105 9.380493 -38.400513 -13.008118 0.955322 -4.580811
6557 1501079968.349704 10.20105 9.380493 -38.400513 -13.008118 0.955322 -4.580811
6558 1501079968.369729 10.20105 9.380493 -38.400513 -13.008118 0.955322 -4.580811
6559 1501079968.389782 10.20105 9.380493 -38.400513 -13.008118 0.955322 -4.580811
6560 1501079968.409864 10.20105 9.380493 -38.400513 -13.008118 0.955322 -4.580811
6561 1501079968.429890 10.540649 10.677795 -41.539124 -12.964478 1.101318 -4.56665
6562 1501079968.449925 10.540649 10.677795 -41.539124 -12.964478 1.101318 -4.56665
6563 1501079968.469972 10.540649 10.677795 -41.539124 -12.964478 1.101318 -4.56665
6564 1501079968.490025 10.540649 10.677795 -41.539124 -12.964478 1.101318 -4.56665
6565 1501079968.510097 10.540649 10.677795 -41.539124 -12.964478 1.101318 -4.56665
6566 1501079968.530157 10.540649 10.677795 -41.539124 -12.964478 1.101318 -4.56665
6567 1501079968.550199 10.743103 11.868652 -44.018738 -12.695923 1.298096 -4.467529
6568 1501079968.570224 10.743103 11.868652 -44.018738 -12.695923 1.298096 -4.467529
6569 1501079968.590249 10.743103 11.868652 -44.018738 -12.695923 1.298096 -4.467529
6570 1501079968.610282 10.743103 11.868652 -44.018738 -12.695923 1.298096 -4.467529
6571 1501079968.630318 10.743103 11.868652 -44.018738 -12.695923 1.298096 -4.467529
6572 1501079968.650385 10.743103 11.868652 -44.018738 -12.695923 1.298096 -4.467529
6573 1501079968.670403 10.814941 12.859924 -45.716492 -12.252808 1.532959 -4.301147
6574 1501079968.690475 10.814941 12.859924 -45.716492 -12.252808 1.532959 -4.301147
6575 1501079968.710509 10.814941 12.859924 -45.716492 -12.252808 1.532959 -4.301147
6576 1501079968.730589 10.814941 12.859924 -45.716492 -12.252808 1.532959 -4.301147
6577 1501079968.750634 10.814941 12.859924 -45.716492 -12.252808 1.532959 -4.301147
6578 1501079968.770668 10.814941 12.859924 -45.716492 -12.252808 1.532959 -4.301147
6579 1501079968.790722 10.756165 13.585083 -46.520691 -11.678772 1.783691 -4.081665
6580 1501079968.810762 10.756165 13.585083 -46.520691 -11.678772 1.783691 -4.081665
6581 1501079968.830813 10.756165 13.585083 -46.520691 -11.678772 1.783691 -4.081665
6582 1501079968.850866 10.756165 13.585083 -46.520691 -11.678772 1.783691 -4.081665
6583 1501079968.870929 10.756165 13.585083 -46.520691 -11.678772 1.783691 -4.081665
6584 1501079968.890961 10.756165 13.585083 -46.520691 -11.678772 1.783691 -4.081665
6585 1501079968.911013 10.756165 13.585083 -46.520691 -11.678772 1.783691 -4.081665
6586 1501079968.931024 10.54718 13.957642 -46.319641 -11.017456 2.028076 -3.819702
6587 1501079968.951078 10.54718 13.957642 -46.319641 -11.017456 2.028076 -3.819702
6588 1501079968.971125 10.54718 13.957642 -46.319641 -11.017456 2.028076 -3.819702
6589 1501079968.991149 10.54718 13.957642 -46.319641 -11.017456 2.028076 -3.819702
6590 1501079969.011208 10.54718 13.957642 -46.319641 -11.017456 2.028076 -3.819702
6591 1501079969.031277 10.54718 13.957642 -46.319641 -11.017456 2.028076 -3.819702
6592 1501079969.051304 10.181458 13.93103 -45.035156 -10.295715 2.253418 -3.525879
6593 1501079969.071342 10.181458 13.93103 -45.035156 -10.295715 2.253418 -3.525879
6594 1501079969.091393 10.181458 13.93103 -45.035156 -10.295715 2.253418 -3.525879
6595 1501079969.111459 10.181458 13.93103 -45.035156 -10.295715 2.253418 -3.525879
6596 1501079969.131487 10.181458 13.93103 -45.035156 -10.295715 2.253418 -3.525879
6597 1501079969.151560 10.181458 13.93103 -45.035156 -10.295715 2.253418 -3.525879
6598 1501079969.171549 9.639404 13.465332 -42.611389 -9.523621 2.443848 -3.210815
6599 1501079969.191624 9.639404 13.465332 -42.611389 -9.523621 2.443848 -3.210815
6600 1501079969.211646 9.639404 13.465332 -42.611389 -9.523621 2.443848 -3.210815
6601 1501079969.231705 9.639404 13.465332 -42.611389 -9.523621 2.443848 -3.210815
6602 1501079969.251751 9.639404 13.465332 -42.611389 -9.523621 2.443848 -3.210815
6603 1501079969.271816 9.639404 13.465332 -42.611389 -9.523621 2.443848 -3.210815
6604 1501079969.291852 9.639404 13.465332 -42.611389 -9.523621 2.443848 -3.210815
6605 1501079969.311900 8.894897 12.5672 -39.04834 -8.697815 2.593018 -2.870972
6606 1501079969.331956 8.894897 12.5672 -39.04834 -8.697815 2.593018 -2.870972
6607 1501079969.351963 8.894897 12.5672 -39.04834 -8.697815 2.593018 -2.870972
6608 1501079969.372036 8.894897 12.5672 -39.04834 -8.697815 2.593018 -2.870972
6609 1501079969.392081 8.894897 12.5672 -39.04834 -8.697815 2.593018 -2.870972
6610 1501079969.412114 8.894897 12.5672 -39.04834 -8.697815 2.593018 -2.870972
6611 1501079969.432189 7.947937 11.269897 -34.424194 -7.818298 2.697754 -2.513428
6612 1501079969.452222 7.947937 11.269897 -34.424194 -7.818298 2.697754 -2.513428
6613 1501079969.472269 7.947937 11.269897 -34.424194 -7.818298 2.697754 -2.513428
6614 1501079969.492320 7.947937 11.269897 -34.424194 -7.818298 2.697754 -2.513428
6615 1501079969.512396 7.947937 11.269897 -34.424194 -7.818298 2.697754 -2.513428
6616 1501079969.532403 7.947937 11.269897 -34.424194 -7.818298 2.697754 -2.513428
6617 1501079969.552475 6.805054 9.633301 -28.861816 -6.871643 2.767578 -2.131104
6618 1501079969.572527 6.805054 9.633301 -28.861816 -6.871643 2.767578 -2.131104
6619 1501079969.592558 6.805054 9.633301 -28.861816 -6.871643 2.767578 -2.131104
6620 1501079969.612591 6.805054 9.633301 -28.861816 -6.871643 2.767578 -2.131104
6621 1501079969.632643 6.805054 9.633301 -28.861816 -6.871643 2.767578 -2.131104
6622 1501079969.652674 6.805054 9.633301 -28.861816 -6.871643 2.767578 -2.131104
6623 1501079969.672718 6.805054 9.633301 -28.861816 -6.871643 2.767578 -2.131104
6624 1501079969.692775 5.48584 7.757202 -22.606934 -5.857849 2.808838 -1.734619
6625 1501079969.712819 5.48584 7.757202 -22.606934 -5.857849 2.808838 -1.734619
6626 1501079969.732876 5.48584 7.757202 -22.606934 -5.857849 2.808838 -1.734619
6627 1501079969.752940 5.48584 7.757202 -22.606934 -5.857849 2.808838 -1.734619
6628 1501079969.772968 5.48584 7.757202 -22.606934 -5.857849 2.808838 -1.734619
6629 1501079969.793019 5.48584 7.757202 -22.606934 -5.857849 2.808838 -1.734619
6630 1501079969.813081 4.055603 5.768005 -15.983459 -4.790344 2.840576 -1.331055
6631 1501079969.833112 4.055603 5.768005 -15.983459 -4.790344 2.840576 -1.331055
6632 1501079969.853171 4.055603 5.768005 -15.983459 -4.790344 2.840576 -1.331055
6633 1501079969.873235 4.055603 5.768005 -15.983459 -4.790344 2.840576 -1.331055
6634 1501079969.893233 4.055603 5.768005 -15.983459 -4.790344 2.840576 -1.331055
6635 1501079969.913295 4.055603 5.768005 -15.983459 -4.790344 2.840576 -1.331055
6636 1501079969.933337 2.579651 3.785461 -9.348816 -3.692627 2.881836 -0.92749
6637 1501079969.953370 2.579651 3.785461 -9.348816 -3.692627 2.881836 -0.92749
6638 1501079969.973411 2.579651 3.785461 -9.348816 -3.692627 2.881836 -0.92749
6639 1501079969.993516 2.579651 3.785461 -9.348816 -3.692627 2.881836 -0.92749
6640 1501079970.013540 2.579651 3.785461 -9.348816 -3.692627 2.881836 -0.92749
6641 1501079970.033594 2.579651 3.785461 -9.348816 -3.692627 2.881836 -0.92749
6642 1501079970.053645 2.579651 3.785461 -9.348816 -3.692627 2.881836 -0.92749
6643 1501079970.073697 1.136353 1.94928 -3.116272 -2.608337 2.95166 -0.541626
6644 1501079970.093747 1.136353 1.94928 -3.116272 -2.608337 2.95166 -0.541626
6645 1501079970.113832 1.136353 1.94928 -3.116272 -2.608337 2.95166 -0.541626
6646 1501079970.133866 1.136353 1.94928 -3.116272 -2.608337 2.95166 -0.541626
6647 1501079970.153913 1.136353 1.94928 -3.116272 -2.608337 2.95166 -0.541626
6648 1501079970.173938 1.136353 1.94928 -3.116272 -2.608337 2.95166 -0.541626
6649 1501079970.193993 -0.176331 0.379211 2.323242 -1.594543 3.065918 -0.194702
6650 1501079970.214073 -0.176331 0.379211 2.323242 -1.594543 3.065918 -0.194702
6651 1501079970.234101 -0.176331 0.379211 2.323242 -1.594543 3.065918 -0.194702
6652 1501079970.254176 -0.176331 0.379211 2.323242 -1.594543 3.065918 -0.194702
6653 1501079970.274221 -0.176331 0.379211 2.323242 -1.594543 3.065918 -0.194702
6654 1501079970.294249 -0.176331 0.379211 2.323242 -1.594543 3.065918 -0.194702
6655 1501079970.314295 -1.273499 -0.838257 6.634644 -0.71167 3.243652 0.092041
6656 1501079970.334335 -1.273499 -0.838257 6.634644 -0.71167 3.243652 0.092041
6657 1501079970.354383 -1.273499 -0.838257 6.634644 -0.71167 3.243652 0.092041
6658 1501079970.374427 -1.273499 -0.838257 6.634644 -0.71167 3.243652 0.092041
6659 1501079970.394528 -1.273499 -0.838257 6.634644 -0.71167 3.243652 0.092041
6660 1501079970.414559 -1.273499 -0.838257 6.634644 -0.71167 3.243652 0.092041
6661 1501079970.434617 -2.109436 -1.656555 9.594543 -0.020142 3.497559 0.304443
6662 1501079970.454665 -2.109436 -1.656555 9.594543 -0.020142 3.497559 0.304443
6663 1501079970.474699 -2.109436 -1.656555 9.594543 -0.020142 3.497559 0.304443
6664 1501079970.494743 -2.109436 -1.656555 9.594543 -0.020142 3.497559 0.304443
6665 1501079970.514794 -2.109436 -1.656555 9.594543 -0.020142 3.497559 0.304443
6666 1501079970.534837 -2.109436 -1.656555 9.594543 -0.020142 3.497559 0.304443
6667 1501079970.554886 -2.109436 -1.656555 9.594543 -0.020142 3.497559 0.304443
6668 1501079970.574945 -2.638428 -2.082336 11.057739 0.422974 3.830811 0.414185
6669 1501079970.594976 -2.638428 -2.082336 11.057739 0.422974 3.830811 0.414185
6670 1501079970.615048 -2.638428 -2.082336 11.057739 0.422974 3.830811 0.414185
6671 1501079970.635079 -2.638428 -2.082336 11.057739 0.422974 3.830811 0.414185
6672 1501079970.655136 -2.638428 -2.082336 11.057739 0.422974 3.830811 0.414185
6673 1501079970.675192 -2.638428 -2.082336 11.057739 0.422974 3.830811 0.414185
6674 1501079970.695228 -2.873535 -2.155518 11.04657 0.574036 4.246582 0.417725
6675 1501079970.715309 -2.873535 -2.155518 11.04657 0.574036 4.246582 0.417725
6676 1501079970.735331 -2.873535 -2.155518 11.04657 0.574036 4.246582 0.417725
6677 1501079970.755418 -2.873535 -2.155518 11.04657 0.574036 4.246582 0.417725
6678 1501079970.775450 -2.873535 -2.155518 11.04657 0.574036 4.246582 0.417725
6679 1501079970.795492 -2.873535 -2.155518 11.04657 0.574036 4.246582 0.417725
6680 1501079970.815539 -2.847412 -1.962585 9.728577 0.402832 4.748047 0.300903
6681 1501079970.835610 -2.847412 -1.962585 9.728577 0.402832 4.748047 0.300903
6682 1501079970.855644 -2.847412 -1.962585 9.728577 0.402832 4.748047 0.300903
6683 1501079970.875700 -2.847412 -1.962585 9.728577 0.402832 4.748047 0.300903
6684 1501079970.895761 -2.847412 -1.962585 9.728577 0.402832 4.748047 0.300903
6685 1501079970.915800 -2.847412 -1.962585 9.728577 0.402832 4.748047 0.300903
6686 1501079970.935863 -2.847412 -1.962585 9.728577 0.402832 4.748047 0.300903
6687 1501079970.955921 -2.644958 -1.629944 7.327148 -0.090637 5.325684 0.070801
6688 1501079970.975958 -2.644958 -1.629944 7.327148 -0.090637 5.325684 0.070801
6689 1501079970.996005 -2.644958 -1.629944 7.327148 -0.090637 5.325684 0.070801
6690 1501079971.016064 -2.644958 -1.629944 7.327148 -0.090637 5.325684 0.070801
6691 1501079971.036123 -2.644958 -1.629944 7.327148 -0.090637 5.325684 0.070801
6692 1501079971.056169 -2.644958 -1.629944 7.327148 -0.090637 5.325684 0.070801
6693 1501079971.076249 -2.351074 -1.277344 4.210876 -0.889587 5.976318 -0.265503
6694 1501079971.096243 -2.351074 -1.277344 4.210876 -0.889587 5.976318 -0.265503
6695 1501079971.116295 -2.351074 -1.277344 4.210876 -0.889587 5.976318 -0.265503
6696 1501079971.136366 -2.351074 -1.277344 4.210876 -0.889587 5.976318 -0.265503
6697 1501079971.156394 -2.351074 -1.277344 4.210876 -0.889587 5.976318 -0.265503
6698 1501079971.176469 -2.351074 -1.277344 4.210876 -0.889587 5.976318 -0.265503
6699 1501079971.196516 -2.076782 -1.044495 0.714844 -1.960449 6.684082 -0.693848
6700 1501079971.216532 -2.076782 -1.044495 0.714844 -1.960449 6.684082 -0.693848
6701 1501079971.236602 -2.076782 -1.044495 0.714844 -1.960449 6.684082 -0.693848
6702 1501079971.256628 -2.076782 -1.044495 0.714844 -1.960449 6.684082 -0.693848
6703 1501079971.276671 -2.076782 -1.044495 0.714844 -1.960449 6.684082 -0.693848
6704 1501079971.296724 -2.076782 -1.044495 0.714844 -1.960449 6.684082 -0.693848
6705 1501079971.316770 -2.076782 -1.044495 0.714844 -1.960449 6.684082 -0.693848
6706 1501079971.336799 -1.926575 -1.017883 -2.792358 -3.236084 7.436279 -1.182373
6707 1501079971.356865 -1.926575 -1.017883 -2.792358 -3.236084 7.436279 -1.182373
6708 1501079971.376891 -1.926575 -1.017883 -2.792358 -3.236084 7.436279 -1.182373
6709 1501079971.396948 -1.926575 -1.017883 -2.792358 -3.236084 7.436279 -1.182373
6710 1501079971.416999 -1.926575 -1.017883 -2.792358 -3.236084 7.436279 -1.182373
6711 1501079971.437057 -1.926575 -1.017883 -2.792358 -3.236084 7.436279 -1.182373
6712 1501079971.457103 -1.978821 -1.270691 -5.997986 -4.645996 8.217041 -1.695679
6713 1501079971.477159 -1.978821 -1.270691 -5.997986 -4.645996 8.217041 -1.695679
6714 1501079971.497215 -1.978821 -1.270691 -5.997986 -4.645996 8.217041 -1.695679
6715 1501079971.517267 -1.978821 -1.270691 -5.997986 -4.645996 8.217041 -1.695679
6716 1501079971.537323 -1.978821 -1.270691 -5.997986 -4.645996 8.217041 -1.695679
6717 1501079971.557383 -1.978821 -1.270691 -5.997986 -4.645996 8.217041 -1.695679
6718 1501079971.577429 -2.279236 -1.80957 -8.712158 -6.102905 9.007324 -2.198364
6719 1501079971.597505 -2.279236 -1.80957 -8.712158 -6.102905 9.007324 -2.198364
6720 1501079971.617562 -2.279236 -1.80957 -8.712158 -6.102905 9.007324 -2.198364
6721 1501079971.637603 -2.279236 -1.80957 -8.712158 -6.102905 9.007324 -2.198364
6722 1501079971.657663 -2.279236 -1.80957 -8.712158 -6.102905 9.007324 -2.198364
6723 1501079971.677751 -2.279236 -1.80957 -8.712158 -6.102905 9.007324 -2.198364
6724 1501079971.697761 -2.840881 -2.601257 -10.789673 -7.516174 9.788086 -2.647949
6725 1501079971.717813 -2.840881 -2.601257 -10.789673 -7.516174 9.788086 -2.647949
6726 1501079971.737856 -2.840881 -2.601257 -10.789673 -7.516174 9.788086 -2.647949
6727 1501079971.757934 -2.840881 -2.601257 -10.789673 -7.516174 9.788086 -2.647949
6728 1501079971.777930 -2.840881 -2.601257 -10.789673 -7.516174 9.788086 -2.647949
6729 1501079971.797965 -2.840881 -2.601257 -10.789673 -7.516174 9.788086 -2.647949
6730 1501079971.818012 -2.840881 -2.601257 -10.789673 -7.516174 9.788086 -2.647949
6731 1501079971.838059 -3.618042 -3.559265 -12.241699 -8.80188 10.537109 -2.998413
6732 1501079971.858110 -3.618042 -3.559265 -12.241699 -8.80188 10.537109 -2.998413
6733 1501079971.878169 -3.618042 -3.559265 -12.241699 -8.80188 10.537109 -2.998413
6734 1501079971.898199 -3.618042 -3.559265 -12.241699 -8.80188 10.537109 -2.998413
6735 1501079971.918262 -3.618042 -3.559265 -12.241699 -8.80188 10.537109 -2.998413
6736 1501079971.938299 -3.618042 -3.559265 -12.241699 -8.80188 10.537109 -2.998413
6737 1501079971.958350 -4.551941 -4.563843 -13.135254 -9.882812 11.241699 -3.217896
6738 1501079971.978405 -4.551941 -4.563843 -13.135254 -9.882812 11.241699 -3.217896
6739 1501079971.998475 -4.551941 -4.563843 -13.135254 -9.882812 11.241699 -3.217896
6740 1501079972.018508 -4.551941 -4.563843 -13.135254 -9.882812 11.241699 -3.217896
6741 1501079972.038556 -4.551941 -4.563843 -13.135254 -9.882812 11.241699 -3.217896
6742 1501079972.058599 -4.551941 -4.563843 -13.135254 -9.882812 11.241699 -3.217896
6743 1501079972.078656 -5.544617 -5.481934 -13.637878 -10.701904 11.879639 -3.278076
6744 1501079972.098700 -5.544617 -5.481934 -13.637878 -10.701904 11.879639 -3.278076
6745 1501079972.118724 -5.544617 -5.481934 -13.637878 -10.701904 11.879639 -3.278076
6746 1501079972.138797 -5.544617 -5.481934 -13.637878 -10.701904 11.879639 -3.278076
6747 1501079972.158832 -5.544617 -5.481934 -13.637878 -10.701904 11.879639 -3.278076
6748 1501079972.178879 -5.544617 -5.481934 -13.637878 -10.701904 11.879639 -3.278076
6749 1501079972.198931 -5.544617 -5.481934 -13.637878 -10.701904 11.879639 -3.278076
6750 1501079972.218981 -6.491577 -6.180481 -13.928284 -11.222229 12.447754 -3.171875
6751 1501079972.239008 -6.491577 -6.180481 -13.928284 -11.222229 12.447754 -3.171875
6752 1501079972.259060 -6.491577 -6.180481 -13.928284 -11.222229 12.447754 -3.171875
6753 1501079972.279116 -6.491577 -6.180481 -13.928284 -11.222229 12.447754 -3.171875
6754 1501079972.299177 -6.491577 -6.180481 -13.928284 -11.222229 12.447754 -3.171875
6755 1501079972.319231 -6.491577 -6.180481 -13.928284 -11.222229 12.447754 -3.171875
6756 1501079972.339270 -7.275269 -6.55304 -14.20752 -11.433716 12.93335 -2.895752
6757 1501079972.359306 -7.275269 -6.55304 -14.20752 -11.433716 12.93335 -2.895752
6758 1501079972.379344 -7.275269 -6.55304 -14.20752 -11.433716 12.93335 -2.895752
6759 1501079972.399402 -7.275269 -6.55304 -14.20752 -11.433716 12.93335 -2.895752
6760 1501079972.419467 -7.275269 -6.55304 -14.20752 -11.433716 12.93335 -2.895752
6761 1501079972.439510 -7.275269 -6.55304 -14.20752 -11.433716 12.93335 -2.895752
6762 1501079972.459542 -7.823853 -6.519775 -14.631958 -11.353149 13.336426 -2.478027
6763 1501079972.479562 -7.823853 -6.519775 -14.631958 -11.353149 13.336426 -2.478027
6764 1501079972.499609 -7.823853 -6.519775 -14.631958 -11.353149 13.336426 -2.478027
6765 1501079972.519677 -7.823853 -6.519775 -14.631958 -11.353149 13.336426 -2.478027
6766 1501079972.539679 -7.823853 -6.519775 -14.631958 -11.353149 13.336426 -2.478027
6767 1501079972.559749 -7.823853 -6.519775 -14.631958 -11.353149 13.336426 -2.478027
6768 1501079972.579807 -8.072021 -6.054077 -15.324463 -11.007385 13.660156 -1.947021
6769 1501079972.599839 -8.072021 -6.054077 -15.324463 -11.007385 13.660156 -1.947021
6770 1501079972.619872 -8.072021 -6.054077 -15.324463 -11.007385 13.660156 -1.947021
6771 1501079972.639937 -8.072021 -6.054077 -15.324463 -11.007385 13.660156 -1.947021
6772 1501079972.659976 -8.072021 -6.054077 -15.324463 -11.007385 13.660156 -1.947021
6773 1501079972.680030 -8.072021 -6.054077 -15.324463 -11.007385 13.660156 -1.947021
6774 1501079972.700098 -8.072021 -6.054077 -15.324463 -11.007385 13.660156 -1.947021
6775 1501079972.720127 -8.006714 -5.175903 -16.318542 -10.456848 13.907715 -1.352295
6776 1501079972.740161 -8.006714 -5.175903 -16.318542 -10.456848 13.907715 -1.352295
6777 1501079972.760213 -8.006714 -5.175903 -16.318542 -10.456848 13.907715 -1.352295
6778 1501079972.780268 -8.006714 -5.175903 -16.318542 -10.456848 13.907715 -1.352295
6779 1501079972.800325 -8.006714 -5.175903 -16.318542 -10.456848 13.907715 -1.352295
6780 1501079972.820377 -8.006714 -5.175903 -16.318542 -10.456848 13.907715 -1.352295
6781 1501079972.840434 -7.647522 -3.951782 -17.603027 -9.755249 14.094971 -0.736328
6782 1501079972.860480 -7.647522 -3.951782 -17.603027 -9.755249 14.094971 -0.736328
6783 1501079972.880555 -7.647522 -3.951782 -17.603027 -9.755249 14.094971 -0.736328
6784 1501079972.900555 -7.647522 -3.951782 -17.603027 -9.755249 14.094971 -0.736328
6785 1501079972.920611 -7.647522 -3.951782 -17.603027 -9.755249 14.094971 -0.736328
6786 1501079972.940696 -7.647522 -3.951782 -17.603027 -9.755249 14.094971 -0.736328
6787 1501079972.960714 -7.066284 -2.468201 -19.066223 -8.959656 14.231445 -0.141602
6788 1501079972.980768 -7.066284 -2.468201 -19.066223 -8.959656 14.231445 -0.141602
6789 1501079973.000832 -7.066284 -2.468201 -19.066223 -8.959656 14.231445 -0.141602
6790 1501079973.020864 -7.066284 -2.468201 -19.066223 -8.959656 14.231445 -0.141602
6791 1501079973.040900 -7.066284 -2.468201 -19.066223 -8.959656 14.231445 -0.141602
6792 1501079973.060941 -7.066284 -2.468201 -19.066223 -8.959656 14.231445 -0.141602
6793 1501079973.080979 -7.066284 -2.468201 -19.066223 -8.959656 14.231445 -0.141602
6794 1501079973.101065 -6.367493 -0.84491 -20.562927 -8.123779 14.339355 0.396484
6795 1501079973.121107 -6.367493 -0.84491 -20.562927 -8.123779 14.339355 0.396484
6796 1501079973.141110 -6.367493 -0.84491 -20.562927 -8.123779 14.339355 0.396484
6797 1501079973.161168 -6.367493 -0.84491 -20.562927 -8.123779 14.339355 0.396484
6798 1501079973.181213 -6.367493 -0.84491 -20.562927 -8.123779 14.339355 0.396484
6799 1501079973.201259 -6.367493 -0.84491 -20.562927 -8.123779 14.339355 0.396484
6800 1501079973.221332 -5.668701 0.804993 -21.947937 -7.281189 14.43457 0.86731
6801 1501079973.241372 -5.668701 0.804993 -21.947937 -7.281189 14.43457 0.86731
6802 1501079973.261402 -5.668701 0.804993 -21.947937 -7.281189 14.43457 0.86731
6803 1501079973.281468 -5.668701 0.804993 -21.947937 -7.281189 14.43457 0.86731
6804 1501079973.301521 -5.668701 0.804993 -21.947937 -7.281189 14.43457 0.86731
6805 1501079973.321528 -5.668701 0.804993 -21.947937 -7.281189 14.43457 0.86731
6806 1501079973.341586 -5.107056 2.361755 -23.009033 -6.452026 14.545654 1.270874
6807 1501079973.361639 -5.107056 2.361755 -23.009033 -6.452026 14.545654 1.270874
6808 1501079973.381658 -5.107056 2.361755 -23.009033 -6.452026 14.545654 1.270874
6809 1501079973.401722 -5.107056 2.361755 -23.009033 -6.452026 14.545654 1.270874
6810 1501079973.421780 -5.107056 2.361755 -23.009033 -6.452026 14.545654 1.270874
6811 1501079973.441846 -5.107056 2.361755 -23.009033 -6.452026 14.545654 1.270874
6812 1501079973.461891 -5.107056 2.361755 -23.009033 -6.452026 14.545654 1.270874
6813 1501079973.481967 -4.813171 3.738892 -23.612183 -5.646362 14.688477 1.628418
6814 1501079973.501982 -4.813171 3.738892 -23.612183 -5.646362 14.688477 1.628418
6815 1501079973.522057 -4.813171 3.738892 -23.612183 -5.646362 14.688477 1.628418
6816 1501079973.542089 -4.813171 3.738892 -23.612183 -5.646362 14.688477 1.628418
6817 1501079973.562174 -4.813171 3.738892 -23.612183 -5.646362 14.688477 1.628418
6818 1501079973.582189 -4.813171 3.738892 -23.612183 -5.646362 14.688477 1.628418
6819 1501079973.602233 -4.871948 4.869873 -23.612183 -4.857483 14.875732 1.964722
6820 1501079973.622289 -4.871948 4.869873 -23.612183 -4.857483 14.875732 1.964722
6821 1501079973.642335 -4.871948 4.869873 -23.612183 -4.857483 14.875732 1.964722
6822 1501079973.662387 -4.871948 4.869873 -23.612183 -4.857483 14.875732 1.964722
6823 1501079973.682398 -4.871948 4.869873 -23.612183 -4.857483 14.875732 1.964722
6824 1501079973.702450 -4.871948 4.869873 -23.612183 -4.857483 14.875732 1.964722
6825 1501079973.722507 -5.335632 5.70813 -22.919678 -4.078674 15.11377 2.318726
6826 1501079973.742553 -5.335632 5.70813 -22.919678 -4.078674 15.11377 2.318726
6827 1501079973.762600 -5.335632 5.70813 -22.919678 -4.078674 15.11377 2.318726
6828 1501079973.782670 -5.335632 5.70813 -22.919678 -4.078674 15.11377 2.318726
6829 1501079973.802695 -5.335632 5.70813 -22.919678 -4.078674 15.11377 2.318726
6830 1501079973.822773 -5.335632 5.70813 -22.919678 -4.078674 15.11377 2.318726
6831 1501079973.842821 -6.210754 6.240356 -21.512329 -3.299866 15.383545 2.70813
6832 1501079973.862867 -6.210754 6.240356 -21.512329 -3.299866 15.383545 2.70813
6833 1501079973.882917 -6.210754 6.240356 -21.512329 -3.299866 15.383545 2.70813
6834 1501079973.902973 -6.210754 6.240356 -21.512329 -3.299866 15.383545 2.70813
6835 1501079973.923001 -6.210754 6.240356 -21.512329 -3.299866 15.383545 2.70813
6836 1501079973.943058 -6.210754 6.240356 -21.512329 -3.299866 15.383545 2.70813
6837 1501079973.963104 -6.210754 6.240356 -21.512329 -3.299866 15.383545 2.70813
6838 1501079973.983147 -7.425476 6.4599 -19.423645 -2.521057 15.646973 3.147095
6839 1501079974.003199 -7.425476 6.4599 -19.423645 -2.521057 15.646973 3.147095
6840 1501079974.023256 -7.425476 6.4599 -19.423645 -2.521057 15.646973 3.147095
6841 1501079974.043289 -7.425476 6.4599 -19.423645 -2.521057 15.646973 3.147095
6842 1501079974.063350 -7.425476 6.4599 -19.423645 -2.521057 15.646973 3.147095
6843 1501079974.083408 -7.425476 6.4599 -19.423645 -2.521057 15.646973 3.147095
6844 1501079974.103434 -8.862244 6.380066 -16.720642 -1.755676 15.846924 3.625
6845 1501079974.123499 -8.862244 6.380066 -16.720642 -1.755676 15.846924 3.625
6846 1501079974.143521 -8.862244 6.380066 -16.720642 -1.755676 15.846924 3.625
6847 1501079974.163591 -8.862244 6.380066 -16.720642 -1.755676 15.846924 3.625
6848 1501079974.183620 -8.862244 6.380066 -16.720642 -1.755676 15.846924 3.625
6849 1501079974.203653 -8.862244 6.380066 -16.720642 -1.755676 15.846924 3.625
6850 1501079974.223692 -10.364319 6.027466 -13.537354 -1.020508 15.919922 4.113525
6851 1501079974.243765 -10.364319 6.027466 -13.537354 -1.020508 15.919922 4.113525
6852 1501079974.263812 -10.364319 6.027466 -13.537354 -1.020508 15.919922 4.113525
6853 1501079974.283883 -10.364319 6.027466 -13.537354 -1.020508 15.919922 4.113525
6854 1501079974.303944 -10.364319 6.027466 -13.537354 -1.020508 15.919922 4.113525
6855 1501079974.323978 -10.364319 6.027466 -13.537354 -1.020508 15.919922 4.113525
6856 1501079974.344030 -10.364319 6.027466 -13.537354 -1.020508 15.919922 4.113525
6857 1501079974.364103 -11.735779 5.435364 -9.996643 -0.342407 15.792969 4.56311
6858 1501079974.384110 -11.735779 5.435364 -9.996643 -0.342407 15.792969 4.56311
6859 1501079974.404167 -11.735779 5.435364 -9.996643 -0.342407 15.792969 4.56311
6860 1501079974.424213 -11.735779 5.435364 -9.996643 -0.342407 15.792969 4.56311
6861 1501079974.444264 -11.735779 5.435364 -9.996643 -0.342407 15.792969 4.56311
6862 1501079974.464312 -11.735779 5.435364 -9.996643 -0.342407 15.792969 4.56311
6863 1501079974.484378 -12.806824 4.637024 -6.299561 0.241699 15.393066 4.917114
6864 1501079974.504372 -12.806824 4.637024 -6.299561 0.241699 15.393066 4.917114
6865 1501079974.524424 -12.806824 4.637024 -6.299561 0.241699 15.393066 4.917114
6866 1501079974.544479 -12.806824 4.637024 -6.299561 0.241699 15.393066 4.917114
6867 1501079974.564537 -12.806824 4.637024 -6.299561 0.241699 15.393066 4.917114
6868 1501079974.584582 -12.806824 4.637024 -6.299561 0.241699 15.393066 4.917114
6869 1501079974.604660 -13.407654 3.679016 -2.602478 0.698242 14.678955 5.122437
6870 1501079974.624689 -13.407654 3.679016 -2.602478 0.698242 14.678955 5.122437
6871 1501079974.644746 -13.407654 3.679016 -2.602478 0.698242 14.678955 5.122437
6872 1501079974.664809 -13.407654 3.679016 -2.602478 0.698242 14.678955 5.122437
6873 1501079974.684853 -13.407654 3.679016 -2.602478 0.698242 14.678955 5.122437
6874 1501079974.704895 -13.407654 3.679016 -2.602478 0.698242 14.678955 5.122437
6875 1501079974.724968 -13.407654 3.679016 -2.602478 0.698242 14.678955 5.122437
6876 1501079974.744965 -13.440308 2.60791 0.904724 1.010437 13.631592 5.125977
6877 1501079974.765036 -13.440308 2.60791 0.904724 1.010437 13.631592 5.125977
6878 1501079974.785107 -13.440308 2.60791 0.904724 1.010437 13.631592 5.125977
6879 1501079974.805137 -13.440308 2.60791 0.904724 1.010437 13.631592 5.125977
6880 1501079974.825200 -13.440308 2.60791 0.904724 1.010437 13.631592 5.125977
6881 1501079974.845237 -13.440308 2.60791 0.904724 1.010437 13.631592 5.125977
6882 1501079974.865277 -12.852539 1.476929 4.088013 1.158142 12.273193 4.906494
6883 1501079974.885302 -12.852539 1.476929 4.088013 1.158142 12.273193 4.906494
6884 1501079974.905365 -12.852539 1.476929 4.088013 1.158142 12.273193 4.906494
6885 1501079974.925413 -12.852539 1.476929 4.088013 1.158142 12.273193 4.906494
6886 1501079974.945466 -12.852539 1.476929 4.088013 1.158142 12.273193 4.906494
6887 1501079974.965514 -12.852539 1.476929 4.088013 1.158142 12.273193 4.906494
6888 1501079974.985559 -11.683533 0.359253 6.813354 1.151428 10.664062 4.460449
6889 1501079975.005616 -11.683533 0.359253 6.813354 1.151428 10.664062 4.460449
6890 1501079975.025675 -11.683533 0.359253 6.813354 1.151428 10.664062 4.460449
6891 1501079975.045715 -11.683533 0.359253 6.813354 1.151428 10.664062 4.460449
6892 1501079975.065793 -11.683533 0.359253 6.813354 1.151428 10.664062 4.460449
6893 1501079975.085838 -11.683533 0.359253 6.813354 1.151428 10.664062 4.460449
6894 1501079975.105878 -10.037781 -0.698547 8.991394 1.00708 8.89624 3.812622
